<?xml version="1.0" encoding="UTF-8"?>
<coverage generated="1783076322444" clover="3.2.0">
  <project timestamp="1783076322444" name="All files">
    <metrics statements="531" coveredstatements="454" conditionals="332" coveredconditionals="204" methods="203" coveredmethods="150" elements="1066" coveredelements="808" complexity="0" loc="531" ncloc="531" packages="10" files="35" classes="35"/>
    <package name="application">
      <metrics statements="39" coveredstatements="37" conditionals="12" coveredconditionals="9" methods="6" coveredmethods="6"/>
      <file name="BookingService.js" path="C:\Users\thati\Área de Trabalho\UFSCAR\master\prjc\jsdddsample-core\js-dddsample\src\application\BookingService.js">
        <metrics statements="20" coveredstatements="20" conditionals="4" coveredconditionals="3" methods="4" coveredmethods="4"/>
        <line num="3" count="2" type="stmt"/>
        <line num="11" count="9" type="stmt"/>
        <line num="12" count="9" type="stmt"/>
        <line num="13" count="9" type="stmt"/>
        <line num="14" count="9" type="stmt"/>
        <line num="18" count="2" type="stmt"/>
        <line num="19" count="2" type="cond" truecount="2" falsecount="0"/>
        <line num="20" count="1" type="stmt"/>
        <line num="24" count="4" type="stmt"/>
        <line num="25" count="4" type="cond" truecount="1" falsecount="1"/>
        <line num="26" count="4" type="stmt"/>
        <line num="27" count="4" type="stmt"/>
        <line num="28" count="4" type="stmt"/>
        <line num="32" count="3" type="stmt"/>
        <line num="33" count="3" type="stmt"/>
        <line num="34" count="3" type="stmt"/>
        <line num="37" count="3" type="stmt"/>
        <line num="38" count="3" type="stmt"/>
        <line num="39" count="3" type="stmt"/>
        <line num="42" count="2" type="stmt"/>
      </file>
      <file name="CargoInspectionService.js" path="C:\Users\thati\Área de Trabalho\UFSCAR\master\prjc\jsdddsample-core\js-dddsample\src\application\CargoInspectionService.js">
        <metrics statements="13" coveredstatements="11" conditionals="8" coveredconditionals="6" methods="1" coveredmethods="1"/>
        <line num="9" count="10" type="cond" truecount="1" falsecount="1"/>
        <line num="10" count="10" type="stmt"/>
        <line num="11" count="10" type="cond" truecount="1" falsecount="1"/>
        <line num="12" count="0" type="stmt"/>
        <line num="13" count="0" type="stmt"/>
        <line num="15" count="10" type="stmt"/>
        <line num="16" count="10" type="stmt"/>
        <line num="18" count="10" type="cond" truecount="2" falsecount="0"/>
        <line num="19" count="1" type="stmt"/>
        <line num="21" count="10" type="cond" truecount="2" falsecount="0"/>
        <line num="22" count="1" type="stmt"/>
        <line num="24" count="10" type="stmt"/>
        <line num="27" count="1" type="stmt"/>
      </file>
      <file name="HandlingEventService.js" path="C:\Users\thati\Área de Trabalho\UFSCAR\master\prjc\jsdddsample-core\js-dddsample\src\application\HandlingEventService.js">
        <metrics statements="6" coveredstatements="6" conditionals="0" coveredconditionals="0" methods="1" coveredmethods="1"/>
        <line num="8" count="10" type="stmt"/>
        <line num="9" count="10" type="stmt"/>
        <line num="12" count="10" type="stmt"/>
        <line num="13" count="10" type="stmt"/>
        <line num="14" count="10" type="stmt"/>
        <line num="17" count="1" type="stmt"/>
      </file>
    </package>
    <package name="domain.model.cargo">
      <metrics statements="182" coveredstatements="157" conditionals="158" coveredconditionals="103" methods="74" coveredmethods="56"/>
      <file name="Cargo.js" path="C:\Users\thati\Área de Trabalho\UFSCAR\master\prjc\jsdddsample-core\js-dddsample\src\domain\model\cargo\Cargo.js">
        <metrics statements="27" coveredstatements="24" conditionals="15" coveredconditionals="12" methods="12" coveredmethods="9"/>
        <line num="3" count="6" type="stmt"/>
        <line num="4" count="6" type="stmt"/>
        <line num="10" count="30" type="cond" truecount="2" falsecount="0"/>
        <line num="11" count="29" type="cond" truecount="2" falsecount="0"/>
        <line num="13" count="28" type="stmt"/>
        <line num="15" count="28" type="cond" truecount="1" falsecount="1"/>
        <line num="16" count="28" type="stmt"/>
        <line num="18" count="28" type="stmt"/>
        <line num="19" count="28" type="cond" truecount="2" falsecount="0"/>
        <line num="20" count="28" type="stmt"/>
        <line num="22" count="247" type="stmt"/>
        <line num="23" count="6" type="stmt"/>
        <line num="24" count="59" type="stmt"/>
        <line num="25" count="0" type="stmt"/>
        <line num="26" count="5" type="stmt"/>
        <line num="29" count="5" type="cond" truecount="1" falsecount="1"/>
        <line num="30" count="5" type="stmt"/>
        <line num="31" count="5" type="stmt"/>
        <line num="35" count="11" type="cond" truecount="1" falsecount="1"/>
        <line num="36" count="11" type="stmt"/>
        <line num="37" count="11" type="stmt"/>
        <line num="41" count="15" type="stmt"/>
        <line num="46" count="95" type="cond" truecount="3" falsecount="0"/>
        <line num="48" count="0" type="stmt"/>
        <line num="49" count="0" type="stmt"/>
        <line num="51" count="28" type="stmt"/>
        <line num="54" count="6" type="stmt"/>
      </file>
      <file name="CargoFactory.js" path="C:\Users\thati\Área de Trabalho\UFSCAR\master\prjc\jsdddsample-core\js-dddsample\src\domain\model\cargo\CargoFactory.js">
        <metrics statements="8" coveredstatements="8" conditionals="0" coveredconditionals="0" methods="1" coveredmethods="1"/>
        <line num="3" count="2" type="stmt"/>
        <line num="4" count="2" type="stmt"/>
        <line num="12" count="9" type="stmt"/>
        <line num="13" count="9" type="stmt"/>
        <line num="14" count="9" type="stmt"/>
        <line num="15" count="9" type="stmt"/>
        <line num="16" count="9" type="stmt"/>
        <line num="19" count="2" type="stmt"/>
      </file>
      <file name="Delivery.js" path="C:\Users\thati\Área de Trabalho\UFSCAR\master\prjc\jsdddsample-core\js-dddsample\src\domain\model\cargo\Delivery.js">
        <metrics statements="70" coveredstatements="63" conditionals="65" coveredconditionals="50" methods="23" coveredmethods="20"/>
        <line num="3" count="6" type="stmt"/>
        <line num="4" count="6" type="stmt"/>
        <line num="5" count="6" type="stmt"/>
        <line num="6" count="6" type="stmt"/>
        <line num="7" count="6" type="stmt"/>
        <line num="8" count="6" type="stmt"/>
        <line num="18" count="59" type="cond" truecount="2" falsecount="0"/>
        <line num="19" count="15" type="cond" truecount="5" falsecount="1"/>
        <line num="20" count="6" type="stmt"/>
        <line num="23" count="7" type="stmt"/>
        <line num="24" count="2" type="stmt"/>
        <line num="25" count="0" type="stmt"/>
        <line num="30" count="59" type="cond" truecount="2" falsecount="0"/>
        <line num="34" count="59" type="cond" truecount="4" falsecount="0"/>
        <line num="39" count="59" type="cond" truecount="4" falsecount="0"/>
        <line num="40" count="15" type="stmt"/>
        <line num="44" count="59" type="cond" truecount="2" falsecount="0"/>
        <line num="45" count="28" type="cond" truecount="2" falsecount="0"/>
        <line num="48" count="59" type="stmt"/>
        <line num="49" count="59" type="stmt"/>
        <line num="50" count="59" type="stmt"/>
        <line num="51" count="59" type="stmt"/>
        <line num="52" count="59" type="stmt"/>
        <line num="53" count="59" type="stmt"/>
        <line num="56" count="118" type="cond" truecount="2" falsecount="0"/>
        <line num="60" count="59" type="cond" truecount="2" falsecount="0"/>
        <line num="64" count="59" type="cond" truecount="2" falsecount="0"/>
        <line num="65" count="24" type="cond" truecount="2" falsecount="0"/>
        <line num="66" count="11" type="stmt"/>
        <line num="68" count="13" type="stmt"/>
        <line num="69" count="13" type="cond" truecount="4" falsecount="0"/>
        <line num="71" count="4" type="stmt"/>
        <line num="72" count="7" type="cond" truecount="2" falsecount="0"/>
        <line num="73" count="4" type="stmt"/>
        <line num="76" count="0" type="stmt"/>
        <line num="79" count="4" type="stmt"/>
        <line num="80" count="8" type="cond" truecount="2" falsecount="0"/>
        <line num="81" count="4" type="cond" truecount="2" falsecount="0"/>
        <line num="82" count="2" type="stmt"/>
        <line num="83" count="2" type="stmt"/>
        <line num="85" count="2" type="stmt"/>
        <line num="88" count="0" type="stmt"/>
        <line num="91" count="3" type="stmt"/>
        <line num="92" count="3" type="stmt"/>
        <line num="95" count="2" type="stmt"/>
        <line num="100" count="59" type="cond" truecount="3" falsecount="0"/>
        <line num="105" count="59" type="stmt"/>
        <line num="106" count="59" type="stmt"/>
        <line num="107" count="59" type="stmt"/>
        <line num="110" count="14" type="stmt"/>
        <line num="111" count="3" type="cond" truecount="1" falsecount="1"/>
        <line num="112" count="3" type="cond" truecount="1" falsecount="1"/>
        <line num="113" count="17" type="stmt"/>
        <line num="114" count="2" type="cond" truecount="2" falsecount="0"/>
        <line num="115" count="1" type="cond" truecount="1" falsecount="1"/>
        <line num="116" count="12" type="stmt"/>
        <line num="117" count="7" type="stmt"/>
        <line num="118" count="0" type="stmt"/>
        <line num="121" count="16" type="cond" truecount="1" falsecount="1"/>
        <line num="122" count="16" type="stmt"/>
        <line num="126" count="0" type="cond" truecount="0" falsecount="4"/>
        <line num="127" count="0" type="cond" truecount="0" falsecount="4"/>
        <line num="132" count="0" type="stmt"/>
        <line num="134" count="59" type="stmt"/>
        <line num="137" count="6" type="stmt"/>
        <line num="138" count="43" type="cond" truecount="1" falsecount="1"/>
        <line num="139" count="43" type="cond" truecount="1" falsecount="1"/>
        <line num="140" count="43" type="stmt"/>
        <line num="141" count="43" type="stmt"/>
        <line num="144" count="6" type="stmt"/>
      </file>
      <file name="HandlingActivity.js" path="C:\Users\thati\Área de Trabalho\UFSCAR\master\prjc\jsdddsample-core\js-dddsample\src\domain\model\cargo\HandlingActivity.js">
        <metrics statements="7" coveredstatements="4" conditionals="6" coveredconditionals="0" methods="6" coveredmethods="3"/>
        <line num="8" count="1" type="stmt"/>
        <line num="9" count="1" type="stmt"/>
        <line num="10" count="0" type="cond" truecount="0" falsecount="2"/>
        <line num="13" count="0" type="cond" truecount="0" falsecount="4"/>
        <line num="18" count="0" type="stmt"/>
        <line num="20" count="22" type="stmt"/>
        <line num="23" count="6" type="stmt"/>
      </file>
      <file name="Itinerary.js" path="C:\Users\thati\Área de Trabalho\UFSCAR\master\prjc\jsdddsample-core\js-dddsample\src\domain\model\cargo\Itinerary.js">
        <metrics statements="32" coveredstatements="27" conditionals="32" coveredconditionals="21" methods="12" coveredmethods="9"/>
        <line num="3" count="4" type="stmt"/>
        <line num="4" count="4" type="stmt"/>
        <line num="6" count="4" type="stmt"/>
        <line num="12" count="20" type="cond" truecount="2" falsecount="0"/>
        <line num="13" count="19" type="cond" truecount="2" falsecount="0"/>
        <line num="14" count="18" type="stmt"/>
        <line num="17" count="144" type="cond" truecount="1" falsecount="1"/>
        <line num="20" count="13" type="stmt"/>
        <line num="21" count="32" type="cond" truecount="1" falsecount="1"/>
        <line num="22" count="32" type="cond" truecount="1" falsecount="1"/>
        <line num="23" count="54" type="cond" truecount="1" falsecount="1"/>
        <line num="26" count="23" type="cond" truecount="1" falsecount="1"/>
        <line num="27" count="23" type="stmt"/>
        <line num="28" count="23" type="cond" truecount="2" falsecount="0"/>
        <line num="29" count="5" type="stmt"/>
        <line num="31" count="18" type="cond" truecount="2" falsecount="0"/>
        <line num="32" count="8" type="stmt"/>
        <line num="33" count="14" type="cond" truecount="2" falsecount="0"/>
        <line num="37" count="10" type="cond" truecount="2" falsecount="0"/>
        <line num="38" count="5" type="stmt"/>
        <line num="39" count="9" type="cond" truecount="2" falsecount="0"/>
        <line num="43" count="5" type="cond" truecount="2" falsecount="0"/>
        <line num="44" count="4" type="stmt"/>
        <line num="46" count="1" type="stmt"/>
        <line num="50" count="0" type="cond" truecount="0" falsecount="4"/>
        <line num="51" count="0" type="stmt"/>
        <line num="52" count="0" type="cond" truecount="0" falsecount="2"/>
        <line num="53" count="0" type="stmt"/>
        <line num="55" count="0" type="stmt"/>
        <line num="57" count="18" type="stmt"/>
        <line num="60" count="4" type="stmt"/>
        <line num="62" count="4" type="stmt"/>
      </file>
      <file name="Leg.js" path="C:\Users\thati\Área de Trabalho\UFSCAR\master\prjc\jsdddsample-core\js-dddsample\src\domain\model\cargo\Leg.js">
        <metrics statements="13" coveredstatements="9" conditionals="18" coveredconditionals="8" methods="8" coveredmethods="5"/>
        <line num="7" count="42" type="cond" truecount="6" falsecount="1"/>
        <line num="8" count="0" type="stmt"/>
        <line num="10" count="42" type="cond" truecount="1" falsecount="1"/>
        <line num="11" count="42" type="cond" truecount="1" falsecount="1"/>
        <line num="13" count="22" type="stmt"/>
        <line num="14" count="63" type="stmt"/>
        <line num="15" count="59" type="stmt"/>
        <line num="16" count="0" type="stmt"/>
        <line num="17" count="54" type="stmt"/>
        <line num="20" count="0" type="cond" truecount="0" falsecount="7"/>
        <line num="28" count="0" type="stmt"/>
        <line num="30" count="42" type="stmt"/>
        <line num="33" count="4" type="stmt"/>
      </file>
      <file name="RouteSpecification.js" path="C:\Users\thati\Área de Trabalho\UFSCAR\master\prjc\jsdddsample-core\js-dddsample\src\domain\model\cargo\RouteSpecification.js">
        <metrics statements="13" coveredstatements="11" conditionals="17" coveredconditionals="8" methods="7" coveredmethods="5"/>
        <line num="3" count="6" type="stmt"/>
        <line num="9" count="34" type="cond" truecount="1" falsecount="1"/>
        <line num="10" count="34" type="cond" truecount="1" falsecount="1"/>
        <line num="11" count="34" type="cond" truecount="1" falsecount="1"/>
        <line num="13" count="34" type="cond" truecount="1" falsecount="1"/>
        <line num="16" count="31" type="cond" truecount="4" falsecount="0"/>
        <line num="22" count="40" type="stmt"/>
        <line num="23" count="9" type="stmt"/>
        <line num="24" count="4" type="stmt"/>
        <line num="27" count="0" type="cond" truecount="0" falsecount="5"/>
        <line num="33" count="0" type="stmt"/>
        <line num="35" count="34" type="stmt"/>
        <line num="38" count="6" type="stmt"/>
      </file>
      <file name="RoutingStatus.js" path="C:\Users\thati\Área de Trabalho\UFSCAR\master\prjc\jsdddsample-core\js-dddsample\src\domain\model\cargo\RoutingStatus.js">
        <metrics statements="2" coveredstatements="2" conditionals="0" coveredconditionals="0" methods="0" coveredmethods="0"/>
        <line num="3" count="6" type="stmt"/>
        <line num="9" count="6" type="stmt"/>
      </file>
      <file name="TrackingId.js" path="C:\Users\thati\Área de Trabalho\UFSCAR\master\prjc\jsdddsample-core\js-dddsample\src\domain\model\cargo\TrackingId.js">
        <metrics statements="8" coveredstatements="7" conditionals="5" coveredconditionals="4" methods="5" coveredmethods="4"/>
        <line num="7" count="293" type="cond" truecount="1" falsecount="1"/>
        <line num="8" count="293" type="stmt"/>
        <line num="10" count="290" type="stmt"/>
        <line num="12" count="85" type="cond" truecount="3" falsecount="0"/>
        <line num="14" count="0" type="stmt"/>
        <line num="15" count="19" type="stmt"/>
        <line num="17" count="293" type="stmt"/>
        <line num="20" count="6" type="stmt"/>
      </file>
      <file name="TransportStatus.js" path="C:\Users\thati\Área de Trabalho\UFSCAR\master\prjc\jsdddsample-core\js-dddsample\src\domain\model\cargo\TransportStatus.js">
        <metrics statements="2" coveredstatements="2" conditionals="0" coveredconditionals="0" methods="0" coveredmethods="0"/>
        <line num="3" count="6" type="stmt"/>
        <line num="11" count="6" type="stmt"/>
      </file>
    </package>
    <package name="domain.model.handling">
      <metrics statements="91" coveredstatements="69" conditionals="76" coveredconditionals="47" methods="30" coveredmethods="19"/>
      <file name="HandlingEvent.js" path="C:\Users\thati\Área de Trabalho\UFSCAR\master\prjc\jsdddsample-core\js-dddsample\src\domain\model\handling\HandlingEvent.js">
        <metrics statements="37" coveredstatements="35" conditionals="46" coveredconditionals="35" methods="10" coveredmethods="8"/>
        <line num="3" count="5" type="stmt"/>
        <line num="4" count="5" type="stmt"/>
        <line num="10" count="46" type="cond" truecount="2" falsecount="0"/>
        <line num="11" count="45" type="cond" truecount="1" falsecount="1"/>
        <line num="12" count="45" type="cond" truecount="1" falsecount="1"/>
        <line num="13" count="45" type="cond" truecount="1" falsecount="1"/>
        <line num="14" count="45" type="cond" truecount="1" falsecount="1"/>
        <line num="16" count="45" type="cond" truecount="4" falsecount="0"/>
        <line num="17" count="2" type="stmt"/>
        <line num="19" count="43" type="cond" truecount="4" falsecount="0"/>
        <line num="20" count="1" type="stmt"/>
        <line num="23" count="42" type="cond" truecount="1" falsecount="1"/>
        <line num="24" count="42" type="cond" truecount="1" falsecount="1"/>
        <line num="25" count="42" type="cond" truecount="2" falsecount="0"/>
        <line num="27" count="42" type="stmt"/>
        <line num="28" count="113" type="stmt"/>
        <line num="29" count="22" type="cond" truecount="2" falsecount="0"/>
        <line num="30" count="161" type="stmt"/>
        <line num="31" count="0" type="stmt"/>
        <line num="32" count="73" type="stmt"/>
        <line num="33" count="189" type="stmt"/>
        <line num="36" count="93" type="cond" truecount="3" falsecount="1"/>
        <line num="37" count="93" type="cond" truecount="1" falsecount="1"/>
        <line num="38" count="93" type="cond" truecount="2" falsecount="0"/>
        <line num="39" count="6" type="cond" truecount="1" falsecount="1"/>
        <line num="40" count="6" type="cond" truecount="2" falsecount="0"/>
        <line num="42" count="2" type="cond" truecount="1" falsecount="1"/>
        <line num="43" count="2" type="stmt"/>
        <line num="44" count="2" type="cond" truecount="3" falsecount="1"/>
        <line num="47" count="2" type="stmt"/>
        <line num="50" count="0" type="stmt"/>
        <line num="53" count="10" type="stmt"/>
        <line num="54" count="10" type="cond" truecount="2" falsecount="0"/>
        <line num="55" count="10" type="stmt"/>
        <line num="59" count="42" type="stmt"/>
        <line num="62" count="5" type="stmt"/>
        <line num="64" count="5" type="stmt"/>
      </file>
      <file name="HandlingEventFactory.js" path="C:\Users\thati\Área de Trabalho\UFSCAR\master\prjc\jsdddsample-core\js-dddsample\src\domain\model\handling\HandlingEventFactory.js">
        <metrics statements="19" coveredstatements="18" conditionals="10" coveredconditionals="7" methods="4" coveredmethods="4"/>
        <line num="3" count="1" type="stmt"/>
        <line num="9" count="1" type="stmt"/>
        <line num="18" count="10" type="stmt"/>
        <line num="19" count="10" type="cond" truecount="1" falsecount="1"/>
        <line num="20" count="10" type="stmt"/>
        <line num="24" count="10" type="cond" truecount="2" falsecount="0"/>
        <line num="25" count="7" type="stmt"/>
        <line num="26" count="7" type="cond" truecount="1" falsecount="1"/>
        <line num="27" count="7" type="stmt"/>
        <line num="31" count="10" type="stmt"/>
        <line num="32" count="10" type="cond" truecount="1" falsecount="1"/>
        <line num="33" count="10" type="stmt"/>
        <line num="37" count="10" type="stmt"/>
        <line num="38" count="10" type="stmt"/>
        <line num="39" count="10" type="stmt"/>
        <line num="40" count="10" type="stmt"/>
        <line num="41" count="10" type="cond" truecount="2" falsecount="0"/>
        <line num="43" count="0" type="stmt"/>
        <line num="47" count="1" type="stmt"/>
      </file>
      <file name="HandlingEventType.js" path="C:\Users\thati\Área de Trabalho\UFSCAR\master\prjc\jsdddsample-core\js-dddsample\src\domain\model\handling\HandlingEventType.js">
        <metrics statements="6" coveredstatements="2" conditionals="4" coveredconditionals="0" methods="2" coveredmethods="0"/>
        <line num="7" count="6" type="stmt"/>
        <line num="16" count="0" type="stmt"/>
        <line num="17" count="0" type="cond" truecount="0" falsecount="4"/>
        <line num="18" count="0" type="stmt"/>
        <line num="22" count="0" type="stmt"/>
        <line num="32" count="6" type="stmt"/>
      </file>
      <file name="HandlingHistory.js" path="C:\Users\thati\Área de Trabalho\UFSCAR\master\prjc\jsdddsample-core\js-dddsample\src\domain\model\handling\HandlingHistory.js">
        <metrics statements="19" coveredstatements="13" conditionals="12" coveredconditionals="5" methods="10" coveredmethods="7"/>
        <line num="7" count="41" type="cond" truecount="1" falsecount="1"/>
        <line num="8" count="41" type="stmt"/>
        <line num="11" count="50" type="stmt"/>
        <line num="12" count="50" type="stmt"/>
        <line num="13" count="90" type="cond" truecount="2" falsecount="0"/>
        <line num="15" count="50" type="stmt"/>
        <line num="19" count="46" type="stmt"/>
        <line num="20" count="46" type="cond" truecount="2" falsecount="0"/>
        <line num="24" count="46" type="stmt"/>
        <line num="25" count="16" type="stmt"/>
        <line num="29" count="0" type="cond" truecount="0" falsecount="4"/>
        <line num="30" count="0" type="stmt"/>
        <line num="31" count="0" type="stmt"/>
        <line num="32" count="0" type="cond" truecount="0" falsecount="2"/>
        <line num="33" count="0" type="stmt"/>
        <line num="35" count="0" type="stmt"/>
        <line num="37" count="41" type="stmt"/>
        <line num="40" count="6" type="stmt"/>
        <line num="42" count="6" type="stmt"/>
      </file>
      <file name="exceptions.js" path="C:\Users\thati\Área de Trabalho\UFSCAR\master\prjc\jsdddsample-core\js-dddsample\src\domain\model\handling\exceptions.js">
        <metrics statements="10" coveredstatements="1" conditionals="4" coveredconditionals="0" methods="4" coveredmethods="0"/>
        <line num="5" count="0" type="stmt"/>
        <line num="6" count="0" type="stmt"/>
        <line num="12" count="0" type="stmt"/>
        <line num="13" count="0" type="stmt"/>
        <line num="19" count="0" type="stmt"/>
        <line num="20" count="0" type="stmt"/>
        <line num="26" count="0" type="cond" truecount="0" falsecount="4"/>
        <line num="27" count="0" type="stmt"/>
        <line num="28" count="0" type="stmt"/>
        <line num="32" count="1" type="stmt"/>
      </file>
    </package>
    <package name="domain.model.location">
      <metrics statements="22" coveredstatements="17" conditionals="12" coveredconditionals="6" methods="12" coveredmethods="8"/>
      <file name="Location.js" path="C:\Users\thati\Área de Trabalho\UFSCAR\master\prjc\jsdddsample-core\js-dddsample\src\domain\model\location\Location.js">
        <metrics statements="11" coveredstatements="10" conditionals="5" coveredconditionals="4" methods="7" coveredmethods="6"/>
        <line num="3" count="6" type="stmt"/>
        <line num="9" count="84" type="cond" truecount="1" falsecount="1"/>
        <line num="11" count="210" type="stmt"/>
        <line num="12" count="0" type="stmt"/>
        <line num="13" count="129" type="stmt"/>
        <line num="16" count="129" type="cond" truecount="3" falsecount="0"/>
        <line num="18" count="24" type="stmt"/>
        <line num="19" count="13" type="stmt"/>
        <line num="21" count="84" type="stmt"/>
        <line num="24" count="6" type="stmt"/>
        <line num="26" count="6" type="stmt"/>
      </file>
      <file name="UnLocode.js" path="C:\Users\thati\Área de Trabalho\UFSCAR\master\prjc\jsdddsample-core\js-dddsample\src\domain\model\location\UnLocode.js">
        <metrics statements="11" coveredstatements="7" conditionals="7" coveredconditionals="2" methods="5" coveredmethods="2"/>
        <line num="3" count="6" type="stmt"/>
        <line num="9" count="349" type="cond" truecount="1" falsecount="1"/>
        <line num="10" count="349" type="cond" truecount="1" falsecount="1"/>
        <line num="11" count="0" type="stmt"/>
        <line num="13" count="349" type="stmt"/>
        <line num="15" count="349" type="stmt"/>
        <line num="17" count="0" type="cond" truecount="0" falsecount="3"/>
        <line num="19" count="0" type="stmt"/>
        <line num="20" count="0" type="stmt"/>
        <line num="22" count="349" type="stmt"/>
        <line num="25" count="6" type="stmt"/>
      </file>
    </package>
    <package name="domain.model.voyage">
      <metrics statements="57" coveredstatements="41" conditionals="46" coveredconditionals="20" methods="26" coveredmethods="13"/>
      <file name="CarrierMovement.js" path="C:\Users\thati\Área de Trabalho\UFSCAR\master\prjc\jsdddsample-core\js-dddsample\src\domain\model\voyage\CarrierMovement.js">
        <metrics statements="12" coveredstatements="5" conditionals="16" coveredconditionals="7" methods="7" coveredmethods="1"/>
        <line num="7" count="150" type="cond" truecount="5" falsecount="1"/>
        <line num="8" count="0" type="stmt"/>
        <line num="10" count="150" type="cond" truecount="1" falsecount="1"/>
        <line num="11" count="150" type="cond" truecount="1" falsecount="1"/>
        <line num="13" count="0" type="stmt"/>
        <line num="14" count="0" type="stmt"/>
        <line num="15" count="0" type="stmt"/>
        <line num="16" count="0" type="stmt"/>
        <line num="19" count="0" type="cond" truecount="0" falsecount="6"/>
        <line num="26" count="0" type="stmt"/>
        <line num="28" count="150" type="stmt"/>
        <line num="31" count="6" type="stmt"/>
      </file>
      <file name="Schedule.js" path="C:\Users\thati\Área de Trabalho\UFSCAR\master\prjc\jsdddsample-core\js-dddsample\src\domain\model\voyage\Schedule.js">
        <metrics statements="11" coveredstatements="6" conditionals="8" coveredconditionals="1" methods="5" coveredmethods="2"/>
        <line num="7" count="60" type="cond" truecount="1" falsecount="1"/>
        <line num="8" count="60" type="stmt"/>
        <line num="10" count="60" type="stmt"/>
        <line num="12" count="0" type="cond" truecount="0" falsecount="4"/>
        <line num="13" count="0" type="stmt"/>
        <line num="14" count="0" type="cond" truecount="0" falsecount="2"/>
        <line num="15" count="0" type="stmt"/>
        <line num="17" count="0" type="stmt"/>
        <line num="19" count="60" type="stmt"/>
        <line num="22" count="6" type="stmt"/>
        <line num="24" count="6" type="stmt"/>
      </file>
      <file name="Voyage.js" path="C:\Users\thati\Área de Trabalho\UFSCAR\master\prjc\jsdddsample-core\js-dddsample\src\domain\model\voyage\Voyage.js">
        <metrics statements="26" coveredstatements="24" conditionals="15" coveredconditionals="9" methods="9" coveredmethods="7"/>
        <line num="3" count="6" type="stmt"/>
        <line num="4" count="6" type="stmt"/>
        <line num="5" count="6" type="stmt"/>
        <line num="11" count="96" type="cond" truecount="1" falsecount="1"/>
        <line num="12" count="96" type="cond" truecount="1" falsecount="1"/>
        <line num="13" count="96" type="cond" truecount="1" falsecount="1"/>
        <line num="14" count="96" type="cond" truecount="1" falsecount="1"/>
        <line num="16" count="265" type="stmt"/>
        <line num="17" count="0" type="stmt"/>
        <line num="19" count="13" type="cond" truecount="3" falsecount="0"/>
        <line num="21" count="5" type="stmt"/>
        <line num="22" count="0" type="stmt"/>
        <line num="24" count="96" type="stmt"/>
        <line num="27" count="6" type="stmt"/>
        <line num="33" count="54" type="cond" truecount="1" falsecount="1"/>
        <line num="34" count="54" type="cond" truecount="1" falsecount="1"/>
        <line num="35" count="54" type="stmt"/>
        <line num="36" count="54" type="stmt"/>
        <line num="39" count="150" type="stmt"/>
        <line num="40" count="150" type="stmt"/>
        <line num="41" count="150" type="stmt"/>
        <line num="45" count="54" type="stmt"/>
        <line num="48" count="54" type="stmt"/>
        <line num="49" count="54" type="stmt"/>
        <line num="52" count="6" type="stmt"/>
        <line num="54" count="6" type="stmt"/>
      </file>
      <file name="VoyageNumber.js" path="C:\Users\thati\Área de Trabalho\UFSCAR\master\prjc\jsdddsample-core\js-dddsample\src\domain\model\voyage\VoyageNumber.js">
        <metrics statements="8" coveredstatements="6" conditionals="7" coveredconditionals="3" methods="5" coveredmethods="3"/>
        <line num="7" count="380" type="cond" truecount="3" falsecount="1"/>
        <line num="8" count="380" type="stmt"/>
        <line num="10" count="373" type="stmt"/>
        <line num="12" count="0" type="cond" truecount="0" falsecount="3"/>
        <line num="14" count="0" type="stmt"/>
        <line num="15" count="7" type="stmt"/>
        <line num="17" count="380" type="stmt"/>
        <line num="20" count="6" type="stmt"/>
      </file>
    </package>
    <package name="domain.shared">
      <metrics statements="6" coveredstatements="6" conditionals="4" coveredconditionals="4" methods="8" coveredmethods="8"/>
      <file name="Specification.js" path="C:\Users\thati\Área de Trabalho\UFSCAR\master\prjc\jsdddsample-core\js-dddsample\src\domain\shared\Specification.js">
        <metrics statements="6" coveredstatements="6" conditionals="4" coveredconditionals="4" methods="8" coveredmethods="8"/>
        <line num="8" count="53" type="cond" truecount="2" falsecount="0"/>
        <line num="9" count="53" type="cond" truecount="2" falsecount="0"/>
        <line num="10" count="53" type="stmt"/>
        <line num="11" count="53" type="stmt"/>
        <line num="19" count="4" type="stmt"/>
        <line num="22" count="7" type="stmt"/>
      </file>
    </package>
    <package name="infrastructure.messaging">
      <metrics statements="6" coveredstatements="6" conditionals="0" coveredconditionals="0" methods="6" coveredmethods="5"/>
      <file name="SynchronousApplicationEvents.js" path="C:\Users\thati\Área de Trabalho\UFSCAR\master\prjc\jsdddsample-core\js-dddsample\src\infrastructure\messaging\SynchronousApplicationEvents.js">
        <metrics statements="6" coveredstatements="6" conditionals="0" coveredconditionals="0" methods="6" coveredmethods="5"/>
        <line num="12" count="3" type="stmt"/>
        <line num="16" count="3" type="stmt"/>
        <line num="20" count="10" type="stmt"/>
        <line num="24" count="1" type="stmt"/>
        <line num="28" count="1" type="stmt"/>
        <line num="35" count="1" type="stmt"/>
      </file>
    </package>
    <package name="infrastructure.persistence.inmemory">
      <metrics statements="33" coveredstatements="29" conditionals="6" coveredconditionals="4" methods="16" coveredmethods="12"/>
      <file name="CargoRepositoryInMem.js" path="C:\Users\thati\Área de Trabalho\UFSCAR\master\prjc\jsdddsample-core\js-dddsample\src\infrastructure\persistence\inmemory\CargoRepositoryInMem.js">
        <metrics statements="9" coveredstatements="8" conditionals="2" coveredconditionals="2" methods="5" coveredmethods="4"/>
        <line num="3" count="2" type="stmt"/>
        <line num="4" count="2" type="stmt"/>
        <line num="10" count="10" type="stmt"/>
        <line num="13" count="45" type="cond" truecount="2" falsecount="0"/>
        <line num="17" count="26" type="stmt"/>
        <line num="21" count="0" type="stmt"/>
        <line num="25" count="9" type="stmt"/>
        <line num="28" count="10" type="stmt"/>
        <line num="31" count="2" type="stmt"/>
      </file>
      <file name="HandlingEventRepositoryInMem.js" path="C:\Users\thati\Área de Trabalho\UFSCAR\master\prjc\jsdddsample-core\js-dddsample\src\infrastructure\persistence\inmemory\HandlingEventRepositoryInMem.js">
        <metrics statements="7" coveredstatements="7" conditionals="0" coveredconditionals="0" methods="4" coveredmethods="4"/>
        <line num="3" count="1" type="stmt"/>
        <line num="9" count="3" type="stmt"/>
        <line num="12" count="10" type="stmt"/>
        <line num="16" count="39" type="stmt"/>
        <line num="17" count="10" type="stmt"/>
        <line num="20" count="3" type="stmt"/>
        <line num="23" count="1" type="stmt"/>
      </file>
      <file name="LocationRepositoryInMem.js" path="C:\Users\thati\Área de Trabalho\UFSCAR\master\prjc\jsdddsample-core\js-dddsample\src\infrastructure\persistence\inmemory\LocationRepositoryInMem.js">
        <metrics statements="9" coveredstatements="7" conditionals="2" coveredconditionals="1" methods="4" coveredmethods="2"/>
        <line num="3" count="2" type="stmt"/>
        <line num="9" count="10" type="stmt"/>
        <line num="10" count="10" type="stmt"/>
        <line num="11" count="130" type="stmt"/>
        <line num="15" count="55" type="cond" truecount="1" falsecount="1"/>
        <line num="19" count="0" type="stmt"/>
        <line num="23" count="0" type="stmt"/>
        <line num="26" count="10" type="stmt"/>
        <line num="29" count="2" type="stmt"/>
      </file>
      <file name="VoyageRepositoryInMem.js" path="C:\Users\thati\Área de Trabalho\UFSCAR\master\prjc\jsdddsample-core\js-dddsample\src\infrastructure\persistence\inmemory\VoyageRepositoryInMem.js">
        <metrics statements="8" coveredstatements="7" conditionals="2" coveredconditionals="1" methods="3" coveredmethods="2"/>
        <line num="3" count="2" type="stmt"/>
        <line num="9" count="10" type="stmt"/>
        <line num="10" count="10" type="stmt"/>
        <line num="11" count="150" type="stmt"/>
        <line num="15" count="19" type="cond" truecount="1" falsecount="1"/>
        <line num="19" count="0" type="stmt"/>
        <line num="22" count="10" type="stmt"/>
        <line num="25" count="2" type="stmt"/>
      </file>
    </package>
    <package name="infrastructure.routing">
      <metrics statements="51" coveredstatements="50" conditionals="13" coveredconditionals="10" methods="14" coveredmethods="14"/>
      <file name="ExternalRoutingService.js" path="C:\Users\thati\Área de Trabalho\UFSCAR\master\prjc\jsdddsample-core\js-dddsample\src\infrastructure\routing\ExternalRoutingService.js">
        <metrics statements="23" coveredstatements="22" conditionals="7" coveredconditionals="5" methods="7" coveredmethods="7"/>
        <line num="3" count="2" type="stmt"/>
        <line num="4" count="2" type="stmt"/>
        <line num="5" count="2" type="stmt"/>
        <line num="6" count="2" type="stmt"/>
        <line num="19" count="12" type="stmt"/>
        <line num="20" count="12" type="stmt"/>
        <line num="21" count="12" type="stmt"/>
        <line num="22" count="12" type="cond" truecount="4" falsecount="1"/>
        <line num="23" count="12" type="stmt"/>
        <line num="27" count="3" type="stmt"/>
        <line num="28" count="3" type="stmt"/>
        <line num="29" count="12" type="stmt"/>
        <line num="31" count="3" type="cond" truecount="1" falsecount="1"/>
        <line num="32" count="3" type="stmt"/>
        <line num="34" count="0" type="stmt"/>
        <line num="39" count="1" type="stmt"/>
        <line num="40" count="1" type="stmt"/>
        <line num="41" count="1" type="stmt"/>
        <line num="46" count="1" type="stmt"/>
        <line num="47" count="3" type="stmt"/>
        <line num="48" count="3" type="stmt"/>
        <line num="49" count="3" type="stmt"/>
        <line num="52" count="2" type="stmt"/>
      </file>
      <file name="GraphDAOStub.js" path="C:\Users\thati\Área de Trabalho\UFSCAR\master\prjc\jsdddsample-core\js-dddsample\src\infrastructure\routing\GraphDAOStub.js">
        <metrics statements="5" coveredstatements="5" conditionals="0" coveredconditionals="0" methods="2" coveredmethods="2"/>
        <line num="3" count="2" type="stmt"/>
        <line num="6" count="2" type="stmt"/>
        <line num="14" count="1" type="stmt"/>
        <line num="18" count="12" type="stmt"/>
        <line num="21" count="2" type="stmt"/>
      </file>
      <file name="GraphTraversalService.js" path="C:\Users\thati\Área de Trabalho\UFSCAR\master\prjc\jsdddsample-core\js-dddsample\src\infrastructure\routing\GraphTraversalService.js">
        <metrics statements="23" coveredstatements="23" conditionals="6" coveredconditionals="5" methods="5" coveredmethods="5"/>
        <line num="12" count="36" type="stmt"/>
        <line num="13" count="36" type="stmt"/>
        <line num="17" count="78" type="stmt"/>
        <line num="18" count="3" type="cond" truecount="1" falsecount="1"/>
        <line num="19" count="3" type="stmt"/>
        <line num="23" count="13" type="cond" truecount="2" falsecount="0"/>
        <line num="24" count="1" type="stmt"/>
        <line num="25" count="1" type="stmt"/>
        <line num="27" count="1" type="stmt"/>
        <line num="28" count="3" type="stmt"/>
        <line num="29" count="3" type="stmt"/>
        <line num="30" count="3" type="stmt"/>
        <line num="31" count="3" type="stmt"/>
        <line num="33" count="3" type="stmt"/>
        <line num="34" count="12" type="cond" truecount="2" falsecount="0"/>
        <line num="35" count="12" type="stmt"/>
        <line num="36" count="12" type="stmt"/>
        <line num="37" count="12" type="stmt"/>
        <line num="38" count="12" type="stmt"/>
        <line num="39" count="12" type="stmt"/>
        <line num="41" count="3" type="stmt"/>
        <line num="43" count="1" type="stmt"/>
        <line num="46" count="2" type="stmt"/>
      </file>
    </package>
    <package name="infrastructure.sampledata">
      <metrics statements="44" coveredstatements="42" conditionals="5" coveredconditionals="1" methods="11" coveredmethods="9"/>
      <file name="SampleLocations.js" path="C:\Users\thati\Área de Trabalho\UFSCAR\master\prjc\jsdddsample-core\js-dddsample\src\infrastructure\sampledata\SampleLocations.js">
        <metrics statements="19" coveredstatements="18" conditionals="2" coveredconditionals="0" methods="2" coveredmethods="1"/>
        <line num="3" count="6" type="stmt"/>
        <line num="4" count="6" type="stmt"/>
        <line num="6" count="6" type="stmt"/>
        <line num="7" count="6" type="stmt"/>
        <line num="8" count="6" type="stmt"/>
        <line num="9" count="6" type="stmt"/>
        <line num="10" count="6" type="stmt"/>
        <line num="11" count="6" type="stmt"/>
        <line num="12" count="6" type="stmt"/>
        <line num="13" count="6" type="stmt"/>
        <line num="14" count="6" type="stmt"/>
        <line num="15" count="6" type="stmt"/>
        <line num="16" count="6" type="stmt"/>
        <line num="17" count="6" type="stmt"/>
        <line num="18" count="6" type="stmt"/>
        <line num="20" count="6" type="stmt"/>
        <line num="36" count="6" type="stmt"/>
        <line num="40" count="10" type="stmt"/>
        <line num="41" count="0" type="cond" truecount="0" falsecount="2"/>
      </file>
      <file name="SampleVoyages.js" path="C:\Users\thati\Área de Trabalho\UFSCAR\master\prjc\jsdddsample-core\js-dddsample\src\infrastructure\sampledata\SampleVoyages.js">
        <metrics statements="25" coveredstatements="24" conditionals="3" coveredconditionals="1" methods="9" coveredmethods="8"/>
        <line num="3" count="6" type="stmt"/>
        <line num="4" count="6" type="stmt"/>
        <line num="8" count="6" type="stmt"/>
        <line num="11" count="300" type="stmt"/>
        <line num="15" count="6" type="stmt"/>
        <line num="16" count="6" type="stmt"/>
        <line num="17" count="6" type="stmt"/>
        <line num="18" count="6" type="stmt"/>
        <line num="19" count="6" type="stmt"/>
        <line num="20" count="6" type="stmt"/>
        <line num="23" count="6" type="stmt"/>
        <line num="28" count="6" type="stmt"/>
        <line num="34" count="6" type="stmt"/>
        <line num="41" count="6" type="stmt"/>
        <line num="48" count="6" type="stmt"/>
        <line num="55" count="6" type="stmt"/>
        <line num="60" count="6" type="stmt"/>
        <line num="66" count="6" type="stmt"/>
        <line num="70" count="6" type="stmt"/>
        <line num="76" count="6" type="stmt"/>
        <line num="77" count="6" type="stmt"/>
        <line num="79" count="90" type="stmt"/>
        <line num="82" count="6" type="stmt"/>
        <line num="87" count="10" type="stmt"/>
        <line num="88" count="0" type="cond" truecount="0" falsecount="2"/>
      </file>
    </package>
  </project>
</coverage>
