<?xml version="1.0" encoding="UTF-8"?>
<coverage generated="1785806112654" clover="3.2.0">
  <project timestamp="1785806112656" name="All files">
    <metrics statements="553" coveredstatements="463" conditionals="385" coveredconditionals="263" methods="236" coveredmethods="197" elements="1174" coveredelements="923" complexity="0" loc="553" ncloc="553" packages="14" files="40" classes="40"/>
    <package name="src">
      <metrics statements="12" coveredstatements="12" conditionals="8" coveredconditionals="6" methods="2" coveredmethods="2"/>
      <file name="ServiceContext.js" path="C:\Users\thati\Área de Trabalho\UFSCAR\master\prjc\jsdddsample-core\js-dddsample\src\ServiceContext.js">
        <metrics statements="12" coveredstatements="12" conditionals="8" coveredconditionals="6" methods="2" coveredmethods="2"/>
        <line num="9" count="6" type="stmt"/>
        <line num="10" count="6" type="stmt"/>
        <line num="11" count="6" type="stmt"/>
        <line num="12" count="6" type="stmt"/>
        <line num="13" count="6" type="stmt"/>
        <line num="14" count="6" type="stmt"/>
        <line num="17" count="28" type="cond" truecount="2" falsecount="0"/>
        <line num="18" count="28" type="cond" truecount="2" falsecount="0"/>
        <line num="19" count="28" type="cond" truecount="1" falsecount="1"/>
        <line num="20" count="28" type="cond" truecount="1" falsecount="1"/>
        <line num="21" count="28" type="stmt"/>
        <line num="25" count="16" type="stmt"/>
      </file>
    </package>
    <package name="src.application">
      <metrics statements="31" coveredstatements="29" conditionals="12" coveredconditionals="9" methods="6" coveredmethods="6"/>
      <file name="BookingService.js" path="C:\Users\thati\Área de Trabalho\UFSCAR\master\prjc\jsdddsample-core\js-dddsample\src\application\BookingService.js">
        <metrics statements="17" coveredstatements="17" conditionals="4" coveredconditionals="3" methods="4" coveredmethods="4"/>
        <line num="6" count="9" type="stmt"/>
        <line num="7" count="9" type="stmt"/>
        <line num="8" count="9" type="stmt"/>
        <line num="9" count="9" type="stmt"/>
        <line num="13" count="2" type="stmt"/>
        <line num="14" count="2" type="cond" truecount="2" falsecount="0"/>
        <line num="15" count="1" type="stmt"/>
        <line num="19" count="4" type="stmt"/>
        <line num="20" count="4" type="cond" truecount="1" falsecount="1"/>
        <line num="21" count="4" type="stmt"/>
        <line num="22" count="4" type="stmt"/>
        <line num="23" count="4" type="stmt"/>
        <line num="27" count="3" type="stmt"/>
        <line num="31" count="3" type="stmt"/>
        <line num="34" count="3" type="stmt"/>
        <line num="35" count="3" type="stmt"/>
        <line num="36" count="3" type="stmt"/>
      </file>
      <file name="CargoInspectionService.js" path="C:\Users\thati\Área de Trabalho\UFSCAR\master\prjc\jsdddsample-core\js-dddsample\src\application\CargoInspectionService.js">
        <metrics statements="9" coveredstatements="7" conditionals="8" coveredconditionals="6" methods="1" coveredmethods="1"/>
        <line num="4" count="10" type="cond" truecount="1" falsecount="1"/>
        <line num="5" count="10" type="stmt"/>
        <line num="9" count="10" type="cond" truecount="1" falsecount="1"/>
        <line num="10" count="0" type="stmt"/>
        <line num="11" count="0" type="stmt"/>
        <line num="13" count="10" type="stmt"/>
        <line num="14" count="10" type="cond" truecount="2" falsecount="0"/>
        <line num="15" count="10" type="cond" truecount="2" falsecount="0"/>
        <line num="16" count="10" type="stmt"/>
      </file>
      <file name="HandlingEventService.js" path="C:\Users\thati\Área de Trabalho\UFSCAR\master\prjc\jsdddsample-core\js-dddsample\src\application\HandlingEventService.js">
        <metrics statements="5" coveredstatements="5" conditionals="0" coveredconditionals="0" methods="1" coveredmethods="1"/>
        <line num="5" count="13" type="stmt"/>
        <line num="6" count="13" type="stmt"/>
        <line num="9" count="13" type="stmt"/>
        <line num="10" count="13" type="stmt"/>
        <line num="11" count="13" type="stmt"/>
      </file>
    </package>
    <package name="src.domain.model.cargo">
      <metrics statements="156" coveredstatements="137" conditionals="158" coveredconditionals="118" methods="74" coveredmethods="61"/>
      <file name="Cargo.js" path="C:\Users\thati\Área de Trabalho\UFSCAR\master\prjc\jsdddsample-core\js-dddsample\src\domain\model\cargo\Cargo.js">
        <metrics statements="23" coveredstatements="21" conditionals="15" coveredconditionals="12" methods="12" coveredmethods="10"/>
        <line num="6" count="42" type="cond" truecount="2" falsecount="0"/>
        <line num="7" count="41" type="cond" truecount="2" falsecount="0"/>
        <line num="9" count="40" type="cond" truecount="1" falsecount="1"/>
        <line num="10" count="40" type="stmt"/>
        <line num="12" count="40" type="stmt"/>
        <line num="13" count="40" type="cond" truecount="2" falsecount="0"/>
        <line num="14" count="40" type="stmt"/>
        <line num="16" count="274" type="stmt"/>
        <line num="17" count="9" type="stmt"/>
        <line num="18" count="53" type="stmt"/>
        <line num="19" count="3" type="stmt"/>
        <line num="20" count="10" type="stmt"/>
        <line num="23" count="5" type="cond" truecount="1" falsecount="1"/>
        <line num="24" count="5" type="stmt"/>
        <line num="25" count="5" type="stmt"/>
        <line num="29" count="12" type="cond" truecount="1" falsecount="1"/>
        <line num="30" count="12" type="stmt"/>
        <line num="31" count="12" type="stmt"/>
        <line num="35" count="19" type="stmt"/>
        <line num="40" count="104" type="cond" truecount="3" falsecount="0"/>
        <line num="42" count="0" type="stmt"/>
        <line num="43" count="0" type="stmt"/>
        <line num="45" count="40" type="stmt"/>
      </file>
      <file name="CargoFactory.js" path="C:\Users\thati\Área de Trabalho\UFSCAR\master\prjc\jsdddsample-core\js-dddsample\src\domain\model\cargo\CargoFactory.js">
        <metrics statements="4" coveredstatements="4" conditionals="0" coveredconditionals="0" methods="1" coveredmethods="1"/>
        <line num="6" count="9" type="stmt"/>
        <line num="7" count="9" type="stmt"/>
        <line num="11" count="9" type="stmt"/>
        <line num="12" count="9" type="stmt"/>
      </file>
      <file name="Delivery.js" path="C:\Users\thati\Área de Trabalho\UFSCAR\master\prjc\jsdddsample-core\js-dddsample\src\domain\model\cargo\Delivery.js">
        <metrics statements="63" coveredstatements="55" conditionals="65" coveredconditionals="48" methods="23" coveredmethods="19"/>
        <line num="11" count="76" type="cond" truecount="2" falsecount="0"/>
        <line num="12" count="19" type="cond" truecount="5" falsecount="1"/>
        <line num="13" count="6" type="stmt"/>
        <line num="16" count="11" type="stmt"/>
        <line num="17" count="2" type="stmt"/>
        <line num="18" count="0" type="stmt"/>
        <line num="23" count="76" type="cond" truecount="2" falsecount="0"/>
        <line num="27" count="76" type="cond" truecount="4" falsecount="0"/>
        <line num="32" count="76" type="cond" truecount="4" falsecount="0"/>
        <line num="33" count="15" type="stmt"/>
        <line num="37" count="76" type="cond" truecount="2" falsecount="0"/>
        <line num="38" count="29" type="cond" truecount="2" falsecount="0"/>
        <line num="41" count="76" type="stmt"/>
        <line num="42" count="76" type="stmt"/>
        <line num="43" count="76" type="stmt"/>
        <line num="44" count="76" type="stmt"/>
        <line num="45" count="76" type="stmt"/>
        <line num="46" count="76" type="stmt"/>
        <line num="49" count="152" type="cond" truecount="2" falsecount="0"/>
        <line num="53" count="76" type="cond" truecount="2" falsecount="0"/>
        <line num="57" count="76" type="cond" truecount="2" falsecount="0"/>
        <line num="58" count="25" type="cond" truecount="2" falsecount="0"/>
        <line num="59" count="12" type="stmt"/>
        <line num="61" count="13" type="stmt"/>
        <line num="62" count="13" type="cond" truecount="4" falsecount="0"/>
        <line num="64" count="4" type="stmt"/>
        <line num="65" count="7" type="cond" truecount="2" falsecount="0"/>
        <line num="66" count="4" type="stmt"/>
        <line num="69" count="0" type="stmt"/>
        <line num="72" count="4" type="stmt"/>
        <line num="73" count="8" type="cond" truecount="2" falsecount="0"/>
        <line num="74" count="4" type="cond" truecount="2" falsecount="0"/>
        <line num="75" count="2" type="stmt"/>
        <line num="76" count="2" type="stmt"/>
        <line num="78" count="2" type="stmt"/>
        <line num="81" count="0" type="stmt"/>
        <line num="84" count="3" type="stmt"/>
        <line num="85" count="3" type="stmt"/>
        <line num="88" count="2" type="stmt"/>
        <line num="93" count="76" type="cond" truecount="3" falsecount="0"/>
        <line num="98" count="76" type="stmt"/>
        <line num="99" count="76" type="stmt"/>
        <line num="100" count="76" type="stmt"/>
        <line num="102" count="13" type="stmt"/>
        <line num="103" count="4" type="cond" truecount="1" falsecount="1"/>
        <line num="104" count="2" type="cond" truecount="1" falsecount="1"/>
        <line num="105" count="13" type="stmt"/>
        <line num="106" count="0" type="cond" truecount="0" falsecount="2"/>
        <line num="107" count="1" type="cond" truecount="1" falsecount="1"/>
        <line num="108" count="12" type="stmt"/>
        <line num="109" count="9" type="stmt"/>
        <line num="110" count="0" type="stmt"/>
        <line num="113" count="17" type="cond" truecount="1" falsecount="1"/>
        <line num="114" count="17" type="stmt"/>
        <line num="118" count="0" type="cond" truecount="0" falsecount="4"/>
        <line num="119" count="0" type="cond" truecount="0" falsecount="4"/>
        <line num="124" count="0" type="stmt"/>
        <line num="126" count="76" type="stmt"/>
        <line num="129" count="10" type="stmt"/>
        <line num="130" count="59" type="cond" truecount="1" falsecount="1"/>
        <line num="131" count="59" type="cond" truecount="1" falsecount="1"/>
        <line num="132" count="59" type="stmt"/>
        <line num="133" count="59" type="stmt"/>
      </file>
      <file name="HandlingActivity.js" path="C:\Users\thati\Área de Trabalho\UFSCAR\master\prjc\jsdddsample-core\js-dddsample\src\domain\model\cargo\HandlingActivity.js">
        <metrics statements="6" coveredstatements="3" conditionals="6" coveredconditionals="0" methods="6" coveredmethods="3"/>
        <line num="3" count="1" type="stmt"/>
        <line num="4" count="1" type="stmt"/>
        <line num="5" count="0" type="cond" truecount="0" falsecount="2"/>
        <line num="8" count="0" type="cond" truecount="0" falsecount="4"/>
        <line num="13" count="0" type="stmt"/>
        <line num="15" count="23" type="stmt"/>
      </file>
      <file name="Itinerary.js" path="C:\Users\thati\Área de Trabalho\UFSCAR\master\prjc\jsdddsample-core\js-dddsample\src\domain\model\cargo\Itinerary.js">
        <metrics statements="28" coveredstatements="23" conditionals="32" coveredconditionals="21" methods="12" coveredmethods="9"/>
        <line num="5" count="49" type="cond" truecount="2" falsecount="0"/>
        <line num="6" count="48" type="cond" truecount="2" falsecount="0"/>
        <line num="7" count="47" type="stmt"/>
        <line num="10" count="241" type="cond" truecount="1" falsecount="1"/>
        <line num="13" count="34" type="stmt"/>
        <line num="14" count="66" type="cond" truecount="1" falsecount="1"/>
        <line num="15" count="65" type="cond" truecount="1" falsecount="1"/>
        <line num="16" count="86" type="cond" truecount="1" falsecount="1"/>
        <line num="19" count="23" type="cond" truecount="1" falsecount="1"/>
        <line num="20" count="23" type="stmt"/>
        <line num="21" count="23" type="cond" truecount="2" falsecount="0"/>
        <line num="22" count="5" type="stmt"/>
        <line num="24" count="18" type="cond" truecount="2" falsecount="0"/>
        <line num="25" count="8" type="stmt"/>
        <line num="26" count="14" type="cond" truecount="2" falsecount="0"/>
        <line num="30" count="10" type="cond" truecount="2" falsecount="0"/>
        <line num="31" count="5" type="stmt"/>
        <line num="32" count="9" type="cond" truecount="2" falsecount="0"/>
        <line num="36" count="5" type="cond" truecount="2" falsecount="0"/>
        <line num="37" count="4" type="stmt"/>
        <line num="39" count="1" type="stmt"/>
        <line num="43" count="0" type="cond" truecount="0" falsecount="4"/>
        <line num="44" count="0" type="stmt"/>
        <line num="45" count="0" type="cond" truecount="0" falsecount="2"/>
        <line num="46" count="0" type="stmt"/>
        <line num="48" count="0" type="stmt"/>
        <line num="50" count="47" type="stmt"/>
        <line num="53" count="9" type="stmt"/>
      </file>
      <file name="Leg.js" path="C:\Users\thati\Área de Trabalho\UFSCAR\master\prjc\jsdddsample-core\js-dddsample\src\domain\model\cargo\Leg.js">
        <metrics statements="12" coveredstatements="12" conditionals="18" coveredconditionals="16" methods="8" coveredmethods="8"/>
        <line num="2" count="172" type="cond" truecount="7" falsecount="0"/>
        <line num="3" count="5" type="stmt"/>
        <line num="5" count="167" type="cond" truecount="1" falsecount="1"/>
        <line num="6" count="167" type="cond" truecount="1" falsecount="1"/>
        <line num="8" count="32" type="stmt"/>
        <line num="9" count="122" type="stmt"/>
        <line num="10" count="119" type="stmt"/>
        <line num="11" count="8" type="stmt"/>
        <line num="12" count="93" type="stmt"/>
        <line num="15" count="5" type="cond" truecount="7" falsecount="0"/>
        <line num="23" count="1" type="stmt"/>
        <line num="25" count="167" type="stmt"/>
      </file>
      <file name="RouteSpecification.js" path="C:\Users\thati\Área de Trabalho\UFSCAR\master\prjc\jsdddsample-core\js-dddsample\src\domain\model\cargo\RouteSpecification.js">
        <metrics statements="11" coveredstatements="10" conditionals="17" coveredconditionals="16" methods="7" coveredmethods="6"/>
        <line num="4" count="64" type="cond" truecount="2" falsecount="0"/>
        <line num="5" count="63" type="cond" truecount="2" falsecount="0"/>
        <line num="6" count="62" type="cond" truecount="2" falsecount="0"/>
        <line num="8" count="61" type="cond" truecount="1" falsecount="1"/>
        <line num="11" count="65" type="cond" truecount="4" falsecount="0"/>
        <line num="17" count="62" type="stmt"/>
        <line num="18" count="24" type="stmt"/>
        <line num="19" count="14" type="stmt"/>
        <line num="22" count="2" type="cond" truecount="5" falsecount="0"/>
        <line num="28" count="0" type="stmt"/>
        <line num="30" count="61" type="stmt"/>
      </file>
      <file name="RoutingStatus.js" path="C:\Users\thati\Área de Trabalho\UFSCAR\master\prjc\jsdddsample-core\js-dddsample\src\domain\model\cargo\RoutingStatus.js">
        <metrics statements="1" coveredstatements="1" conditionals="0" coveredconditionals="0" methods="0" coveredmethods="0"/>
        <line num="1" count="10" type="stmt"/>
      </file>
      <file name="TrackingId.js" path="C:\Users\thati\Área de Trabalho\UFSCAR\master\prjc\jsdddsample-core\js-dddsample\src\domain\model\cargo\TrackingId.js">
        <metrics statements="7" coveredstatements="7" conditionals="5" coveredconditionals="5" methods="5" coveredmethods="5"/>
        <line num="2" count="353" type="cond" truecount="2" falsecount="0"/>
        <line num="3" count="349" type="stmt"/>
        <line num="5" count="338" type="stmt"/>
        <line num="7" count="100" type="cond" truecount="3" falsecount="0"/>
        <line num="9" count="2" type="stmt"/>
        <line num="10" count="24" type="stmt"/>
        <line num="12" count="349" type="stmt"/>
      </file>
      <file name="TransportStatus.js" path="C:\Users\thati\Área de Trabalho\UFSCAR\master\prjc\jsdddsample-core\js-dddsample\src\domain\model\cargo\TransportStatus.js">
        <metrics statements="1" coveredstatements="1" conditionals="0" coveredconditionals="0" methods="0" coveredmethods="0"/>
        <line num="1" count="10" type="stmt"/>
      </file>
    </package>
    <package name="src.domain.model.handling">
      <metrics statements="80" coveredstatements="72" conditionals="76" coveredconditionals="57" methods="30" coveredmethods="25"/>
      <file name="HandlingEvent.js" path="C:\Users\thati\Área de Trabalho\UFSCAR\master\prjc\jsdddsample-core\js-dddsample\src\domain\model\handling\HandlingEvent.js">
        <metrics statements="34" coveredstatements="32" conditionals="46" coveredconditionals="35" methods="10" coveredmethods="8"/>
        <line num="5" count="61" type="cond" truecount="2" falsecount="0"/>
        <line num="6" count="60" type="cond" truecount="1" falsecount="1"/>
        <line num="7" count="60" type="cond" truecount="1" falsecount="1"/>
        <line num="8" count="60" type="cond" truecount="1" falsecount="1"/>
        <line num="9" count="60" type="cond" truecount="1" falsecount="1"/>
        <line num="11" count="60" type="cond" truecount="4" falsecount="0"/>
        <line num="12" count="2" type="stmt"/>
        <line num="14" count="58" type="cond" truecount="4" falsecount="0"/>
        <line num="15" count="1" type="stmt"/>
        <line num="18" count="57" type="cond" truecount="1" falsecount="1"/>
        <line num="19" count="57" type="cond" truecount="1" falsecount="1"/>
        <line num="20" count="57" type="cond" truecount="2" falsecount="0"/>
        <line num="22" count="57" type="stmt"/>
        <line num="23" count="124" type="stmt"/>
        <line num="24" count="27" type="cond" truecount="2" falsecount="0"/>
        <line num="25" count="183" type="stmt"/>
        <line num="26" count="0" type="stmt"/>
        <line num="27" count="85" type="stmt"/>
        <line num="28" count="210" type="stmt"/>
        <line num="31" count="102" type="cond" truecount="3" falsecount="1"/>
        <line num="32" count="102" type="cond" truecount="1" falsecount="1"/>
        <line num="33" count="102" type="cond" truecount="2" falsecount="0"/>
        <line num="34" count="6" type="cond" truecount="1" falsecount="1"/>
        <line num="35" count="6" type="cond" truecount="2" falsecount="0"/>
        <line num="36" count="2" type="cond" truecount="1" falsecount="1"/>
        <line num="37" count="2" type="stmt"/>
        <line num="38" count="2" type="cond" truecount="3" falsecount="1"/>
        <line num="41" count="2" type="stmt"/>
        <line num="44" count="0" type="stmt"/>
        <line num="47" count="13" type="stmt"/>
        <line num="48" count="13" type="cond" truecount="2" falsecount="0"/>
        <line num="49" count="13" type="stmt"/>
        <line num="53" count="57" type="stmt"/>
        <line num="56" count="8" type="stmt"/>
      </file>
      <file name="HandlingEventFactory.js" path="C:\Users\thati\Área de Trabalho\UFSCAR\master\prjc\jsdddsample-core\js-dddsample\src\domain\model\handling\HandlingEventFactory.js">
        <metrics statements="14" coveredstatements="14" conditionals="10" coveredconditionals="10" methods="4" coveredmethods="4"/>
        <line num="11" count="18" type="stmt"/>
        <line num="12" count="18" type="cond" truecount="2" falsecount="0"/>
        <line num="13" count="17" type="stmt"/>
        <line num="17" count="18" type="cond" truecount="2" falsecount="0"/>
        <line num="18" count="14" type="stmt"/>
        <line num="19" count="14" type="cond" truecount="2" falsecount="0"/>
        <line num="20" count="13" type="stmt"/>
        <line num="24" count="18" type="stmt"/>
        <line num="25" count="18" type="cond" truecount="2" falsecount="0"/>
        <line num="26" count="17" type="stmt"/>
        <line num="30" count="18" type="stmt"/>
        <line num="31" count="18" type="stmt"/>
        <line num="36" count="15" type="cond" truecount="2" falsecount="0"/>
        <line num="38" count="3" type="stmt"/>
      </file>
      <file name="HandlingEventType.js" path="C:\Users\thati\Área de Trabalho\UFSCAR\master\prjc\jsdddsample-core\js-dddsample\src\domain\model\handling\HandlingEventType.js">
        <metrics statements="5" coveredstatements="5" conditionals="4" coveredconditionals="4" methods="2" coveredmethods="2"/>
        <line num="1" count="15" type="stmt"/>
        <line num="9" count="7" type="stmt"/>
        <line num="10" count="7" type="cond" truecount="4" falsecount="0"/>
        <line num="11" count="5" type="stmt"/>
        <line num="15" count="2" type="stmt"/>
      </file>
      <file name="HandlingHistory.js" path="C:\Users\thati\Área de Trabalho\UFSCAR\master\prjc\jsdddsample-core\js-dddsample\src\domain\model\handling\HandlingHistory.js">
        <metrics statements="18" coveredstatements="12" conditionals="12" coveredconditionals="5" methods="10" coveredmethods="7"/>
        <line num="2" count="53" type="cond" truecount="1" falsecount="1"/>
        <line num="3" count="53" type="stmt"/>
        <line num="6" count="66" type="stmt"/>
        <line num="7" count="66" type="stmt"/>
        <line num="8" count="99" type="cond" truecount="2" falsecount="0"/>
        <line num="10" count="66" type="stmt"/>
        <line num="14" count="62" type="stmt"/>
        <line num="15" count="62" type="cond" truecount="2" falsecount="0"/>
        <line num="19" count="56" type="stmt"/>
        <line num="20" count="20" type="stmt"/>
        <line num="24" count="0" type="cond" truecount="0" falsecount="4"/>
        <line num="25" count="0" type="stmt"/>
        <line num="26" count="0" type="stmt"/>
        <line num="27" count="0" type="cond" truecount="0" falsecount="2"/>
        <line num="28" count="0" type="stmt"/>
        <line num="30" count="0" type="stmt"/>
        <line num="32" count="53" type="stmt"/>
        <line num="35" count="10" type="stmt"/>
      </file>
      <file name="exceptions.js" path="C:\Users\thati\Área de Trabalho\UFSCAR\master\prjc\jsdddsample-core\js-dddsample\src\domain\model\handling\exceptions.js">
        <metrics statements="9" coveredstatements="9" conditionals="4" coveredconditionals="3" methods="4" coveredmethods="4"/>
        <line num="3" count="1" type="stmt"/>
        <line num="4" count="1" type="stmt"/>
        <line num="10" count="1" type="stmt"/>
        <line num="11" count="1" type="stmt"/>
        <line num="17" count="1" type="stmt"/>
        <line num="18" count="1" type="stmt"/>
        <line num="24" count="3" type="cond" truecount="3" falsecount="1"/>
        <line num="25" count="3" type="stmt"/>
        <line num="26" count="3" type="stmt"/>
      </file>
    </package>
    <package name="src.domain.model.location">
      <metrics statements="19" coveredstatements="19" conditionals="12" coveredconditionals="11" methods="12" coveredmethods="12"/>
      <file name="Location.js" path="C:\Users\thati\Área de Trabalho\UFSCAR\master\prjc\jsdddsample-core\js-dddsample\src\domain\model\location\Location.js">
        <metrics statements="9" coveredstatements="9" conditionals="5" coveredconditionals="4" methods="7" coveredmethods="7"/>
        <line num="4" count="218" type="cond" truecount="1" falsecount="1"/>
        <line num="6" count="597" type="stmt"/>
        <line num="7" count="7" type="stmt"/>
        <line num="8" count="244" type="stmt"/>
        <line num="11" count="245" type="cond" truecount="3" falsecount="0"/>
        <line num="13" count="40" type="stmt"/>
        <line num="14" count="17" type="stmt"/>
        <line num="16" count="218" type="stmt"/>
        <line num="19" count="16" type="stmt"/>
      </file>
      <file name="UnLocode.js" path="C:\Users\thati\Área de Trabalho\UFSCAR\master\prjc\jsdddsample-core\js-dddsample\src\domain\model\location\UnLocode.js">
        <metrics statements="10" coveredstatements="10" conditionals="7" coveredconditionals="7" methods="5" coveredmethods="5"/>
        <line num="2" count="1115" type="stmt"/>
        <line num="3" count="1115" type="cond" truecount="2" falsecount="0"/>
        <line num="4" count="1111" type="cond" truecount="2" falsecount="0"/>
        <line num="5" count="5" type="stmt"/>
        <line num="7" count="1106" type="stmt"/>
        <line num="9" count="1095" type="stmt"/>
        <line num="11" count="7" type="cond" truecount="3" falsecount="0"/>
        <line num="13" count="2" type="stmt"/>
        <line num="14" count="1" type="stmt"/>
        <line num="16" count="1106" type="stmt"/>
      </file>
    </package>
    <package name="src.domain.model.voyage">
      <metrics statements="50" coveredstatements="41" conditionals="46" coveredconditionals="27" methods="26" coveredmethods="19"/>
      <file name="CarrierMovement.js" path="C:\Users\thati\Área de Trabalho\UFSCAR\master\prjc\jsdddsample-core\js-dddsample\src\domain\model\voyage\CarrierMovement.js">
        <metrics statements="11" coveredstatements="11" conditionals="16" coveredconditionals="14" methods="7" coveredmethods="7"/>
        <line num="2" count="360" type="cond" truecount="6" falsecount="0"/>
        <line num="3" count="4" type="stmt"/>
        <line num="5" count="356" type="cond" truecount="1" falsecount="1"/>
        <line num="6" count="356" type="cond" truecount="1" falsecount="1"/>
        <line num="8" count="5" type="stmt"/>
        <line num="9" count="3" type="stmt"/>
        <line num="10" count="3" type="stmt"/>
        <line num="11" count="3" type="stmt"/>
        <line num="14" count="5" type="cond" truecount="6" falsecount="0"/>
        <line num="21" count="2" type="stmt"/>
        <line num="23" count="356" type="stmt"/>
      </file>
      <file name="Schedule.js" path="C:\Users\thati\Área de Trabalho\UFSCAR\master\prjc\jsdddsample-core\js-dddsample\src\domain\model\voyage\Schedule.js">
        <metrics statements="10" coveredstatements="5" conditionals="8" coveredconditionals="1" methods="5" coveredmethods="2"/>
        <line num="2" count="140" type="cond" truecount="1" falsecount="1"/>
        <line num="3" count="140" type="stmt"/>
        <line num="5" count="140" type="stmt"/>
        <line num="7" count="0" type="cond" truecount="0" falsecount="4"/>
        <line num="8" count="0" type="stmt"/>
        <line num="9" count="0" type="cond" truecount="0" falsecount="2"/>
        <line num="10" count="0" type="stmt"/>
        <line num="12" count="0" type="stmt"/>
        <line num="14" count="140" type="stmt"/>
        <line num="17" count="14" type="stmt"/>
      </file>
      <file name="Voyage.js" path="C:\Users\thati\Área de Trabalho\UFSCAR\master\prjc\jsdddsample-core\js-dddsample\src\domain\model\voyage\Voyage.js">
        <metrics statements="22" coveredstatements="20" conditionals="15" coveredconditionals="9" methods="9" coveredmethods="7"/>
        <line num="6" count="224" type="cond" truecount="1" falsecount="1"/>
        <line num="7" count="224" type="cond" truecount="1" falsecount="1"/>
        <line num="8" count="224" type="cond" truecount="1" falsecount="1"/>
        <line num="9" count="224" type="cond" truecount="1" falsecount="1"/>
        <line num="11" count="592" type="stmt"/>
        <line num="12" count="0" type="stmt"/>
        <line num="14" count="18" type="cond" truecount="3" falsecount="0"/>
        <line num="16" count="10" type="stmt"/>
        <line num="17" count="0" type="stmt"/>
        <line num="19" count="224" type="stmt"/>
        <line num="22" count="14" type="stmt"/>
        <line num="25" count="126" type="cond" truecount="1" falsecount="1"/>
        <line num="26" count="126" type="cond" truecount="1" falsecount="1"/>
        <line num="27" count="126" type="stmt"/>
        <line num="28" count="126" type="stmt"/>
        <line num="31" count="350" type="stmt"/>
        <line num="32" count="350" type="stmt"/>
        <line num="33" count="350" type="stmt"/>
        <line num="37" count="126" type="stmt"/>
        <line num="40" count="126" type="stmt"/>
        <line num="41" count="126" type="stmt"/>
        <line num="44" count="14" type="stmt"/>
      </file>
      <file name="VoyageNumber.js" path="C:\Users\thati\Área de Trabalho\UFSCAR\master\prjc\jsdddsample-core\js-dddsample\src\domain\model\voyage\VoyageNumber.js">
        <metrics statements="7" coveredstatements="5" conditionals="7" coveredconditionals="3" methods="5" coveredmethods="3"/>
        <line num="2" count="945" type="cond" truecount="3" falsecount="1"/>
        <line num="3" count="945" type="stmt"/>
        <line num="5" count="834" type="stmt"/>
        <line num="7" count="0" type="cond" truecount="0" falsecount="3"/>
        <line num="9" count="0" type="stmt"/>
        <line num="10" count="11" type="stmt"/>
        <line num="12" count="945" type="stmt"/>
      </file>
    </package>
    <package name="src.domain.shared">
      <metrics statements="5" coveredstatements="5" conditionals="4" coveredconditionals="4" methods="8" coveredmethods="8"/>
      <file name="Specification.js" path="C:\Users\thati\Área de Trabalho\UFSCAR\master\prjc\jsdddsample-core\js-dddsample\src\domain\shared\Specification.js">
        <metrics statements="5" coveredstatements="5" conditionals="4" coveredconditionals="4" methods="8" coveredmethods="8"/>
        <line num="2" count="80" type="cond" truecount="2" falsecount="0"/>
        <line num="3" count="80" type="cond" truecount="2" falsecount="0"/>
        <line num="4" count="80" type="stmt"/>
        <line num="5" count="80" type="stmt"/>
        <line num="9" count="4" type="stmt"/>
      </file>
    </package>
    <package name="src.infrastructure.messaging">
      <metrics statements="5" coveredstatements="5" conditionals="0" coveredconditionals="0" methods="6" coveredmethods="5"/>
      <file name="SynchronousApplicationEvents.js" path="C:\Users\thati\Área de Trabalho\UFSCAR\master\prjc\jsdddsample-core\js-dddsample\src\infrastructure\messaging\SynchronousApplicationEvents.js">
        <metrics statements="5" coveredstatements="5" conditionals="0" coveredconditionals="0" methods="6" coveredmethods="5"/>
        <line num="2" count="3" type="stmt"/>
        <line num="6" count="3" type="stmt"/>
        <line num="10" count="10" type="stmt"/>
        <line num="14" count="1" type="stmt"/>
        <line num="18" count="1" type="stmt"/>
      </file>
    </package>
    <package name="src.infrastructure.persistence.inmemory">
      <metrics statements="24" coveredstatements="20" conditionals="6" coveredconditionals="6" methods="16" coveredmethods="12"/>
      <file name="CargoRepositoryInMem.js" path="C:\Users\thati\Área de Trabalho\UFSCAR\master\prjc\jsdddsample-core\js-dddsample\src\infrastructure\persistence\inmemory\CargoRepositoryInMem.js">
        <metrics statements="6" coveredstatements="5" conditionals="2" coveredconditionals="2" methods="5" coveredmethods="4"/>
        <line num="5" count="10" type="stmt"/>
        <line num="8" count="45" type="cond" truecount="2" falsecount="0"/>
        <line num="12" count="26" type="stmt"/>
        <line num="16" count="0" type="stmt"/>
        <line num="20" count="9" type="stmt"/>
        <line num="23" count="10" type="stmt"/>
      </file>
      <file name="HandlingEventRepositoryInMem.js" path="C:\Users\thati\Área de Trabalho\UFSCAR\master\prjc\jsdddsample-core\js-dddsample\src\infrastructure\persistence\inmemory\HandlingEventRepositoryInMem.js">
        <metrics statements="5" coveredstatements="5" conditionals="0" coveredconditionals="0" methods="4" coveredmethods="4"/>
        <line num="4" count="3" type="stmt"/>
        <line num="7" count="10" type="stmt"/>
        <line num="11" count="39" type="stmt"/>
        <line num="12" count="10" type="stmt"/>
        <line num="15" count="3" type="stmt"/>
      </file>
      <file name="LocationRepositoryInMem.js" path="C:\Users\thati\Área de Trabalho\UFSCAR\master\prjc\jsdddsample-core\js-dddsample\src\infrastructure\persistence\inmemory\LocationRepositoryInMem.js">
        <metrics statements="7" coveredstatements="5" conditionals="2" coveredconditionals="2" methods="4" coveredmethods="2"/>
        <line num="4" count="28" type="stmt"/>
        <line num="5" count="28" type="stmt"/>
        <line num="6" count="364" type="stmt"/>
        <line num="10" count="279" type="cond" truecount="2" falsecount="0"/>
        <line num="14" count="0" type="stmt"/>
        <line num="18" count="0" type="stmt"/>
        <line num="21" count="28" type="stmt"/>
      </file>
      <file name="VoyageRepositoryInMem.js" path="C:\Users\thati\Área de Trabalho\UFSCAR\master\prjc\jsdddsample-core\js-dddsample\src\infrastructure\persistence\inmemory\VoyageRepositoryInMem.js">
        <metrics statements="6" coveredstatements="5" conditionals="2" coveredconditionals="2" methods="3" coveredmethods="2"/>
        <line num="4" count="22" type="stmt"/>
        <line num="5" count="22" type="stmt"/>
        <line num="6" count="330" type="stmt"/>
        <line num="10" count="32" type="cond" truecount="2" falsecount="0"/>
        <line num="14" count="0" type="stmt"/>
        <line num="17" count="22" type="stmt"/>
      </file>
    </package>
    <package name="src.infrastructure.routing">
      <metrics statements="43" coveredstatements="42" conditionals="13" coveredconditionals="10" methods="14" coveredmethods="14"/>
      <file name="ExternalRoutingService.js" path="C:\Users\thati\Área de Trabalho\UFSCAR\master\prjc\jsdddsample-core\js-dddsample\src\infrastructure\routing\ExternalRoutingService.js">
        <metrics statements="17" coveredstatements="16" conditionals="7" coveredconditionals="5" methods="7" coveredmethods="7"/>
        <line num="10" count="118" type="stmt"/>
        <line num="15" count="118" type="cond" truecount="4" falsecount="1"/>
        <line num="16" count="118" type="stmt"/>
        <line num="20" count="27" type="stmt"/>
        <line num="21" count="27" type="stmt"/>
        <line num="22" count="118" type="stmt"/>
        <line num="24" count="27" type="cond" truecount="1" falsecount="1"/>
        <line num="25" count="27" type="stmt"/>
        <line num="27" count="0" type="stmt"/>
        <line num="32" count="7" type="stmt"/>
        <line num="33" count="7" type="stmt"/>
        <line num="34" count="7" type="stmt"/>
        <line num="40" count="7" type="stmt"/>
        <line num="41" count="27" type="stmt"/>
        <line num="43" count="7" type="stmt"/>
        <line num="44" count="27" type="stmt"/>
        <line num="45" count="27" type="stmt"/>
      </file>
      <file name="GraphDAOStub.js" path="C:\Users\thati\Área de Trabalho\UFSCAR\master\prjc\jsdddsample-core\js-dddsample\src\infrastructure\routing\GraphDAOStub.js">
        <metrics statements="4" coveredstatements="4" conditionals="0" coveredconditionals="0" methods="2" coveredmethods="2"/>
        <line num="2" count="7" type="stmt"/>
        <line num="5" count="7" type="stmt"/>
        <line num="9" count="118" type="stmt"/>
        <line num="10" count="118" type="stmt"/>
      </file>
      <file name="GraphTraversalService.js" path="C:\Users\thati\Área de Trabalho\UFSCAR\master\prjc\jsdddsample-core\js-dddsample\src\infrastructure\routing\GraphTraversalService.js">
        <metrics statements="22" coveredstatements="22" conditionals="6" coveredconditionals="5" methods="5" coveredmethods="5"/>
        <line num="2" count="354" type="stmt"/>
        <line num="3" count="354" type="stmt"/>
        <line num="7" count="678" type="stmt"/>
        <line num="8" count="27" type="cond" truecount="1" falsecount="1"/>
        <line num="9" count="27" type="stmt"/>
        <line num="13" count="91" type="cond" truecount="2" falsecount="0"/>
        <line num="14" count="7" type="stmt"/>
        <line num="15" count="7" type="stmt"/>
        <line num="17" count="7" type="stmt"/>
        <line num="18" count="27" type="stmt"/>
        <line num="19" count="27" type="stmt"/>
        <line num="20" count="27" type="stmt"/>
        <line num="21" count="27" type="stmt"/>
        <line num="23" count="27" type="stmt"/>
        <line num="24" count="118" type="cond" truecount="2" falsecount="0"/>
        <line num="25" count="118" type="stmt"/>
        <line num="26" count="118" type="stmt"/>
        <line num="27" count="118" type="stmt"/>
        <line num="28" count="118" type="stmt"/>
        <line num="29" count="118" type="stmt"/>
        <line num="31" count="27" type="stmt"/>
        <line num="33" count="7" type="stmt"/>
      </file>
    </package>
    <package name="src.infrastructure.sampledata">
      <metrics statements="37" coveredstatements="37" conditionals="5" coveredconditionals="1" methods="11" coveredmethods="9"/>
      <file name="SampleLocations.js" path="C:\Users\thati\Área de Trabalho\UFSCAR\master\prjc\jsdddsample-core\js-dddsample\src\infrastructure\sampledata\SampleLocations.js">
        <metrics statements="16" coveredstatements="16" conditionals="2" coveredconditionals="0" methods="2" coveredmethods="1"/>
        <line num="4" count="15" type="stmt"/>
        <line num="5" count="15" type="stmt"/>
        <line num="6" count="15" type="stmt"/>
        <line num="7" count="15" type="stmt"/>
        <line num="8" count="15" type="stmt"/>
        <line num="9" count="15" type="stmt"/>
        <line num="10" count="15" type="stmt"/>
        <line num="11" count="15" type="stmt"/>
        <line num="12" count="15" type="stmt"/>
        <line num="13" count="15" type="stmt"/>
        <line num="14" count="15" type="stmt"/>
        <line num="15" count="15" type="stmt"/>
        <line num="16" count="15" type="stmt"/>
        <line num="18" count="15" type="stmt"/>
        <line num="34" count="28" type="stmt"/>
        <line num="35" count="15" type="cond" truecount="0" falsecount="2"/>
      </file>
      <file name="SampleVoyages.js" path="C:\Users\thati\Área de Trabalho\UFSCAR\master\prjc\jsdddsample-core\js-dddsample\src\infrastructure\sampledata\SampleVoyages.js">
        <metrics statements="21" coveredstatements="21" conditionals="3" coveredconditionals="1" methods="9" coveredmethods="8"/>
        <line num="9" count="700" type="stmt"/>
        <line num="12" count="14" type="stmt"/>
        <line num="13" count="14" type="stmt"/>
        <line num="14" count="14" type="stmt"/>
        <line num="15" count="14" type="stmt"/>
        <line num="16" count="14" type="stmt"/>
        <line num="17" count="14" type="stmt"/>
        <line num="19" count="14" type="stmt"/>
        <line num="24" count="14" type="stmt"/>
        <line num="30" count="14" type="stmt"/>
        <line num="37" count="14" type="stmt"/>
        <line num="43" count="14" type="stmt"/>
        <line num="50" count="14" type="stmt"/>
        <line num="55" count="14" type="stmt"/>
        <line num="61" count="14" type="stmt"/>
        <line num="65" count="14" type="stmt"/>
        <line num="71" count="14" type="stmt"/>
        <line num="72" count="14" type="stmt"/>
        <line num="74" count="210" type="stmt"/>
        <line num="77" count="22" type="stmt"/>
        <line num="78" count="14" type="cond" truecount="0" falsecount="2"/>
      </file>
    </package>
    <package name="src.interfaces.booking.assembler">
      <metrics statements="12" coveredstatements="12" conditionals="2" coveredconditionals="2" methods="5" coveredmethods="5"/>
      <file name="CargoRoutingDTOAssembler.js" path="C:\Users\thati\Área de Trabalho\UFSCAR\master\prjc\jsdddsample-core\js-dddsample\src\interfaces\booking\assembler\CargoRoutingDTOAssembler.js">
        <metrics statements="6" coveredstatements="6" conditionals="2" coveredconditionals="2" methods="1" coveredmethods="1"/>
        <line num="2" count="2" type="stmt"/>
        <line num="3" count="2" type="stmt"/>
        <line num="4" count="2" type="cond" truecount="2" falsecount="0"/>
        <line num="5" count="1" type="stmt"/>
        <line num="6" count="2" type="stmt"/>
        <line num="15" count="2" type="stmt"/>
      </file>
      <file name="ItineraryCandidateDTOAssembler.js" path="C:\Users\thati\Área de Trabalho\UFSCAR\master\prjc\jsdddsample-core\js-dddsample\src\interfaces\booking\assembler\ItineraryCandidateDTOAssembler.js">
        <metrics statements="6" coveredstatements="6" conditionals="0" coveredconditionals="0" methods="4" coveredmethods="4"/>
        <line num="8" count="1" type="stmt"/>
        <line num="9" count="2" type="stmt"/>
        <line num="20" count="1" type="stmt"/>
        <line num="21" count="2" type="stmt"/>
        <line num="26" count="2" type="stmt"/>
        <line num="28" count="1" type="stmt"/>
      </file>
    </package>
    <package name="src.interfaces.handling">
      <metrics statements="35" coveredstatements="15" conditionals="16" coveredconditionals="9" methods="9" coveredmethods="6"/>
      <file name="HandlingReportParser.js" path="C:\Users\thati\Área de Trabalho\UFSCAR\master\prjc\jsdddsample-core\js-dddsample\src\interfaces\handling\HandlingReportParser.js">
        <metrics statements="35" coveredstatements="15" conditionals="16" coveredconditionals="9" methods="9" coveredmethods="6"/>
        <line num="7" count="4" type="stmt"/>
        <line num="8" count="3" type="stmt"/>
        <line num="12" count="3" type="stmt"/>
        <line num="13" count="2" type="stmt"/>
        <line num="17" count="4" type="cond" truecount="4" falsecount="0"/>
        <line num="18" count="1" type="stmt"/>
        <line num="19" count="0" type="stmt"/>
        <line num="23" count="4" type="stmt"/>
        <line num="24" count="4" type="stmt"/>
        <line num="25" count="4" type="cond" truecount="4" falsecount="0"/>
        <line num="26" count="3" type="stmt"/>
        <line num="28" count="1" type="stmt"/>
        <line num="29" count="1" type="cond" truecount="1" falsecount="1"/>
        <line num="30" count="0" type="stmt"/>
        <line num="32" count="1" type="stmt"/>
        <line num="36" count="7" type="stmt"/>
        <line num="37" count="10" type="stmt"/>
        <line num="41" count="0" type="stmt"/>
        <line num="42" count="0" type="stmt"/>
        <line num="43" count="0" type="stmt"/>
        <line num="44" count="0" type="stmt"/>
        <line num="45" count="0" type="cond" truecount="0" falsecount="2"/>
        <line num="47" count="0" type="stmt"/>
        <line num="58" count="0" type="stmt"/>
        <line num="60" count="0" type="cond" truecount="0" falsecount="2"/>
        <line num="61" count="0" type="stmt"/>
        <line num="62" count="0" type="cond" truecount="0" falsecount="2"/>
        <line num="63" count="0" type="stmt"/>
        <line num="65" count="0" type="stmt"/>
        <line num="68" count="0" type="stmt"/>
        <line num="69" count="0" type="stmt"/>
        <line num="70" count="0" type="stmt"/>
        <line num="71" count="0" type="stmt"/>
        <line num="72" count="0" type="stmt"/>
        <line num="74" count="0" type="stmt"/>
      </file>
    </package>
    <package name="src.interfaces.tracking">
      <metrics statements="44" coveredstatements="17" conditionals="27" coveredconditionals="3" methods="17" coveredmethods="13"/>
      <file name="CargoTrackingViewAdapter.js" path="C:\Users\thati\Área de Trabalho\UFSCAR\master\prjc\jsdddsample-core\js-dddsample\src\interfaces\tracking\CargoTrackingViewAdapter.js">
        <metrics statements="44" coveredstatements="17" conditionals="27" coveredconditionals="3" methods="17" coveredmethods="13"/>
        <line num="5" count="3" type="stmt"/>
        <line num="6" count="0" type="stmt"/>
        <line num="7" count="3" type="stmt"/>
        <line num="9" count="3" type="stmt"/>
        <line num="10" count="3" type="cond" truecount="1" falsecount="1"/>
        <line num="13" count="1" type="stmt"/>
        <line num="14" count="1" type="cond" truecount="1" falsecount="1"/>
        <line num="17" count="0" type="stmt"/>
        <line num="18" count="0" type="stmt"/>
        <line num="19" count="0" type="stmt"/>
        <line num="20" count="0" type="cond" truecount="0" falsecount="6"/>
        <line num="21" count="0" type="stmt"/>
        <line num="22" count="0" type="stmt"/>
        <line num="23" count="0" type="stmt"/>
        <line num="24" count="0" type="stmt"/>
        <line num="25" count="0" type="stmt"/>
        <line num="26" count="0" type="stmt"/>
        <line num="29" count="10" type="stmt"/>
        <line num="33" count="10" type="stmt"/>
        <line num="35" count="1" type="stmt"/>
        <line num="36" count="1" type="stmt"/>
        <line num="37" count="1" type="stmt"/>
        <line num="38" count="1" type="stmt"/>
        <line num="39" count="3" type="stmt"/>
        <line num="42" count="1" type="stmt"/>
        <line num="43" count="1" type="cond" truecount="1" falsecount="4"/>
        <line num="44" count="1" type="stmt"/>
        <line num="45" count="0" type="stmt"/>
        <line num="46" count="0" type="stmt"/>
        <line num="47" count="0" type="stmt"/>
        <line num="48" count="0" type="stmt"/>
        <line num="53" count="0" type="stmt"/>
        <line num="54" count="0" type="cond" truecount="0" falsecount="2"/>
        <line num="55" count="0" type="stmt"/>
        <line num="59" count="0" type="stmt"/>
        <line num="60" count="0" type="cond" truecount="0" falsecount="2"/>
        <line num="61" count="0" type="stmt"/>
        <line num="62" count="0" type="stmt"/>
        <line num="63" count="0" type="stmt"/>
        <line num="64" count="0" type="cond" truecount="0" falsecount="4"/>
        <line num="65" count="0" type="cond" truecount="0" falsecount="2"/>
        <line num="66" count="0" type="cond" truecount="0" falsecount="2"/>
        <line num="70" count="0" type="stmt"/>
        <line num="73" count="8" type="stmt"/>
      </file>
    </package>
  </project>
</coverage>
