{"C:\\Users\\thati\\Área de Trabalho\\UFSCAR\\master\\prjc\\jsdddsample-core\\js-dddsample\\src\\ServiceContext.js": {"path":"C:\\Users\\thati\\Área de Trabalho\\UFSCAR\\master\\prjc\\jsdddsample-core\\js-dddsample\\src\\ServiceContext.js","statementMap":{"0":{"start":{"line":9,"column":37},"end":{"line":9,"column":41}},"1":{"start":{"line":10,"column":37},"end":{"line":10,"column":41}},"2":{"start":{"line":11,"column":37},"end":{"line":11,"column":41}},"3":{"start":{"line":12,"column":37},"end":{"line":12,"column":41}},"4":{"start":{"line":13,"column":37},"end":{"line":13,"column":41}},"5":{"start":{"line":14,"column":37},"end":{"line":14,"column":41}},"6":{"start":{"line":17,"column":2},"end":{"line":17,"column":66}},"7":{"start":{"line":18,"column":2},"end":{"line":18,"column":66}},"8":{"start":{"line":19,"column":2},"end":{"line":19,"column":66}},"9":{"start":{"line":20,"column":2},"end":{"line":20,"column":66}},"10":{"start":{"line":21,"column":2},"end":{"line":21,"column":35}},"11":{"start":{"line":25,"column":2},"end":{"line":25,"column":23}}},"fnMap":{"0":{"name":"configure","decl":{"start":{"line":16,"column":16},"end":{"line":16,"column":25}},"loc":{"start":{"line":16,"column":41},"end":{"line":22,"column":1}},"line":16},"1":{"name":"configureRouting","decl":{"start":{"line":24,"column":16},"end":{"line":24,"column":32}},"loc":{"start":{"line":24,"column":38},"end":{"line":26,"column":1}},"line":24}},"branchMap":{"0":{"loc":{"start":{"line":17,"column":28},"end":{"line":17,"column":65}},"type":"binary-expr","locations":[{"start":{"line":17,"column":28},"end":{"line":17,"column":49}},{"start":{"line":17,"column":61},"end":{"line":17,"column":65}}],"line":17},"1":{"loc":{"start":{"line":18,"column":28},"end":{"line":18,"column":65}},"type":"binary-expr","locations":[{"start":{"line":18,"column":28},"end":{"line":18,"column":57}},{"start":{"line":18,"column":61},"end":{"line":18,"column":65}}],"line":18},"2":{"loc":{"start":{"line":19,"column":28},"end":{"line":19,"column":65}},"type":"binary-expr","locations":[{"start":{"line":19,"column":28},"end":{"line":19,"column":52}},{"start":{"line":19,"column":61},"end":{"line":19,"column":65}}],"line":19},"3":{"loc":{"start":{"line":20,"column":28},"end":{"line":20,"column":65}},"type":"binary-expr","locations":[{"start":{"line":20,"column":28},"end":{"line":20,"column":50}},{"start":{"line":20,"column":61},"end":{"line":20,"column":65}}],"line":20}},"s":{"0":6,"1":6,"2":6,"3":6,"4":6,"5":6,"6":28,"7":28,"8":28,"9":28,"10":28,"11":16},"f":{"0":28,"1":16},"b":{"0":[28,8],"1":[28,21],"2":[28,0],"3":[28,0]},"_coverageSchema":"1a1c01bbd47fc00a2c39e90264f33305004495a9","hash":"3915db74dc03979488bffe7cb3e45be08191aeff"}
,"C:\\Users\\thati\\Área de Trabalho\\UFSCAR\\master\\prjc\\jsdddsample-core\\js-dddsample\\src\\application\\BookingService.js": {"path":"C:\\Users\\thati\\Área de Trabalho\\UFSCAR\\master\\prjc\\jsdddsample-core\\js-dddsample\\src\\application\\BookingService.js","statementMap":{"0":{"start":{"line":6,"column":16},"end":{"line":6,"column":100}},"1":{"start":{"line":7,"column":2},"end":{"line":7,"column":37}},"2":{"start":{"line":8,"column":2},"end":{"line":8,"column":85}},"3":{"start":{"line":9,"column":2},"end":{"line":9,"column":28}},"4":{"start":{"line":13,"column":16},"end":{"line":13,"column":54}},"5":{"start":{"line":14,"column":2},"end":{"line":14,"column":24}},"6":{"start":{"line":14,"column":14},"end":{"line":14,"column":24}},"7":{"start":{"line":15,"column":2},"end":{"line":15,"column":80}},"8":{"start":{"line":19,"column":16},"end":{"line":19,"column":54}},"9":{"start":{"line":20,"column":2},"end":{"line":20,"column":92}},"10":{"start":{"line":20,"column":14},"end":{"line":20,"column":92}},"11":{"start":{"line":21,"column":2},"end":{"line":21,"column":33}},"12":{"start":{"line":22,"column":2},"end":{"line":22,"column":37}},"13":{"start":{"line":23,"column":2},"end":{"line":23,"column":60}},"14":{"start":{"line":27,"column":34},"end":{"line":30,"column":4}},"15":{"start":{"line":31,"column":20},"end":{"line":33,"column":3}},"16":{"start":{"line":34,"column":2},"end":{"line":34,"column":35}},"17":{"start":{"line":35,"column":2},"end":{"line":35,"column":37}},"18":{"start":{"line":36,"column":2},"end":{"line":36,"column":92}}},"fnMap":{"0":{"name":"bookNewCargo","decl":{"start":{"line":5,"column":15},"end":{"line":5,"column":27}},"loc":{"start":{"line":5,"column":82},"end":{"line":10,"column":1}},"line":5},"1":{"name":"requestPossibleRoutesForCargo","decl":{"start":{"line":12,"column":15},"end":{"line":12,"column":44}},"loc":{"start":{"line":12,"column":57},"end":{"line":16,"column":1}},"line":12},"2":{"name":"assignCargoToRoute","decl":{"start":{"line":18,"column":15},"end":{"line":18,"column":33}},"loc":{"start":{"line":18,"column":57},"end":{"line":24,"column":1}},"line":18},"3":{"name":"changeDestination","decl":{"start":{"line":26,"column":15},"end":{"line":26,"column":32}},"loc":{"start":{"line":26,"column":55},"end":{"line":37,"column":1}},"line":26}},"branchMap":{"0":{"loc":{"start":{"line":14,"column":2},"end":{"line":14,"column":24}},"type":"if","locations":[{"start":{"line":14,"column":2},"end":{"line":14,"column":24}},{"start":{},"end":{}}],"line":14},"1":{"loc":{"start":{"line":20,"column":2},"end":{"line":20,"column":92}},"type":"if","locations":[{"start":{"line":20,"column":2},"end":{"line":20,"column":92}},{"start":{},"end":{}}],"line":20}},"s":{"0":9,"1":9,"2":9,"3":9,"4":2,"5":2,"6":1,"7":1,"8":4,"9":4,"10":0,"11":4,"12":4,"13":4,"14":3,"15":3,"16":3,"17":3,"18":3},"f":{"0":9,"1":2,"2":4,"3":3},"b":{"0":[1,1],"1":[0,4]},"_coverageSchema":"1a1c01bbd47fc00a2c39e90264f33305004495a9","hash":"67ba0e74f25d5710cd0a7bced2358144c4f72163"}
,"C:\\Users\\thati\\Área de Trabalho\\UFSCAR\\master\\prjc\\jsdddsample-core\\js-dddsample\\src\\application\\CargoInspectionService.js": {"path":"C:\\Users\\thati\\Área de Trabalho\\UFSCAR\\master\\prjc\\jsdddsample-core\\js-dddsample\\src\\application\\CargoInspectionService.js","statementMap":{"0":{"start":{"line":4,"column":2},"end":{"line":4,"column":62}},"1":{"start":{"line":4,"column":19},"end":{"line":4,"column":62}},"2":{"start":{"line":5,"column":35},"end":{"line":8,"column":4}},"3":{"start":{"line":9,"column":2},"end":{"line":12,"column":3}},"4":{"start":{"line":10,"column":4},"end":{"line":10,"column":67}},"5":{"start":{"line":11,"column":4},"end":{"line":11,"column":11}},"6":{"start":{"line":13,"column":2},"end":{"line":13,"column":48}},"7":{"start":{"line":14,"column":2},"end":{"line":14,"column":95}},"8":{"start":{"line":14,"column":50},"end":{"line":14,"column":95}},"9":{"start":{"line":15,"column":2},"end":{"line":15,"column":91}},"10":{"start":{"line":15,"column":50},"end":{"line":15,"column":91}},"11":{"start":{"line":16,"column":2},"end":{"line":16,"column":37}}},"fnMap":{"0":{"name":"inspectCargo","decl":{"start":{"line":3,"column":15},"end":{"line":3,"column":27}},"loc":{"start":{"line":3,"column":40},"end":{"line":17,"column":1}},"line":3}},"branchMap":{"0":{"loc":{"start":{"line":4,"column":2},"end":{"line":4,"column":62}},"type":"if","locations":[{"start":{"line":4,"column":2},"end":{"line":4,"column":62}},{"start":{},"end":{}}],"line":4},"1":{"loc":{"start":{"line":9,"column":2},"end":{"line":12,"column":3}},"type":"if","locations":[{"start":{"line":9,"column":2},"end":{"line":12,"column":3}},{"start":{},"end":{}}],"line":9},"2":{"loc":{"start":{"line":14,"column":2},"end":{"line":14,"column":95}},"type":"if","locations":[{"start":{"line":14,"column":2},"end":{"line":14,"column":95}},{"start":{},"end":{}}],"line":14},"3":{"loc":{"start":{"line":15,"column":2},"end":{"line":15,"column":91}},"type":"if","locations":[{"start":{"line":15,"column":2},"end":{"line":15,"column":91}},{"start":{},"end":{}}],"line":15}},"s":{"0":10,"1":0,"2":10,"3":10,"4":0,"5":0,"6":10,"7":10,"8":1,"9":10,"10":1,"11":10},"f":{"0":10},"b":{"0":[0,10],"1":[0,10],"2":[1,9],"3":[1,9]},"_coverageSchema":"1a1c01bbd47fc00a2c39e90264f33305004495a9","hash":"b455213b790541c3240e4d2b28d336724e9ae1e3"}
,"C:\\Users\\thati\\Área de Trabalho\\UFSCAR\\master\\prjc\\jsdddsample-core\\js-dddsample\\src\\application\\HandlingEventService.js": {"path":"C:\\Users\\thati\\Área de Trabalho\\UFSCAR\\master\\prjc\\jsdddsample-core\\js-dddsample\\src\\application\\HandlingEventService.js","statementMap":{"0":{"start":{"line":5,"column":27},"end":{"line":5,"column":37}},"1":{"start":{"line":6,"column":16},"end":{"line":8,"column":3}},"2":{"start":{"line":9,"column":2},"end":{"line":9,"column":45}},"3":{"start":{"line":10,"column":2},"end":{"line":10,"column":43}},"4":{"start":{"line":11,"column":2},"end":{"line":11,"column":54}}},"fnMap":{"0":{"name":"registerHandlingEvent","decl":{"start":{"line":4,"column":15},"end":{"line":4,"column":36}},"loc":{"start":{"line":4,"column":95},"end":{"line":12,"column":1}},"line":4}},"branchMap":{},"s":{"0":13,"1":13,"2":13,"3":13,"4":13},"f":{"0":13},"b":{},"_coverageSchema":"1a1c01bbd47fc00a2c39e90264f33305004495a9","hash":"87d6f003d159da1c38ea839f1bbd303212107e89"}
,"C:\\Users\\thati\\Área de Trabalho\\UFSCAR\\master\\prjc\\jsdddsample-core\\js-dddsample\\src\\domain\\model\\cargo\\Cargo.js": {"path":"C:\\Users\\thati\\Área de Trabalho\\UFSCAR\\master\\prjc\\jsdddsample-core\\js-dddsample\\src\\domain\\model\\cargo\\Cargo.js","statementMap":{"0":{"start":{"line":6,"column":2},"end":{"line":6,"column":62}},"1":{"start":{"line":6,"column":19},"end":{"line":6,"column":62}},"2":{"start":{"line":7,"column":2},"end":{"line":7,"column":78}},"3":{"start":{"line":7,"column":27},"end":{"line":7,"column":78}},"4":{"start":{"line":9,"column":18},"end":{"line":9,"column":104}},"5":{"start":{"line":10,"column":18},"end":{"line":10,"column":45}},"6":{"start":{"line":12,"column":19},"end":{"line":12,"column":37}},"7":{"start":{"line":13,"column":19},"end":{"line":13,"column":36}},"8":{"start":{"line":14,"column":19},"end":{"line":14,"column":86}},"9":{"start":{"line":16,"column":35},"end":{"line":16,"column":58}},"10":{"start":{"line":17,"column":35},"end":{"line":17,"column":50}},"11":{"start":{"line":18,"column":35},"end":{"line":18,"column":52}},"12":{"start":{"line":19,"column":35},"end":{"line":19,"column":53}},"13":{"start":{"line":20,"column":35},"end":{"line":20,"column":53}},"14":{"start":{"line":23,"column":4},"end":{"line":23,"column":74}},"15":{"start":{"line":23,"column":23},"end":{"line":23,"column":74}},"16":{"start":{"line":24,"column":4},"end":{"line":24,"column":30}},"17":{"start":{"line":25,"column":4},"end":{"line":25,"column":67}},"18":{"start":{"line":29,"column":4},"end":{"line":29,"column":79}},"19":{"start":{"line":29,"column":23},"end":{"line":29,"column":79}},"20":{"start":{"line":30,"column":4},"end":{"line":30,"column":30}},"21":{"start":{"line":31,"column":4},"end":{"line":31,"column":67}},"22":{"start":{"line":35,"column":4},"end":{"line":36,"column":54}},"23":{"start":{"line":40,"column":4},"end":{"line":40,"column":108}},"24":{"start":{"line":42,"column":27},"end":{"line":42,"column":56}},"25":{"start":{"line":43,"column":27},"end":{"line":43,"column":38}},"26":{"start":{"line":45,"column":2},"end":{"line":45,"column":209}}},"fnMap":{"0":{"name":"Cargo","decl":{"start":{"line":5,"column":9},"end":{"line":5,"column":14}},"loc":{"start":{"line":5,"column":58},"end":{"line":46,"column":1}},"line":5},"1":{"name":"trackingId_","decl":{"start":{"line":16,"column":11},"end":{"line":16,"column":22}},"loc":{"start":{"line":16,"column":33},"end":{"line":16,"column":60}},"line":16},"2":{"name":"origin","decl":{"start":{"line":17,"column":11},"end":{"line":17,"column":17}},"loc":{"start":{"line":17,"column":33},"end":{"line":17,"column":52}},"line":17},"3":{"name":"delivery","decl":{"start":{"line":18,"column":11},"end":{"line":18,"column":19}},"loc":{"start":{"line":18,"column":33},"end":{"line":18,"column":54}},"line":18},"4":{"name":"itinerary_","decl":{"start":{"line":19,"column":11},"end":{"line":19,"column":21}},"loc":{"start":{"line":19,"column":33},"end":{"line":19,"column":55}},"line":19},"5":{"name":"routeSpecification_","decl":{"start":{"line":20,"column":11},"end":{"line":20,"column":30}},"loc":{"start":{"line":20,"column":33},"end":{"line":20,"column":55}},"line":20},"6":{"name":"specifyNewRoute","decl":{"start":{"line":22,"column":11},"end":{"line":22,"column":26}},"loc":{"start":{"line":22,"column":41},"end":{"line":26,"column":3}},"line":22},"7":{"name":"assignToRoute","decl":{"start":{"line":28,"column":11},"end":{"line":28,"column":24}},"loc":{"start":{"line":28,"column":39},"end":{"line":32,"column":3}},"line":28},"8":{"name":"deriveDeliveryProgress","decl":{"start":{"line":34,"column":11},"end":{"line":34,"column":33}},"loc":{"start":{"line":34,"column":51},"end":{"line":37,"column":3}},"line":34},"9":{"name":"sameIdentityAs","decl":{"start":{"line":39,"column":11},"end":{"line":39,"column":25}},"loc":{"start":{"line":39,"column":33},"end":{"line":41,"column":3}},"line":39},"10":{"name":"equals","decl":{"start":{"line":42,"column":11},"end":{"line":42,"column":17}},"loc":{"start":{"line":42,"column":25},"end":{"line":42,"column":58}},"line":42},"11":{"name":"toString","decl":{"start":{"line":43,"column":11},"end":{"line":43,"column":19}},"loc":{"start":{"line":43,"column":25},"end":{"line":43,"column":40}},"line":43}},"branchMap":{"0":{"loc":{"start":{"line":6,"column":2},"end":{"line":6,"column":62}},"type":"if","locations":[{"start":{"line":6,"column":2},"end":{"line":6,"column":62}},{"start":{},"end":{}}],"line":6},"1":{"loc":{"start":{"line":7,"column":2},"end":{"line":7,"column":78}},"type":"if","locations":[{"start":{"line":7,"column":2},"end":{"line":7,"column":78}},{"start":{},"end":{}}],"line":7},"2":{"loc":{"start":{"line":9,"column":18},"end":{"line":9,"column":104}},"type":"cond-expr","locations":[{"start":{"line":9,"column":62},"end":{"line":9,"column":83}},{"start":{"line":9,"column":86},"end":{"line":9,"column":104}}],"line":9},"3":{"loc":{"start":{"line":13,"column":19},"end":{"line":13,"column":36}},"type":"binary-expr","locations":[{"start":{"line":13,"column":19},"end":{"line":13,"column":28}},{"start":{"line":13,"column":32},"end":{"line":13,"column":36}}],"line":13},"4":{"loc":{"start":{"line":23,"column":4},"end":{"line":23,"column":74}},"type":"if","locations":[{"start":{"line":23,"column":4},"end":{"line":23,"column":74}},{"start":{},"end":{}}],"line":23},"5":{"loc":{"start":{"line":29,"column":4},"end":{"line":29,"column":79}},"type":"if","locations":[{"start":{"line":29,"column":4},"end":{"line":29,"column":79}},{"start":{},"end":{}}],"line":29},"6":{"loc":{"start":{"line":40,"column":11},"end":{"line":40,"column":107}},"type":"binary-expr","locations":[{"start":{"line":40,"column":11},"end":{"line":40,"column":24}},{"start":{"line":40,"column":28},"end":{"line":40,"column":66}},{"start":{"line":40,"column":70},"end":{"line":40,"column":107}}],"line":40}},"s":{"0":42,"1":1,"2":41,"3":1,"4":40,"5":40,"6":40,"7":40,"8":40,"9":274,"10":9,"11":53,"12":3,"13":10,"14":5,"15":0,"16":5,"17":5,"18":12,"19":0,"20":12,"21":12,"22":19,"23":104,"24":0,"25":0,"26":40},"f":{"0":42,"1":274,"2":9,"3":53,"4":3,"5":10,"6":5,"7":12,"8":19,"9":104,"10":0,"11":0},"b":{"0":[1,41],"1":[1,40],"2":[40,0],"3":[40,40],"4":[0,5],"5":[0,12],"6":[104,104,104]},"_coverageSchema":"1a1c01bbd47fc00a2c39e90264f33305004495a9","hash":"9b29cc42c0eb5c0416b4fb1d24f417b28d2c5f6b"}
,"C:\\Users\\thati\\Área de Trabalho\\UFSCAR\\master\\prjc\\jsdddsample-core\\js-dddsample\\src\\domain\\model\\cargo\\CargoFactory.js": {"path":"C:\\Users\\thati\\Área de Trabalho\\UFSCAR\\master\\prjc\\jsdddsample-core\\js-dddsample\\src\\domain\\model\\cargo\\CargoFactory.js","statementMap":{"0":{"start":{"line":6,"column":21},"end":{"line":6,"column":59}},"1":{"start":{"line":7,"column":32},"end":{"line":10,"column":4}},"2":{"start":{"line":11,"column":20},"end":{"line":11,"column":76}},"3":{"start":{"line":12,"column":2},"end":{"line":12,"column":38}}},"fnMap":{"0":{"name":"createCargo","decl":{"start":{"line":5,"column":15},"end":{"line":5,"column":26}},"loc":{"start":{"line":5,"column":81},"end":{"line":13,"column":1}},"line":5}},"branchMap":{},"s":{"0":9,"1":9,"2":9,"3":9},"f":{"0":9},"b":{},"_coverageSchema":"1a1c01bbd47fc00a2c39e90264f33305004495a9","hash":"659d3d73773f7406f80eda0b74c7c361d4b430bc"}
,"C:\\Users\\thati\\Área de Trabalho\\UFSCAR\\master\\prjc\\jsdddsample-core\\js-dddsample\\src\\domain\\model\\cargo\\Delivery.js": {"path":"C:\\Users\\thati\\Área de Trabalho\\UFSCAR\\master\\prjc\\jsdddsample-core\\js-dddsample\\src\\domain\\model\\cargo\\Delivery.js","statementMap":{"0":{"start":{"line":11,"column":4},"end":{"line":11,"column":56}},"1":{"start":{"line":11,"column":20},"end":{"line":11,"column":56}},"2":{"start":{"line":12,"column":4},"end":{"line":19,"column":5}},"3":{"start":{"line":13,"column":38},"end":{"line":13,"column":77}},"4":{"start":{"line":16,"column":38},"end":{"line":16,"column":69}},"5":{"start":{"line":17,"column":38},"end":{"line":17,"column":69}},"6":{"start":{"line":18,"column":38},"end":{"line":18,"column":69}},"7":{"start":{"line":23,"column":4},"end":{"line":23,"column":51}},"8":{"start":{"line":27,"column":4},"end":{"line":28,"column":34}},"9":{"start":{"line":32,"column":4},"end":{"line":32,"column":47}},"10":{"start":{"line":32,"column":34},"end":{"line":32,"column":47}},"11":{"start":{"line":33,"column":4},"end":{"line":33,"column":44}},"12":{"start":{"line":37,"column":4},"end":{"line":37,"column":52}},"13":{"start":{"line":37,"column":20},"end":{"line":37,"column":52}},"14":{"start":{"line":38,"column":4},"end":{"line":38,"column":104}},"15":{"start":{"line":41,"column":27},"end":{"line":41,"column":48}},"16":{"start":{"line":42,"column":27},"end":{"line":42,"column":44}},"17":{"start":{"line":43,"column":27},"end":{"line":43,"column":46}},"18":{"start":{"line":44,"column":27},"end":{"line":44,"column":37}},"19":{"start":{"line":45,"column":27},"end":{"line":45,"column":50}},"20":{"start":{"line":46,"column":27},"end":{"line":46,"column":46}},"21":{"start":{"line":49,"column":4},"end":{"line":49,"column":68}},"22":{"start":{"line":53,"column":4},"end":{"line":53,"column":59}},"23":{"start":{"line":57,"column":4},"end":{"line":57,"column":32}},"24":{"start":{"line":57,"column":20},"end":{"line":57,"column":32}},"25":{"start":{"line":58,"column":4},"end":{"line":60,"column":5}},"26":{"start":{"line":59,"column":6},"end":{"line":59,"column":86}},"27":{"start":{"line":61,"column":17},"end":{"line":61,"column":33}},"28":{"start":{"line":62,"column":4},"end":{"line":89,"column":5}},"29":{"start":{"line":64,"column":8},"end":{"line":68,"column":9}},"30":{"start":{"line":65,"column":10},"end":{"line":67,"column":11}},"31":{"start":{"line":66,"column":12},"end":{"line":66,"column":98}},"32":{"start":{"line":69,"column":8},"end":{"line":69,"column":20}},"33":{"start":{"line":72,"column":8},"end":{"line":80,"column":9}},"34":{"start":{"line":72,"column":21},"end":{"line":72,"column":22}},"35":{"start":{"line":73,"column":10},"end":{"line":79,"column":11}},"36":{"start":{"line":74,"column":12},"end":{"line":77,"column":13}},"37":{"start":{"line":75,"column":27},"end":{"line":75,"column":38}},"38":{"start":{"line":76,"column":14},"end":{"line":76,"column":98}},"39":{"start":{"line":78,"column":12},"end":{"line":78,"column":87}},"40":{"start":{"line":81,"column":8},"end":{"line":81,"column":20}},"41":{"start":{"line":84,"column":22},"end":{"line":84,"column":29}},"42":{"start":{"line":85,"column":8},"end":{"line":85,"column":94}},"43":{"start":{"line":88,"column":8},"end":{"line":88,"column":20}},"44":{"start":{"line":93,"column":4},"end":{"line":95,"column":76}},"45":{"start":{"line":98,"column":32},"end":{"line":98,"column":41}},"46":{"start":{"line":99,"column":32},"end":{"line":99,"column":58}},"47":{"start":{"line":100,"column":32},"end":{"line":100,"column":59}},"48":{"start":{"line":102,"column":38},"end":{"line":102,"column":62}},"49":{"start":{"line":103,"column":38},"end":{"line":103,"column":76}},"50":{"start":{"line":104,"column":38},"end":{"line":104,"column":75}},"51":{"start":{"line":105,"column":38},"end":{"line":105,"column":58}},"52":{"start":{"line":106,"column":38},"end":{"line":106,"column":58}},"53":{"start":{"line":107,"column":38},"end":{"line":107,"column":75}},"54":{"start":{"line":108,"column":38},"end":{"line":108,"column":63}},"55":{"start":{"line":109,"column":38},"end":{"line":109,"column":60}},"56":{"start":{"line":110,"column":38},"end":{"line":110,"column":59}},"57":{"start":{"line":113,"column":4},"end":{"line":113,"column":74}},"58":{"start":{"line":113,"column":23},"end":{"line":113,"column":74}},"59":{"start":{"line":114,"column":4},"end":{"line":114,"column":59}},"60":{"start":{"line":118,"column":4},"end":{"line":118,"column":74}},"61":{"start":{"line":118,"column":61},"end":{"line":118,"column":74}},"62":{"start":{"line":119,"column":4},"end":{"line":122,"column":60}},"63":{"start":{"line":124,"column":27},"end":{"line":124,"column":53}},"64":{"start":{"line":126,"column":2},"end":{"line":126,"column":216}},"65":{"start":{"line":129,"column":0},"end":{"line":134,"column":2}},"66":{"start":{"line":130,"column":2},"end":{"line":130,"column":69}},"67":{"start":{"line":130,"column":18},"end":{"line":130,"column":69}},"68":{"start":{"line":131,"column":2},"end":{"line":131,"column":72}},"69":{"start":{"line":131,"column":24},"end":{"line":131,"column":72}},"70":{"start":{"line":132,"column":20},"end":{"line":132,"column":64}},"71":{"start":{"line":133,"column":2},"end":{"line":133,"column":51}}},"fnMap":{"0":{"name":"Delivery","decl":{"start":{"line":8,"column":9},"end":{"line":8,"column":17}},"loc":{"start":{"line":8,"column":60},"end":{"line":127,"column":1}},"line":8},"1":{"name":"calcTransportStatus","decl":{"start":{"line":10,"column":11},"end":{"line":10,"column":30}},"loc":{"start":{"line":10,"column":33},"end":{"line":20,"column":3}},"line":10},"2":{"name":"calcLastKnownLocation","decl":{"start":{"line":22,"column":11},"end":{"line":22,"column":32}},"loc":{"start":{"line":22,"column":35},"end":{"line":24,"column":3}},"line":22},"3":{"name":"calcCurrentVoyage","decl":{"start":{"line":26,"column":11},"end":{"line":26,"column":28}},"loc":{"start":{"line":26,"column":31},"end":{"line":29,"column":3}},"line":26},"4":{"name":"calcMisdirected","decl":{"start":{"line":31,"column":11},"end":{"line":31,"column":26}},"loc":{"start":{"line":31,"column":29},"end":{"line":34,"column":3}},"line":31},"5":{"name":"calcRoutingStatus","decl":{"start":{"line":36,"column":11},"end":{"line":36,"column":28}},"loc":{"start":{"line":36,"column":31},"end":{"line":39,"column":3}},"line":36},"6":{"name":"onTrack","decl":{"start":{"line":48,"column":11},"end":{"line":48,"column":18}},"loc":{"start":{"line":48,"column":21},"end":{"line":50,"column":3}},"line":48},"7":{"name":"calcEta","decl":{"start":{"line":52,"column":11},"end":{"line":52,"column":18}},"loc":{"start":{"line":52,"column":21},"end":{"line":54,"column":3}},"line":52},"8":{"name":"calcNextExpectedActivity","decl":{"start":{"line":56,"column":11},"end":{"line":56,"column":35}},"loc":{"start":{"line":56,"column":38},"end":{"line":90,"column":3}},"line":56},"9":{"name":"calcUnloadedAtDestination","decl":{"start":{"line":92,"column":11},"end":{"line":92,"column":36}},"loc":{"start":{"line":92,"column":39},"end":{"line":96,"column":3}},"line":92},"10":{"name":"transportStatus","decl":{"start":{"line":102,"column":11},"end":{"line":102,"column":26}},"loc":{"start":{"line":102,"column":36},"end":{"line":102,"column":64}},"line":102},"11":{"name":"lastKnownLocation","decl":{"start":{"line":103,"column":11},"end":{"line":103,"column":28}},"loc":{"start":{"line":103,"column":36},"end":{"line":103,"column":78}},"line":103},"12":{"name":"currentVoyage","decl":{"start":{"line":104,"column":11},"end":{"line":104,"column":24}},"loc":{"start":{"line":104,"column":36},"end":{"line":104,"column":77}},"line":104},"13":{"name":"isMisdirected","decl":{"start":{"line":105,"column":11},"end":{"line":105,"column":24}},"loc":{"start":{"line":105,"column":36},"end":{"line":105,"column":60}},"line":105},"14":{"name":"estimatedTimeOfArrival","decl":{"start":{"line":106,"column":11},"end":{"line":106,"column":33}},"loc":{"start":{"line":106,"column":36},"end":{"line":106,"column":60}},"line":106},"15":{"name":"nextExpectedActivity","decl":{"start":{"line":107,"column":11},"end":{"line":107,"column":31}},"loc":{"start":{"line":107,"column":36},"end":{"line":107,"column":77}},"line":107},"16":{"name":"isUnloadedAtDestination","decl":{"start":{"line":108,"column":11},"end":{"line":108,"column":34}},"loc":{"start":{"line":108,"column":36},"end":{"line":108,"column":65}},"line":108},"17":{"name":"routingStatus","decl":{"start":{"line":109,"column":11},"end":{"line":109,"column":24}},"loc":{"start":{"line":109,"column":36},"end":{"line":109,"column":62}},"line":109},"18":{"name":"calculatedAt","decl":{"start":{"line":110,"column":11},"end":{"line":110,"column":23}},"loc":{"start":{"line":110,"column":36},"end":{"line":110,"column":61}},"line":110},"19":{"name":"updateOnRouting","decl":{"start":{"line":112,"column":11},"end":{"line":112,"column":26}},"loc":{"start":{"line":112,"column":55},"end":{"line":115,"column":3}},"line":112},"20":{"name":"sameValueAs","decl":{"start":{"line":117,"column":11},"end":{"line":117,"column":22}},"loc":{"start":{"line":117,"column":30},"end":{"line":123,"column":3}},"line":117},"21":{"name":"equals","decl":{"start":{"line":124,"column":11},"end":{"line":124,"column":17}},"loc":{"start":{"line":124,"column":25},"end":{"line":124,"column":55}},"line":124},"22":{"name":"(anonymous_22)","decl":{"start":{"line":129,"column":23},"end":{"line":129,"column":24}},"loc":{"start":{"line":129,"column":71},"end":{"line":134,"column":1}},"line":129}},"branchMap":{"0":{"loc":{"start":{"line":11,"column":4},"end":{"line":11,"column":56}},"type":"if","locations":[{"start":{"line":11,"column":4},"end":{"line":11,"column":56}},{"start":{},"end":{}}],"line":11},"1":{"loc":{"start":{"line":12,"column":4},"end":{"line":19,"column":5}},"type":"switch","locations":[{"start":{"line":13,"column":6},"end":{"line":13,"column":77}},{"start":{"line":14,"column":6},"end":{"line":14,"column":36}},{"start":{"line":15,"column":6},"end":{"line":15,"column":37}},{"start":{"line":16,"column":6},"end":{"line":16,"column":69}},{"start":{"line":17,"column":6},"end":{"line":17,"column":69}},{"start":{"line":18,"column":6},"end":{"line":18,"column":69}}],"line":12},"2":{"loc":{"start":{"line":23,"column":11},"end":{"line":23,"column":50}},"type":"cond-expr","locations":[{"start":{"line":23,"column":23},"end":{"line":23,"column":43}},{"start":{"line":23,"column":46},"end":{"line":23,"column":50}}],"line":23},"3":{"loc":{"start":{"line":27,"column":11},"end":{"line":28,"column":33}},"type":"cond-expr","locations":[{"start":{"line":28,"column":8},"end":{"line":28,"column":26}},{"start":{"line":28,"column":29},"end":{"line":28,"column":33}}],"line":27},"4":{"loc":{"start":{"line":27,"column":12},"end":{"line":27,"column":77}},"type":"binary-expr","locations":[{"start":{"line":27,"column":12},"end":{"line":27,"column":64}},{"start":{"line":27,"column":68},"end":{"line":27,"column":77}}],"line":27},"5":{"loc":{"start":{"line":32,"column":4},"end":{"line":32,"column":47}},"type":"if","locations":[{"start":{"line":32,"column":4},"end":{"line":32,"column":47}},{"start":{},"end":{}}],"line":32},"6":{"loc":{"start":{"line":32,"column":8},"end":{"line":32,"column":32}},"type":"binary-expr","locations":[{"start":{"line":32,"column":8},"end":{"line":32,"column":18}},{"start":{"line":32,"column":22},"end":{"line":32,"column":32}}],"line":32},"7":{"loc":{"start":{"line":37,"column":4},"end":{"line":37,"column":52}},"type":"if","locations":[{"start":{"line":37,"column":4},"end":{"line":37,"column":52}},{"start":{},"end":{}}],"line":37},"8":{"loc":{"start":{"line":38,"column":11},"end":{"line":38,"column":103}},"type":"cond-expr","locations":[{"start":{"line":38,"column":57},"end":{"line":38,"column":77}},{"start":{"line":38,"column":80},"end":{"line":38,"column":103}}],"line":38},"9":{"loc":{"start":{"line":49,"column":11},"end":{"line":49,"column":67}},"type":"binary-expr","locations":[{"start":{"line":49,"column":11},"end":{"line":49,"column":50}},{"start":{"line":49,"column":54},"end":{"line":49,"column":67}}],"line":49},"10":{"loc":{"start":{"line":53,"column":11},"end":{"line":53,"column":58}},"type":"cond-expr","locations":[{"start":{"line":53,"column":23},"end":{"line":53,"column":51}},{"start":{"line":53,"column":54},"end":{"line":53,"column":58}}],"line":53},"11":{"loc":{"start":{"line":57,"column":4},"end":{"line":57,"column":32}},"type":"if","locations":[{"start":{"line":57,"column":4},"end":{"line":57,"column":32}},{"start":{},"end":{}}],"line":57},"12":{"loc":{"start":{"line":58,"column":4},"end":{"line":60,"column":5}},"type":"if","locations":[{"start":{"line":58,"column":4},"end":{"line":60,"column":5}},{"start":{},"end":{}}],"line":58},"13":{"loc":{"start":{"line":62,"column":4},"end":{"line":89,"column":5}},"type":"switch","locations":[{"start":{"line":63,"column":6},"end":{"line":70,"column":7}},{"start":{"line":71,"column":6},"end":{"line":82,"column":7}},{"start":{"line":83,"column":6},"end":{"line":86,"column":7}},{"start":{"line":87,"column":6},"end":{"line":88,"column":20}}],"line":62},"14":{"loc":{"start":{"line":65,"column":10},"end":{"line":67,"column":11}},"type":"if","locations":[{"start":{"line":65,"column":10},"end":{"line":67,"column":11}},{"start":{},"end":{}}],"line":65},"15":{"loc":{"start":{"line":73,"column":10},"end":{"line":79,"column":11}},"type":"if","locations":[{"start":{"line":73,"column":10},"end":{"line":79,"column":11}},{"start":{},"end":{}}],"line":73},"16":{"loc":{"start":{"line":74,"column":12},"end":{"line":77,"column":13}},"type":"if","locations":[{"start":{"line":74,"column":12},"end":{"line":77,"column":13}},{"start":{},"end":{}}],"line":74},"17":{"loc":{"start":{"line":93,"column":11},"end":{"line":95,"column":75}},"type":"binary-expr","locations":[{"start":{"line":93,"column":11},"end":{"line":93,"column":28}},{"start":{"line":94,"column":6},"end":{"line":94,"column":51}},{"start":{"line":95,"column":6},"end":{"line":95,"column":75}}],"line":93},"18":{"loc":{"start":{"line":103,"column":45},"end":{"line":103,"column":75}},"type":"binary-expr","locations":[{"start":{"line":103,"column":45},"end":{"line":103,"column":55}},{"start":{"line":103,"column":59},"end":{"line":103,"column":75}}],"line":103},"19":{"loc":{"start":{"line":104,"column":45},"end":{"line":104,"column":74}},"type":"binary-expr","locations":[{"start":{"line":104,"column":45},"end":{"line":104,"column":59}},{"start":{"line":104,"column":63},"end":{"line":104,"column":74}}],"line":104},"20":{"loc":{"start":{"line":106,"column":45},"end":{"line":106,"column":57}},"type":"binary-expr","locations":[{"start":{"line":106,"column":45},"end":{"line":106,"column":49}},{"start":{"line":106,"column":53},"end":{"line":106,"column":57}}],"line":106},"21":{"loc":{"start":{"line":107,"column":45},"end":{"line":107,"column":74}},"type":"binary-expr","locations":[{"start":{"line":107,"column":45},"end":{"line":107,"column":66}},{"start":{"line":107,"column":70},"end":{"line":107,"column":74}}],"line":107},"22":{"loc":{"start":{"line":113,"column":4},"end":{"line":113,"column":74}},"type":"if","locations":[{"start":{"line":113,"column":4},"end":{"line":113,"column":74}},{"start":{},"end":{}}],"line":113},"23":{"loc":{"start":{"line":118,"column":4},"end":{"line":118,"column":74}},"type":"if","locations":[{"start":{"line":118,"column":4},"end":{"line":118,"column":74}},{"start":{},"end":{}}],"line":118},"24":{"loc":{"start":{"line":118,"column":8},"end":{"line":118,"column":59}},"type":"binary-expr","locations":[{"start":{"line":118,"column":8},"end":{"line":118,"column":14}},{"start":{"line":118,"column":18},"end":{"line":118,"column":59}}],"line":118},"25":{"loc":{"start":{"line":119,"column":11},"end":{"line":122,"column":59}},"type":"binary-expr","locations":[{"start":{"line":119,"column":11},"end":{"line":119,"column":55}},{"start":{"line":120,"column":6},"end":{"line":120,"column":46}},{"start":{"line":121,"column":6},"end":{"line":121,"column":44}},{"start":{"line":122,"column":6},"end":{"line":122,"column":59}}],"line":119},"26":{"loc":{"start":{"line":130,"column":2},"end":{"line":130,"column":69}},"type":"if","locations":[{"start":{"line":130,"column":2},"end":{"line":130,"column":69}},{"start":{},"end":{}}],"line":130},"27":{"loc":{"start":{"line":131,"column":2},"end":{"line":131,"column":72}},"type":"if","locations":[{"start":{"line":131,"column":2},"end":{"line":131,"column":72}},{"start":{},"end":{}}],"line":131}},"s":{"0":76,"1":57,"2":19,"3":6,"4":11,"5":2,"6":0,"7":76,"8":76,"9":76,"10":61,"11":15,"12":76,"13":47,"14":29,"15":76,"16":76,"17":76,"18":76,"19":76,"20":76,"21":152,"22":76,"23":76,"24":51,"25":25,"26":12,"27":13,"28":13,"29":4,"30":7,"31":4,"32":0,"33":4,"34":4,"35":8,"36":4,"37":2,"38":2,"39":2,"40":0,"41":3,"42":3,"43":2,"44":76,"45":76,"46":76,"47":76,"48":13,"49":4,"50":2,"51":13,"52":0,"53":1,"54":12,"55":9,"56":0,"57":17,"58":0,"59":17,"60":0,"61":0,"62":0,"63":0,"64":76,"65":10,"66":59,"67":0,"68":59,"69":0,"70":59,"71":59},"f":{"0":76,"1":76,"2":76,"3":76,"4":76,"5":76,"6":152,"7":76,"8":76,"9":76,"10":13,"11":4,"12":2,"13":13,"14":0,"15":1,"16":12,"17":9,"18":0,"19":17,"20":0,"21":0,"22":59},"b":{"0":[57,19],"1":[6,7,11,11,2,0],"2":[19,57],"3":[6,70],"4":[76,6],"5":[61,15],"6":[76,19],"7":[47,29],"8":[27,2],"9":[152,54],"10":[25,51],"11":[51,25],"12":[12,13],"13":[4,4,3,2],"14":[4,3],"15":[4,4],"16":[2,2],"17":[76,19,7],"18":[4,0],"19":[2,0],"20":[0,0],"21":[1,0],"22":[0,17],"23":[0,0],"24":[0,0],"25":[0,0,0,0],"26":[0,59],"27":[0,59]},"_coverageSchema":"1a1c01bbd47fc00a2c39e90264f33305004495a9","hash":"f86cbf794a8656e2c17d5a43cae4c642e1632ad4"}
,"C:\\Users\\thati\\Área de Trabalho\\UFSCAR\\master\\prjc\\jsdddsample-core\\js-dddsample\\src\\domain\\model\\cargo\\HandlingActivity.js": {"path":"C:\\Users\\thati\\Área de Trabalho\\UFSCAR\\master\\prjc\\jsdddsample-core\\js-dddsample\\src\\domain\\model\\cargo\\HandlingActivity.js","statementMap":{"0":{"start":{"line":3,"column":25},"end":{"line":3,"column":37}},"1":{"start":{"line":4,"column":25},"end":{"line":4,"column":41}},"2":{"start":{"line":5,"column":25},"end":{"line":5,"column":47}},"3":{"start":{"line":8,"column":4},"end":{"line":11,"column":40}},"4":{"start":{"line":13,"column":27},"end":{"line":13,"column":53}},"5":{"start":{"line":15,"column":2},"end":{"line":15,"column":84}}},"fnMap":{"0":{"name":"HandlingActivity","decl":{"start":{"line":1,"column":9},"end":{"line":1,"column":25}},"loc":{"start":{"line":1,"column":50},"end":{"line":16,"column":1}},"line":1},"1":{"name":"type_","decl":{"start":{"line":3,"column":11},"end":{"line":3,"column":16}},"loc":{"start":{"line":3,"column":23},"end":{"line":3,"column":39}},"line":3},"2":{"name":"location_","decl":{"start":{"line":4,"column":11},"end":{"line":4,"column":20}},"loc":{"start":{"line":4,"column":23},"end":{"line":4,"column":43}},"line":4},"3":{"name":"voyage_","decl":{"start":{"line":5,"column":11},"end":{"line":5,"column":18}},"loc":{"start":{"line":5,"column":23},"end":{"line":5,"column":49}},"line":5},"4":{"name":"sameValueAs","decl":{"start":{"line":7,"column":11},"end":{"line":7,"column":22}},"loc":{"start":{"line":7,"column":30},"end":{"line":12,"column":3}},"line":7},"5":{"name":"equals","decl":{"start":{"line":13,"column":11},"end":{"line":13,"column":17}},"loc":{"start":{"line":13,"column":25},"end":{"line":13,"column":55}},"line":13}},"branchMap":{"0":{"loc":{"start":{"line":5,"column":32},"end":{"line":5,"column":46}},"type":"binary-expr","locations":[{"start":{"line":5,"column":32},"end":{"line":5,"column":38}},{"start":{"line":5,"column":42},"end":{"line":5,"column":46}}],"line":5},"1":{"loc":{"start":{"line":8,"column":11},"end":{"line":11,"column":39}},"type":"binary-expr","locations":[{"start":{"line":8,"column":11},"end":{"line":8,"column":24}},{"start":{"line":9,"column":6},"end":{"line":9,"column":38}},{"start":{"line":10,"column":6},"end":{"line":10,"column":27}},{"start":{"line":11,"column":6},"end":{"line":11,"column":39}}],"line":8}},"s":{"0":1,"1":1,"2":0,"3":0,"4":0,"5":23},"f":{"0":23,"1":1,"2":1,"3":0,"4":0,"5":0},"b":{"0":[0,0],"1":[0,0,0,0]},"_coverageSchema":"1a1c01bbd47fc00a2c39e90264f33305004495a9","hash":"1c06cf3f445828a0c048909f65e530e18bbc1dc3"}
,"C:\\Users\\thati\\Área de Trabalho\\UFSCAR\\master\\prjc\\jsdddsample-core\\js-dddsample\\src\\domain\\model\\cargo\\Itinerary.js": {"path":"C:\\Users\\thati\\Área de Trabalho\\UFSCAR\\master\\prjc\\jsdddsample-core\\js-dddsample\\src\\domain\\model\\cargo\\Itinerary.js","statementMap":{"0":{"start":{"line":5,"column":2},"end":{"line":5,"column":54}},"1":{"start":{"line":5,"column":13},"end":{"line":5,"column":54}},"2":{"start":{"line":6,"column":2},"end":{"line":6,"column":81}},"3":{"start":{"line":6,"column":25},"end":{"line":6,"column":81}},"4":{"start":{"line":7,"column":16},"end":{"line":7,"column":25}},"5":{"start":{"line":10,"column":4},"end":{"line":10,"column":63}},"6":{"start":{"line":13,"column":21},"end":{"line":13,"column":39}},"7":{"start":{"line":14,"column":40},"end":{"line":14,"column":111}},"8":{"start":{"line":15,"column":40},"end":{"line":15,"column":114}},"9":{"start":{"line":16,"column":40},"end":{"line":16,"column":111}},"10":{"start":{"line":19,"column":4},"end":{"line":19,"column":40}},"11":{"start":{"line":19,"column":28},"end":{"line":19,"column":40}},"12":{"start":{"line":20,"column":14},"end":{"line":20,"column":31}},"13":{"start":{"line":21,"column":4},"end":{"line":23,"column":5}},"14":{"start":{"line":22,"column":6},"end":{"line":22,"column":62}},"15":{"start":{"line":24,"column":4},"end":{"line":29,"column":5}},"16":{"start":{"line":25,"column":6},"end":{"line":28,"column":8}},"17":{"start":{"line":26,"column":8},"end":{"line":27,"column":51}},"18":{"start":{"line":30,"column":4},"end":{"line":35,"column":5}},"19":{"start":{"line":31,"column":6},"end":{"line":34,"column":8}},"20":{"start":{"line":32,"column":8},"end":{"line":33,"column":43}},"21":{"start":{"line":36,"column":4},"end":{"line":38,"column":5}},"22":{"start":{"line":37,"column":6},"end":{"line":37,"column":65}},"23":{"start":{"line":39,"column":4},"end":{"line":39,"column":16}},"24":{"start":{"line":43,"column":4},"end":{"line":43,"column":65}},"25":{"start":{"line":43,"column":52},"end":{"line":43,"column":65}},"26":{"start":{"line":44,"column":15},"end":{"line":44,"column":27}},"27":{"start":{"line":45,"column":4},"end":{"line":45,"column":49}},"28":{"start":{"line":45,"column":36},"end":{"line":45,"column":49}},"29":{"start":{"line":46,"column":4},"end":{"line":46,"column":50}},"30":{"start":{"line":46,"column":33},"end":{"line":46,"column":48}},"31":{"start":{"line":48,"column":27},"end":{"line":48,"column":53}},"32":{"start":{"line":50,"column":2},"end":{"line":50,"column":133}},"33":{"start":{"line":53,"column":0},"end":{"line":53,"column":33}}},"fnMap":{"0":{"name":"Itinerary","decl":{"start":{"line":4,"column":9},"end":{"line":4,"column":18}},"loc":{"start":{"line":4,"column":25},"end":{"line":51,"column":1}},"line":4},"1":{"name":"lastLeg","decl":{"start":{"line":9,"column":11},"end":{"line":9,"column":18}},"loc":{"start":{"line":9,"column":21},"end":{"line":11,"column":3}},"line":9},"2":{"name":"legs_","decl":{"start":{"line":13,"column":11},"end":{"line":13,"column":16}},"loc":{"start":{"line":13,"column":19},"end":{"line":13,"column":41}},"line":13},"3":{"name":"initialDepartureLocation","decl":{"start":{"line":14,"column":11},"end":{"line":14,"column":35}},"loc":{"start":{"line":14,"column":38},"end":{"line":14,"column":113}},"line":14},"4":{"name":"finalArrivalLocation","decl":{"start":{"line":15,"column":11},"end":{"line":15,"column":31}},"loc":{"start":{"line":15,"column":38},"end":{"line":15,"column":116}},"line":15},"5":{"name":"finalArrivalDate","decl":{"start":{"line":16,"column":11},"end":{"line":16,"column":27}},"loc":{"start":{"line":16,"column":38},"end":{"line":16,"column":113}},"line":16},"6":{"name":"isExpected","decl":{"start":{"line":18,"column":11},"end":{"line":18,"column":21}},"loc":{"start":{"line":18,"column":29},"end":{"line":40,"column":3}},"line":18},"7":{"name":"(anonymous_7)","decl":{"start":{"line":25,"column":24},"end":{"line":25,"column":25}},"loc":{"start":{"line":26,"column":8},"end":{"line":27,"column":51}},"line":26},"8":{"name":"(anonymous_8)","decl":{"start":{"line":31,"column":24},"end":{"line":31,"column":25}},"loc":{"start":{"line":32,"column":8},"end":{"line":33,"column":43}},"line":32},"9":{"name":"sameValueAs","decl":{"start":{"line":42,"column":11},"end":{"line":42,"column":22}},"loc":{"start":{"line":42,"column":30},"end":{"line":47,"column":3}},"line":42},"10":{"name":"(anonymous_10)","decl":{"start":{"line":46,"column":23},"end":{"line":46,"column":24}},"loc":{"start":{"line":46,"column":33},"end":{"line":46,"column":48}},"line":46},"11":{"name":"equals","decl":{"start":{"line":48,"column":11},"end":{"line":48,"column":17}},"loc":{"start":{"line":48,"column":25},"end":{"line":48,"column":55}},"line":48}},"branchMap":{"0":{"loc":{"start":{"line":5,"column":2},"end":{"line":5,"column":54}},"type":"if","locations":[{"start":{"line":5,"column":2},"end":{"line":5,"column":54}},{"start":{},"end":{}}],"line":5},"1":{"loc":{"start":{"line":6,"column":2},"end":{"line":6,"column":81}},"type":"if","locations":[{"start":{"line":6,"column":2},"end":{"line":6,"column":81}},{"start":{},"end":{}}],"line":6},"2":{"loc":{"start":{"line":10,"column":11},"end":{"line":10,"column":62}},"type":"cond-expr","locations":[{"start":{"line":10,"column":32},"end":{"line":10,"column":36}},{"start":{"line":10,"column":39},"end":{"line":10,"column":62}}],"line":10},"3":{"loc":{"start":{"line":14,"column":47},"end":{"line":14,"column":110}},"type":"cond-expr","locations":[{"start":{"line":14,"column":68},"end":{"line":14,"column":84}},{"start":{"line":14,"column":87},"end":{"line":14,"column":110}}],"line":14},"4":{"loc":{"start":{"line":15,"column":47},"end":{"line":15,"column":113}},"type":"cond-expr","locations":[{"start":{"line":15,"column":68},"end":{"line":15,"column":84}},{"start":{"line":15,"column":87},"end":{"line":15,"column":113}}],"line":15},"5":{"loc":{"start":{"line":16,"column":47},"end":{"line":16,"column":110}},"type":"cond-expr","locations":[{"start":{"line":16,"column":59},"end":{"line":16,"column":81}},{"start":{"line":16,"column":84},"end":{"line":16,"column":110}}],"line":16},"6":{"loc":{"start":{"line":19,"column":4},"end":{"line":19,"column":40}},"type":"if","locations":[{"start":{"line":19,"column":4},"end":{"line":19,"column":40}},{"start":{},"end":{}}],"line":19},"7":{"loc":{"start":{"line":21,"column":4},"end":{"line":23,"column":5}},"type":"if","locations":[{"start":{"line":21,"column":4},"end":{"line":23,"column":5}},{"start":{},"end":{}}],"line":21},"8":{"loc":{"start":{"line":24,"column":4},"end":{"line":29,"column":5}},"type":"if","locations":[{"start":{"line":24,"column":4},"end":{"line":29,"column":5}},{"start":{},"end":{}}],"line":24},"9":{"loc":{"start":{"line":26,"column":8},"end":{"line":27,"column":51}},"type":"binary-expr","locations":[{"start":{"line":26,"column":8},"end":{"line":26,"column":59}},{"start":{"line":27,"column":8},"end":{"line":27,"column":51}}],"line":26},"10":{"loc":{"start":{"line":30,"column":4},"end":{"line":35,"column":5}},"type":"if","locations":[{"start":{"line":30,"column":4},"end":{"line":35,"column":5}},{"start":{},"end":{}}],"line":30},"11":{"loc":{"start":{"line":32,"column":8},"end":{"line":33,"column":43}},"type":"binary-expr","locations":[{"start":{"line":32,"column":8},"end":{"line":32,"column":53}},{"start":{"line":33,"column":8},"end":{"line":33,"column":43}}],"line":32},"12":{"loc":{"start":{"line":36,"column":4},"end":{"line":38,"column":5}},"type":"if","locations":[{"start":{"line":36,"column":4},"end":{"line":38,"column":5}},{"start":{},"end":{}}],"line":36},"13":{"loc":{"start":{"line":43,"column":4},"end":{"line":43,"column":65}},"type":"if","locations":[{"start":{"line":43,"column":4},"end":{"line":43,"column":65}},{"start":{},"end":{}}],"line":43},"14":{"loc":{"start":{"line":43,"column":8},"end":{"line":43,"column":50}},"type":"binary-expr","locations":[{"start":{"line":43,"column":8},"end":{"line":43,"column":14}},{"start":{"line":43,"column":18},"end":{"line":43,"column":50}}],"line":43},"15":{"loc":{"start":{"line":45,"column":4},"end":{"line":45,"column":49}},"type":"if","locations":[{"start":{"line":45,"column":4},"end":{"line":45,"column":49}},{"start":{},"end":{}}],"line":45}},"s":{"0":49,"1":1,"2":48,"3":1,"4":47,"5":241,"6":34,"7":66,"8":65,"9":86,"10":23,"11":0,"12":23,"13":23,"14":5,"15":18,"16":8,"17":14,"18":10,"19":5,"20":9,"21":5,"22":4,"23":1,"24":0,"25":0,"26":0,"27":0,"28":0,"29":0,"30":0,"31":0,"32":47,"33":9},"f":{"0":49,"1":241,"2":34,"3":66,"4":65,"5":86,"6":23,"7":14,"8":9,"9":0,"10":0,"11":0},"b":{"0":[1,48],"1":[1,47],"2":[0,241],"3":[0,66],"4":[0,65],"5":[86,0],"6":[0,23],"7":[5,18],"8":[8,10],"9":[14,8],"10":[5,5],"11":[9,5],"12":[4,1],"13":[0,0],"14":[0,0],"15":[0,0]},"_coverageSchema":"1a1c01bbd47fc00a2c39e90264f33305004495a9","hash":"8461cc7468c036ef0ceff843d3b50a2c140d5aa9"}
,"C:\\Users\\thati\\Área de Trabalho\\UFSCAR\\master\\prjc\\jsdddsample-core\\js-dddsample\\src\\domain\\model\\cargo\\Leg.js": {"path":"C:\\Users\\thati\\Área de Trabalho\\UFSCAR\\master\\prjc\\jsdddsample-core\\js-dddsample\\src\\domain\\model\\cargo\\Leg.js","statementMap":{"0":{"start":{"line":2,"column":2},"end":{"line":4,"column":3}},"1":{"start":{"line":3,"column":4},"end":{"line":3,"column":51}},"2":{"start":{"line":5,"column":22},"end":{"line":5,"column":82}},"3":{"start":{"line":6,"column":22},"end":{"line":6,"column":84}},"4":{"start":{"line":8,"column":31},"end":{"line":8,"column":45}},"5":{"start":{"line":9,"column":31},"end":{"line":9,"column":51}},"6":{"start":{"line":10,"column":31},"end":{"line":10,"column":53}},"7":{"start":{"line":11,"column":31},"end":{"line":11,"column":48}},"8":{"start":{"line":12,"column":31},"end":{"line":12,"column":50}},"9":{"start":{"line":15,"column":4},"end":{"line":21,"column":61}},"10":{"start":{"line":23,"column":27},"end":{"line":23,"column":53}},"11":{"start":{"line":25,"column":2},"end":{"line":25,"column":158}}},"fnMap":{"0":{"name":"Leg","decl":{"start":{"line":1,"column":9},"end":{"line":1,"column":12}},"loc":{"start":{"line":1,"column":73},"end":{"line":26,"column":1}},"line":1},"1":{"name":"voyage_","decl":{"start":{"line":8,"column":11},"end":{"line":8,"column":18}},"loc":{"start":{"line":8,"column":29},"end":{"line":8,"column":47}},"line":8},"2":{"name":"loadLocation_","decl":{"start":{"line":9,"column":11},"end":{"line":9,"column":24}},"loc":{"start":{"line":9,"column":29},"end":{"line":9,"column":53}},"line":9},"3":{"name":"unloadLocation_","decl":{"start":{"line":10,"column":11},"end":{"line":10,"column":26}},"loc":{"start":{"line":10,"column":29},"end":{"line":10,"column":55}},"line":10},"4":{"name":"loadTime_","decl":{"start":{"line":11,"column":11},"end":{"line":11,"column":20}},"loc":{"start":{"line":11,"column":29},"end":{"line":11,"column":50}},"line":11},"5":{"name":"unloadTime_","decl":{"start":{"line":12,"column":11},"end":{"line":12,"column":22}},"loc":{"start":{"line":12,"column":29},"end":{"line":12,"column":52}},"line":12},"6":{"name":"sameValueAs","decl":{"start":{"line":14,"column":11},"end":{"line":14,"column":22}},"loc":{"start":{"line":14,"column":30},"end":{"line":22,"column":3}},"line":14},"7":{"name":"equals","decl":{"start":{"line":23,"column":11},"end":{"line":23,"column":17}},"loc":{"start":{"line":23,"column":25},"end":{"line":23,"column":55}},"line":23}},"branchMap":{"0":{"loc":{"start":{"line":2,"column":2},"end":{"line":4,"column":3}},"type":"if","locations":[{"start":{"line":2,"column":2},"end":{"line":4,"column":3}},{"start":{},"end":{}}],"line":2},"1":{"loc":{"start":{"line":2,"column":6},"end":{"line":2,"column":77}},"type":"binary-expr","locations":[{"start":{"line":2,"column":6},"end":{"line":2,"column":13}},{"start":{"line":2,"column":17},"end":{"line":2,"column":30}},{"start":{"line":2,"column":34},"end":{"line":2,"column":49}},{"start":{"line":2,"column":53},"end":{"line":2,"column":62}},{"start":{"line":2,"column":66},"end":{"line":2,"column":77}}],"line":2},"2":{"loc":{"start":{"line":5,"column":22},"end":{"line":5,"column":82}},"type":"cond-expr","locations":[{"start":{"line":5,"column":51},"end":{"line":5,"column":59}},{"start":{"line":5,"column":64},"end":{"line":5,"column":82}}],"line":5},"3":{"loc":{"start":{"line":6,"column":22},"end":{"line":6,"column":84}},"type":"cond-expr","locations":[{"start":{"line":6,"column":51},"end":{"line":6,"column":61}},{"start":{"line":6,"column":64},"end":{"line":6,"column":84}}],"line":6},"4":{"loc":{"start":{"line":15,"column":11},"end":{"line":21,"column":60}},"type":"binary-expr","locations":[{"start":{"line":15,"column":11},"end":{"line":15,"column":24}},{"start":{"line":16,"column":6},"end":{"line":16,"column":40}},{"start":{"line":17,"column":6},"end":{"line":17,"column":35}},{"start":{"line":18,"column":6},"end":{"line":18,"column":47}},{"start":{"line":19,"column":6},"end":{"line":19,"column":51}},{"start":{"line":20,"column":6},"end":{"line":20,"column":58}},{"start":{"line":21,"column":6},"end":{"line":21,"column":60}}],"line":15}},"s":{"0":172,"1":5,"2":167,"3":167,"4":32,"5":122,"6":119,"7":8,"8":93,"9":5,"10":1,"11":167},"f":{"0":172,"1":32,"2":122,"3":119,"4":8,"5":93,"6":5,"7":1},"b":{"0":[5,167],"1":[172,171,170,169,168],"2":[167,0],"3":[167,0],"4":[5,5,5,4,4,3,2]},"_coverageSchema":"1a1c01bbd47fc00a2c39e90264f33305004495a9","hash":"352908932e89c83fc2ba7d3066a20c3e974e150c"}
,"C:\\Users\\thati\\Área de Trabalho\\UFSCAR\\master\\prjc\\jsdddsample-core\\js-dddsample\\src\\domain\\model\\cargo\\RouteSpecification.js": {"path":"C:\\Users\\thati\\Área de Trabalho\\UFSCAR\\master\\prjc\\jsdddsample-core\\js-dddsample\\src\\domain\\model\\cargo\\RouteSpecification.js","statementMap":{"0":{"start":{"line":4,"column":2},"end":{"line":4,"column":53}},"1":{"start":{"line":4,"column":15},"end":{"line":4,"column":53}},"2":{"start":{"line":5,"column":2},"end":{"line":5,"column":63}},"3":{"start":{"line":5,"column":20},"end":{"line":5,"column":63}},"4":{"start":{"line":6,"column":2},"end":{"line":6,"column":72}},"5":{"start":{"line":6,"column":24},"end":{"line":6,"column":72}},"6":{"start":{"line":8,"column":20},"end":{"line":8,"column":97}},"7":{"start":{"line":11,"column":4},"end":{"line":14,"column":47}},"8":{"start":{"line":17,"column":32},"end":{"line":17,"column":46}},"9":{"start":{"line":18,"column":32},"end":{"line":18,"column":51}},"10":{"start":{"line":19,"column":32},"end":{"line":19,"column":49}},"11":{"start":{"line":22,"column":4},"end":{"line":26,"column":64}},"12":{"start":{"line":28,"column":27},"end":{"line":28,"column":53}},"13":{"start":{"line":30,"column":2},"end":{"line":30,"column":144}}},"fnMap":{"0":{"name":"RouteSpecification","decl":{"start":{"line":3,"column":9},"end":{"line":3,"column":27}},"loc":{"start":{"line":3,"column":66},"end":{"line":31,"column":1}},"line":3},"1":{"name":"isSatisfiedBy","decl":{"start":{"line":10,"column":11},"end":{"line":10,"column":24}},"loc":{"start":{"line":10,"column":36},"end":{"line":15,"column":3}},"line":10},"2":{"name":"origin_","decl":{"start":{"line":17,"column":11},"end":{"line":17,"column":18}},"loc":{"start":{"line":17,"column":30},"end":{"line":17,"column":48}},"line":17},"3":{"name":"destination_","decl":{"start":{"line":18,"column":11},"end":{"line":18,"column":23}},"loc":{"start":{"line":18,"column":30},"end":{"line":18,"column":53}},"line":18},"4":{"name":"arrivalDeadline_","decl":{"start":{"line":19,"column":11},"end":{"line":19,"column":27}},"loc":{"start":{"line":19,"column":30},"end":{"line":19,"column":51}},"line":19},"5":{"name":"sameValueAs","decl":{"start":{"line":21,"column":11},"end":{"line":21,"column":22}},"loc":{"start":{"line":21,"column":30},"end":{"line":27,"column":3}},"line":21},"6":{"name":"equals","decl":{"start":{"line":28,"column":11},"end":{"line":28,"column":17}},"loc":{"start":{"line":28,"column":25},"end":{"line":28,"column":55}},"line":28}},"branchMap":{"0":{"loc":{"start":{"line":4,"column":2},"end":{"line":4,"column":53}},"type":"if","locations":[{"start":{"line":4,"column":2},"end":{"line":4,"column":53}},{"start":{},"end":{}}],"line":4},"1":{"loc":{"start":{"line":5,"column":2},"end":{"line":5,"column":63}},"type":"if","locations":[{"start":{"line":5,"column":2},"end":{"line":5,"column":63}},{"start":{},"end":{}}],"line":5},"2":{"loc":{"start":{"line":6,"column":2},"end":{"line":6,"column":72}},"type":"if","locations":[{"start":{"line":6,"column":2},"end":{"line":6,"column":72}},{"start":{},"end":{}}],"line":6},"3":{"loc":{"start":{"line":8,"column":20},"end":{"line":8,"column":97}},"type":"cond-expr","locations":[{"start":{"line":8,"column":54},"end":{"line":8,"column":69}},{"start":{"line":8,"column":72},"end":{"line":8,"column":97}}],"line":8},"4":{"loc":{"start":{"line":11,"column":11},"end":{"line":14,"column":46}},"type":"binary-expr","locations":[{"start":{"line":11,"column":11},"end":{"line":11,"column":28}},{"start":{"line":12,"column":6},"end":{"line":12,"column":65}},{"start":{"line":13,"column":6},"end":{"line":13,"column":66}},{"start":{"line":14,"column":6},"end":{"line":14,"column":46}}],"line":11},"5":{"loc":{"start":{"line":22,"column":11},"end":{"line":26,"column":63}},"type":"binary-expr","locations":[{"start":{"line":22,"column":11},"end":{"line":22,"column":24}},{"start":{"line":23,"column":6},"end":{"line":23,"column":40}},{"start":{"line":24,"column":6},"end":{"line":24,"column":43}},{"start":{"line":25,"column":6},"end":{"line":25,"column":53}},{"start":{"line":26,"column":6},"end":{"line":26,"column":63}}],"line":22}},"s":{"0":64,"1":1,"2":63,"3":1,"4":62,"5":1,"6":61,"7":65,"8":62,"9":24,"10":14,"11":2,"12":0,"13":61},"f":{"0":64,"1":65,"2":62,"3":24,"4":14,"5":2,"6":0},"b":{"0":[1,63],"1":[1,62],"2":[1,61],"3":[61,0],"4":[65,64,63,60],"5":[2,2,2,2,1]},"_coverageSchema":"1a1c01bbd47fc00a2c39e90264f33305004495a9","hash":"9886b4e4e0ab39d065a4eef45621ee85196dac6e"}
,"C:\\Users\\thati\\Área de Trabalho\\UFSCAR\\master\\prjc\\jsdddsample-core\\js-dddsample\\src\\domain\\model\\cargo\\RoutingStatus.js": {"path":"C:\\Users\\thati\\Área de Trabalho\\UFSCAR\\master\\prjc\\jsdddsample-core\\js-dddsample\\src\\domain\\model\\cargo\\RoutingStatus.js","statementMap":{"0":{"start":{"line":1,"column":22},"end":{"line":5,"column":2}}},"fnMap":{},"branchMap":{},"s":{"0":10},"f":{},"b":{},"_coverageSchema":"1a1c01bbd47fc00a2c39e90264f33305004495a9","hash":"789152d637114a8ff6bf3a04645ac0f3914cb246"}
,"C:\\Users\\thati\\Área de Trabalho\\UFSCAR\\master\\prjc\\jsdddsample-core\\js-dddsample\\src\\domain\\model\\cargo\\TrackingId.js": {"path":"C:\\Users\\thati\\Área de Trabalho\\UFSCAR\\master\\prjc\\jsdddsample-core\\js-dddsample\\src\\domain\\model\\cargo\\TrackingId.js","statementMap":{"0":{"start":{"line":2,"column":2},"end":{"line":2,"column":76}},"1":{"start":{"line":2,"column":11},"end":{"line":2,"column":76}},"2":{"start":{"line":3,"column":14},"end":{"line":3,"column":24}},"3":{"start":{"line":5,"column":24},"end":{"line":5,"column":35}},"4":{"start":{"line":7,"column":4},"end":{"line":7,"column":93}},"5":{"start":{"line":9,"column":27},"end":{"line":9,"column":53}},"6":{"start":{"line":10,"column":24},"end":{"line":10,"column":35}},"7":{"start":{"line":12,"column":2},"end":{"line":12,"column":53}}},"fnMap":{"0":{"name":"TrackingId","decl":{"start":{"line":1,"column":9},"end":{"line":1,"column":19}},"loc":{"start":{"line":1,"column":24},"end":{"line":13,"column":1}},"line":1},"1":{"name":"idString","decl":{"start":{"line":5,"column":11},"end":{"line":5,"column":19}},"loc":{"start":{"line":5,"column":22},"end":{"line":5,"column":37}},"line":5},"2":{"name":"sameValueAs","decl":{"start":{"line":6,"column":11},"end":{"line":6,"column":22}},"loc":{"start":{"line":6,"column":30},"end":{"line":8,"column":3}},"line":6},"3":{"name":"equals","decl":{"start":{"line":9,"column":11},"end":{"line":9,"column":17}},"loc":{"start":{"line":9,"column":25},"end":{"line":9,"column":55}},"line":9},"4":{"name":"toString","decl":{"start":{"line":10,"column":11},"end":{"line":10,"column":19}},"loc":{"start":{"line":10,"column":22},"end":{"line":10,"column":37}},"line":10}},"branchMap":{"0":{"loc":{"start":{"line":2,"column":2},"end":{"line":2,"column":76}},"type":"if","locations":[{"start":{"line":2,"column":2},"end":{"line":2,"column":76}},{"start":{},"end":{}}],"line":2},"1":{"loc":{"start":{"line":7,"column":11},"end":{"line":7,"column":92}},"type":"binary-expr","locations":[{"start":{"line":7,"column":11},"end":{"line":7,"column":24}},{"start":{"line":7,"column":28},"end":{"line":7,"column":64}},{"start":{"line":7,"column":68},"end":{"line":7,"column":92}}],"line":7}},"s":{"0":353,"1":4,"2":349,"3":338,"4":100,"5":2,"6":24,"7":349},"f":{"0":353,"1":338,"2":100,"3":2,"4":24},"b":{"0":[4,349],"1":[100,99,99]},"_coverageSchema":"1a1c01bbd47fc00a2c39e90264f33305004495a9","hash":"2fb56f2845e1afc53bd38a01df14a00dd8d5809a"}
,"C:\\Users\\thati\\Área de Trabalho\\UFSCAR\\master\\prjc\\jsdddsample-core\\js-dddsample\\src\\domain\\model\\cargo\\TransportStatus.js": {"path":"C:\\Users\\thati\\Área de Trabalho\\UFSCAR\\master\\prjc\\jsdddsample-core\\js-dddsample\\src\\domain\\model\\cargo\\TransportStatus.js","statementMap":{"0":{"start":{"line":1,"column":24},"end":{"line":7,"column":2}}},"fnMap":{},"branchMap":{},"s":{"0":10},"f":{},"b":{},"_coverageSchema":"1a1c01bbd47fc00a2c39e90264f33305004495a9","hash":"4e4a2f4b8b0faf74ca6d0d159b8ce9dc03f7075d"}
,"C:\\Users\\thati\\Área de Trabalho\\UFSCAR\\master\\prjc\\jsdddsample-core\\js-dddsample\\src\\domain\\model\\handling\\HandlingEvent.js": {"path":"C:\\Users\\thati\\Área de Trabalho\\UFSCAR\\master\\prjc\\jsdddsample-core\\js-dddsample\\src\\domain\\model\\handling\\HandlingEvent.js","statementMap":{"0":{"start":{"line":5,"column":2},"end":{"line":5,"column":51}},"1":{"start":{"line":5,"column":14},"end":{"line":5,"column":51}},"2":{"start":{"line":6,"column":2},"end":{"line":6,"column":70}},"3":{"start":{"line":6,"column":23},"end":{"line":6,"column":70}},"4":{"start":{"line":7,"column":2},"end":{"line":7,"column":74}},"5":{"start":{"line":7,"column":25},"end":{"line":7,"column":74}},"6":{"start":{"line":8,"column":2},"end":{"line":8,"column":64}},"7":{"start":{"line":8,"column":13},"end":{"line":8,"column":64}},"8":{"start":{"line":9,"column":2},"end":{"line":9,"column":57}},"9":{"start":{"line":9,"column":17},"end":{"line":9,"column":57}},"10":{"start":{"line":11,"column":2},"end":{"line":13,"column":3}},"11":{"start":{"line":12,"column":4},"end":{"line":12,"column":70}},"12":{"start":{"line":14,"column":2},"end":{"line":16,"column":3}},"13":{"start":{"line":15,"column":4},"end":{"line":15,"column":74}},"14":{"start":{"line":18,"column":26},"end":{"line":18,"column":100}},"15":{"start":{"line":19,"column":26},"end":{"line":19,"column":106}},"16":{"start":{"line":20,"column":16},"end":{"line":20,"column":30}},"17":{"start":{"line":22,"column":14},"end":{"line":51,"column":3}},"18":{"start":{"line":23,"column":35},"end":{"line":23,"column":47}},"19":{"start":{"line":24,"column":35},"end":{"line":24,"column":65}},"20":{"start":{"line":25,"column":35},"end":{"line":25,"column":58}},"21":{"start":{"line":26,"column":35},"end":{"line":26,"column":60}},"22":{"start":{"line":27,"column":35},"end":{"line":27,"column":51}},"23":{"start":{"line":28,"column":35},"end":{"line":28,"column":48}},"24":{"start":{"line":31,"column":6},"end":{"line":31,"column":75}},"25":{"start":{"line":31,"column":62},"end":{"line":31,"column":75}},"26":{"start":{"line":32,"column":6},"end":{"line":32,"column":61}},"27":{"start":{"line":32,"column":48},"end":{"line":32,"column":61}},"28":{"start":{"line":33,"column":6},"end":{"line":33,"column":87}},"29":{"start":{"line":33,"column":74},"end":{"line":33,"column":87}},"30":{"start":{"line":34,"column":6},"end":{"line":34,"column":59}},"31":{"start":{"line":34,"column":46},"end":{"line":34,"column":59}},"32":{"start":{"line":35,"column":6},"end":{"line":35,"column":46}},"33":{"start":{"line":35,"column":33},"end":{"line":35,"column":46}},"34":{"start":{"line":36,"column":17},"end":{"line":36,"column":65}},"35":{"start":{"line":37,"column":19},"end":{"line":37,"column":33}},"36":{"start":{"line":38,"column":20},"end":{"line":40,"column":12}},"37":{"start":{"line":41,"column":6},"end":{"line":41,"column":30}},"38":{"start":{"line":44,"column":30},"end":{"line":44,"column":61}},"39":{"start":{"line":47,"column":14},"end":{"line":47,"column":143}},"40":{"start":{"line":48,"column":6},"end":{"line":48,"column":61}},"41":{"start":{"line":48,"column":19},"end":{"line":48,"column":61}},"42":{"start":{"line":49,"column":6},"end":{"line":49,"column":21}},"43":{"start":{"line":53,"column":2},"end":{"line":53,"column":15}},"44":{"start":{"line":56,"column":0},"end":{"line":56,"column":39}}},"fnMap":{"0":{"name":"HandlingEvent","decl":{"start":{"line":4,"column":9},"end":{"line":4,"column":22}},"loc":{"start":{"line":4,"column":88},"end":{"line":54,"column":1}},"line":4},"1":{"name":"(anonymous_1)","decl":{"start":{"line":23,"column":22},"end":{"line":23,"column":23}},"loc":{"start":{"line":23,"column":33},"end":{"line":23,"column":49}},"line":23},"2":{"name":"(anonymous_2)","decl":{"start":{"line":24,"column":22},"end":{"line":24,"column":23}},"loc":{"start":{"line":24,"column":33},"end":{"line":24,"column":67}},"line":24},"3":{"name":"(anonymous_3)","decl":{"start":{"line":25,"column":22},"end":{"line":25,"column":23}},"loc":{"start":{"line":25,"column":33},"end":{"line":25,"column":60}},"line":25},"4":{"name":"(anonymous_4)","decl":{"start":{"line":26,"column":22},"end":{"line":26,"column":23}},"loc":{"start":{"line":26,"column":33},"end":{"line":26,"column":62}},"line":26},"5":{"name":"(anonymous_5)","decl":{"start":{"line":27,"column":22},"end":{"line":27,"column":23}},"loc":{"start":{"line":27,"column":33},"end":{"line":27,"column":53}},"line":27},"6":{"name":"(anonymous_6)","decl":{"start":{"line":28,"column":22},"end":{"line":28,"column":23}},"loc":{"start":{"line":28,"column":33},"end":{"line":28,"column":50}},"line":28},"7":{"name":"(anonymous_7)","decl":{"start":{"line":30,"column":17},"end":{"line":30,"column":18}},"loc":{"start":{"line":30,"column":33},"end":{"line":42,"column":5}},"line":30},"8":{"name":"(anonymous_8)","decl":{"start":{"line":44,"column":12},"end":{"line":44,"column":13}},"loc":{"start":{"line":44,"column":28},"end":{"line":44,"column":63}},"line":44},"9":{"name":"(anonymous_9)","decl":{"start":{"line":46,"column":14},"end":{"line":46,"column":15}},"loc":{"start":{"line":46,"column":25},"end":{"line":50,"column":5}},"line":46}},"branchMap":{"0":{"loc":{"start":{"line":5,"column":2},"end":{"line":5,"column":51}},"type":"if","locations":[{"start":{"line":5,"column":2},"end":{"line":5,"column":51}},{"start":{},"end":{}}],"line":5},"1":{"loc":{"start":{"line":6,"column":2},"end":{"line":6,"column":70}},"type":"if","locations":[{"start":{"line":6,"column":2},"end":{"line":6,"column":70}},{"start":{},"end":{}}],"line":6},"2":{"loc":{"start":{"line":7,"column":2},"end":{"line":7,"column":74}},"type":"if","locations":[{"start":{"line":7,"column":2},"end":{"line":7,"column":74}},{"start":{},"end":{}}],"line":7},"3":{"loc":{"start":{"line":8,"column":2},"end":{"line":8,"column":64}},"type":"if","locations":[{"start":{"line":8,"column":2},"end":{"line":8,"column":64}},{"start":{},"end":{}}],"line":8},"4":{"loc":{"start":{"line":9,"column":2},"end":{"line":9,"column":57}},"type":"if","locations":[{"start":{"line":9,"column":2},"end":{"line":9,"column":57}},{"start":{},"end":{}}],"line":9},"5":{"loc":{"start":{"line":11,"column":2},"end":{"line":13,"column":3}},"type":"if","locations":[{"start":{"line":11,"column":2},"end":{"line":13,"column":3}},{"start":{},"end":{}}],"line":11},"6":{"loc":{"start":{"line":11,"column":6},"end":{"line":11,"column":36}},"type":"binary-expr","locations":[{"start":{"line":11,"column":6},"end":{"line":11,"column":25}},{"start":{"line":11,"column":29},"end":{"line":11,"column":36}}],"line":11},"7":{"loc":{"start":{"line":14,"column":2},"end":{"line":16,"column":3}},"type":"if","locations":[{"start":{"line":14,"column":2},"end":{"line":16,"column":3}},{"start":{},"end":{}}],"line":14},"8":{"loc":{"start":{"line":14,"column":6},"end":{"line":14,"column":36}},"type":"binary-expr","locations":[{"start":{"line":14,"column":6},"end":{"line":14,"column":26}},{"start":{"line":14,"column":30},"end":{"line":14,"column":36}}],"line":14},"9":{"loc":{"start":{"line":18,"column":26},"end":{"line":18,"column":100}},"type":"cond-expr","locations":[{"start":{"line":18,"column":59},"end":{"line":18,"column":73}},{"start":{"line":18,"column":76},"end":{"line":18,"column":100}}],"line":18},"10":{"loc":{"start":{"line":19,"column":26},"end":{"line":19,"column":106}},"type":"cond-expr","locations":[{"start":{"line":19,"column":61},"end":{"line":19,"column":77}},{"start":{"line":19,"column":80},"end":{"line":19,"column":106}}],"line":19},"11":{"loc":{"start":{"line":20,"column":16},"end":{"line":20,"column":30}},"type":"binary-expr","locations":[{"start":{"line":20,"column":16},"end":{"line":20,"column":22}},{"start":{"line":20,"column":26},"end":{"line":20,"column":30}}],"line":20},"12":{"loc":{"start":{"line":24,"column":42},"end":{"line":24,"column":64}},"type":"binary-expr","locations":[{"start":{"line":24,"column":42},"end":{"line":24,"column":49}},{"start":{"line":24,"column":53},"end":{"line":24,"column":64}}],"line":24},"13":{"loc":{"start":{"line":31,"column":6},"end":{"line":31,"column":75}},"type":"if","locations":[{"start":{"line":31,"column":6},"end":{"line":31,"column":75}},{"start":{},"end":{}}],"line":31},"14":{"loc":{"start":{"line":31,"column":10},"end":{"line":31,"column":60}},"type":"binary-expr","locations":[{"start":{"line":31,"column":10},"end":{"line":31,"column":23}},{"start":{"line":31,"column":27},"end":{"line":31,"column":60}}],"line":31},"15":{"loc":{"start":{"line":32,"column":6},"end":{"line":32,"column":61}},"type":"if","locations":[{"start":{"line":32,"column":6},"end":{"line":32,"column":61}},{"start":{},"end":{}}],"line":32},"16":{"loc":{"start":{"line":33,"column":6},"end":{"line":33,"column":87}},"type":"if","locations":[{"start":{"line":33,"column":6},"end":{"line":33,"column":87}},{"start":{},"end":{}}],"line":33},"17":{"loc":{"start":{"line":34,"column":6},"end":{"line":34,"column":59}},"type":"if","locations":[{"start":{"line":34,"column":6},"end":{"line":34,"column":59}},{"start":{},"end":{}}],"line":34},"18":{"loc":{"start":{"line":35,"column":6},"end":{"line":35,"column":46}},"type":"if","locations":[{"start":{"line":35,"column":6},"end":{"line":35,"column":46}},{"start":{},"end":{}}],"line":35},"19":{"loc":{"start":{"line":36,"column":17},"end":{"line":36,"column":65}},"type":"cond-expr","locations":[{"start":{"line":36,"column":27},"end":{"line":36,"column":60}},{"start":{"line":36,"column":63},"end":{"line":36,"column":65}}],"line":36},"20":{"loc":{"start":{"line":38,"column":20},"end":{"line":40,"column":12}},"type":"cond-expr","locations":[{"start":{"line":39,"column":10},"end":{"line":39,"column":42}},{"start":{"line":40,"column":10},"end":{"line":40,"column":12}}],"line":38},"21":{"loc":{"start":{"line":38,"column":21},"end":{"line":38,"column":72}},"type":"binary-expr","locations":[{"start":{"line":38,"column":21},"end":{"line":38,"column":27}},{"start":{"line":38,"column":31},"end":{"line":38,"column":72}}],"line":38},"22":{"loc":{"start":{"line":48,"column":6},"end":{"line":48,"column":61}},"type":"if","locations":[{"start":{"line":48,"column":6},"end":{"line":48,"column":61}},{"start":{},"end":{}}],"line":48}},"s":{"0":61,"1":1,"2":60,"3":0,"4":60,"5":0,"6":60,"7":0,"8":60,"9":0,"10":60,"11":2,"12":58,"13":1,"14":57,"15":57,"16":57,"17":57,"18":124,"19":27,"20":183,"21":0,"22":85,"23":210,"24":102,"25":0,"26":102,"27":0,"28":102,"29":96,"30":6,"31":0,"32":6,"33":4,"34":2,"35":2,"36":2,"37":2,"38":0,"39":13,"40":13,"41":10,"42":13,"43":57,"44":8},"f":{"0":61,"1":124,"2":27,"3":183,"4":0,"5":85,"6":210,"7":102,"8":0,"9":13},"b":{"0":[1,60],"1":[0,60],"2":[0,60],"3":[0,60],"4":[0,60],"5":[2,58],"6":[60,30],"7":[1,57],"8":[58,30],"9":[57,0],"10":[57,0],"11":[57,29],"12":[27,4],"13":[0,102],"14":[102,102],"15":[0,102],"16":[96,6],"17":[0,6],"18":[4,2],"19":[0,2],"20":[2,0],"21":[2,2],"22":[10,3]},"_coverageSchema":"1a1c01bbd47fc00a2c39e90264f33305004495a9","hash":"2205eb589f8a3a59189cf4c7fad0f1edda2dd7b2"}
,"C:\\Users\\thati\\Área de Trabalho\\UFSCAR\\master\\prjc\\jsdddsample-core\\js-dddsample\\src\\domain\\model\\handling\\HandlingEventFactory.js": {"path":"C:\\Users\\thati\\Área de Trabalho\\UFSCAR\\master\\prjc\\jsdddsample-core\\js-dddsample\\src\\domain\\model\\handling\\HandlingEventFactory.js","statementMap":{"0":{"start":{"line":11,"column":16},"end":{"line":11,"column":54}},"1":{"start":{"line":12,"column":2},"end":{"line":12,"column":58}},"2":{"start":{"line":12,"column":14},"end":{"line":12,"column":58}},"3":{"start":{"line":13,"column":2},"end":{"line":13,"column":15}},"4":{"start":{"line":17,"column":2},"end":{"line":17,"column":33}},"5":{"start":{"line":17,"column":21},"end":{"line":17,"column":33}},"6":{"start":{"line":18,"column":17},"end":{"line":18,"column":58}},"7":{"start":{"line":19,"column":2},"end":{"line":19,"column":62}},"8":{"start":{"line":19,"column":15},"end":{"line":19,"column":62}},"9":{"start":{"line":20,"column":2},"end":{"line":20,"column":16}},"10":{"start":{"line":24,"column":19},"end":{"line":24,"column":58}},"11":{"start":{"line":25,"column":2},"end":{"line":25,"column":62}},"12":{"start":{"line":25,"column":17},"end":{"line":25,"column":62}},"13":{"start":{"line":26,"column":2},"end":{"line":26,"column":18}},"14":{"start":{"line":30,"column":2},"end":{"line":39,"column":3}},"15":{"start":{"line":31,"column":38},"end":{"line":35,"column":6}},"16":{"start":{"line":36,"column":4},"end":{"line":36,"column":103}},"17":{"start":{"line":38,"column":4},"end":{"line":38,"column":52}}},"fnMap":{"0":{"name":"findCargo","decl":{"start":{"line":10,"column":15},"end":{"line":10,"column":24}},"loc":{"start":{"line":10,"column":37},"end":{"line":14,"column":1}},"line":10},"1":{"name":"findVoyage","decl":{"start":{"line":16,"column":15},"end":{"line":16,"column":25}},"loc":{"start":{"line":16,"column":40},"end":{"line":21,"column":1}},"line":16},"2":{"name":"findLocation","decl":{"start":{"line":23,"column":15},"end":{"line":23,"column":27}},"loc":{"start":{"line":23,"column":38},"end":{"line":27,"column":1}},"line":23},"3":{"name":"createHandlingEvent","decl":{"start":{"line":29,"column":15},"end":{"line":29,"column":34}},"loc":{"start":{"line":29,"column":111},"end":{"line":40,"column":1}},"line":29}},"branchMap":{"0":{"loc":{"start":{"line":12,"column":2},"end":{"line":12,"column":58}},"type":"if","locations":[{"start":{"line":12,"column":2},"end":{"line":12,"column":58}},{"start":{},"end":{}}],"line":12},"1":{"loc":{"start":{"line":17,"column":2},"end":{"line":17,"column":33}},"type":"if","locations":[{"start":{"line":17,"column":2},"end":{"line":17,"column":33}},{"start":{},"end":{}}],"line":17},"2":{"loc":{"start":{"line":19,"column":2},"end":{"line":19,"column":62}},"type":"if","locations":[{"start":{"line":19,"column":2},"end":{"line":19,"column":62}},{"start":{},"end":{}}],"line":19},"3":{"loc":{"start":{"line":25,"column":2},"end":{"line":25,"column":62}},"type":"if","locations":[{"start":{"line":25,"column":2},"end":{"line":25,"column":62}},{"start":{},"end":{}}],"line":25},"4":{"loc":{"start":{"line":36,"column":82},"end":{"line":36,"column":101}},"type":"binary-expr","locations":[{"start":{"line":36,"column":82},"end":{"line":36,"column":88}},{"start":{"line":36,"column":92},"end":{"line":36,"column":101}}],"line":36}},"s":{"0":18,"1":18,"2":1,"3":17,"4":18,"5":4,"6":14,"7":14,"8":1,"9":13,"10":18,"11":18,"12":1,"13":17,"14":18,"15":18,"16":15,"17":3},"f":{"0":18,"1":18,"2":18,"3":18},"b":{"0":[1,17],"1":[4,14],"2":[1,13],"3":[1,17],"4":[15,4]},"_coverageSchema":"1a1c01bbd47fc00a2c39e90264f33305004495a9","hash":"58f8bdcd160b26a8cf8f168f1d88fc539ba8829b"}
,"C:\\Users\\thati\\Área de Trabalho\\UFSCAR\\master\\prjc\\jsdddsample-core\\js-dddsample\\src\\domain\\model\\handling\\HandlingEventType.js": {"path":"C:\\Users\\thati\\Área de Trabalho\\UFSCAR\\master\\prjc\\jsdddsample-core\\js-dddsample\\src\\domain\\model\\handling\\HandlingEventType.js","statementMap":{"0":{"start":{"line":1,"column":26},"end":{"line":23,"column":2}},"1":{"start":{"line":9,"column":14},"end":{"line":9,"column":37}},"2":{"start":{"line":10,"column":4},"end":{"line":10,"column":99}},"3":{"start":{"line":10,"column":37},"end":{"line":10,"column":99}},"4":{"start":{"line":11,"column":4},"end":{"line":11,"column":13}},"5":{"start":{"line":15,"column":4},"end":{"line":21,"column":6}}},"fnMap":{"0":{"name":"(anonymous_0)","decl":{"start":{"line":8,"column":2},"end":{"line":8,"column":3}},"loc":{"start":{"line":8,"column":16},"end":{"line":12,"column":3}},"line":8},"1":{"name":"(anonymous_1)","decl":{"start":{"line":14,"column":2},"end":{"line":14,"column":3}},"loc":{"start":{"line":14,"column":11},"end":{"line":22,"column":3}},"line":14}},"branchMap":{"0":{"loc":{"start":{"line":10,"column":4},"end":{"line":10,"column":99}},"type":"if","locations":[{"start":{"line":10,"column":4},"end":{"line":10,"column":99}},{"start":{},"end":{}}],"line":10},"1":{"loc":{"start":{"line":10,"column":8},"end":{"line":10,"column":35}},"type":"binary-expr","locations":[{"start":{"line":10,"column":8},"end":{"line":10,"column":10}},{"start":{"line":10,"column":14},"end":{"line":10,"column":35}}],"line":10}},"s":{"0":15,"1":7,"2":7,"3":2,"4":5,"5":2},"f":{"0":7,"1":2},"b":{"0":[2,5],"1":[7,5]},"_coverageSchema":"1a1c01bbd47fc00a2c39e90264f33305004495a9","hash":"17e10b1dd4008d0180bed004837d70f774fff71b"}
,"C:\\Users\\thati\\Área de Trabalho\\UFSCAR\\master\\prjc\\jsdddsample-core\\js-dddsample\\src\\domain\\model\\handling\\HandlingHistory.js": {"path":"C:\\Users\\thati\\Área de Trabalho\\UFSCAR\\master\\prjc\\jsdddsample-core\\js-dddsample\\src\\domain\\model\\handling\\HandlingHistory.js","statementMap":{"0":{"start":{"line":2,"column":2},"end":{"line":2,"column":71}},"1":{"start":{"line":2,"column":23},"end":{"line":2,"column":71}},"2":{"start":{"line":3,"column":18},"end":{"line":3,"column":37}},"3":{"start":{"line":6,"column":19},"end":{"line":6,"column":21}},"4":{"start":{"line":7,"column":4},"end":{"line":9,"column":5}},"5":{"start":{"line":8,"column":6},"end":{"line":8,"column":64}},"6":{"start":{"line":8,"column":28},"end":{"line":8,"column":45}},"7":{"start":{"line":8,"column":48},"end":{"line":8,"column":64}},"8":{"start":{"line":10,"column":4},"end":{"line":10,"column":94}},"9":{"start":{"line":10,"column":33},"end":{"line":10,"column":92}},"10":{"start":{"line":14,"column":21},"end":{"line":14,"column":53}},"11":{"start":{"line":15,"column":4},"end":{"line":15,"column":72}},"12":{"start":{"line":19,"column":21},"end":{"line":19,"column":90}},"13":{"start":{"line":19,"column":42},"end":{"line":19,"column":89}},"14":{"start":{"line":20,"column":4},"end":{"line":20,"column":37}},"15":{"start":{"line":24,"column":4},"end":{"line":24,"column":91}},"16":{"start":{"line":24,"column":78},"end":{"line":24,"column":91}},"17":{"start":{"line":25,"column":15},"end":{"line":25,"column":53}},"18":{"start":{"line":26,"column":15},"end":{"line":26,"column":47}},"19":{"start":{"line":27,"column":4},"end":{"line":27,"column":46}},"20":{"start":{"line":27,"column":33},"end":{"line":27,"column":46}},"21":{"start":{"line":28,"column":4},"end":{"line":28,"column":47}},"22":{"start":{"line":28,"column":30},"end":{"line":28,"column":45}},"23":{"start":{"line":30,"column":27},"end":{"line":30,"column":53}},"24":{"start":{"line":32,"column":2},"end":{"line":32,"column":108}},"25":{"start":{"line":35,"column":0},"end":{"line":35,"column":44}}},"fnMap":{"0":{"name":"HandlingHistory","decl":{"start":{"line":1,"column":9},"end":{"line":1,"column":24}},"loc":{"start":{"line":1,"column":41},"end":{"line":33,"column":1}},"line":1},"1":{"name":"distinctEventsByCompletionTime","decl":{"start":{"line":5,"column":11},"end":{"line":5,"column":41}},"loc":{"start":{"line":5,"column":44},"end":{"line":11,"column":3}},"line":5},"2":{"name":"(anonymous_2)","decl":{"start":{"line":8,"column":23},"end":{"line":8,"column":24}},"loc":{"start":{"line":8,"column":28},"end":{"line":8,"column":45}},"line":8},"3":{"name":"(anonymous_3)","decl":{"start":{"line":10,"column":23},"end":{"line":10,"column":24}},"loc":{"start":{"line":10,"column":33},"end":{"line":10,"column":92}},"line":10},"4":{"name":"mostRecentlyCompletedEvent","decl":{"start":{"line":13,"column":11},"end":{"line":13,"column":37}},"loc":{"start":{"line":13,"column":40},"end":{"line":16,"column":3}},"line":13},"5":{"name":"filterOnCargo","decl":{"start":{"line":18,"column":11},"end":{"line":18,"column":24}},"loc":{"start":{"line":18,"column":37},"end":{"line":21,"column":3}},"line":18},"6":{"name":"(anonymous_6)","decl":{"start":{"line":19,"column":36},"end":{"line":19,"column":37}},"loc":{"start":{"line":19,"column":42},"end":{"line":19,"column":89}},"line":19},"7":{"name":"sameValueAs","decl":{"start":{"line":23,"column":11},"end":{"line":23,"column":22}},"loc":{"start":{"line":23,"column":30},"end":{"line":29,"column":3}},"line":23},"8":{"name":"(anonymous_8)","decl":{"start":{"line":28,"column":20},"end":{"line":28,"column":21}},"loc":{"start":{"line":28,"column":30},"end":{"line":28,"column":45}},"line":28},"9":{"name":"equals","decl":{"start":{"line":30,"column":11},"end":{"line":30,"column":17}},"loc":{"start":{"line":30,"column":25},"end":{"line":30,"column":55}},"line":30}},"branchMap":{"0":{"loc":{"start":{"line":2,"column":2},"end":{"line":2,"column":71}},"type":"if","locations":[{"start":{"line":2,"column":2},"end":{"line":2,"column":71}},{"start":{},"end":{}}],"line":2},"1":{"loc":{"start":{"line":8,"column":6},"end":{"line":8,"column":64}},"type":"if","locations":[{"start":{"line":8,"column":6},"end":{"line":8,"column":64}},{"start":{},"end":{}}],"line":8},"2":{"loc":{"start":{"line":15,"column":11},"end":{"line":15,"column":71}},"type":"cond-expr","locations":[{"start":{"line":15,"column":35},"end":{"line":15,"column":39}},{"start":{"line":15,"column":42},"end":{"line":15,"column":71}}],"line":15},"3":{"loc":{"start":{"line":24,"column":4},"end":{"line":24,"column":91}},"type":"if","locations":[{"start":{"line":24,"column":4},"end":{"line":24,"column":91}},{"start":{},"end":{}}],"line":24},"4":{"loc":{"start":{"line":24,"column":8},"end":{"line":24,"column":76}},"type":"binary-expr","locations":[{"start":{"line":24,"column":8},"end":{"line":24,"column":14}},{"start":{"line":24,"column":18},"end":{"line":24,"column":76}}],"line":24},"5":{"loc":{"start":{"line":27,"column":4},"end":{"line":27,"column":46}},"type":"if","locations":[{"start":{"line":27,"column":4},"end":{"line":27,"column":46}},{"start":{},"end":{}}],"line":27}},"s":{"0":53,"1":0,"2":53,"3":66,"4":66,"5":63,"6":99,"7":62,"8":66,"9":40,"10":62,"11":62,"12":20,"13":56,"14":20,"15":0,"16":0,"17":0,"18":0,"19":0,"20":0,"21":0,"22":0,"23":0,"24":53,"25":10},"f":{"0":53,"1":66,"2":99,"3":40,"4":62,"5":20,"6":56,"7":0,"8":0,"9":0},"b":{"0":[0,53],"1":[62,1],"2":[41,21],"3":[0,0],"4":[0,0],"5":[0,0]},"_coverageSchema":"1a1c01bbd47fc00a2c39e90264f33305004495a9","hash":"18a30c4269b378bdf5a43d0486ac33c74d4c91c3"}
[...]
,"C:\\Users\\thati\\Área de Trabalho\\UFSCAR\\master\\prjc\\jsdddsample-core\\js-dddsample\\src\\interfaces\\booking\\assembler\\ItineraryCandidateDTOAssembler.js": {"path":"C:\\Users\\thati\\Área de Trabalho\\UFSCAR\\master\\prjc\\jsdddsample-core\\js-dddsample\\src\\interfaces\\booking\\assembler\\ItineraryCandidateDTOAssembler.js","statementMap":{"0":{"start":{"line":8,"column":2},"end":{"line":16,"column":4}},"1":{"start":{"line":9,"column":39},"end":{"line":15,"column":5}},"2":{"start":{"line":20,"column":15},"end":{"line":27,"column":5}},"3":{"start":{"line":21,"column":41},"end":{"line":25,"column":6}},"4":{"start":{"line":26,"column":4},"end":{"line":26,"column":99}},"5":{"start":{"line":28,"column":2},"end":{"line":28,"column":25}}},"fnMap":{"0":{"name":"toDTO","decl":{"start":{"line":7,"column":9},"end":{"line":7,"column":14}},"loc":{"start":{"line":7,"column":26},"end":{"line":17,"column":1}},"line":7},"1":{"name":"(anonymous_1)","decl":{"start":{"line":9,"column":31},"end":{"line":9,"column":32}},"loc":{"start":{"line":9,"column":39},"end":{"line":15,"column":5}},"line":9},"2":{"name":"fromDTO","decl":{"start":{"line":19,"column":15},"end":{"line":19,"column":22}},"loc":{"start":{"line":19,"column":28},"end":{"line":29,"column":1}},"line":19},"3":{"name":"(anonymous_3)","decl":{"start":{"line":20,"column":46},"end":{"line":20,"column":47}},"loc":{"start":{"line":20,"column":62},"end":{"line":27,"column":3}},"line":20}},"branchMap":{},"s":{"0":1,"1":2,"2":1,"3":2,"4":2,"5":1},"f":{"0":1,"1":2,"2":1,"3":2},"b":{},"_coverageSchema":"1a1c01bbd47fc00a2c39e90264f33305004495a9","hash":"b8b1f88b80f061973d6d742b234ffe7e6fa41804"}
,"C:\\Users\\thati\\Área de Trabalho\\UFSCAR\\master\\prjc\\jsdddsample-core\\js-dddsample\\src\\interfaces\\handling\\HandlingReportParser.js": {"path":"C:\\Users\\thati\\Área de Trabalho\\UFSCAR\\master\\prjc\\jsdddsample-core\\js-dddsample\\src\\interfaces\\handling\\HandlingReportParser.js","statementMap":{"0":{"start":{"line":7,"column":2},"end":{"line":8,"column":69}},"1":{"start":{"line":7,"column":8},"end":{"line":7,"column":29}},"2":{"start":{"line":8,"column":14},"end":{"line":8,"column":67}},"3":{"start":{"line":12,"column":2},"end":{"line":13,"column":70}},"4":{"start":{"line":12,"column":8},"end":{"line":12,"column":31}},"5":{"start":{"line":13,"column":14},"end":{"line":13,"column":68}},"6":{"start":{"line":17,"column":2},"end":{"line":17,"column":39}},"7":{"start":{"line":17,"column":27},"end":{"line":17,"column":39}},"8":{"start":{"line":18,"column":2},"end":{"line":19,"column":73}},"9":{"start":{"line":18,"column":8},"end":{"line":18,"column":33}},"10":{"start":{"line":19,"column":14},"end":{"line":19,"column":71}},"11":{"start":{"line":23,"column":26},"end":{"line":23,"column":44}},"12":{"start":{"line":24,"column":26},"end":{"line":24,"column":59}},"13":{"start":{"line":25,"column":2},"end":{"line":27,"column":3}},"14":{"start":{"line":26,"column":4},"end":{"line":26,"column":99}},"15":{"start":{"line":28,"column":12},"end":{"line":28,"column":52}},"16":{"start":{"line":29,"column":2},"end":{"line":31,"column":3}},"17":{"start":{"line":30,"column":4},"end":{"line":30,"column":99}},"18":{"start":{"line":32,"column":2},"end":{"line":32,"column":11}},"19":{"start":{"line":36,"column":2},"end":{"line":37,"column":153}},"20":{"start":{"line":36,"column":8},"end":{"line":36,"column":46}},"21":{"start":{"line":37,"column":14},"end":{"line":37,"column":151}},"22":{"start":{"line":37,"column":129},"end":{"line":37,"column":135}},"23":{"start":{"line":41,"column":25},"end":{"line":41,"column":57}},"24":{"start":{"line":42,"column":25},"end":{"line":42,"column":63}},"25":{"start":{"line":43,"column":25},"end":{"line":43,"column":52}},"26":{"start":{"line":44,"column":25},"end":{"line":44,"column":55}},"27":{"start":{"line":45,"column":25},"end":{"line":45,"column":72}},"28":{"start":{"line":47,"column":2},"end":{"line":54,"column":6}},"29":{"start":{"line":47,"column":40},"end":{"line":54,"column":3}},"30":{"start":{"line":58,"column":18},"end":{"line":58,"column":38}},"31":{"start":{"line":60,"column":2},"end":{"line":66,"column":3}},"32":{"start":{"line":61,"column":4},"end":{"line":61,"column":19}},"33":{"start":{"line":62,"column":9},"end":{"line":66,"column":3}},"34":{"start":{"line":63,"column":4},"end":{"line":63,"column":64}},"35":{"start":{"line":65,"column":4},"end":{"line":65,"column":80}},"36":{"start":{"line":68,"column":25},"end":{"line":68,"column":43}},"37":{"start":{"line":69,"column":25},"end":{"line":69,"column":49}},"38":{"start":{"line":70,"column":25},"end":{"line":70,"column":51}},"39":{"start":{"line":71,"column":25},"end":{"line":71,"column":47}},"40":{"start":{"line":72,"column":25},"end":{"line":72,"column":48}},"41":{"start":{"line":74,"column":2},"end":{"line":74,"column":100}}},"fnMap":{"0":{"name":"parseUnLocode","decl":{"start":{"line":6,"column":9},"end":{"line":6,"column":22}},"loc":{"start":{"line":6,"column":28},"end":{"line":9,"column":1}},"line":6},"1":{"name":"parseTrackingId","decl":{"start":{"line":11,"column":9},"end":{"line":11,"column":24}},"loc":{"start":{"line":11,"column":30},"end":{"line":14,"column":1}},"line":11},"2":{"name":"parseVoyageNumber","decl":{"start":{"line":16,"column":9},"end":{"line":16,"column":26}},"loc":{"start":{"line":16,"column":32},"end":{"line":20,"column":1}},"line":16},"3":{"name":"parseDate","decl":{"start":{"line":22,"column":9},"end":{"line":22,"column":18}},"loc":{"start":{"line":22,"column":24},"end":{"line":33,"column":1}},"line":22},"4":{"name":"parseEventType","decl":{"start":{"line":35,"column":9},"end":{"line":35,"column":23}},"loc":{"start":{"line":35,"column":29},"end":{"line":38,"column":1}},"line":35},"5":{"name":"(anonymous_5)","decl":{"start":{"line":37,"column":124},"end":{"line":37,"column":125}},"loc":{"start":{"line":37,"column":129},"end":{"line":37,"column":135}},"line":37},"6":{"name":"parse","decl":{"start":{"line":40,"column":9},"end":{"line":40,"column":14}},"loc":{"start":{"line":40,"column":23},"end":{"line":55,"column":1}},"line":40},"7":{"name":"(anonymous_7)","decl":{"start":{"line":47,"column":25},"end":{"line":47,"column":26}},"loc":{"start":{"line":47,"column":40},"end":{"line":54,"column":3}},"line":47},"8":{"name":"parseLine","decl":{"start":{"line":57,"column":9},"end":{"line":57,"column":18}},"loc":{"start":{"line":57,"column":25},"end":{"line":75,"column":1}},"line":57}},"branchMap":{"0":{"loc":{"start":{"line":17,"column":2},"end":{"line":17,"column":39}},"type":"if","locations":[{"start":{"line":17,"column":2},"end":{"line":17,"column":39}},{"start":{},"end":{}}],"line":17},"1":{"loc":{"start":{"line":17,"column":6},"end":{"line":17,"column":25}},"type":"binary-expr","locations":[{"start":{"line":17,"column":6},"end":{"line":17,"column":10}},{"start":{"line":17,"column":14},"end":{"line":17,"column":25}}],"line":17},"2":{"loc":{"start":{"line":25,"column":2},"end":{"line":27,"column":3}},"type":"if","locations":[{"start":{"line":25,"column":2},"end":{"line":27,"column":3}},{"start":{},"end":{}}],"line":25},"3":{"loc":{"start":{"line":25,"column":6},"end":{"line":25,"column":39}},"type":"binary-expr","locations":[{"start":{"line":25,"column":6},"end":{"line":25,"column":10}},{"start":{"line":25,"column":14},"end":{"line":25,"column":39}}],"line":25},"4":{"loc":{"start":{"line":29,"column":2},"end":{"line":31,"column":3}},"type":"if","locations":[{"start":{"line":29,"column":2},"end":{"line":31,"column":3}},{"start":{},"end":{}}],"line":29},"5":{"loc":{"start":{"line":45,"column":26},"end":{"line":45,"column":50}},"type":"binary-expr","locations":[{"start":{"line":45,"column":26},"end":{"line":45,"column":44}},{"start":{"line":45,"column":48},"end":{"line":45,"column":50}}],"line":45},"6":{"loc":{"start":{"line":60,"column":2},"end":{"line":66,"column":3}},"type":"if","locations":[{"start":{"line":60,"column":2},"end":{"line":66,"column":3}},{"start":{"line":62,"column":9},"end":{"line":66,"column":3}}],"line":60},"7":{"loc":{"start":{"line":62,"column":9},"end":{"line":66,"column":3}},"type":"if","locations":[{"start":{"line":62,"column":9},"end":{"line":66,"column":3}},{"start":{"line":64,"column":9},"end":{"line":66,"column":3}}],"line":62}},"s":{"0":4,"1":4,"2":3,"3":3,"4":3,"5":2,"6":4,"7":3,"8":1,"9":1,"10":0,"11":4,"12":4,"13":4,"14":3,"15":1,"16":1,"17":0,"18":1,"19":7,"20":7,"21":2,"22":10,"23":0,"24":0,"25":0,"26":0,"27":0,"28":0,"29":0,"30":0,"31":0,"32":0,"33":0,"34":0,"35":0,"36":0,"37":0,"38":0,"39":0,"40":0,"41":0},"f":{"0":4,"1":3,"2":4,"3":4,"4":7,"5":10,"6":0,"7":0,"8":0},"b":{"0":[3,1],"1":[4,2],"2":[3,1],"3":[4,2],"4":[0,1],"5":[0,0],"6":[0,0],"7":[0,0]},"_coverageSchema":"1a1c01bbd47fc00a2c39e90264f33305004495a9","hash":"d077e00ed22f139e2a3a9a7b84876359dea0bdea"}
,"C:\\Users\\thati\\Área de Trabalho\\UFSCAR\\master\\prjc\\jsdddsample-core\\js-dddsample\\src\\interfaces\\tracking\\CargoTrackingViewAdapter.js": {"path":"C:\\Users\\thati\\Área de Trabalho\\UFSCAR\\master\\prjc\\jsdddsample-core\\js-dddsample\\src\\interfaces\\tracking\\CargoTrackingViewAdapter.js","statementMap":{"0":{"start":{"line":5,"column":31},"end":{"line":5,"column":70}},"1":{"start":{"line":6,"column":31},"end":{"line":6,"column":114}},"2":{"start":{"line":7,"column":31},"end":{"line":7,"column":64}},"3":{"start":{"line":9,"column":14},"end":{"line":9,"column":36}},"4":{"start":{"line":10,"column":4},"end":{"line":10,"column":48}},"5":{"start":{"line":13,"column":22},"end":{"line":13,"column":39}},"6":{"start":{"line":14,"column":4},"end":{"line":14,"column":67}},"7":{"start":{"line":17,"column":17},"end":{"line":17,"column":37}},"8":{"start":{"line":18,"column":17},"end":{"line":18,"column":48}},"9":{"start":{"line":19,"column":17},"end":{"line":19,"column":74}},"10":{"start":{"line":20,"column":4},"end":{"line":27,"column":5}},"11":{"start":{"line":21,"column":38},"end":{"line":21,"column":129}},"12":{"start":{"line":22,"column":38},"end":{"line":22,"column":130}},"13":{"start":{"line":23,"column":38},"end":{"line":23,"column":78}},"14":{"start":{"line":24,"column":38},"end":{"line":24,"column":77}},"15":{"start":{"line":25,"column":38},"end":{"line":25,"column":88}},"16":{"start":{"line":26,"column":15},"end":{"line":26,"column":25}},"17":{"start":{"line":29,"column":2},"end":{"line":29,"column":88}},"18":{"start":{"line":33,"column":18},"end":{"line":33,"column":77}},"19":{"start":{"line":33,"column":42},"end":{"line":33,"column":76}},"20":{"start":{"line":35,"column":32},"end":{"line":35,"column":69}},"21":{"start":{"line":36,"column":32},"end":{"line":36,"column":87}},"22":{"start":{"line":37,"column":32},"end":{"line":37,"column":61}},"23":{"start":{"line":38,"column":32},"end":{"line":38,"column":72}},"24":{"start":{"line":39,"column":32},"end":{"line":39,"column":47}},"25":{"start":{"line":42,"column":21},"end":{"line":42,"column":37}},"26":{"start":{"line":43,"column":4},"end":{"line":49,"column":5}},"27":{"start":{"line":44,"column":44},"end":{"line":44,"column":100}},"28":{"start":{"line":45,"column":44},"end":{"line":45,"column":122}},"29":{"start":{"line":46,"column":44},"end":{"line":46,"column":61}},"30":{"start":{"line":47,"column":44},"end":{"line":47,"column":66}},"31":{"start":{"line":48,"column":44},"end":{"line":48,"column":61}},"32":{"start":{"line":53,"column":16},"end":{"line":53,"column":57}},"33":{"start":{"line":54,"column":4},"end":{"line":54,"column":25}},"34":{"start":{"line":54,"column":14},"end":{"line":54,"column":25}},"35":{"start":{"line":55,"column":4},"end":{"line":55,"column":60}},"36":{"start":{"line":59,"column":21},"end":{"line":59,"column":60}},"37":{"start":{"line":60,"column":4},"end":{"line":60,"column":29}},"38":{"start":{"line":60,"column":19},"end":{"line":60,"column":29}},"39":{"start":{"line":61,"column":17},"end":{"line":61,"column":32}},"40":{"start":{"line":62,"column":17},"end":{"line":62,"column":43}},"41":{"start":{"line":63,"column":17},"end":{"line":63,"column":48}},"42":{"start":{"line":64,"column":4},"end":{"line":69,"column":5}},"43":{"start":{"line":65,"column":18},"end":{"line":65,"column":86}},"44":{"start":{"line":66,"column":6},"end":{"line":68,"column":56}},"45":{"start":{"line":70,"column":4},"end":{"line":70,"column":63}},"46":{"start":{"line":73,"column":2},"end":{"line":73,"column":128}}},"fnMap":{"0":{"name":"HandlingEventViewAdapter","decl":{"start":{"line":4,"column":9},"end":{"line":4,"column":33}},"loc":{"start":{"line":4,"column":56},"end":{"line":30,"column":1}},"line":4},"1":{"name":"getLocation","decl":{"start":{"line":5,"column":11},"end":{"line":5,"column":22}},"loc":{"start":{"line":5,"column":29},"end":{"line":5,"column":72}},"line":5},"2":{"name":"getTime","decl":{"start":{"line":6,"column":11},"end":{"line":6,"column":18}},"loc":{"start":{"line":6,"column":29},"end":{"line":6,"column":116}},"line":6},"3":{"name":"getType","decl":{"start":{"line":7,"column":11},"end":{"line":7,"column":18}},"loc":{"start":{"line":7,"column":29},"end":{"line":7,"column":66}},"line":7},"4":{"name":"getVoyageNumber","decl":{"start":{"line":8,"column":11},"end":{"line":8,"column":26}},"loc":{"start":{"line":8,"column":29},"end":{"line":11,"column":3}},"line":8},"5":{"name":"isExpected","decl":{"start":{"line":12,"column":11},"end":{"line":12,"column":21}},"loc":{"start":{"line":12,"column":24},"end":{"line":15,"column":3}},"line":12},"6":{"name":"getDescription","decl":{"start":{"line":16,"column":11},"end":{"line":16,"column":25}},"loc":{"start":{"line":16,"column":28},"end":{"line":28,"column":3}},"line":16},"7":{"name":"CargoTrackingViewAdapter","decl":{"start":{"line":32,"column":9},"end":{"line":32,"column":33}},"loc":{"start":{"line":32,"column":57},"end":{"line":74,"column":1}},"line":32},"8":{"name":"(anonymous_8)","decl":{"start":{"line":33,"column":37},"end":{"line":33,"column":38}},"loc":{"start":{"line":33,"column":42},"end":{"line":33,"column":76}},"line":33},"9":{"name":"getTrackingId","decl":{"start":{"line":35,"column":11},"end":{"line":35,"column":24}},"loc":{"start":{"line":35,"column":30},"end":{"line":35,"column":71}},"line":35},"10":{"name":"getDestination","decl":{"start":{"line":36,"column":11},"end":{"line":36,"column":25}},"loc":{"start":{"line":36,"column":30},"end":{"line":36,"column":89}},"line":36},"11":{"name":"getOrigin","decl":{"start":{"line":37,"column":11},"end":{"line":37,"column":20}},"loc":{"start":{"line":37,"column":30},"end":{"line":37,"column":63}},"line":37},"12":{"name":"isMisdirected","decl":{"start":{"line":38,"column":11},"end":{"line":38,"column":24}},"loc":{"start":{"line":38,"column":30},"end":{"line":38,"column":74}},"line":38},"13":{"name":"getEvents","decl":{"start":{"line":39,"column":11},"end":{"line":39,"column":20}},"loc":{"start":{"line":39,"column":30},"end":{"line":39,"column":49}},"line":39},"14":{"name":"getStatusText","decl":{"start":{"line":41,"column":11},"end":{"line":41,"column":24}},"loc":{"start":{"line":41,"column":27},"end":{"line":50,"column":3}},"line":41},"15":{"name":"getEta","decl":{"start":{"line":52,"column":11},"end":{"line":52,"column":17}},"loc":{"start":{"line":52,"column":20},"end":{"line":56,"column":3}},"line":52},"16":{"name":"getNextExpectedActivity","decl":{"start":{"line":58,"column":11},"end":{"line":58,"column":34}},"loc":{"start":{"line":58,"column":37},"end":{"line":71,"column":3}},"line":58}},"branchMap":{"0":{"loc":{"start":{"line":10,"column":11},"end":{"line":10,"column":47}},"type":"cond-expr","locations":[{"start":{"line":10,"column":15},"end":{"line":10,"column":42}},{"start":{"line":10,"column":45},"end":{"line":10,"column":47}}],"line":10},"1":{"loc":{"start":{"line":14,"column":11},"end":{"line":14,"column":66}},"type":"cond-expr","locations":[{"start":{"line":14,"column":23},"end":{"line":14,"column":58}},{"start":{"line":14,"column":61},"end":{"line":14,"column":66}}],"line":14},"2":{"loc":{"start":{"line":20,"column":4},"end":{"line":27,"column":5}},"type":"switch","locations":[{"start":{"line":21,"column":6},"end":{"line":21,"column":129}},{"start":{"line":22,"column":6},"end":{"line":22,"column":130}},{"start":{"line":23,"column":6},"end":{"line":23,"column":78}},{"start":{"line":24,"column":6},"end":{"line":24,"column":77}},{"start":{"line":25,"column":6},"end":{"line":25,"column":88}},{"start":{"line":26,"column":6},"end":{"line":26,"column":25}}],"line":20},"3":{"loc":{"start":{"line":43,"column":4},"end":{"line":49,"column":5}},"type":"switch","locations":[{"start":{"line":44,"column":6},"end":{"line":44,"column":100}},{"start":{"line":45,"column":6},"end":{"line":45,"column":122}},{"start":{"line":46,"column":6},"end":{"line":46,"column":61}},{"start":{"line":47,"column":6},"end":{"line":47,"column":66}},{"start":{"line":48,"column":6},"end":{"line":48,"column":61}}],"line":43},"4":{"loc":{"start":{"line":54,"column":4},"end":{"line":54,"column":25}},"type":"if","locations":[{"start":{"line":54,"column":4},"end":{"line":54,"column":25}},{"start":{},"end":{}}],"line":54},"5":{"loc":{"start":{"line":60,"column":4},"end":{"line":60,"column":29}},"type":"if","locations":[{"start":{"line":60,"column":4},"end":{"line":60,"column":29}},{"start":{},"end":{}}],"line":60},"6":{"loc":{"start":{"line":64,"column":4},"end":{"line":69,"column":5}},"type":"if","locations":[{"start":{"line":64,"column":4},"end":{"line":69,"column":5}},{"start":{},"end":{}}],"line":64},"7":{"loc":{"start":{"line":64,"column":8},"end":{"line":64,"column":76}},"type":"binary-expr","locations":[{"start":{"line":64,"column":8},"end":{"line":64,"column":39}},{"start":{"line":64,"column":43},"end":{"line":64,"column":76}}],"line":64},"8":{"loc":{"start":{"line":65,"column":18},"end":{"line":65,"column":86}},"type":"cond-expr","locations":[{"start":{"line":65,"column":38},"end":{"line":65,"column":81}},{"start":{"line":65,"column":84},"end":{"line":65,"column":86}}],"line":65},"9":{"loc":{"start":{"line":66,"column":13},"end":{"line":68,"column":55}},"type":"cond-expr","locations":[{"start":{"line":67,"column":10},"end":{"line":67,"column":58}},{"start":{"line":68,"column":10},"end":{"line":68,"column":55}}],"line":66}},"s":{"0":3,"1":0,"2":3,"3":3,"4":3,"5":1,"6":1,"7":0,"8":0,"9":0,"10":0,"11":0,"12":0,"13":0,"14":0,"15":0,"16":0,"17":10,"18":8,"19":10,"20":1,"21":1,"22":1,"23":1,"24":3,"25":1,"26":1,"27":1,"28":0,"29":0,"30":0,"31":0,"32":0,"33":0,"34":0,"35":0,"36":0,"37":0,"38":0,"39":0,"40":0,"41":0,"42":0,"43":0,"44":0,"45":0,"46":8},"f":{"0":10,"1":3,"2":0,"3":3,"4":3,"5":1,"6":0,"7":8,"8":10,"9":1,"10":1,"11":1,"12":1,"13":3,"14":1,"15":0,"16":0},"b":{"0":[3,0],"1":[0,1],"2":[0,0,0,0,0,0],"3":[1,0,0,0,0],"4":[0,0],"5":[0,0],"6":[0,0],"7":[0,0],"8":[0,0],"9":[0,0]},"_coverageSchema":"1a1c01bbd47fc00a2c39e90264f33305004495a9","hash":"a7ec45d98e54c5bade9e616f1d0ec40736c63536"}
}
