{"C:\\Users\\thati\\Área de Trabalho\\UFSCAR\\master\\prjc\\jsdddsample-core\\js-dddsample\\src\\application\\BookingService.js": {"path":"C:\\Users\\thati\\Área de Trabalho\\UFSCAR\\master\\prjc\\jsdddsample-core\\js-dddsample\\src\\application\\BookingService.js","statementMap":{"0":{"start":{"line":3,"column":27},"end":{"line":3,"column":78}},"1":{"start":{"line":11,"column":16},"end":{"line":11,"column":94}},"2":{"start":{"line":12,"column":2},"end":{"line":12,"column":31}},"3":{"start":{"line":13,"column":2},"end":{"line":13,"column":85}},"4":{"start":{"line":14,"column":2},"end":{"line":14,"column":28}},"5":{"start":{"line":18,"column":16},"end":{"line":18,"column":48}},"6":{"start":{"line":19,"column":2},"end":{"line":19,"column":24}},"7":{"start":{"line":19,"column":14},"end":{"line":19,"column":24}},"8":{"start":{"line":20,"column":2},"end":{"line":20,"column":80}},"9":{"start":{"line":24,"column":16},"end":{"line":24,"column":48}},"10":{"start":{"line":25,"column":2},"end":{"line":25,"column":92}},"11":{"start":{"line":25,"column":14},"end":{"line":25,"column":92}},"12":{"start":{"line":26,"column":2},"end":{"line":26,"column":33}},"13":{"start":{"line":27,"column":2},"end":{"line":27,"column":31}},"14":{"start":{"line":28,"column":2},"end":{"line":28,"column":60}},"15":{"start":{"line":32,"column":16},"end":{"line":32,"column":48}},"16":{"start":{"line":33,"column":25},"end":{"line":33,"column":58}},"17":{"start":{"line":34,"column":20},"end":{"line":36,"column":3}},"18":{"start":{"line":37,"column":2},"end":{"line":37,"column":35}},"19":{"start":{"line":38,"column":2},"end":{"line":38,"column":31}},"20":{"start":{"line":39,"column":2},"end":{"line":39,"column":92}},"21":{"start":{"line":42,"column":0},"end":{"line":42,"column":104}}},"fnMap":{"0":{"name":"bookNewCargo","decl":{"start":{"line":10,"column":9},"end":{"line":10,"column":21}},"loc":{"start":{"line":10,"column":107},"end":{"line":15,"column":1}},"line":10},"1":{"name":"requestPossibleRoutesForCargo","decl":{"start":{"line":17,"column":9},"end":{"line":17,"column":38}},"loc":{"start":{"line":17,"column":84},"end":{"line":21,"column":1}},"line":17},"2":{"name":"assignCargoToRoute","decl":{"start":{"line":23,"column":9},"end":{"line":23,"column":27}},"loc":{"start":{"line":23,"column":68},"end":{"line":29,"column":1}},"line":23},"3":{"name":"changeDestination","decl":{"start":{"line":31,"column":9},"end":{"line":31,"column":26}},"loc":{"start":{"line":31,"column":86},"end":{"line":40,"column":1}},"line":31}},"branchMap":{"0":{"loc":{"start":{"line":19,"column":2},"end":{"line":19,"column":24}},"type":"if","locations":[{"start":{"line":19,"column":2},"end":{"line":19,"column":24}},{"start":{},"end":{}}],"line":19},"1":{"loc":{"start":{"line":25,"column":2},"end":{"line":25,"column":92}},"type":"if","locations":[{"start":{"line":25,"column":2},"end":{"line":25,"column":92}},{"start":{},"end":{}}],"line":25}},"s":{"0":2,"1":9,"2":9,"3":9,"4":9,"5":2,"6":2,"7":1,"8":1,"9":4,"10":4,"11":0,"12":4,"13":4,"14":4,"15":3,"16":3,"17":3,"18":3,"19":3,"20":3,"21":2},"f":{"0":9,"1":2,"2":4,"3":3},"b":{"0":[1,1],"1":[0,4]},"_coverageSchema":"1a1c01bbd47fc00a2c39e90264f33305004495a9","hash":"988c7b88f948fa2cbe4321f47f52f28bf69397d9"}
,"C:\\Users\\thati\\Área de Trabalho\\UFSCAR\\master\\prjc\\jsdddsample-core\\js-dddsample\\src\\application\\CargoInspectionService.js": {"path":"C:\\Users\\thati\\Área de Trabalho\\UFSCAR\\master\\prjc\\jsdddsample-core\\js-dddsample\\src\\application\\CargoInspectionService.js","statementMap":{"0":{"start":{"line":9,"column":2},"end":{"line":9,"column":62}},"1":{"start":{"line":9,"column":19},"end":{"line":9,"column":62}},"2":{"start":{"line":10,"column":16},"end":{"line":10,"column":48}},"3":{"start":{"line":11,"column":2},"end":{"line":14,"column":3}},"4":{"start":{"line":12,"column":4},"end":{"line":12,"column":67}},"5":{"start":{"line":13,"column":4},"end":{"line":13,"column":11}},"6":{"start":{"line":15,"column":26},"end":{"line":15,"column":90}},"7":{"start":{"line":16,"column":2},"end":{"line":16,"column":48}},"8":{"start":{"line":18,"column":2},"end":{"line":20,"column":3}},"9":{"start":{"line":19,"column":4},"end":{"line":19,"column":49}},"10":{"start":{"line":21,"column":2},"end":{"line":23,"column":3}},"11":{"start":{"line":22,"column":4},"end":{"line":22,"column":45}},"12":{"start":{"line":24,"column":2},"end":{"line":24,"column":31}},"13":{"start":{"line":27,"column":0},"end":{"line":27,"column":34}}},"fnMap":{"0":{"name":"inspectCargo","decl":{"start":{"line":8,"column":9},"end":{"line":8,"column":21}},"loc":{"start":{"line":8,"column":95},"end":{"line":25,"column":1}},"line":8}},"branchMap":{"0":{"loc":{"start":{"line":9,"column":2},"end":{"line":9,"column":62}},"type":"if","locations":[{"start":{"line":9,"column":2},"end":{"line":9,"column":62}},{"start":{},"end":{}}],"line":9},"1":{"loc":{"start":{"line":11,"column":2},"end":{"line":14,"column":3}},"type":"if","locations":[{"start":{"line":11,"column":2},"end":{"line":14,"column":3}},{"start":{},"end":{}}],"line":11},"2":{"loc":{"start":{"line":18,"column":2},"end":{"line":20,"column":3}},"type":"if","locations":[{"start":{"line":18,"column":2},"end":{"line":20,"column":3}},{"start":{},"end":{}}],"line":18},"3":{"loc":{"start":{"line":21,"column":2},"end":{"line":23,"column":3}},"type":"if","locations":[{"start":{"line":21,"column":2},"end":{"line":23,"column":3}},{"start":{},"end":{}}],"line":21}},"s":{"0":10,"1":0,"2":10,"3":10,"4":0,"5":0,"6":10,"7":10,"8":10,"9":1,"10":10,"11":1,"12":10,"13":1},"f":{"0":10},"b":{"0":[0,10],"1":[0,10],"2":[1,9],"3":[1,9]},"_coverageSchema":"1a1c01bbd47fc00a2c39e90264f33305004495a9","hash":"e0452acd193b344df1d5586641902b8f4dcdaafc"}
,"C:\\Users\\thati\\Área de Trabalho\\UFSCAR\\master\\prjc\\jsdddsample-core\\js-dddsample\\src\\application\\HandlingEventService.js": {"path":"C:\\Users\\thati\\Área de Trabalho\\UFSCAR\\master\\prjc\\jsdddsample-core\\js-dddsample\\src\\application\\HandlingEventService.js","statementMap":{"0":{"start":{"line":8,"column":27},"end":{"line":8,"column":37}},"1":{"start":{"line":9,"column":16},"end":{"line":11,"column":3}},"2":{"start":{"line":12,"column":2},"end":{"line":12,"column":39}},"3":{"start":{"line":13,"column":2},"end":{"line":13,"column":43}},"4":{"start":{"line":14,"column":2},"end":{"line":14,"column":54}},"5":{"start":{"line":17,"column":0},"end":{"line":17,"column":43}}},"fnMap":{"0":{"name":"registerHandlingEvent","decl":{"start":{"line":7,"column":9},"end":{"line":7,"column":30}},"loc":{"start":{"line":7,"column":155},"end":{"line":15,"column":1}},"line":7}},"branchMap":{},"s":{"0":10,"1":10,"2":10,"3":10,"4":10,"5":1},"f":{"0":10},"b":{},"_coverageSchema":"1a1c01bbd47fc00a2c39e90264f33305004495a9","hash":"da2a360e37c55766e2bcf1806d44244eaeb300a2"}
,"C:\\Users\\thati\\Área de Trabalho\\UFSCAR\\master\\prjc\\jsdddsample-core\\js-dddsample\\src\\domain\\model\\cargo\\Cargo.js": {"path":"C:\\Users\\thati\\Área de Trabalho\\UFSCAR\\master\\prjc\\jsdddsample-core\\js-dddsample\\src\\domain\\model\\cargo\\Cargo.js","statementMap":{"0":{"start":{"line":3,"column":19},"end":{"line":3,"column":42}},"1":{"start":{"line":4,"column":19},"end":{"line":4,"column":40}},"2":{"start":{"line":10,"column":2},"end":{"line":10,"column":62}},"3":{"start":{"line":10,"column":19},"end":{"line":10,"column":62}},"4":{"start":{"line":11,"column":2},"end":{"line":11,"column":78}},"5":{"start":{"line":11,"column":27},"end":{"line":11,"column":78}},"6":{"start":{"line":13,"column":26},"end":{"line":13,"column":64}},"7":{"start":{"line":15,"column":18},"end":{"line":15,"column":104}},"8":{"start":{"line":16,"column":18},"end":{"line":16,"column":45}},"9":{"start":{"line":18,"column":19},"end":{"line":18,"column":37}},"10":{"start":{"line":19,"column":19},"end":{"line":19,"column":36}},"11":{"start":{"line":20,"column":19},"end":{"line":20,"column":86}},"12":{"start":{"line":22,"column":35},"end":{"line":22,"column":58}},"13":{"start":{"line":23,"column":35},"end":{"line":23,"column":50}},"14":{"start":{"line":24,"column":35},"end":{"line":24,"column":52}},"15":{"start":{"line":25,"column":35},"end":{"line":25,"column":53}},"16":{"start":{"line":26,"column":35},"end":{"line":26,"column":53}},"17":{"start":{"line":29,"column":4},"end":{"line":29,"column":74}},"18":{"start":{"line":29,"column":23},"end":{"line":29,"column":74}},"19":{"start":{"line":30,"column":4},"end":{"line":30,"column":30}},"20":{"start":{"line":31,"column":4},"end":{"line":31,"column":67}},"21":{"start":{"line":35,"column":4},"end":{"line":35,"column":79}},"22":{"start":{"line":35,"column":23},"end":{"line":35,"column":79}},"23":{"start":{"line":36,"column":4},"end":{"line":36,"column":30}},"24":{"start":{"line":37,"column":4},"end":{"line":37,"column":67}},"25":{"start":{"line":41,"column":4},"end":{"line":42,"column":54}},"26":{"start":{"line":46,"column":4},"end":{"line":46,"column":108}},"27":{"start":{"line":48,"column":27},"end":{"line":48,"column":56}},"28":{"start":{"line":49,"column":27},"end":{"line":49,"column":38}},"29":{"start":{"line":51,"column":2},"end":{"line":51,"column":209}},"30":{"start":{"line":54,"column":0},"end":{"line":54,"column":23}}},"fnMap":{"0":{"name":"Cargo","decl":{"start":{"line":9,"column":9},"end":{"line":9,"column":14}},"loc":{"start":{"line":9,"column":58},"end":{"line":52,"column":1}},"line":9},"1":{"name":"trackingId_","decl":{"start":{"line":22,"column":11},"end":{"line":22,"column":22}},"loc":{"start":{"line":22,"column":33},"end":{"line":22,"column":60}},"line":22},"2":{"name":"origin","decl":{"start":{"line":23,"column":11},"end":{"line":23,"column":17}},"loc":{"start":{"line":23,"column":33},"end":{"line":23,"column":52}},"line":23},"3":{"name":"delivery","decl":{"start":{"line":24,"column":11},"end":{"line":24,"column":19}},"loc":{"start":{"line":24,"column":33},"end":{"line":24,"column":54}},"line":24},"4":{"name":"itinerary_","decl":{"start":{"line":25,"column":11},"end":{"line":25,"column":21}},"loc":{"start":{"line":25,"column":33},"end":{"line":25,"column":55}},"line":25},"5":{"name":"routeSpecification_","decl":{"start":{"line":26,"column":11},"end":{"line":26,"column":30}},"loc":{"start":{"line":26,"column":33},"end":{"line":26,"column":55}},"line":26},"6":{"name":"specifyNewRoute","decl":{"start":{"line":28,"column":11},"end":{"line":28,"column":26}},"loc":{"start":{"line":28,"column":41},"end":{"line":32,"column":3}},"line":28},"7":{"name":"assignToRoute","decl":{"start":{"line":34,"column":11},"end":{"line":34,"column":24}},"loc":{"start":{"line":34,"column":39},"end":{"line":38,"column":3}},"line":34},"8":{"name":"deriveDeliveryProgress","decl":{"start":{"line":40,"column":11},"end":{"line":40,"column":33}},"loc":{"start":{"line":40,"column":51},"end":{"line":43,"column":3}},"line":40},"9":{"name":"sameIdentityAs","decl":{"start":{"line":45,"column":11},"end":{"line":45,"column":25}},"loc":{"start":{"line":45,"column":33},"end":{"line":47,"column":3}},"line":45},"10":{"name":"equals","decl":{"start":{"line":48,"column":11},"end":{"line":48,"column":17}},"loc":{"start":{"line":48,"column":25},"end":{"line":48,"column":58}},"line":48},"11":{"name":"toString","decl":{"start":{"line":49,"column":11},"end":{"line":49,"column":19}},"loc":{"start":{"line":49,"column":25},"end":{"line":49,"column":40}},"line":49}},"branchMap":{"0":{"loc":{"start":{"line":10,"column":2},"end":{"line":10,"column":62}},"type":"if","locations":[{"start":{"line":10,"column":2},"end":{"line":10,"column":62}},{"start":{},"end":{}}],"line":10},"1":{"loc":{"start":{"line":11,"column":2},"end":{"line":11,"column":78}},"type":"if","locations":[{"start":{"line":11,"column":2},"end":{"line":11,"column":78}},{"start":{},"end":{}}],"line":11},"2":{"loc":{"start":{"line":15,"column":18},"end":{"line":15,"column":104}},"type":"cond-expr","locations":[{"start":{"line":15,"column":62},"end":{"line":15,"column":83}},{"start":{"line":15,"column":86},"end":{"line":15,"column":104}}],"line":15},"3":{"loc":{"start":{"line":19,"column":19},"end":{"line":19,"column":36}},"type":"binary-expr","locations":[{"start":{"line":19,"column":19},"end":{"line":19,"column":28}},{"start":{"line":19,"column":32},"end":{"line":19,"column":36}}],"line":19},"4":{"loc":{"start":{"line":29,"column":4},"end":{"line":29,"column":74}},"type":"if","locations":[{"start":{"line":29,"column":4},"end":{"line":29,"column":74}},{"start":{},"end":{}}],"line":29},"5":{"loc":{"start":{"line":35,"column":4},"end":{"line":35,"column":79}},"type":"if","locations":[{"start":{"line":35,"column":4},"end":{"line":35,"column":79}},{"start":{},"end":{}}],"line":35},"6":{"loc":{"start":{"line":46,"column":11},"end":{"line":46,"column":107}},"type":"binary-expr","locations":[{"start":{"line":46,"column":11},"end":{"line":46,"column":24}},{"start":{"line":46,"column":28},"end":{"line":46,"column":66}},{"start":{"line":46,"column":70},"end":{"line":46,"column":107}}],"line":46}},"s":{"0":6,"1":6,"2":30,"3":1,"4":29,"5":1,"6":28,"7":28,"8":28,"9":28,"10":28,"11":28,"12":247,"13":6,"14":59,"15":0,"16":5,"17":5,"18":0,"19":5,"20":5,"21":11,"22":0,"23":11,"24":11,"25":15,"26":95,"27":0,"28":0,"29":28,"30":6},"f":{"0":30,"1":247,"2":6,"3":59,"4":0,"5":5,"6":5,"7":11,"8":15,"9":95,"10":0,"11":0},"b":{"0":[1,29],"1":[1,28],"2":[28,0],"3":[28,28],"4":[0,5],"5":[0,11],"6":[95,95,95]},"_coverageSchema":"1a1c01bbd47fc00a2c39e90264f33305004495a9","hash":"6046ba7785a2b3d85f73bcaf7fd760be288f9d72"}
,"C:\\Users\\thati\\Área de Trabalho\\UFSCAR\\master\\prjc\\jsdddsample-core\\js-dddsample\\src\\domain\\model\\cargo\\CargoFactory.js": {"path":"C:\\Users\\thati\\Área de Trabalho\\UFSCAR\\master\\prjc\\jsdddsample-core\\js-dddsample\\src\\domain\\model\\cargo\\CargoFactory.js","statementMap":{"0":{"start":{"line":3,"column":27},"end":{"line":3,"column":45}},"1":{"start":{"line":4,"column":27},"end":{"line":4,"column":58}},"2":{"start":{"line":12,"column":22},"end":{"line":12,"column":54}},"3":{"start":{"line":13,"column":22},"end":{"line":13,"column":61}},"4":{"start":{"line":14,"column":22},"end":{"line":14,"column":66}},"5":{"start":{"line":15,"column":22},"end":{"line":15,"column":78}},"6":{"start":{"line":16,"column":2},"end":{"line":16,"column":38}},"7":{"start":{"line":19,"column":0},"end":{"line":19,"column":33}}},"fnMap":{"0":{"name":"createCargo","decl":{"start":{"line":11,"column":9},"end":{"line":11,"column":20}},"loc":{"start":{"line":11,"column":112},"end":{"line":17,"column":1}},"line":11}},"branchMap":{},"s":{"0":2,"1":2,"2":9,"3":9,"4":9,"5":9,"6":9,"7":2},"f":{"0":9},"b":{},"_coverageSchema":"1a1c01bbd47fc00a2c39e90264f33305004495a9","hash":"0f07e6cbacbcaacca708da7492c64b469ed836f5"}
,"C:\\Users\\thati\\Área de Trabalho\\UFSCAR\\master\\prjc\\jsdddsample-core\\js-dddsample\\src\\domain\\model\\cargo\\Delivery.js": {"path":"C:\\Users\\thati\\Área de Trabalho\\UFSCAR\\master\\prjc\\jsdddsample-core\\js-dddsample\\src\\domain\\model\\cargo\\Delivery.js","statementMap":{"0":{"start":{"line":3,"column":26},"end":{"line":3,"column":52}},"1":{"start":{"line":4,"column":26},"end":{"line":4,"column":54}},"2":{"start":{"line":5,"column":26},"end":{"line":5,"column":55}},"3":{"start":{"line":6,"column":26},"end":{"line":6,"column":57}},"4":{"start":{"line":7,"column":26},"end":{"line":7,"column":53}},"5":{"start":{"line":8,"column":26},"end":{"line":8,"column":66}},"6":{"start":{"line":18,"column":4},"end":{"line":18,"column":56}},"7":{"start":{"line":18,"column":20},"end":{"line":18,"column":56}},"8":{"start":{"line":19,"column":4},"end":{"line":26,"column":5}},"9":{"start":{"line":20,"column":38},"end":{"line":20,"column":77}},"10":{"start":{"line":23,"column":38},"end":{"line":23,"column":69}},"11":{"start":{"line":24,"column":38},"end":{"line":24,"column":69}},"12":{"start":{"line":25,"column":38},"end":{"line":25,"column":69}},"13":{"start":{"line":30,"column":4},"end":{"line":30,"column":51}},"14":{"start":{"line":34,"column":4},"end":{"line":35,"column":34}},"15":{"start":{"line":39,"column":4},"end":{"line":39,"column":47}},"16":{"start":{"line":39,"column":34},"end":{"line":39,"column":47}},"17":{"start":{"line":40,"column":4},"end":{"line":40,"column":44}},"18":{"start":{"line":44,"column":4},"end":{"line":44,"column":52}},"19":{"start":{"line":44,"column":20},"end":{"line":44,"column":52}},"20":{"start":{"line":45,"column":4},"end":{"line":45,"column":104}},"21":{"start":{"line":48,"column":27},"end":{"line":48,"column":48}},"22":{"start":{"line":49,"column":27},"end":{"line":49,"column":44}},"23":{"start":{"line":50,"column":27},"end":{"line":50,"column":46}},"24":{"start":{"line":51,"column":27},"end":{"line":51,"column":37}},"25":{"start":{"line":52,"column":27},"end":{"line":52,"column":50}},"26":{"start":{"line":53,"column":27},"end":{"line":53,"column":46}},"27":{"start":{"line":56,"column":4},"end":{"line":56,"column":68}},"28":{"start":{"line":60,"column":4},"end":{"line":60,"column":59}},"29":{"start":{"line":64,"column":4},"end":{"line":64,"column":32}},"30":{"start":{"line":64,"column":20},"end":{"line":64,"column":32}},"31":{"start":{"line":65,"column":4},"end":{"line":67,"column":5}},"32":{"start":{"line":66,"column":6},"end":{"line":66,"column":86}},"33":{"start":{"line":68,"column":17},"end":{"line":68,"column":33}},"34":{"start":{"line":69,"column":4},"end":{"line":96,"column":5}},"35":{"start":{"line":71,"column":8},"end":{"line":75,"column":9}},"36":{"start":{"line":72,"column":10},"end":{"line":74,"column":11}},"37":{"start":{"line":73,"column":12},"end":{"line":73,"column":98}},"38":{"start":{"line":76,"column":8},"end":{"line":76,"column":20}},"39":{"start":{"line":79,"column":8},"end":{"line":87,"column":9}},"40":{"start":{"line":79,"column":21},"end":{"line":79,"column":22}},"41":{"start":{"line":80,"column":10},"end":{"line":86,"column":11}},"42":{"start":{"line":81,"column":12},"end":{"line":84,"column":13}},"43":{"start":{"line":82,"column":27},"end":{"line":82,"column":38}},"44":{"start":{"line":83,"column":14},"end":{"line":83,"column":98}},"45":{"start":{"line":85,"column":12},"end":{"line":85,"column":87}},"46":{"start":{"line":88,"column":8},"end":{"line":88,"column":20}},"47":{"start":{"line":91,"column":22},"end":{"line":91,"column":29}},"48":{"start":{"line":92,"column":8},"end":{"line":92,"column":94}},"49":{"start":{"line":95,"column":8},"end":{"line":95,"column":20}},"50":{"start":{"line":100,"column":4},"end":{"line":102,"column":76}},"51":{"start":{"line":105,"column":32},"end":{"line":105,"column":41}},"52":{"start":{"line":106,"column":32},"end":{"line":106,"column":58}},"53":{"start":{"line":107,"column":32},"end":{"line":107,"column":59}},"54":{"start":{"line":110,"column":38},"end":{"line":110,"column":62}},"55":{"start":{"line":111,"column":38},"end":{"line":111,"column":76}},"56":{"start":{"line":112,"column":38},"end":{"line":112,"column":75}},"57":{"start":{"line":113,"column":38},"end":{"line":113,"column":58}},"58":{"start":{"line":114,"column":38},"end":{"line":114,"column":58}},"59":{"start":{"line":115,"column":38},"end":{"line":115,"column":75}},"60":{"start":{"line":116,"column":38},"end":{"line":116,"column":63}},"61":{"start":{"line":117,"column":38},"end":{"line":117,"column":60}},"62":{"start":{"line":118,"column":38},"end":{"line":118,"column":59}},"63":{"start":{"line":121,"column":4},"end":{"line":121,"column":74}},"64":{"start":{"line":121,"column":23},"end":{"line":121,"column":74}},"65":{"start":{"line":122,"column":4},"end":{"line":122,"column":59}},"66":{"start":{"line":126,"column":4},"end":{"line":126,"column":74}},"67":{"start":{"line":126,"column":61},"end":{"line":126,"column":74}},"68":{"start":{"line":127,"column":4},"end":{"line":130,"column":60}},"69":{"start":{"line":132,"column":27},"end":{"line":132,"column":53}},"70":{"start":{"line":134,"column":2},"end":{"line":134,"column":216}},"71":{"start":{"line":137,"column":0},"end":{"line":142,"column":2}},"72":{"start":{"line":138,"column":2},"end":{"line":138,"column":69}},"73":{"start":{"line":138,"column":18},"end":{"line":138,"column":69}},"74":{"start":{"line":139,"column":2},"end":{"line":139,"column":72}},"75":{"start":{"line":139,"column":24},"end":{"line":139,"column":72}},"76":{"start":{"line":140,"column":20},"end":{"line":140,"column":64}},"77":{"start":{"line":141,"column":2},"end":{"line":141,"column":51}},"78":{"start":{"line":144,"column":0},"end":{"line":144,"column":26}}},"fnMap":{"0":{"name":"Delivery","decl":{"start":{"line":14,"column":9},"end":{"line":14,"column":17}},"loc":{"start":{"line":14,"column":60},"end":{"line":135,"column":1}},"line":14},"1":{"name":"calcTransportStatus","decl":{"start":{"line":17,"column":11},"end":{"line":17,"column":30}},"loc":{"start":{"line":17,"column":33},"end":{"line":27,"column":3}},"line":17},"2":{"name":"calcLastKnownLocation","decl":{"start":{"line":29,"column":11},"end":{"line":29,"column":32}},"loc":{"start":{"line":29,"column":35},"end":{"line":31,"column":3}},"line":29},"3":{"name":"calcCurrentVoyage","decl":{"start":{"line":33,"column":11},"end":{"line":33,"column":28}},"loc":{"start":{"line":33,"column":31},"end":{"line":36,"column":3}},"line":33},"4":{"name":"calcMisdirected","decl":{"start":{"line":38,"column":11},"end":{"line":38,"column":26}},"loc":{"start":{"line":38,"column":29},"end":{"line":41,"column":3}},"line":38},"5":{"name":"calcRoutingStatus","decl":{"start":{"line":43,"column":11},"end":{"line":43,"column":28}},"loc":{"start":{"line":43,"column":31},"end":{"line":46,"column":3}},"line":43},"6":{"name":"onTrack","decl":{"start":{"line":55,"column":11},"end":{"line":55,"column":18}},"loc":{"start":{"line":55,"column":21},"end":{"line":57,"column":3}},"line":55},"7":{"name":"calcEta","decl":{"start":{"line":59,"column":11},"end":{"line":59,"column":18}},"loc":{"start":{"line":59,"column":21},"end":{"line":61,"column":3}},"line":59},"8":{"name":"calcNextExpectedActivity","decl":{"start":{"line":63,"column":11},"end":{"line":63,"column":35}},"loc":{"start":{"line":63,"column":38},"end":{"line":97,"column":3}},"line":63},"9":{"name":"calcUnloadedAtDestination","decl":{"start":{"line":99,"column":11},"end":{"line":99,"column":36}},"loc":{"start":{"line":99,"column":39},"end":{"line":103,"column":3}},"line":99},"10":{"name":"transportStatus","decl":{"start":{"line":110,"column":11},"end":{"line":110,"column":26}},"loc":{"start":{"line":110,"column":36},"end":{"line":110,"column":64}},"line":110},"11":{"name":"lastKnownLocation","decl":{"start":{"line":111,"column":11},"end":{"line":111,"column":28}},"loc":{"start":{"line":111,"column":36},"end":{"line":111,"column":78}},"line":111},"12":{"name":"currentVoyage","decl":{"start":{"line":112,"column":11},"end":{"line":112,"column":24}},"loc":{"start":{"line":112,"column":36},"end":{"line":112,"column":77}},"line":112},"13":{"name":"isMisdirected","decl":{"start":{"line":113,"column":11},"end":{"line":113,"column":24}},"loc":{"start":{"line":113,"column":36},"end":{"line":113,"column":60}},"line":113},"14":{"name":"estimatedTimeOfArrival","decl":{"start":{"line":114,"column":11},"end":{"line":114,"column":33}},"loc":{"start":{"line":114,"column":36},"end":{"line":114,"column":60}},"line":114},"15":{"name":"nextExpectedActivity","decl":{"start":{"line":115,"column":11},"end":{"line":115,"column":31}},"loc":{"start":{"line":115,"column":36},"end":{"line":115,"column":77}},"line":115},"16":{"name":"isUnloadedAtDestination","decl":{"start":{"line":116,"column":11},"end":{"line":116,"column":34}},"loc":{"start":{"line":116,"column":36},"end":{"line":116,"column":65}},"line":116},"17":{"name":"routingStatus","decl":{"start":{"line":117,"column":11},"end":{"line":117,"column":24}},"loc":{"start":{"line":117,"column":36},"end":{"line":117,"column":62}},"line":117},"18":{"name":"calculatedAt","decl":{"start":{"line":118,"column":11},"end":{"line":118,"column":23}},"loc":{"start":{"line":118,"column":36},"end":{"line":118,"column":61}},"line":118},"19":{"name":"updateOnRouting","decl":{"start":{"line":120,"column":11},"end":{"line":120,"column":26}},"loc":{"start":{"line":120,"column":55},"end":{"line":123,"column":3}},"line":120},"20":{"name":"sameValueAs","decl":{"start":{"line":125,"column":11},"end":{"line":125,"column":22}},"loc":{"start":{"line":125,"column":30},"end":{"line":131,"column":3}},"line":125},"21":{"name":"equals","decl":{"start":{"line":132,"column":11},"end":{"line":132,"column":17}},"loc":{"start":{"line":132,"column":25},"end":{"line":132,"column":55}},"line":132},"22":{"name":"(anonymous_22)","decl":{"start":{"line":137,"column":23},"end":{"line":137,"column":24}},"loc":{"start":{"line":137,"column":71},"end":{"line":142,"column":1}},"line":137}},"branchMap":{"0":{"loc":{"start":{"line":18,"column":4},"end":{"line":18,"column":56}},"type":"if","locations":[{"start":{"line":18,"column":4},"end":{"line":18,"column":56}},{"start":{},"end":{}}],"line":18},"1":{"loc":{"start":{"line":19,"column":4},"end":{"line":26,"column":5}},"type":"switch","locations":[{"start":{"line":20,"column":6},"end":{"line":20,"column":77}},{"start":{"line":21,"column":6},"end":{"line":21,"column":36}},{"start":{"line":22,"column":6},"end":{"line":22,"column":37}},{"start":{"line":23,"column":6},"end":{"line":23,"column":69}},{"start":{"line":24,"column":6},"end":{"line":24,"column":69}},{"start":{"line":25,"column":6},"end":{"line":25,"column":69}}],"line":19},"2":{"loc":{"start":{"line":30,"column":11},"end":{"line":30,"column":50}},"type":"cond-expr","locations":[{"start":{"line":30,"column":23},"end":{"line":30,"column":43}},{"start":{"line":30,"column":46},"end":{"line":30,"column":50}}],"line":30},"3":{"loc":{"start":{"line":34,"column":11},"end":{"line":35,"column":33}},"type":"cond-expr","locations":[{"start":{"line":35,"column":8},"end":{"line":35,"column":26}},{"start":{"line":35,"column":29},"end":{"line":35,"column":33}}],"line":34},"4":{"loc":{"start":{"line":34,"column":12},"end":{"line":34,"column":77}},"type":"binary-expr","locations":[{"start":{"line":34,"column":12},"end":{"line":34,"column":64}},{"start":{"line":34,"column":68},"end":{"line":34,"column":77}}],"line":34},"5":{"loc":{"start":{"line":39,"column":4},"end":{"line":39,"column":47}},"type":"if","locations":[{"start":{"line":39,"column":4},"end":{"line":39,"column":47}},{"start":{},"end":{}}],"line":39},"6":{"loc":{"start":{"line":39,"column":8},"end":{"line":39,"column":32}},"type":"binary-expr","locations":[{"start":{"line":39,"column":8},"end":{"line":39,"column":18}},{"start":{"line":39,"column":22},"end":{"line":39,"column":32}}],"line":39},"7":{"loc":{"start":{"line":44,"column":4},"end":{"line":44,"column":52}},"type":"if","locations":[{"start":{"line":44,"column":4},"end":{"line":44,"column":52}},{"start":{},"end":{}}],"line":44},"8":{"loc":{"start":{"line":45,"column":11},"end":{"line":45,"column":103}},"type":"cond-expr","locations":[{"start":{"line":45,"column":57},"end":{"line":45,"column":77}},{"start":{"line":45,"column":80},"end":{"line":45,"column":103}}],"line":45},"9":{"loc":{"start":{"line":56,"column":11},"end":{"line":56,"column":67}},"type":"binary-expr","locations":[{"start":{"line":56,"column":11},"end":{"line":56,"column":50}},{"start":{"line":56,"column":54},"end":{"line":56,"column":67}}],"line":56},"10":{"loc":{"start":{"line":60,"column":11},"end":{"line":60,"column":58}},"type":"cond-expr","locations":[{"start":{"line":60,"column":23},"end":{"line":60,"column":51}},{"start":{"line":60,"column":54},"end":{"line":60,"column":58}}],"line":60},"11":{"loc":{"start":{"line":64,"column":4},"end":{"line":64,"column":32}},"type":"if","locations":[{"start":{"line":64,"column":4},"end":{"line":64,"column":32}},{"start":{},"end":{}}],"line":64},"12":{"loc":{"start":{"line":65,"column":4},"end":{"line":67,"column":5}},"type":"if","locations":[{"start":{"line":65,"column":4},"end":{"line":67,"column":5}},{"start":{},"end":{}}],"line":65},"13":{"loc":{"start":{"line":69,"column":4},"end":{"line":96,"column":5}},"type":"switch","locations":[{"start":{"line":70,"column":6},"end":{"line":77,"column":7}},{"start":{"line":78,"column":6},"end":{"line":89,"column":7}},{"start":{"line":90,"column":6},"end":{"line":93,"column":7}},{"start":{"line":94,"column":6},"end":{"line":95,"column":20}}],"line":69},"14":{"loc":{"start":{"line":72,"column":10},"end":{"line":74,"column":11}},"type":"if","locations":[{"start":{"line":72,"column":10},"end":{"line":74,"column":11}},{"start":{},"end":{}}],"line":72},"15":{"loc":{"start":{"line":80,"column":10},"end":{"line":86,"column":11}},"type":"if","locations":[{"start":{"line":80,"column":10},"end":{"line":86,"column":11}},{"start":{},"end":{}}],"line":80},"16":{"loc":{"start":{"line":81,"column":12},"end":{"line":84,"column":13}},"type":"if","locations":[{"start":{"line":81,"column":12},"end":{"line":84,"column":13}},{"start":{},"end":{}}],"line":81},"17":{"loc":{"start":{"line":100,"column":11},"end":{"line":102,"column":75}},"type":"binary-expr","locations":[{"start":{"line":100,"column":11},"end":{"line":100,"column":28}},{"start":{"line":101,"column":6},"end":{"line":101,"column":51}},{"start":{"line":102,"column":6},"end":{"line":102,"column":75}}],"line":100},"18":{"loc":{"start":{"line":111,"column":45},"end":{"line":111,"column":75}},"type":"binary-expr","locations":[{"start":{"line":111,"column":45},"end":{"line":111,"column":55}},{"start":{"line":111,"column":59},"end":{"line":111,"column":75}}],"line":111},"19":{"loc":{"start":{"line":112,"column":45},"end":{"line":112,"column":74}},"type":"binary-expr","locations":[{"start":{"line":112,"column":45},"end":{"line":112,"column":59}},{"start":{"line":112,"column":63},"end":{"line":112,"column":74}}],"line":112},"20":{"loc":{"start":{"line":114,"column":45},"end":{"line":114,"column":57}},"type":"binary-expr","locations":[{"start":{"line":114,"column":45},"end":{"line":114,"column":49}},{"start":{"line":114,"column":53},"end":{"line":114,"column":57}}],"line":114},"21":{"loc":{"start":{"line":115,"column":45},"end":{"line":115,"column":74}},"type":"binary-expr","locations":[{"start":{"line":115,"column":45},"end":{"line":115,"column":66}},{"start":{"line":115,"column":70},"end":{"line":115,"column":74}}],"line":115},"22":{"loc":{"start":{"line":121,"column":4},"end":{"line":121,"column":74}},"type":"if","locations":[{"start":{"line":121,"column":4},"end":{"line":121,"column":74}},{"start":{},"end":{}}],"line":121},"23":{"loc":{"start":{"line":126,"column":4},"end":{"line":126,"column":74}},"type":"if","locations":[{"start":{"line":126,"column":4},"end":{"line":126,"column":74}},{"start":{},"end":{}}],"line":126},"24":{"loc":{"start":{"line":126,"column":8},"end":{"line":126,"column":59}},"type":"binary-expr","locations":[{"start":{"line":126,"column":8},"end":{"line":126,"column":14}},{"start":{"line":126,"column":18},"end":{"line":126,"column":59}}],"line":126},"25":{"loc":{"start":{"line":127,"column":11},"end":{"line":130,"column":59}},"type":"binary-expr","locations":[{"start":{"line":127,"column":11},"end":{"line":127,"column":55}},{"start":{"line":128,"column":6},"end":{"line":128,"column":46}},{"start":{"line":129,"column":6},"end":{"line":129,"column":44}},{"start":{"line":130,"column":6},"end":{"line":130,"column":59}}],"line":127},"26":{"loc":{"start":{"line":138,"column":2},"end":{"line":138,"column":69}},"type":"if","locations":[{"start":{"line":138,"column":2},"end":{"line":138,"column":69}},{"start":{},"end":{}}],"line":138},"27":{"loc":{"start":{"line":139,"column":2},"end":{"line":139,"column":72}},"type":"if","locations":[{"start":{"line":139,"column":2},"end":{"line":139,"column":72}},{"start":{},"end":{}}],"line":139}},"s":{"0":6,"1":6,"2":6,"3":6,"4":6,"5":6,"6":59,"7":44,"8":15,"9":6,"10":7,"11":2,"12":0,"13":59,"14":59,"15":59,"16":44,"17":15,"18":59,"19":31,"20":28,"21":59,"22":59,"23":59,"24":59,"25":59,"26":59,"27":118,"28":59,"29":59,"30":35,"31":24,"32":11,"33":13,"34":13,"35":4,"36":7,"37":4,"38":0,"39":4,"40":4,"41":8,"42":4,"43":2,"44":2,"45":2,"46":0,"47":3,"48":3,"49":2,"50":59,"51":59,"52":59,"53":59,"54":14,"55":3,"56":3,"57":17,"58":2,"59":1,"60":12,"61":7,"62":0,"63":16,"64":0,"65":16,"66":0,"67":0,"68":0,"69":0,"70":59,"71":6,"72":43,"73":0,"74":43,"75":0,"76":43,"77":43,"78":6},"f":{"0":59,"1":59,"2":59,"3":59,"4":59,"5":59,"6":118,"7":59,"8":59,"9":59,"10":14,"11":3,"12":3,"13":17,"14":2,"15":1,"16":12,"17":7,"18":0,"19":16,"20":0,"21":0,"22":43},"b":{"0":[44,15],"1":[6,4,7,7,2,0],"2":[15,44],"3":[6,53],"4":[59,6],"5":[44,15],"6":[59,15],"7":[31,28],"8":[26,2],"9":[118,52],"10":[24,35],"11":[35,24],"12":[11,13],"13":[4,4,3,2],"14":[4,3],"15":[4,4],"16":[2,2],"17":[59,15,4],"18":[3,0],"19":[3,0],"20":[2,1],"21":[1,0],"22":[0,16],"23":[0,0],"24":[0,0],"25":[0,0,0,0],"26":[0,43],"27":[0,43]},"_coverageSchema":"1a1c01bbd47fc00a2c39e90264f33305004495a9","hash":"b01576c0445055283a96550e4656b8c7411b717c"}
,"C:\\Users\\thati\\Área de Trabalho\\UFSCAR\\master\\prjc\\jsdddsample-core\\js-dddsample\\src\\domain\\model\\cargo\\HandlingActivity.js": {"path":"C:\\Users\\thati\\Área de Trabalho\\UFSCAR\\master\\prjc\\jsdddsample-core\\js-dddsample\\src\\domain\\model\\cargo\\HandlingActivity.js","statementMap":{"0":{"start":{"line":8,"column":25},"end":{"line":8,"column":37}},"1":{"start":{"line":9,"column":25},"end":{"line":9,"column":41}},"2":{"start":{"line":10,"column":25},"end":{"line":10,"column":47}},"3":{"start":{"line":13,"column":4},"end":{"line":16,"column":40}},"4":{"start":{"line":18,"column":27},"end":{"line":18,"column":53}},"5":{"start":{"line":20,"column":2},"end":{"line":20,"column":84}},"6":{"start":{"line":23,"column":0},"end":{"line":23,"column":34}}},"fnMap":{"0":{"name":"HandlingActivity","decl":{"start":{"line":6,"column":9},"end":{"line":6,"column":25}},"loc":{"start":{"line":6,"column":50},"end":{"line":21,"column":1}},"line":6},"1":{"name":"type_","decl":{"start":{"line":8,"column":11},"end":{"line":8,"column":16}},"loc":{"start":{"line":8,"column":23},"end":{"line":8,"column":39}},"line":8},"2":{"name":"location_","decl":{"start":{"line":9,"column":11},"end":{"line":9,"column":20}},"loc":{"start":{"line":9,"column":23},"end":{"line":9,"column":43}},"line":9},"3":{"name":"voyage_","decl":{"start":{"line":10,"column":11},"end":{"line":10,"column":18}},"loc":{"start":{"line":10,"column":23},"end":{"line":10,"column":49}},"line":10},"4":{"name":"sameValueAs","decl":{"start":{"line":12,"column":11},"end":{"line":12,"column":22}},"loc":{"start":{"line":12,"column":30},"end":{"line":17,"column":3}},"line":12},"5":{"name":"equals","decl":{"start":{"line":18,"column":11},"end":{"line":18,"column":17}},"loc":{"start":{"line":18,"column":25},"end":{"line":18,"column":55}},"line":18}},"branchMap":{"0":{"loc":{"start":{"line":10,"column":32},"end":{"line":10,"column":46}},"type":"binary-expr","locations":[{"start":{"line":10,"column":32},"end":{"line":10,"column":38}},{"start":{"line":10,"column":42},"end":{"line":10,"column":46}}],"line":10},"1":{"loc":{"start":{"line":13,"column":11},"end":{"line":16,"column":39}},"type":"binary-expr","locations":[{"start":{"line":13,"column":11},"end":{"line":13,"column":24}},{"start":{"line":14,"column":6},"end":{"line":14,"column":38}},{"start":{"line":15,"column":6},"end":{"line":15,"column":27}},{"start":{"line":16,"column":6},"end":{"line":16,"column":39}}],"line":13}},"s":{"0":1,"1":1,"2":0,"3":0,"4":0,"5":22,"6":6},"f":{"0":22,"1":1,"2":1,"3":0,"4":0,"5":0},"b":{"0":[0,0],"1":[0,0,0,0]},"_coverageSchema":"1a1c01bbd47fc00a2c39e90264f33305004495a9","hash":"2d868f2dd8599fae93b770fb85ddfb314f69d5fd"}
,"C:\\Users\\thati\\Área de Trabalho\\UFSCAR\\master\\prjc\\jsdddsample-core\\js-dddsample\\src\\domain\\model\\cargo\\Itinerary.js": {"path":"C:\\Users\\thati\\Área de Trabalho\\UFSCAR\\master\\prjc\\jsdddsample-core\\js-dddsample\\src\\domain\\model\\cargo\\Itinerary.js","statementMap":{"0":{"start":{"line":3,"column":17},"end":{"line":3,"column":48}},"1":{"start":{"line":4,"column":26},"end":{"line":4,"column":66}},"2":{"start":{"line":6,"column":20},"end":{"line":6,"column":46}},"3":{"start":{"line":12,"column":2},"end":{"line":12,"column":54}},"4":{"start":{"line":12,"column":13},"end":{"line":12,"column":54}},"5":{"start":{"line":13,"column":2},"end":{"line":13,"column":81}},"6":{"start":{"line":13,"column":25},"end":{"line":13,"column":81}},"7":{"start":{"line":14,"column":16},"end":{"line":14,"column":25}},"8":{"start":{"line":17,"column":4},"end":{"line":17,"column":63}},"9":{"start":{"line":20,"column":21},"end":{"line":20,"column":39}},"10":{"start":{"line":21,"column":40},"end":{"line":21,"column":111}},"11":{"start":{"line":22,"column":40},"end":{"line":22,"column":114}},"12":{"start":{"line":23,"column":40},"end":{"line":23,"column":96}},"13":{"start":{"line":26,"column":4},"end":{"line":26,"column":40}},"14":{"start":{"line":26,"column":28},"end":{"line":26,"column":40}},"15":{"start":{"line":27,"column":14},"end":{"line":27,"column":31}},"16":{"start":{"line":28,"column":4},"end":{"line":30,"column":5}},"17":{"start":{"line":29,"column":6},"end":{"line":29,"column":62}},"18":{"start":{"line":31,"column":4},"end":{"line":36,"column":5}},"19":{"start":{"line":32,"column":6},"end":{"line":35,"column":8}},"20":{"start":{"line":33,"column":8},"end":{"line":34,"column":51}},"21":{"start":{"line":37,"column":4},"end":{"line":42,"column":5}},"22":{"start":{"line":38,"column":6},"end":{"line":41,"column":8}},"23":{"start":{"line":39,"column":8},"end":{"line":40,"column":43}},"24":{"start":{"line":43,"column":4},"end":{"line":45,"column":5}},"25":{"start":{"line":44,"column":6},"end":{"line":44,"column":65}},"26":{"start":{"line":46,"column":4},"end":{"line":46,"column":16}},"27":{"start":{"line":50,"column":4},"end":{"line":50,"column":65}},"28":{"start":{"line":50,"column":52},"end":{"line":50,"column":65}},"29":{"start":{"line":51,"column":15},"end":{"line":51,"column":27}},"30":{"start":{"line":52,"column":4},"end":{"line":52,"column":49}},"31":{"start":{"line":52,"column":36},"end":{"line":52,"column":49}},"32":{"start":{"line":53,"column":4},"end":{"line":53,"column":50}},"33":{"start":{"line":53,"column":33},"end":{"line":53,"column":48}},"34":{"start":{"line":55,"column":27},"end":{"line":55,"column":53}},"35":{"start":{"line":57,"column":2},"end":{"line":57,"column":133}},"36":{"start":{"line":60,"column":0},"end":{"line":60,"column":33}},"37":{"start":{"line":62,"column":0},"end":{"line":62,"column":27}}},"fnMap":{"0":{"name":"Itinerary","decl":{"start":{"line":11,"column":9},"end":{"line":11,"column":18}},"loc":{"start":{"line":11,"column":25},"end":{"line":58,"column":1}},"line":11},"1":{"name":"lastLeg","decl":{"start":{"line":16,"column":11},"end":{"line":16,"column":18}},"loc":{"start":{"line":16,"column":21},"end":{"line":18,"column":3}},"line":16},"2":{"name":"legs_","decl":{"start":{"line":20,"column":11},"end":{"line":20,"column":16}},"loc":{"start":{"line":20,"column":19},"end":{"line":20,"column":41}},"line":20},"3":{"name":"initialDepartureLocation","decl":{"start":{"line":21,"column":11},"end":{"line":21,"column":35}},"loc":{"start":{"line":21,"column":38},"end":{"line":21,"column":113}},"line":21},"4":{"name":"finalArrivalLocation","decl":{"start":{"line":22,"column":11},"end":{"line":22,"column":31}},"loc":{"start":{"line":22,"column":38},"end":{"line":22,"column":116}},"line":22},"5":{"name":"finalArrivalDate","decl":{"start":{"line":23,"column":11},"end":{"line":23,"column":27}},"loc":{"start":{"line":23,"column":38},"end":{"line":23,"column":98}},"line":23},"6":{"name":"isExpected","decl":{"start":{"line":25,"column":11},"end":{"line":25,"column":21}},"loc":{"start":{"line":25,"column":29},"end":{"line":47,"column":3}},"line":25},"7":{"name":"(anonymous_7)","decl":{"start":{"line":32,"column":24},"end":{"line":32,"column":25}},"loc":{"start":{"line":33,"column":8},"end":{"line":34,"column":51}},"line":33},"8":{"name":"(anonymous_8)","decl":{"start":{"line":38,"column":24},"end":{"line":38,"column":25}},"loc":{"start":{"line":39,"column":8},"end":{"line":40,"column":43}},"line":39},"9":{"name":"sameValueAs","decl":{"start":{"line":49,"column":11},"end":{"line":49,"column":22}},"loc":{"start":{"line":49,"column":30},"end":{"line":54,"column":3}},"line":49},"10":{"name":"(anonymous_10)","decl":{"start":{"line":53,"column":23},"end":{"line":53,"column":24}},"loc":{"start":{"line":53,"column":33},"end":{"line":53,"column":48}},"line":53},"11":{"name":"equals","decl":{"start":{"line":55,"column":11},"end":{"line":55,"column":17}},"loc":{"start":{"line":55,"column":25},"end":{"line":55,"column":55}},"line":55}},"branchMap":{"0":{"loc":{"start":{"line":12,"column":2},"end":{"line":12,"column":54}},"type":"if","locations":[{"start":{"line":12,"column":2},"end":{"line":12,"column":54}},{"start":{},"end":{}}],"line":12},"1":{"loc":{"start":{"line":13,"column":2},"end":{"line":13,"column":81}},"type":"if","locations":[{"start":{"line":13,"column":2},"end":{"line":13,"column":81}},{"start":{},"end":{}}],"line":13},"2":{"loc":{"start":{"line":17,"column":11},"end":{"line":17,"column":62}},"type":"cond-expr","locations":[{"start":{"line":17,"column":32},"end":{"line":17,"column":36}},{"start":{"line":17,"column":39},"end":{"line":17,"column":62}}],"line":17},"3":{"loc":{"start":{"line":21,"column":47},"end":{"line":21,"column":110}},"type":"cond-expr","locations":[{"start":{"line":21,"column":68},"end":{"line":21,"column":84}},{"start":{"line":21,"column":87},"end":{"line":21,"column":110}}],"line":21},"4":{"loc":{"start":{"line":22,"column":47},"end":{"line":22,"column":113}},"type":"cond-expr","locations":[{"start":{"line":22,"column":68},"end":{"line":22,"column":84}},{"start":{"line":22,"column":87},"end":{"line":22,"column":113}}],"line":22},"5":{"loc":{"start":{"line":23,"column":47},"end":{"line":23,"column":95}},"type":"cond-expr","locations":[{"start":{"line":23,"column":59},"end":{"line":23,"column":81}},{"start":{"line":23,"column":84},"end":{"line":23,"column":95}}],"line":23},"6":{"loc":{"start":{"line":26,"column":4},"end":{"line":26,"column":40}},"type":"if","locations":[{"start":{"line":26,"column":4},"end":{"line":26,"column":40}},{"start":{},"end":{}}],"line":26},"7":{"loc":{"start":{"line":28,"column":4},"end":{"line":30,"column":5}},"type":"if","locations":[{"start":{"line":28,"column":4},"end":{"line":30,"column":5}},{"start":{},"end":{}}],"line":28},"8":{"loc":{"start":{"line":31,"column":4},"end":{"line":36,"column":5}},"type":"if","locations":[{"start":{"line":31,"column":4},"end":{"line":36,"column":5}},{"start":{},"end":{}}],"line":31},"9":{"loc":{"start":{"line":33,"column":8},"end":{"line":34,"column":51}},"type":"binary-expr","locations":[{"start":{"line":33,"column":8},"end":{"line":33,"column":59}},{"start":{"line":34,"column":8},"end":{"line":34,"column":51}}],"line":33},"10":{"loc":{"start":{"line":37,"column":4},"end":{"line":42,"column":5}},"type":"if","locations":[{"start":{"line":37,"column":4},"end":{"line":42,"column":5}},{"start":{},"end":{}}],"line":37},"11":{"loc":{"start":{"line":39,"column":8},"end":{"line":40,"column":43}},"type":"binary-expr","locations":[{"start":{"line":39,"column":8},"end":{"line":39,"column":53}},{"start":{"line":40,"column":8},"end":{"line":40,"column":43}}],"line":39},"12":{"loc":{"start":{"line":43,"column":4},"end":{"line":45,"column":5}},"type":"if","locations":[{"start":{"line":43,"column":4},"end":{"line":45,"column":5}},{"start":{},"end":{}}],"line":43},"13":{"loc":{"start":{"line":50,"column":4},"end":{"line":50,"column":65}},"type":"if","locations":[{"start":{"line":50,"column":4},"end":{"line":50,"column":65}},{"start":{},"end":{}}],"line":50},"14":{"loc":{"start":{"line":50,"column":8},"end":{"line":50,"column":50}},"type":"binary-expr","locations":[{"start":{"line":50,"column":8},"end":{"line":50,"column":14}},{"start":{"line":50,"column":18},"end":{"line":50,"column":50}}],"line":50},"15":{"loc":{"start":{"line":52,"column":4},"end":{"line":52,"column":49}},"type":"if","locations":[{"start":{"line":52,"column":4},"end":{"line":52,"column":49}},{"start":{},"end":{}}],"line":52}},"s":{"0":4,"1":4,"2":4,"3":20,"4":1,"5":19,"6":1,"7":18,"8":144,"9":13,"10":32,"11":32,"12":54,"13":23,"14":0,"15":23,"16":23,"17":5,"18":18,"19":8,"20":14,"21":10,"22":5,"23":9,"24":5,"25":4,"26":1,"27":0,"28":0,"29":0,"30":0,"31":0,"32":0,"33":0,"34":0,"35":18,"36":4,"37":4},"f":{"0":20,"1":144,"2":13,"3":32,"4":32,"5":54,"6":23,"7":14,"8":9,"9":0,"10":0,"11":0},"b":{"0":[1,19],"1":[1,18],"2":[0,144],"3":[0,32],"4":[0,32],"5":[54,0],"6":[0,23],"7":[5,18],"8":[8,10],"9":[14,8],"10":[5,5],"11":[9,5],"12":[4,1],"13":[0,0],"14":[0,0],"15":[0,0]},"_coverageSchema":"1a1c01bbd47fc00a2c39e90264f33305004495a9","hash":"0d558e7f73e84d38fcf22d0d1245b62e038ac68d"}
,"C:\\Users\\thati\\Área de Trabalho\\UFSCAR\\master\\prjc\\jsdddsample-core\\js-dddsample\\src\\domain\\model\\cargo\\Leg.js": {"path":"C:\\Users\\thati\\Área de Trabalho\\UFSCAR\\master\\prjc\\jsdddsample-core\\js-dddsample\\src\\domain\\model\\cargo\\Leg.js","statementMap":{"0":{"start":{"line":7,"column":2},"end":{"line":9,"column":3}},"1":{"start":{"line":8,"column":4},"end":{"line":8,"column":51}},"2":{"start":{"line":10,"column":22},"end":{"line":10,"column":82}},"3":{"start":{"line":11,"column":22},"end":{"line":11,"column":84}},"4":{"start":{"line":13,"column":30},"end":{"line":13,"column":44}},"5":{"start":{"line":14,"column":30},"end":{"line":14,"column":50}},"6":{"start":{"line":15,"column":31},"end":{"line":15,"column":53}},"7":{"start":{"line":16,"column":30},"end":{"line":16,"column":47}},"8":{"start":{"line":17,"column":30},"end":{"line":17,"column":49}},"9":{"start":{"line":20,"column":4},"end":{"line":26,"column":61}},"10":{"start":{"line":28,"column":27},"end":{"line":28,"column":53}},"11":{"start":{"line":30,"column":2},"end":{"line":30,"column":158}},"12":{"start":{"line":33,"column":0},"end":{"line":33,"column":21}}},"fnMap":{"0":{"name":"Leg","decl":{"start":{"line":6,"column":9},"end":{"line":6,"column":12}},"loc":{"start":{"line":6,"column":73},"end":{"line":31,"column":1}},"line":6},"1":{"name":"voyage_","decl":{"start":{"line":13,"column":11},"end":{"line":13,"column":18}},"loc":{"start":{"line":13,"column":28},"end":{"line":13,"column":46}},"line":13},"2":{"name":"loadLocation_","decl":{"start":{"line":14,"column":11},"end":{"line":14,"column":24}},"loc":{"start":{"line":14,"column":28},"end":{"line":14,"column":52}},"line":14},"3":{"name":"unloadLocation_","decl":{"start":{"line":15,"column":11},"end":{"line":15,"column":26}},"loc":{"start":{"line":15,"column":29},"end":{"line":15,"column":55}},"line":15},"4":{"name":"loadTime_","decl":{"start":{"line":16,"column":11},"end":{"line":16,"column":20}},"loc":{"start":{"line":16,"column":28},"end":{"line":16,"column":49}},"line":16},"5":{"name":"unloadTime_","decl":{"start":{"line":17,"column":11},"end":{"line":17,"column":22}},"loc":{"start":{"line":17,"column":28},"end":{"line":17,"column":51}},"line":17},"6":{"name":"sameValueAs","decl":{"start":{"line":19,"column":11},"end":{"line":19,"column":22}},"loc":{"start":{"line":19,"column":30},"end":{"line":27,"column":3}},"line":19},"7":{"name":"equals","decl":{"start":{"line":28,"column":11},"end":{"line":28,"column":17}},"loc":{"start":{"line":28,"column":25},"end":{"line":28,"column":55}},"line":28}},"branchMap":{"0":{"loc":{"start":{"line":7,"column":2},"end":{"line":9,"column":3}},"type":"if","locations":[{"start":{"line":7,"column":2},"end":{"line":9,"column":3}},{"start":{},"end":{}}],"line":7},"1":{"loc":{"start":{"line":7,"column":6},"end":{"line":7,"column":77}},"type":"binary-expr","locations":[{"start":{"line":7,"column":6},"end":{"line":7,"column":13}},{"start":{"line":7,"column":17},"end":{"line":7,"column":30}},{"start":{"line":7,"column":34},"end":{"line":7,"column":49}},{"start":{"line":7,"column":53},"end":{"line":7,"column":62}},{"start":{"line":7,"column":66},"end":{"line":7,"column":77}}],"line":7},"2":{"loc":{"start":{"line":10,"column":22},"end":{"line":10,"column":82}},"type":"cond-expr","locations":[{"start":{"line":10,"column":51},"end":{"line":10,"column":59}},{"start":{"line":10,"column":64},"end":{"line":10,"column":82}}],"line":10},"3":{"loc":{"start":{"line":11,"column":22},"end":{"line":11,"column":84}},"type":"cond-expr","locations":[{"start":{"line":11,"column":51},"end":{"line":11,"column":61}},{"start":{"line":11,"column":64},"end":{"line":11,"column":84}}],"line":11},"4":{"loc":{"start":{"line":20,"column":11},"end":{"line":26,"column":60}},"type":"binary-expr","locations":[{"start":{"line":20,"column":11},"end":{"line":20,"column":24}},{"start":{"line":21,"column":6},"end":{"line":21,"column":40}},{"start":{"line":22,"column":6},"end":{"line":22,"column":35}},{"start":{"line":23,"column":6},"end":{"line":23,"column":47}},{"start":{"line":24,"column":6},"end":{"line":24,"column":51}},{"start":{"line":25,"column":6},"end":{"line":25,"column":58}},{"start":{"line":26,"column":6},"end":{"line":26,"column":60}}],"line":20}},"s":{"0":40,"1":0,"2":40,"3":40,"4":22,"5":63,"6":59,"7":0,"8":54,"9":0,"10":0,"11":40,"12":4},"f":{"0":40,"1":22,"2":63,"3":59,"4":0,"5":54,"6":0,"7":0},"b":{"0":[0,40],"1":[40,40,40,40,40],"2":[40,0],"3":[40,0],"4":[0,0,0,0,0,0,0]},"_coverageSchema":"1a1c01bbd47fc00a2c39e90264f33305004495a9","hash":"34cd0e132072ee310e694e796156c289cd7bb610"}
,"C:\\Users\\thati\\Área de Trabalho\\UFSCAR\\master\\prjc\\jsdddsample-core\\js-dddsample\\src\\domain\\model\\cargo\\RouteSpecification.js": {"path":"C:\\Users\\thati\\Área de Trabalho\\UFSCAR\\master\\prjc\\jsdddsample-core\\js-dddsample\\src\\domain\\model\\cargo\\RouteSpecification.js","statementMap":{"0":{"start":{"line":3,"column":28},"end":{"line":3,"column":65}},"1":{"start":{"line":9,"column":2},"end":{"line":9,"column":53}},"2":{"start":{"line":9,"column":15},"end":{"line":9,"column":53}},"3":{"start":{"line":10,"column":2},"end":{"line":10,"column":63}},"4":{"start":{"line":10,"column":20},"end":{"line":10,"column":63}},"5":{"start":{"line":11,"column":2},"end":{"line":11,"column":72}},"6":{"start":{"line":11,"column":24},"end":{"line":11,"column":72}},"7":{"start":{"line":13,"column":20},"end":{"line":13,"column":97}},"8":{"start":{"line":16,"column":4},"end":{"line":19,"column":47}},"9":{"start":{"line":22,"column":32},"end":{"line":22,"column":46}},"10":{"start":{"line":23,"column":32},"end":{"line":23,"column":51}},"11":{"start":{"line":24,"column":32},"end":{"line":24,"column":49}},"12":{"start":{"line":27,"column":4},"end":{"line":31,"column":64}},"13":{"start":{"line":33,"column":27},"end":{"line":33,"column":53}},"14":{"start":{"line":35,"column":2},"end":{"line":35,"column":144}},"15":{"start":{"line":38,"column":0},"end":{"line":38,"column":36}}},"fnMap":{"0":{"name":"RouteSpecification","decl":{"start":{"line":8,"column":9},"end":{"line":8,"column":27}},"loc":{"start":{"line":8,"column":66},"end":{"line":36,"column":1}},"line":8},"1":{"name":"isSatisfiedBy","decl":{"start":{"line":15,"column":11},"end":{"line":15,"column":24}},"loc":{"start":{"line":15,"column":36},"end":{"line":20,"column":3}},"line":15},"2":{"name":"origin_","decl":{"start":{"line":22,"column":11},"end":{"line":22,"column":18}},"loc":{"start":{"line":22,"column":30},"end":{"line":22,"column":48}},"line":22},"3":{"name":"destination_","decl":{"start":{"line":23,"column":11},"end":{"line":23,"column":23}},"loc":{"start":{"line":23,"column":30},"end":{"line":23,"column":53}},"line":23},"4":{"name":"arrivalDeadline_","decl":{"start":{"line":24,"column":11},"end":{"line":24,"column":27}},"loc":{"start":{"line":24,"column":30},"end":{"line":24,"column":51}},"line":24},"5":{"name":"sameValueAs","decl":{"start":{"line":26,"column":11},"end":{"line":26,"column":22}},"loc":{"start":{"line":26,"column":30},"end":{"line":32,"column":3}},"line":26},"6":{"name":"equals","decl":{"start":{"line":33,"column":11},"end":{"line":33,"column":17}},"loc":{"start":{"line":33,"column":25},"end":{"line":33,"column":55}},"line":33}},"branchMap":{"0":{"loc":{"start":{"line":9,"column":2},"end":{"line":9,"column":53}},"type":"if","locations":[{"start":{"line":9,"column":2},"end":{"line":9,"column":53}},{"start":{},"end":{}}],"line":9},"1":{"loc":{"start":{"line":10,"column":2},"end":{"line":10,"column":63}},"type":"if","locations":[{"start":{"line":10,"column":2},"end":{"line":10,"column":63}},{"start":{},"end":{}}],"line":10},"2":{"loc":{"start":{"line":11,"column":2},"end":{"line":11,"column":72}},"type":"if","locations":[{"start":{"line":11,"column":2},"end":{"line":11,"column":72}},{"start":{},"end":{}}],"line":11},"3":{"loc":{"start":{"line":13,"column":20},"end":{"line":13,"column":97}},"type":"cond-expr","locations":[{"start":{"line":13,"column":54},"end":{"line":13,"column":69}},{"start":{"line":13,"column":72},"end":{"line":13,"column":97}}],"line":13},"4":{"loc":{"start":{"line":16,"column":11},"end":{"line":19,"column":46}},"type":"binary-expr","locations":[{"start":{"line":16,"column":11},"end":{"line":16,"column":28}},{"start":{"line":17,"column":6},"end":{"line":17,"column":65}},{"start":{"line":18,"column":6},"end":{"line":18,"column":66}},{"start":{"line":19,"column":6},"end":{"line":19,"column":46}}],"line":16},"5":{"loc":{"start":{"line":27,"column":11},"end":{"line":31,"column":63}},"type":"binary-expr","locations":[{"start":{"line":27,"column":11},"end":{"line":27,"column":24}},{"start":{"line":28,"column":6},"end":{"line":28,"column":40}},{"start":{"line":29,"column":6},"end":{"line":29,"column":43}},{"start":{"line":30,"column":6},"end":{"line":30,"column":53}},{"start":{"line":31,"column":6},"end":{"line":31,"column":63}}],"line":27}},"s":{"0":6,"1":34,"2":0,"3":34,"4":0,"5":34,"6":0,"7":34,"8":31,"9":40,"10":9,"11":4,"12":0,"13":0,"14":34,"15":6},"f":{"0":34,"1":31,"2":40,"3":9,"4":4,"5":0,"6":0},"b":{"0":[0,34],"1":[0,34],"2":[0,34],"3":[34,0],"4":[31,31,31,29],"5":[0,0,0,0,0]},"_coverageSchema":"1a1c01bbd47fc00a2c39e90264f33305004495a9","hash":"4469503afd6b59029226ab6110d70076ee4c5145"}
,"C:\\Users\\thati\\Área de Trabalho\\UFSCAR\\master\\prjc\\jsdddsample-core\\js-dddsample\\src\\domain\\model\\cargo\\RoutingStatus.js": {"path":"C:\\Users\\thati\\Área de Trabalho\\UFSCAR\\master\\prjc\\jsdddsample-core\\js-dddsample\\src\\domain\\model\\cargo\\RoutingStatus.js","statementMap":{"0":{"start":{"line":3,"column":22},"end":{"line":7,"column":2}},"1":{"start":{"line":9,"column":0},"end":{"line":9,"column":31}}},"fnMap":{},"branchMap":{},"s":{"0":6,"1":6},"f":{},"b":{},"_coverageSchema":"1a1c01bbd47fc00a2c39e90264f33305004495a9","hash":"ed569b880e6b1054a1cbb23e2f09a1b9717f980b"}
,"C:\\Users\\thati\\Área de Trabalho\\UFSCAR\\master\\prjc\\jsdddsample-core\\js-dddsample\\src\\domain\\model\\cargo\\TrackingId.js": {"path":"C:\\Users\\thati\\Área de Trabalho\\UFSCAR\\master\\prjc\\jsdddsample-core\\js-dddsample\\src\\domain\\model\\cargo\\TrackingId.js","statementMap":{"0":{"start":{"line":7,"column":2},"end":{"line":7,"column":76}},"1":{"start":{"line":7,"column":11},"end":{"line":7,"column":76}},"2":{"start":{"line":8,"column":14},"end":{"line":8,"column":24}},"3":{"start":{"line":10,"column":24},"end":{"line":10,"column":35}},"4":{"start":{"line":12,"column":4},"end":{"line":12,"column":93}},"5":{"start":{"line":14,"column":27},"end":{"line":14,"column":53}},"6":{"start":{"line":15,"column":24},"end":{"line":15,"column":35}},"7":{"start":{"line":17,"column":2},"end":{"line":17,"column":53}},"8":{"start":{"line":20,"column":0},"end":{"line":20,"column":28}}},"fnMap":{"0":{"name":"TrackingId","decl":{"start":{"line":6,"column":9},"end":{"line":6,"column":19}},"loc":{"start":{"line":6,"column":24},"end":{"line":18,"column":1}},"line":6},"1":{"name":"idString","decl":{"start":{"line":10,"column":11},"end":{"line":10,"column":19}},"loc":{"start":{"line":10,"column":22},"end":{"line":10,"column":37}},"line":10},"2":{"name":"sameValueAs","decl":{"start":{"line":11,"column":11},"end":{"line":11,"column":22}},"loc":{"start":{"line":11,"column":30},"end":{"line":13,"column":3}},"line":11},"3":{"name":"equals","decl":{"start":{"line":14,"column":11},"end":{"line":14,"column":17}},"loc":{"start":{"line":14,"column":25},"end":{"line":14,"column":55}},"line":14},"4":{"name":"toString","decl":{"start":{"line":15,"column":11},"end":{"line":15,"column":19}},"loc":{"start":{"line":15,"column":22},"end":{"line":15,"column":37}},"line":15}},"branchMap":{"0":{"loc":{"start":{"line":7,"column":2},"end":{"line":7,"column":76}},"type":"if","locations":[{"start":{"line":7,"column":2},"end":{"line":7,"column":76}},{"start":{},"end":{}}],"line":7},"1":{"loc":{"start":{"line":12,"column":11},"end":{"line":12,"column":92}},"type":"binary-expr","locations":[{"start":{"line":12,"column":11},"end":{"line":12,"column":24}},{"start":{"line":12,"column":28},"end":{"line":12,"column":64}},{"start":{"line":12,"column":68},"end":{"line":12,"column":92}}],"line":12}},"s":{"0":293,"1":0,"2":293,"3":290,"4":85,"5":0,"6":19,"7":293,"8":6},"f":{"0":293,"1":290,"2":85,"3":0,"4":19},"b":{"0":[0,293],"1":[85,85,85]},"_coverageSchema":"1a1c01bbd47fc00a2c39e90264f33305004495a9","hash":"70e848c1d599e7adde43d7b6bc848c01f641eb97"}
,"C:\\Users\\thati\\Área de Trabalho\\UFSCAR\\master\\prjc\\jsdddsample-core\\js-dddsample\\src\\domain\\model\\cargo\\TransportStatus.js": {"path":"C:\\Users\\thati\\Área de Trabalho\\UFSCAR\\master\\prjc\\jsdddsample-core\\js-dddsample\\src\\domain\\model\\cargo\\TransportStatus.js","statementMap":{"0":{"start":{"line":3,"column":24},"end":{"line":9,"column":2}},"1":{"start":{"line":11,"column":0},"end":{"line":11,"column":33}}},"fnMap":{},"branchMap":{},"s":{"0":6,"1":6},"f":{},"b":{},"_coverageSchema":"1a1c01bbd47fc00a2c39e90264f33305004495a9","hash":"46684dfed5763b5943f341cb45fca30d5cb84e81"}
,"C:\\Users\\thati\\Área de Trabalho\\UFSCAR\\master\\prjc\\jsdddsample-core\\js-dddsample\\src\\domain\\model\\handling\\HandlingEvent.js": {"path":"C:\\Users\\thati\\Área de Trabalho\\UFSCAR\\master\\prjc\\jsdddsample-core\\js-dddsample\\src\\domain\\model\\handling\\HandlingEvent.js","statementMap":{"0":{"start":{"line":3,"column":26},"end":{"line":3,"column":56}},"1":{"start":{"line":4,"column":15},"end":{"line":4,"column":42}},"2":{"start":{"line":10,"column":2},"end":{"line":10,"column":51}},"3":{"start":{"line":10,"column":14},"end":{"line":10,"column":51}},"4":{"start":{"line":11,"column":2},"end":{"line":11,"column":70}},"5":{"start":{"line":11,"column":23},"end":{"line":11,"column":70}},"6":{"start":{"line":12,"column":2},"end":{"line":12,"column":74}},"7":{"start":{"line":12,"column":25},"end":{"line":12,"column":74}},"8":{"start":{"line":13,"column":2},"end":{"line":13,"column":64}},"9":{"start":{"line":13,"column":13},"end":{"line":13,"column":64}},"10":{"start":{"line":14,"column":2},"end":{"line":14,"column":57}},"11":{"start":{"line":14,"column":17},"end":{"line":14,"column":57}},"12":{"start":{"line":16,"column":2},"end":{"line":18,"column":3}},"13":{"start":{"line":17,"column":4},"end":{"line":17,"column":70}},"14":{"start":{"line":19,"column":2},"end":{"line":21,"column":3}},"15":{"start":{"line":20,"column":4},"end":{"line":20,"column":74}},"16":{"start":{"line":23,"column":26},"end":{"line":23,"column":100}},"17":{"start":{"line":24,"column":26},"end":{"line":24,"column":106}},"18":{"start":{"line":25,"column":16},"end":{"line":25,"column":30}},"19":{"start":{"line":27,"column":14},"end":{"line":57,"column":3}},"20":{"start":{"line":28,"column":35},"end":{"line":28,"column":47}},"21":{"start":{"line":29,"column":35},"end":{"line":29,"column":65}},"22":{"start":{"line":30,"column":35},"end":{"line":30,"column":58}},"23":{"start":{"line":31,"column":35},"end":{"line":31,"column":60}},"24":{"start":{"line":32,"column":35},"end":{"line":32,"column":51}},"25":{"start":{"line":33,"column":35},"end":{"line":33,"column":48}},"26":{"start":{"line":36,"column":6},"end":{"line":36,"column":75}},"27":{"start":{"line":36,"column":62},"end":{"line":36,"column":75}},"28":{"start":{"line":37,"column":6},"end":{"line":37,"column":61}},"29":{"start":{"line":37,"column":48},"end":{"line":37,"column":61}},"30":{"start":{"line":38,"column":6},"end":{"line":38,"column":87}},"31":{"start":{"line":38,"column":74},"end":{"line":38,"column":87}},"32":{"start":{"line":39,"column":6},"end":{"line":39,"column":59}},"33":{"start":{"line":39,"column":46},"end":{"line":39,"column":59}},"34":{"start":{"line":40,"column":6},"end":{"line":40,"column":46}},"35":{"start":{"line":40,"column":33},"end":{"line":40,"column":46}},"36":{"start":{"line":42,"column":17},"end":{"line":42,"column":65}},"37":{"start":{"line":43,"column":19},"end":{"line":43,"column":33}},"38":{"start":{"line":44,"column":20},"end":{"line":46,"column":12}},"39":{"start":{"line":47,"column":6},"end":{"line":47,"column":30}},"40":{"start":{"line":50,"column":30},"end":{"line":50,"column":61}},"41":{"start":{"line":53,"column":14},"end":{"line":53,"column":143}},"42":{"start":{"line":54,"column":6},"end":{"line":54,"column":61}},"43":{"start":{"line":54,"column":19},"end":{"line":54,"column":61}},"44":{"start":{"line":55,"column":6},"end":{"line":55,"column":21}},"45":{"start":{"line":59,"column":2},"end":{"line":59,"column":15}},"46":{"start":{"line":62,"column":0},"end":{"line":62,"column":39}},"47":{"start":{"line":64,"column":0},"end":{"line":64,"column":31}}},"fnMap":{"0":{"name":"HandlingEvent","decl":{"start":{"line":9,"column":9},"end":{"line":9,"column":22}},"loc":{"start":{"line":9,"column":88},"end":{"line":60,"column":1}},"line":9},"1":{"name":"(anonymous_1)","decl":{"start":{"line":28,"column":22},"end":{"line":28,"column":23}},"loc":{"start":{"line":28,"column":33},"end":{"line":28,"column":49}},"line":28},"2":{"name":"(anonymous_2)","decl":{"start":{"line":29,"column":22},"end":{"line":29,"column":23}},"loc":{"start":{"line":29,"column":33},"end":{"line":29,"column":67}},"line":29},"3":{"name":"(anonymous_3)","decl":{"start":{"line":30,"column":22},"end":{"line":30,"column":23}},"loc":{"start":{"line":30,"column":33},"end":{"line":30,"column":60}},"line":30},"4":{"name":"(anonymous_4)","decl":{"start":{"line":31,"column":22},"end":{"line":31,"column":23}},"loc":{"start":{"line":31,"column":33},"end":{"line":31,"column":62}},"line":31},"5":{"name":"(anonymous_5)","decl":{"start":{"line":32,"column":22},"end":{"line":32,"column":23}},"loc":{"start":{"line":32,"column":33},"end":{"line":32,"column":53}},"line":32},"6":{"name":"(anonymous_6)","decl":{"start":{"line":33,"column":22},"end":{"line":33,"column":23}},"loc":{"start":{"line":33,"column":33},"end":{"line":33,"column":50}},"line":33},"7":{"name":"(anonymous_7)","decl":{"start":{"line":35,"column":17},"end":{"line":35,"column":18}},"loc":{"start":{"line":35,"column":33},"end":{"line":48,"column":5}},"line":35},"8":{"name":"(anonymous_8)","decl":{"start":{"line":50,"column":12},"end":{"line":50,"column":13}},"loc":{"start":{"line":50,"column":28},"end":{"line":50,"column":63}},"line":50},"9":{"name":"(anonymous_9)","decl":{"start":{"line":52,"column":14},"end":{"line":52,"column":15}},"loc":{"start":{"line":52,"column":25},"end":{"line":56,"column":5}},"line":52}},"branchMap":{"0":{"loc":{"start":{"line":10,"column":2},"end":{"line":10,"column":51}},"type":"if","locations":[{"start":{"line":10,"column":2},"end":{"line":10,"column":51}},{"start":{},"end":{}}],"line":10},"1":{"loc":{"start":{"line":11,"column":2},"end":{"line":11,"column":70}},"type":"if","locations":[{"start":{"line":11,"column":2},"end":{"line":11,"column":70}},{"start":{},"end":{}}],"line":11},"2":{"loc":{"start":{"line":12,"column":2},"end":{"line":12,"column":74}},"type":"if","locations":[{"start":{"line":12,"column":2},"end":{"line":12,"column":74}},{"start":{},"end":{}}],"line":12},"3":{"loc":{"start":{"line":13,"column":2},"end":{"line":13,"column":64}},"type":"if","locations":[{"start":{"line":13,"column":2},"end":{"line":13,"column":64}},{"start":{},"end":{}}],"line":13},"4":{"loc":{"start":{"line":14,"column":2},"end":{"line":14,"column":57}},"type":"if","locations":[{"start":{"line":14,"column":2},"end":{"line":14,"column":57}},{"start":{},"end":{}}],"line":14},"5":{"loc":{"start":{"line":16,"column":2},"end":{"line":18,"column":3}},"type":"if","locations":[{"start":{"line":16,"column":2},"end":{"line":18,"column":3}},{"start":{},"end":{}}],"line":16},"6":{"loc":{"start":{"line":16,"column":6},"end":{"line":16,"column":36}},"type":"binary-expr","locations":[{"start":{"line":16,"column":6},"end":{"line":16,"column":25}},{"start":{"line":16,"column":29},"end":{"line":16,"column":36}}],"line":16},"7":{"loc":{"start":{"line":19,"column":2},"end":{"line":21,"column":3}},"type":"if","locations":[{"start":{"line":19,"column":2},"end":{"line":21,"column":3}},{"start":{},"end":{}}],"line":19},"8":{"loc":{"start":{"line":19,"column":6},"end":{"line":19,"column":36}},"type":"binary-expr","locations":[{"start":{"line":19,"column":6},"end":{"line":19,"column":26}},{"start":{"line":19,"column":30},"end":{"line":19,"column":36}}],"line":19},"9":{"loc":{"start":{"line":23,"column":26},"end":{"line":23,"column":100}},"type":"cond-expr","locations":[{"start":{"line":23,"column":59},"end":{"line":23,"column":73}},{"start":{"line":23,"column":76},"end":{"line":23,"column":100}}],"line":23},"10":{"loc":{"start":{"line":24,"column":26},"end":{"line":24,"column":106}},"type":"cond-expr","locations":[{"start":{"line":24,"column":61},"end":{"line":24,"column":77}},{"start":{"line":24,"column":80},"end":{"line":24,"column":106}}],"line":24},"11":{"loc":{"start":{"line":25,"column":16},"end":{"line":25,"column":30}},"type":"binary-expr","locations":[{"start":{"line":25,"column":16},"end":{"line":25,"column":22}},{"start":{"line":25,"column":26},"end":{"line":25,"column":30}}],"line":25},"12":{"loc":{"start":{"line":29,"column":42},"end":{"line":29,"column":64}},"type":"binary-expr","locations":[{"start":{"line":29,"column":42},"end":{"line":29,"column":49}},{"start":{"line":29,"column":53},"end":{"line":29,"column":64}}],"line":29},"13":{"loc":{"start":{"line":36,"column":6},"end":{"line":36,"column":75}},"type":"if","locations":[{"start":{"line":36,"column":6},"end":{"line":36,"column":75}},{"start":{},"end":{}}],"line":36},"14":{"loc":{"start":{"line":36,"column":10},"end":{"line":36,"column":60}},"type":"binary-expr","locations":[{"start":{"line":36,"column":10},"end":{"line":36,"column":23}},{"start":{"line":36,"column":27},"end":{"line":36,"column":60}}],"line":36},"15":{"loc":{"start":{"line":37,"column":6},"end":{"line":37,"column":61}},"type":"if","locations":[{"start":{"line":37,"column":6},"end":{"line":37,"column":61}},{"start":{},"end":{}}],"line":37},"16":{"loc":{"start":{"line":38,"column":6},"end":{"line":38,"column":87}},"type":"if","locations":[{"start":{"line":38,"column":6},"end":{"line":38,"column":87}},{"start":{},"end":{}}],"line":38},"17":{"loc":{"start":{"line":39,"column":6},"end":{"line":39,"column":59}},"type":"if","locations":[{"start":{"line":39,"column":6},"end":{"line":39,"column":59}},{"start":{},"end":{}}],"line":39},"18":{"loc":{"start":{"line":40,"column":6},"end":{"line":40,"column":46}},"type":"if","locations":[{"start":{"line":40,"column":6},"end":{"line":40,"column":46}},{"start":{},"end":{}}],"line":40},"19":{"loc":{"start":{"line":42,"column":17},"end":{"line":42,"column":65}},"type":"cond-expr","locations":[{"start":{"line":42,"column":27},"end":{"line":42,"column":60}},{"start":{"line":42,"column":63},"end":{"line":42,"column":65}}],"line":42},"20":{"loc":{"start":{"line":44,"column":20},"end":{"line":46,"column":12}},"type":"cond-expr","locations":[{"start":{"line":45,"column":10},"end":{"line":45,"column":42}},{"start":{"line":46,"column":10},"end":{"line":46,"column":12}}],"line":44},"21":{"loc":{"start":{"line":44,"column":21},"end":{"line":44,"column":72}},"type":"binary-expr","locations":[{"start":{"line":44,"column":21},"end":{"line":44,"column":27}},{"start":{"line":44,"column":31},"end":{"line":44,"column":72}}],"line":44},"22":{"loc":{"start":{"line":54,"column":6},"end":{"line":54,"column":61}},"type":"if","locations":[{"start":{"line":54,"column":6},"end":{"line":54,"column":61}},{"start":{},"end":{}}],"line":54}},"s":{"0":5,"1":5,"2":46,"3":1,"4":45,"5":0,"6":45,"7":0,"8":45,"9":0,"10":45,"11":0,"12":45,"13":2,"14":43,"15":1,"16":42,"17":42,"18":42,"19":42,"20":113,"21":22,"22":161,"23":0,"24":73,"25":189,"26":93,"27":0,"28":93,"29":0,"30":93,"31":87,"32":6,"33":0,"34":6,"35":4,"36":2,"37":2,"38":2,"39":2,"40":0,"41":10,"42":10,"43":7,"44":10,"45":42,"46":5,"47":5},"f":{"0":46,"1":113,"2":22,"3":161,"4":0,"5":73,"6":189,"7":93,"8":0,"9":10},"b":{"0":[1,45],"1":[0,45],"2":[0,45],"3":[0,45],"4":[0,45],"5":[2,43],"6":[45,20],"7":[1,42],"8":[43,25],"9":[42,0],"10":[42,0],"11":[42,24],"12":[22,2],"13":[0,93],"14":[93,93],"15":[0,93],"16":[87,6],"17":[0,6],"18":[4,2],"19":[0,2],"20":[2,0],"21":[2,2],"22":[7,3]},"_coverageSchema":"1a1c01bbd47fc00a2c39e90264f33305004495a9","hash":"823fdc5257a2290d09be80608a0027d9adfded85"}
,"C:\\Users\\thati\\Área de Trabalho\\UFSCAR\\master\\prjc\\jsdddsample-core\\js-dddsample\\src\\domain\\model\\handling\\HandlingEventFactory.js": {"path":"C:\\Users\\thati\\Área de Trabalho\\UFSCAR\\master\\prjc\\jsdddsample-core\\js-dddsample\\src\\domain\\model\\handling\\HandlingEventFactory.js","statementMap":{"0":{"start":{"line":3,"column":22},"end":{"line":3,"column":48}},"1":{"start":{"line":9,"column":4},"end":{"line":9,"column":27}},"2":{"start":{"line":18,"column":16},"end":{"line":18,"column":48}},"3":{"start":{"line":19,"column":2},"end":{"line":19,"column":58}},"4":{"start":{"line":19,"column":14},"end":{"line":19,"column":58}},"5":{"start":{"line":20,"column":2},"end":{"line":20,"column":15}},"6":{"start":{"line":24,"column":2},"end":{"line":24,"column":33}},"7":{"start":{"line":24,"column":21},"end":{"line":24,"column":33}},"8":{"start":{"line":25,"column":17},"end":{"line":25,"column":52}},"9":{"start":{"line":26,"column":2},"end":{"line":26,"column":62}},"10":{"start":{"line":26,"column":15},"end":{"line":26,"column":62}},"11":{"start":{"line":27,"column":2},"end":{"line":27,"column":16}},"12":{"start":{"line":31,"column":19},"end":{"line":31,"column":52}},"13":{"start":{"line":32,"column":2},"end":{"line":32,"column":62}},"14":{"start":{"line":32,"column":17},"end":{"line":32,"column":62}},"15":{"start":{"line":33,"column":2},"end":{"line":33,"column":18}},"16":{"start":{"line":37,"column":2},"end":{"line":44,"column":3}},"17":{"start":{"line":38,"column":21},"end":{"line":38,"column":59}},"18":{"start":{"line":39,"column":21},"end":{"line":39,"column":63}},"19":{"start":{"line":40,"column":21},"end":{"line":40,"column":63}},"20":{"start":{"line":41,"column":4},"end":{"line":41,"column":103}},"21":{"start":{"line":43,"column":4},"end":{"line":43,"column":52}},"22":{"start":{"line":47,"column":0},"end":{"line":47,"column":41}}},"fnMap":{"0":{"name":"findCargo","decl":{"start":{"line":17,"column":9},"end":{"line":17,"column":18}},"loc":{"start":{"line":17,"column":48},"end":{"line":21,"column":1}},"line":17},"1":{"name":"findVoyage","decl":{"start":{"line":23,"column":9},"end":{"line":23,"column":19}},"loc":{"start":{"line":23,"column":52},"end":{"line":28,"column":1}},"line":23},"2":{"name":"findLocation","decl":{"start":{"line":30,"column":9},"end":{"line":30,"column":21}},"loc":{"start":{"line":30,"column":52},"end":{"line":34,"column":1}},"line":30},"3":{"name":"createHandlingEvent","decl":{"start":{"line":36,"column":9},"end":{"line":36,"column":28}},"loc":{"start":{"line":36,"column":160},"end":{"line":45,"column":1}},"line":36}},"branchMap":{"0":{"loc":{"start":{"line":19,"column":2},"end":{"line":19,"column":58}},"type":"if","locations":[{"start":{"line":19,"column":2},"end":{"line":19,"column":58}},{"start":{},"end":{}}],"line":19},"1":{"loc":{"start":{"line":24,"column":2},"end":{"line":24,"column":33}},"type":"if","locations":[{"start":{"line":24,"column":2},"end":{"line":24,"column":33}},{"start":{},"end":{}}],"line":24},"2":{"loc":{"start":{"line":26,"column":2},"end":{"line":26,"column":62}},"type":"if","locations":[{"start":{"line":26,"column":2},"end":{"line":26,"column":62}},{"start":{},"end":{}}],"line":26},"3":{"loc":{"start":{"line":32,"column":2},"end":{"line":32,"column":62}},"type":"if","locations":[{"start":{"line":32,"column":2},"end":{"line":32,"column":62}},{"start":{},"end":{}}],"line":32},"4":{"loc":{"start":{"line":41,"column":82},"end":{"line":41,"column":101}},"type":"binary-expr","locations":[{"start":{"line":41,"column":82},"end":{"line":41,"column":88}},{"start":{"line":41,"column":92},"end":{"line":41,"column":101}}],"line":41}},"s":{"0":1,"1":1,"2":10,"3":10,"4":0,"5":10,"6":10,"7":3,"8":7,"9":7,"10":0,"11":7,"12":10,"13":10,"14":0,"15":10,"16":10,"17":10,"18":10,"19":10,"20":10,"21":0,"22":1},"f":{"0":10,"1":10,"2":10,"3":10},"b":{"0":[0,10],"1":[3,7],"2":[0,7],"3":[0,10],"4":[10,3]},"_coverageSchema":"1a1c01bbd47fc00a2c39e90264f33305004495a9","hash":"13691190671fa035eeb8e6020e8d61eb2c49011c"}
,"C:\\Users\\thati\\Área de Trabalho\\UFSCAR\\master\\prjc\\jsdddsample-core\\js-dddsample\\src\\domain\\model\\handling\\HandlingEventType.js": {"path":"C:\\Users\\thati\\Área de Trabalho\\UFSCAR\\master\\prjc\\jsdddsample-core\\js-dddsample\\src\\domain\\model\\handling\\HandlingEventType.js","statementMap":{"0":{"start":{"line":7,"column":26},"end":{"line":30,"column":2}},"1":{"start":{"line":16,"column":14},"end":{"line":16,"column":37}},"2":{"start":{"line":17,"column":4},"end":{"line":17,"column":99}},"3":{"start":{"line":17,"column":37},"end":{"line":17,"column":99}},"4":{"start":{"line":18,"column":4},"end":{"line":18,"column":13}},"5":{"start":{"line":22,"column":4},"end":{"line":28,"column":6}},"6":{"start":{"line":32,"column":0},"end":{"line":32,"column":35}}},"fnMap":{"0":{"name":"(anonymous_0)","decl":{"start":{"line":15,"column":2},"end":{"line":15,"column":3}},"loc":{"start":{"line":15,"column":16},"end":{"line":19,"column":3}},"line":15},"1":{"name":"(anonymous_1)","decl":{"start":{"line":21,"column":2},"end":{"line":21,"column":3}},"loc":{"start":{"line":21,"column":11},"end":{"line":29,"column":3}},"line":21}},"branchMap":{"0":{"loc":{"start":{"line":17,"column":4},"end":{"line":17,"column":99}},"type":"if","locations":[{"start":{"line":17,"column":4},"end":{"line":17,"column":99}},{"start":{},"end":{}}],"line":17},"1":{"loc":{"start":{"line":17,"column":8},"end":{"line":17,"column":35}},"type":"binary-expr","locations":[{"start":{"line":17,"column":8},"end":{"line":17,"column":10}},{"start":{"line":17,"column":14},"end":{"line":17,"column":35}}],"line":17}},"s":{"0":6,"1":0,"2":0,"3":0,"4":0,"5":0,"6":6},"f":{"0":0,"1":0},"b":{"0":[0,0],"1":[0,0]},"_coverageSchema":"1a1c01bbd47fc00a2c39e90264f33305004495a9","hash":"d3b7975fe5fd55905d386a8cc7d1f7d621a9dd6f"}
,"C:\\Users\\thati\\Área de Trabalho\\UFSCAR\\master\\prjc\\jsdddsample-core\\js-dddsample\\src\\domain\\model\\handling\\HandlingHistory.js": {"path":"C:\\Users\\thati\\Área de Trabalho\\UFSCAR\\master\\prjc\\jsdddsample-core\\js-dddsample\\src\\domain\\model\\handling\\HandlingHistory.js","statementMap":{"0":{"start":{"line":7,"column":2},"end":{"line":7,"column":71}},"1":{"start":{"line":7,"column":23},"end":{"line":7,"column":71}},"2":{"start":{"line":8,"column":18},"end":{"line":8,"column":37}},"3":{"start":{"line":11,"column":19},"end":{"line":11,"column":21}},"4":{"start":{"line":12,"column":4},"end":{"line":14,"column":5}},"5":{"start":{"line":13,"column":6},"end":{"line":13,"column":64}},"6":{"start":{"line":13,"column":28},"end":{"line":13,"column":45}},"7":{"start":{"line":13,"column":48},"end":{"line":13,"column":64}},"8":{"start":{"line":15,"column":4},"end":{"line":15,"column":94}},"9":{"start":{"line":15,"column":33},"end":{"line":15,"column":92}},"10":{"start":{"line":19,"column":21},"end":{"line":19,"column":53}},"11":{"start":{"line":20,"column":4},"end":{"line":20,"column":72}},"12":{"start":{"line":24,"column":21},"end":{"line":24,"column":90}},"13":{"start":{"line":24,"column":42},"end":{"line":24,"column":89}},"14":{"start":{"line":25,"column":4},"end":{"line":25,"column":37}},"15":{"start":{"line":29,"column":4},"end":{"line":29,"column":91}},"16":{"start":{"line":29,"column":78},"end":{"line":29,"column":91}},"17":{"start":{"line":30,"column":15},"end":{"line":30,"column":53}},"18":{"start":{"line":31,"column":15},"end":{"line":31,"column":47}},"19":{"start":{"line":32,"column":4},"end":{"line":32,"column":46}},"20":{"start":{"line":32,"column":33},"end":{"line":32,"column":46}},"21":{"start":{"line":33,"column":4},"end":{"line":33,"column":47}},"22":{"start":{"line":33,"column":30},"end":{"line":33,"column":45}},"23":{"start":{"line":35,"column":27},"end":{"line":35,"column":53}},"24":{"start":{"line":37,"column":2},"end":{"line":37,"column":108}},"25":{"start":{"line":40,"column":0},"end":{"line":40,"column":44}},"26":{"start":{"line":42,"column":0},"end":{"line":42,"column":33}}},"fnMap":{"0":{"name":"HandlingHistory","decl":{"start":{"line":6,"column":9},"end":{"line":6,"column":24}},"loc":{"start":{"line":6,"column":41},"end":{"line":38,"column":1}},"line":6},"1":{"name":"distinctEventsByCompletionTime","decl":{"start":{"line":10,"column":11},"end":{"line":10,"column":41}},"loc":{"start":{"line":10,"column":44},"end":{"line":16,"column":3}},"line":10},"2":{"name":"(anonymous_2)","decl":{"start":{"line":13,"column":23},"end":{"line":13,"column":24}},"loc":{"start":{"line":13,"column":28},"end":{"line":13,"column":45}},"line":13},"3":{"name":"(anonymous_3)","decl":{"start":{"line":15,"column":23},"end":{"line":15,"column":24}},"loc":{"start":{"line":15,"column":33},"end":{"line":15,"column":92}},"line":15},"4":{"name":"mostRecentlyCompletedEvent","decl":{"start":{"line":18,"column":11},"end":{"line":18,"column":37}},"loc":{"start":{"line":18,"column":40},"end":{"line":21,"column":3}},"line":18},"5":{"name":"filterOnCargo","decl":{"start":{"line":23,"column":11},"end":{"line":23,"column":24}},"loc":{"start":{"line":23,"column":37},"end":{"line":26,"column":3}},"line":23},"6":{"name":"(anonymous_6)","decl":{"start":{"line":24,"column":36},"end":{"line":24,"column":37}},"loc":{"start":{"line":24,"column":42},"end":{"line":24,"column":89}},"line":24},"7":{"name":"sameValueAs","decl":{"start":{"line":28,"column":11},"end":{"line":28,"column":22}},"loc":{"start":{"line":28,"column":30},"end":{"line":34,"column":3}},"line":28},"8":{"name":"(anonymous_8)","decl":{"start":{"line":33,"column":20},"end":{"line":33,"column":21}},"loc":{"start":{"line":33,"column":30},"end":{"line":33,"column":45}},"line":33},"9":{"name":"equals","decl":{"start":{"line":35,"column":11},"end":{"line":35,"column":17}},"loc":{"start":{"line":35,"column":25},"end":{"line":35,"column":55}},"line":35}},"branchMap":{"0":{"loc":{"start":{"line":7,"column":2},"end":{"line":7,"column":71}},"type":"if","locations":[{"start":{"line":7,"column":2},"end":{"line":7,"column":71}},{"start":{},"end":{}}],"line":7},"1":{"loc":{"start":{"line":13,"column":6},"end":{"line":13,"column":64}},"type":"if","locations":[{"start":{"line":13,"column":6},"end":{"line":13,"column":64}},{"start":{},"end":{}}],"line":13},"2":{"loc":{"start":{"line":20,"column":11},"end":{"line":20,"column":71}},"type":"cond-expr","locations":[{"start":{"line":20,"column":35},"end":{"line":20,"column":39}},{"start":{"line":20,"column":42},"end":{"line":20,"column":71}}],"line":20},"3":{"loc":{"start":{"line":29,"column":4},"end":{"line":29,"column":91}},"type":"if","locations":[{"start":{"line":29,"column":4},"end":{"line":29,"column":91}},{"start":{},"end":{}}],"line":29},"4":{"loc":{"start":{"line":29,"column":8},"end":{"line":29,"column":76}},"type":"binary-expr","locations":[{"start":{"line":29,"column":8},"end":{"line":29,"column":14}},{"start":{"line":29,"column":18},"end":{"line":29,"column":76}}],"line":29},"5":{"loc":{"start":{"li
[...]
,"C:\\Users\\thati\\Área de Trabalho\\UFSCAR\\master\\prjc\\jsdddsample-core\\js-dddsample\\src\\infrastructure\\persistence\\inmemory\\VoyageRepositoryInMem.js": {"path":"C:\\Users\\thati\\Área de Trabalho\\UFSCAR\\master\\prjc\\jsdddsample-core\\js-dddsample\\src\\infrastructure\\persistence\\inmemory\\VoyageRepositoryInMem.js","statementMap":{"0":{"start":{"line":3,"column":22},"end":{"line":3,"column":63}},"1":{"start":{"line":9,"column":17},"end":{"line":9,"column":26}},"2":{"start":{"line":10,"column":2},"end":{"line":12,"column":3}},"3":{"start":{"line":11,"column":4},"end":{"line":11,"column":47}},"4":{"start":{"line":15,"column":4},"end":{"line":15,"column":55}},"5":{"start":{"line":19,"column":4},"end":{"line":19,"column":57}},"6":{"start":{"line":22,"column":2},"end":{"line":22,"column":25}},"7":{"start":{"line":25,"column":0},"end":{"line":25,"column":39}}},"fnMap":{"0":{"name":"VoyageRepositoryInMem","decl":{"start":{"line":8,"column":9},"end":{"line":8,"column":30}},"loc":{"start":{"line":8,"column":33},"end":{"line":23,"column":1}},"line":8},"1":{"name":"find","decl":{"start":{"line":14,"column":11},"end":{"line":14,"column":15}},"loc":{"start":{"line":14,"column":30},"end":{"line":16,"column":3}},"line":14},"2":{"name":"store","decl":{"start":{"line":18,"column":11},"end":{"line":18,"column":16}},"loc":{"start":{"line":18,"column":25},"end":{"line":20,"column":3}},"line":18}},"branchMap":{"0":{"loc":{"start":{"line":15,"column":11},"end":{"line":15,"column":54}},"type":"binary-expr","locations":[{"start":{"line":15,"column":11},"end":{"line":15,"column":46}},{"start":{"line":15,"column":50},"end":{"line":15,"column":54}}],"line":15}},"s":{"0":2,"1":10,"2":10,"3":150,"4":17,"5":0,"6":10,"7":2},"f":{"0":10,"1":17,"2":0},"b":{"0":[17,0]},"_coverageSchema":"1a1c01bbd47fc00a2c39e90264f33305004495a9","hash":"3cf770e0838b7e0b5d073ca8e0ab399ea3a6684c"}
,"C:\\Users\\thati\\Área de Trabalho\\UFSCAR\\master\\prjc\\jsdddsample-core\\js-dddsample\\src\\infrastructure\\routing\\ExternalRoutingService.js": {"path":"C:\\Users\\thati\\Área de Trabalho\\UFSCAR\\master\\prjc\\jsdddsample-core\\js-dddsample\\src\\infrastructure\\routing\\ExternalRoutingService.js","statementMap":{"0":{"start":{"line":3,"column":21},"end":{"line":3,"column":66}},"1":{"start":{"line":4,"column":21},"end":{"line":4,"column":60}},"2":{"start":{"line":5,"column":21},"end":{"line":5,"column":70}},"3":{"start":{"line":6,"column":21},"end":{"line":6,"column":68}},"4":{"start":{"line":19,"column":20},"end":{"line":19,"column":66}},"5":{"start":{"line":20,"column":20},"end":{"line":20,"column":68}},"6":{"start":{"line":21,"column":20},"end":{"line":21,"column":66}},"7":{"start":{"line":22,"column":2},"end":{"line":22,"column":53}},"8":{"start":{"line":22,"column":41},"end":{"line":22,"column":53}},"9":{"start":{"line":23,"column":2},"end":{"line":23,"column":69}},"10":{"start":{"line":27,"column":2},"end":{"line":35,"column":3}},"11":{"start":{"line":28,"column":17},"end":{"line":30,"column":22}},"12":{"start":{"line":29,"column":16},"end":{"line":29,"column":62}},"13":{"start":{"line":31,"column":4},"end":{"line":31,"column":39}},"14":{"start":{"line":31,"column":27},"end":{"line":31,"column":39}},"15":{"start":{"line":32,"column":4},"end":{"line":32,"column":27}},"16":{"start":{"line":34,"column":4},"end":{"line":34,"column":16}},"17":{"start":{"line":39,"column":22},"end":{"line":39,"column":49}},"18":{"start":{"line":40,"column":22},"end":{"line":40,"column":54}},"19":{"start":{"line":41,"column":23},"end":{"line":45,"column":3}},"20":{"start":{"line":46,"column":2},"end":{"line":49,"column":56}},"21":{"start":{"line":47,"column":15},"end":{"line":47,"column":68}},"22":{"start":{"line":48,"column":18},"end":{"line":48,"column":29}},"23":{"start":{"line":49,"column":18},"end":{"line":49,"column":54}},"24":{"start":{"line":52,"column":0},"end":{"line":52,"column":49}}},"fnMap":{"0":{"name":"toLeg","decl":{"start":{"line":18,"column":9},"end":{"line":18,"column":14}},"loc":{"start":{"line":18,"column":59},"end":{"line":24,"column":1}},"line":18},"1":{"name":"toItinerary","decl":{"start":{"line":26,"column":9},"end":{"line":26,"column":20}},"loc":{"start":{"line":26,"column":72},"end":{"line":36,"column":1}},"line":26},"2":{"name":"(anonymous_2)","decl":{"start":{"line":29,"column":11},"end":{"line":29,"column":12}},"loc":{"start":{"line":29,"column":16},"end":{"line":29,"column":62}},"line":29},"3":{"name":"fetchRoutesForSpecification","decl":{"start":{"line":38,"column":9},"end":{"line":38,"column":36}},"loc":{"start":{"line":38,"column":118},"end":{"line":50,"column":1}},"line":38},"4":{"name":"(anonymous_4)","decl":{"start":{"line":47,"column":9},"end":{"line":47,"column":10}},"loc":{"start":{"line":47,"column":15},"end":{"line":47,"column":68}},"line":47},"5":{"name":"(anonymous_5)","decl":{"start":{"line":48,"column":12},"end":{"line":48,"column":13}},"loc":{"start":{"line":48,"column":18},"end":{"line":48,"column":29}},"line":48},"6":{"name":"(anonymous_6)","decl":{"start":{"line":49,"column":12},"end":{"line":49,"column":13}},"loc":{"start":{"line":49,"column":18},"end":{"line":49,"column":54}},"line":49}},"branchMap":{"0":{"loc":{"start":{"line":22,"column":2},"end":{"line":22,"column":53}},"type":"if","locations":[{"start":{"line":22,"column":2},"end":{"line":22,"column":53}},{"start":{},"end":{}}],"line":22},"1":{"loc":{"start":{"line":22,"column":6},"end":{"line":22,"column":39}},"type":"binary-expr","locations":[{"start":{"line":22,"column":6},"end":{"line":22,"column":13}},{"start":{"line":22,"column":17},"end":{"line":22,"column":25}},{"start":{"line":22,"column":29},"end":{"line":22,"column":39}}],"line":22},"2":{"loc":{"start":{"line":31,"column":4},"end":{"line":31,"column":39}},"type":"if","locations":[{"start":{"line":31,"column":4},"end":{"line":31,"column":39}},{"start":{},"end":{}}],"line":31}},"s":{"0":2,"1":2,"2":2,"3":2,"4":10,"5":10,"6":10,"7":10,"8":0,"9":10,"10":3,"11":3,"12":10,"13":3,"14":0,"15":3,"16":0,"17":1,"18":1,"19":1,"20":1,"21":3,"22":3,"23":3,"24":2},"f":{"0":10,"1":3,"2":10,"3":1,"4":3,"5":3,"6":3},"b":{"0":[0,10],"1":[10,10,10],"2":[0,3]},"_coverageSchema":"1a1c01bbd47fc00a2c39e90264f33305004495a9","hash":"b58f7576b249b9f9a40d57d1202e1708d5a686ee"}
,"C:\\Users\\thati\\Área de Trabalho\\UFSCAR\\master\\prjc\\jsdddsample-core\\js-dddsample\\src\\infrastructure\\routing\\GraphDAOStub.js": {"path":"C:\\Users\\thati\\Área de Trabalho\\UFSCAR\\master\\prjc\\jsdddsample-core\\js-dddsample\\src\\infrastructure\\routing\\GraphDAOStub.js","statementMap":{"0":{"start":{"line":3,"column":18},"end":{"line":5,"column":1}},"1":{"start":{"line":6,"column":23},"end":{"line":6,"column":64}},"2":{"start":{"line":14,"column":2},"end":{"line":14,"column":24}},"3":{"start":{"line":18,"column":2},"end":{"line":18,"column":75}},"4":{"start":{"line":21,"column":0},"end":{"line":21,"column":50}}},"fnMap":{"0":{"name":"listAllNodes","decl":{"start":{"line":13,"column":9},"end":{"line":13,"column":21}},"loc":{"start":{"line":13,"column":24},"end":{"line":15,"column":1}},"line":13},"1":{"name":"getTransitEdge","decl":{"start":{"line":17,"column":9},"end":{"line":17,"column":23}},"loc":{"start":{"line":17,"column":34},"end":{"line":19,"column":1}},"line":17}},"branchMap":{},"s":{"0":2,"1":2,"2":1,"3":10,"4":2},"f":{"0":1,"1":10},"b":{},"_coverageSchema":"1a1c01bbd47fc00a2c39e90264f33305004495a9","hash":"ab14532596f4b16a849f2416ef6afd46b38566d6"}
,"C:\\Users\\thati\\Área de Trabalho\\UFSCAR\\master\\prjc\\jsdddsample-core\\js-dddsample\\src\\infrastructure\\routing\\GraphTraversalService.js": {"path":"C:\\Users\\thati\\Área de Trabalho\\UFSCAR\\master\\prjc\\jsdddsample-core\\js-dddsample\\src\\infrastructure\\routing\\GraphTraversalService.js","statementMap":{"0":{"start":{"line":12,"column":17},"end":{"line":12,"column":79}},"1":{"start":{"line":13,"column":2},"end":{"line":13,"column":43}},"2":{"start":{"line":17,"column":19},"end":{"line":17,"column":64}},"3":{"start":{"line":17,"column":44},"end":{"line":17,"column":63}},"4":{"start":{"line":18,"column":16},"end":{"line":18,"column":89}},"5":{"start":{"line":19,"column":2},"end":{"line":19,"column":34}},"6":{"start":{"line":23,"column":22},"end":{"line":23,"column":95}},"7":{"start":{"line":23,"column":53},"end":{"line":23,"column":94}},"8":{"start":{"line":24,"column":25},"end":{"line":24,"column":58}},"9":{"start":{"line":25,"column":21},"end":{"line":25,"column":23}},"10":{"start":{"line":27,"column":2},"end":{"line":42,"column":3}},"11":{"start":{"line":27,"column":15},"end":{"line":27,"column":16}},"12":{"start":{"line":28,"column":18},"end":{"line":28,"column":42}},"13":{"start":{"line":29,"column":18},"end":{"line":29,"column":20}},"14":{"start":{"line":30,"column":19},"end":{"line":30,"column":29}},"15":{"start":{"line":31,"column":15},"end":{"line":31,"column":25}},"16":{"start":{"line":33,"column":4},"end":{"line":40,"column":5}},"17":{"start":{"line":33,"column":17},"end":{"line":33,"column":18}},"18":{"start":{"line":34,"column":21},"end":{"line":34,"column":67}},"19":{"start":{"line":35,"column":23},"end":{"line":35,"column":37}},"20":{"start":{"line":36,"column":23},"end":{"line":36,"column":41}},"21":{"start":{"line":37,"column":6},"end":{"line":37,"column":101}},"22":{"start":{"line":38,"column":6},"end":{"line":38,"column":24}},"23":{"start":{"line":39,"column":6},"end":{"line":39,"column":30}},"24":{"start":{"line":41,"column":4},"end":{"line":41,"column":45}},"25":{"start":{"line":43,"column":2},"end":{"line":43,"column":20}},"26":{"start":{"line":46,"column":0},"end":{"line":46,"column":38}}},"fnMap":{"0":{"name":"nextDate","decl":{"start":{"line":11,"column":9},"end":{"line":11,"column":17}},"loc":{"start":{"line":11,"column":24},"end":{"line":14,"column":1}},"line":11},"1":{"name":"randomChunk","decl":{"start":{"line":16,"column":9},"end":{"line":16,"column":20}},"loc":{"start":{"line":16,"column":31},"end":{"line":20,"column":1}},"line":16},"2":{"name":"(anonymous_2)","decl":{"start":{"line":17,"column":38},"end":{"line":17,"column":39}},"loc":{"start":{"line":17,"column":44},"end":{"line":17,"column":63}},"line":17},"3":{"name":"findShortestPath","decl":{"start":{"line":22,"column":9},"end":{"line":22,"column":25}},"loc":{"start":{"line":22,"column":73},"end":{"line":44,"column":1}},"line":22},"4":{"name":"(anonymous_4)","decl":{"start":{"line":23,"column":48},"end":{"line":23,"column":49}},"loc":{"start":{"line":23,"column":53},"end":{"line":23,"column":94}},"line":23}},"branchMap":{"0":{"loc":{"start":{"line":18,"column":16},"end":{"line":18,"column":89}},"type":"cond-expr","locations":[{"start":{"line":18,"column":38},"end":{"line":18,"column":71}},{"start":{"line":18,"column":74},"end":{"line":18,"column":89}}],"line":18},"1":{"loc":{"start":{"line":23,"column":53},"end":{"line":23,"column":94}},"type":"binary-expr","locations":[{"start":{"line":23,"column":53},"end":{"line":23,"column":69}},{"start":{"line":23,"column":73},"end":{"line":23,"column":94}}],"line":23},"2":{"loc":{"start":{"line":34,"column":21},"end":{"line":34,"column":67}},"type":"cond-expr","locations":[{"start":{"line":34,"column":41},"end":{"line":34,"column":56}},{"start":{"line":34,"column":59},"end":{"line":34,"column":67}}],"line":34}},"s":{"0":30,"1":30,"2":3,"3":69,"4":3,"5":3,"6":1,"7":13,"8":1,"9":1,"10":1,"11":1,"12":3,"13":3,"14":3,"15":3,"16":3,"17":3,"18":10,"19":10,"20":10,"21":10,"22":10,"23":10,"24":3,"25":1,"26":2},"f":{"0":30,"1":3,"2":69,"3":1,"4":13},"b":{"0":[3,0],"1":[13,12],"2":[3,7]},"_coverageSchema":"1a1c01bbd47fc00a2c39e90264f33305004495a9","hash":"54955ec315d8db7bbd6c0f379a28bb557532f5a5"}
,"C:\\Users\\thati\\Área de Trabalho\\UFSCAR\\master\\prjc\\jsdddsample-core\\js-dddsample\\src\\infrastructure\\sampledata\\SampleLocations.js": {"path":"C:\\Users\\thati\\Área de Trabalho\\UFSCAR\\master\\prjc\\jsdddsample-core\\js-dddsample\\src\\infrastructure\\sampledata\\SampleLocations.js","statementMap":{"0":{"start":{"line":3,"column":17},"end":{"line":3,"column":64}},"1":{"start":{"line":4,"column":17},"end":{"line":4,"column":64}},"2":{"start":{"line":6,"column":18},"end":{"line":6,"column":57}},"3":{"start":{"line":7,"column":18},"end":{"line":7,"column":58}},"4":{"start":{"line":8,"column":18},"end":{"line":8,"column":58}},"5":{"start":{"line":9,"column":18},"end":{"line":9,"column":57}},"6":{"start":{"line":10,"column":18},"end":{"line":10,"column":56}},"7":{"start":{"line":11,"column":18},"end":{"line":11,"column":54}},"8":{"start":{"line":12,"column":18},"end":{"line":12,"column":56}},"9":{"start":{"line":13,"column":18},"end":{"line":13,"column":57}},"10":{"start":{"line":14,"column":18},"end":{"line":14,"column":58}},"11":{"start":{"line":15,"column":19},"end":{"line":15,"column":58}},"12":{"start":{"line":16,"column":18},"end":{"line":16,"column":57}},"13":{"start":{"line":17,"column":18},"end":{"line":17,"column":57}},"14":{"start":{"line":18,"column":18},"end":{"line":18,"column":55}},"15":{"start":{"line":20,"column":12},"end":{"line":34,"column":2}},"16":{"start":{"line":36,"column":0},"end":{"line":42,"column":2}},"17":{"start":{"line":40,"column":16},"end":{"line":40,"column":33}},"18":{"start":{"line":41,"column":24},"end":{"line":41,"column":60}}},"fnMap":{"0":{"name":"(anonymous_0)","decl":{"start":{"line":40,"column":10},"end":{"line":40,"column":11}},"loc":{"start":{"line":40,"column":16},"end":{"line":40,"column":33}},"line":40},"1":{"name":"(anonymous_1)","decl":{"start":{"line":41,"column":10},"end":{"line":41,"column":11}},"loc":{"start":{"line":41,"column":24},"end":{"line":41,"column":60}},"line":41}},"branchMap":{"0":{"loc":{"start":{"line":41,"column":24},"end":{"line":41,"column":60}},"type":"binary-expr","locations":[{"start":{"line":41,"column":24},"end":{"line":41,"column":52}},{"start":{"line":41,"column":56},"end":{"line":41,"column":60}}],"line":41}},"s":{"0":6,"1":6,"2":6,"3":6,"4":6,"5":6,"6":6,"7":6,"8":6,"9":6,"10":6,"11":6,"12":6,"13":6,"14":6,"15":6,"16":6,"17":10,"18":0},"f":{"0":10,"1":0},"b":{"0":[0,0]},"_coverageSchema":"1a1c01bbd47fc00a2c39e90264f33305004495a9","hash":"c1d1b2c94514a2766ed0072945935575763f22fe"}
,"C:\\Users\\thati\\Área de Trabalho\\UFSCAR\\master\\prjc\\jsdddsample-core\\js-dddsample\\src\\infrastructure\\sampledata\\SampleVoyages.js": {"path":"C:\\Users\\thati\\Área de Trabalho\\UFSCAR\\master\\prjc\\jsdddsample-core\\js-dddsample\\src\\infrastructure\\sampledata\\SampleVoyages.js","statementMap":{"0":{"start":{"line":3,"column":15},"end":{"line":3,"column":58}},"1":{"start":{"line":4,"column":21},"end":{"line":4,"column":70}},"2":{"start":{"line":8,"column":4},"end":{"line":8,"column":32}},"3":{"start":{"line":11,"column":2},"end":{"line":11,"column":47}},"4":{"start":{"line":15,"column":14},"end":{"line":15,"column":75}},"5":{"start":{"line":15,"column":70},"end":{"line":15,"column":72}},"6":{"start":{"line":16,"column":14},"end":{"line":16,"column":75}},"7":{"start":{"line":16,"column":70},"end":{"line":16,"column":72}},"8":{"start":{"line":17,"column":14},"end":{"line":17,"column":75}},"9":{"start":{"line":17,"column":70},"end":{"line":17,"column":72}},"10":{"start":{"line":18,"column":14},"end":{"line":18,"column":75}},"11":{"start":{"line":18,"column":70},"end":{"line":18,"column":72}},"12":{"start":{"line":19,"column":14},"end":{"line":19,"column":75}},"13":{"start":{"line":19,"column":70},"end":{"line":19,"column":72}},"14":{"start":{"line":20,"column":14},"end":{"line":20,"column":75}},"15":{"start":{"line":20,"column":70},"end":{"line":20,"column":72}},"16":{"start":{"line":23,"column":13},"end":{"line":26,"column":10}},"17":{"start":{"line":28,"column":13},"end":{"line":32,"column":10}},"18":{"start":{"line":34,"column":13},"end":{"line":39,"column":10}},"19":{"start":{"line":41,"column":13},"end":{"line":45,"column":10}},"20":{"start":{"line":48,"column":29},"end":{"line":53,"column":10}},"21":{"start":{"line":55,"column":27},"end":{"line":58,"column":10}},"22":{"start":{"line":60,"column":27},"end":{"line":64,"column":10}},"23":{"start":{"line":66,"column":31},"end":{"line":68,"column":10}},"24":{"start":{"line":70,"column":29},"end":{"line":74,"column":10}},"25":{"start":{"line":76,"column":12},"end":{"line":76,"column":21}},"26":{"start":{"line":77,"column":0},"end":{"line":80,"column":1}},"27":{"start":{"line":79,"column":2},"end":{"line":79,"column":42}},"28":{"start":{"line":82,"column":0},"end":{"line":90,"column":2}},"29":{"start":{"line":87,"column":16},"end":{"line":87,"column":33}},"30":{"start":{"line":88,"column":28},"end":{"line":88,"column":68}}},"fnMap":{"0":{"name":"toDate","decl":{"start":{"line":10,"column":9},"end":{"line":10,"column":15}},"loc":{"start":{"line":10,"column":44},"end":{"line":12,"column":1}},"line":10},"1":{"name":"(anonymous_1)","decl":{"start":{"line":15,"column":64},"end":{"line":15,"column":65}},"loc":{"start":{"line":15,"column":70},"end":{"line":15,"column":72}},"line":15},"2":{"name":"(anonymous_2)","decl":{"start":{"line":16,"column":64},"end":{"line":16,"column":65}},"loc":{"start":{"line":16,"column":70},"end":{"line":16,"column":72}},"line":16},"3":{"name":"(anonymous_3)","decl":{"start":{"line":17,"column":64},"end":{"line":17,"column":65}},"loc":{"start":{"line":17,"column":70},"end":{"line":17,"column":72}},"line":17},"4":{"name":"(anonymous_4)","decl":{"start":{"line":18,"column":64},"end":{"line":18,"column":65}},"loc":{"start":{"line":18,"column":70},"end":{"line":18,"column":72}},"line":18},"5":{"name":"(anonymous_5)","decl":{"start":{"line":19,"column":64},"end":{"line":19,"column":65}},"loc":{"start":{"line":19,"column":70},"end":{"line":19,"column":72}},"line":19},"6":{"name":"(anonymous_6)","decl":{"start":{"line":20,"column":64},"end":{"line":20,"column":65}},"loc":{"start":{"line":20,"column":70},"end":{"line":20,"column":72}},"line":20},"7":{"name":"(anonymous_7)","decl":{"start":{"line":87,"column":10},"end":{"line":87,"column":11}},"loc":{"start":{"line":87,"column":16},"end":{"line":87,"column":33}},"line":87},"8":{"name":"(anonymous_8)","decl":{"start":{"line":88,"column":10},"end":{"line":88,"column":11}},"loc":{"start":{"line":88,"column":28},"end":{"line":88,"column":68}},"line":88}},"branchMap":{"0":{"loc":{"start":{"line":10,"column":25},"end":{"line":10,"column":42}},"type":"default-arg","locations":[{"start":{"line":10,"column":35},"end":{"line":10,"column":42}}],"line":10},"1":{"loc":{"start":{"line":88,"column":28},"end":{"line":88,"column":68}},"type":"binary-expr","locations":[{"start":{"line":88,"column":28},"end":{"line":88,"column":60}},{"start":{"line":88,"column":64},"end":{"line":88,"column":68}}],"line":88}},"s":{"0":6,"1":6,"2":6,"3":300,"4":6,"5":6,"6":6,"7":6,"8":6,"9":6,"10":6,"11":6,"12":6,"13":6,"14":6,"15":6,"16":6,"17":6,"18":6,"19":6,"20":6,"21":6,"22":6,"23":6,"24":6,"25":6,"26":6,"27":90,"28":6,"29":10,"30":0},"f":{"0":300,"1":6,"2":6,"3":6,"4":6,"5":6,"6":6,"7":10,"8":0},"b":{"0":[144],"1":[0,0]},"_coverageSchema":"1a1c01bbd47fc00a2c39e90264f33305004495a9","hash":"470de042c0825f742b57b5769660f8439f1e3766"}
}
