TN:
SF:src\application\BookingService.js
FN:10,bookNewCargo
FN:17,requestPossibleRoutesForCargo
FN:23,assignCargoToRoute
FN:31,changeDestination
FNF:4
FNH:4
FNDA:9,bookNewCargo
FNDA:2,requestPossibleRoutesForCargo
FNDA:4,assignCargoToRoute
FNDA:3,changeDestination
DA:3,2
DA:11,9
DA:12,9
DA:13,9
DA:14,9
DA:18,2
DA:19,2
DA:20,1
DA:24,4
DA:25,4
DA:26,4
DA:27,4
DA:28,4
DA:32,3
DA:33,3
DA:34,3
DA:37,3
DA:38,3
DA:39,3
DA:42,2
LF:20
LH:20
BRDA:19,0,0,1
BRDA:19,0,1,1
BRDA:25,1,0,0
BRDA:25,1,1,4
BRF:4
BRH:3
end_of_record
TN:
SF:src\application\CargoInspectionService.js
FN:8,inspectCargo
FNF:1
FNH:1
FNDA:10,inspectCargo
DA:9,10
DA:10,10
DA:11,10
DA:12,0
DA:13,0
DA:15,10
DA:16,10
DA:18,10
DA:19,1
DA:21,10
DA:22,1
DA:24,10
DA:27,1
LF:13
LH:11
BRDA:9,0,0,0
BRDA:9,0,1,10
BRDA:11,1,0,0
BRDA:11,1,1,10
BRDA:18,2,0,1
BRDA:18,2,1,9
BRDA:21,3,0,1
BRDA:21,3,1,9
BRF:8
BRH:6
end_of_record
TN:
SF:src\application\HandlingEventService.js
FN:7,registerHandlingEvent
FNF:1
FNH:1
FNDA:10,registerHandlingEvent
DA:8,10
DA:9,10
DA:12,10
DA:13,10
DA:14,10
DA:17,1
LF:6
LH:6
BRF:0
BRH:0
end_of_record
TN:
SF:src\domain\model\cargo\Cargo.js
FN:9,Cargo
FN:22,trackingId_
FN:23,origin
FN:24,delivery
FN:25,itinerary_
FN:26,routeSpecification_
FN:28,specifyNewRoute
FN:34,assignToRoute
FN:40,deriveDeliveryProgress
FN:45,sameIdentityAs
FN:48,equals
FN:49,toString
FNF:12
FNH:9
FNDA:30,Cargo
FNDA:247,trackingId_
FNDA:6,origin
FNDA:59,delivery
FNDA:0,itinerary_
FNDA:5,routeSpecification_
FNDA:5,specifyNewRoute
FNDA:11,assignToRoute
FNDA:15,deriveDeliveryProgress
FNDA:95,sameIdentityAs
FNDA:0,equals
FNDA:0,toString
DA:3,6
DA:4,6
DA:10,30
DA:11,29
DA:13,28
DA:15,28
DA:16,28
DA:18,28
DA:19,28
DA:20,28
DA:22,247
DA:23,6
DA:24,59
DA:25,0
DA:26,5
DA:29,5
DA:30,5
DA:31,5
DA:35,11
DA:36,11
DA:37,11
DA:41,15
DA:46,95
DA:48,0
DA:49,0
DA:51,28
DA:54,6
LF:27
LH:24
BRDA:10,0,0,1
BRDA:10,0,1,29
BRDA:11,1,0,1
BRDA:11,1,1,28
BRDA:15,2,0,28
BRDA:15,2,1,0
BRDA:19,3,0,28
BRDA:19,3,1,28
BRDA:29,4,0,0
BRDA:29,4,1,5
BRDA:35,5,0,0
BRDA:35,5,1,11
BRDA:46,6,0,95
BRDA:46,6,1,95
BRDA:46,6,2,95
BRF:15
BRH:12
end_of_record
TN:
SF:src\domain\model\cargo\CargoFactory.js
FN:11,createCargo
FNF:1
FNH:1
FNDA:9,createCargo
DA:3,2
DA:4,2
DA:12,9
DA:13,9
DA:14,9
DA:15,9
DA:16,9
DA:19,2
LF:8
LH:8
BRF:0
BRH:0
end_of_record
TN:
SF:src\domain\model\cargo\Delivery.js
FN:14,Delivery
FN:17,calcTransportStatus
FN:29,calcLastKnownLocation
FN:33,calcCurrentVoyage
FN:38,calcMisdirected
FN:43,calcRoutingStatus
FN:55,onTrack
FN:59,calcEta
FN:63,calcNextExpectedActivity
FN:99,calcUnloadedAtDestination
FN:110,transportStatus
FN:111,lastKnownLocation
FN:112,currentVoyage
FN:113,isMisdirected
FN:114,estimatedTimeOfArrival
FN:115,nextExpectedActivity
FN:116,isUnloadedAtDestination
FN:117,routingStatus
FN:118,calculatedAt
FN:120,updateOnRouting
FN:125,sameValueAs
FN:132,equals
FN:137,(anonymous_22)
FNF:23
FNH:20
FNDA:59,Delivery
FNDA:59,calcTransportStatus
FNDA:59,calcLastKnownLocation
FNDA:59,calcCurrentVoyage
FNDA:59,calcMisdirected
FNDA:59,calcRoutingStatus
FNDA:118,onTrack
FNDA:59,calcEta
FNDA:59,calcNextExpectedActivity
FNDA:59,calcUnloadedAtDestination
FNDA:14,transportStatus
FNDA:3,lastKnownLocation
FNDA:3,currentVoyage
FNDA:17,isMisdirected
FNDA:2,estimatedTimeOfArrival
FNDA:1,nextExpectedActivity
FNDA:12,isUnloadedAtDestination
FNDA:7,routingStatus
FNDA:0,calculatedAt
FNDA:16,updateOnRouting
FNDA:0,sameValueAs
FNDA:0,equals
FNDA:43,(anonymous_22)
DA:3,6
DA:4,6
DA:5,6
DA:6,6
DA:7,6
DA:8,6
DA:18,59
DA:19,15
DA:20,6
DA:23,7
DA:24,2
DA:25,0
DA:30,59
DA:34,59
DA:39,59
DA:40,15
DA:44,59
DA:45,28
DA:48,59
DA:49,59
DA:50,59
DA:51,59
DA:52,59
DA:53,59
DA:56,118
DA:60,59
DA:64,59
DA:65,24
DA:66,11
DA:68,13
DA:69,13
DA:71,4
DA:72,7
DA:73,4
DA:76,0
DA:79,4
DA:80,8
DA:81,4
DA:82,2
DA:83,2
DA:85,2
DA:88,0
DA:91,3
DA:92,3
DA:95,2
DA:100,59
DA:105,59
DA:106,59
DA:107,59
DA:110,14
DA:111,3
DA:112,3
DA:113,17
DA:114,2
DA:115,1
DA:116,12
DA:117,7
DA:118,0
DA:121,16
DA:122,16
DA:126,0
DA:127,0
DA:132,0
DA:134,59
DA:137,6
DA:138,43
DA:139,43
DA:140,43
DA:141,43
DA:144,6
LF:70
LH:63
BRDA:18,0,0,44
BRDA:18,0,1,15
BRDA:19,1,0,6
BRDA:19,1,1,4
BRDA:19,1,2,7
BRDA:19,1,3,7
BRDA:19,1,4,2
BRDA:19,1,5,0
BRDA:30,2,0,15
BRDA:30,2,1,44
BRDA:34,3,0,6
BRDA:34,3,1,53
BRDA:34,4,0,59
BRDA:34,4,1,6
BRDA:39,5,0,44
BRDA:39,5,1,15
BRDA:39,6,0,59
BRDA:39,6,1,15
BRDA:44,7,0,31
BRDA:44,7,1,28
BRDA:45,8,0,26
BRDA:45,8,1,2
BRDA:56,9,0,118
BRDA:56,9,1,52
BRDA:60,10,0,24
BRDA:60,10,1,35
BRDA:64,11,0,35
BRDA:64,11,1,24
BRDA:65,12,0,11
BRDA:65,12,1,13
BRDA:69,13,0,4
BRDA:69,13,1,4
BRDA:69,13,2,3
BRDA:69,13,3,2
BRDA:72,14,0,4
BRDA:72,14,1,3
BRDA:80,15,0,4
BRDA:80,15,1,4
BRDA:81,16,0,2
BRDA:81,16,1,2
BRDA:100,17,0,59
BRDA:100,17,1,15
BRDA:100,17,2,4
BRDA:111,18,0,3
BRDA:111,18,1,0
BRDA:112,19,0,3
BRDA:112,19,1,0
BRDA:114,20,0,2
BRDA:114,20,1,1
BRDA:115,21,0,1
BRDA:115,21,1,0
BRDA:121,22,0,0
BRDA:121,22,1,16
BRDA:126,23,0,0
BRDA:126,23,1,0
BRDA:126,24,0,0
BRDA:126,24,1,0
BRDA:127,25,0,0
BRDA:127,25,1,0
BRDA:127,25,2,0
BRDA:127,25,3,0
BRDA:138,26,0,0
BRDA:138,26,1,43
BRDA:139,27,0,0
BRDA:139,27,1,43
BRF:65
BRH:50
end_of_record
TN:
SF:src\domain\model\cargo\HandlingActivity.js
FN:6,HandlingActivity
FN:8,type_
FN:9,location_
FN:10,voyage_
FN:12,sameValueAs
FN:18,equals
FNF:6
FNH:3
FNDA:22,HandlingActivity
FNDA:1,type_
FNDA:1,location_
FNDA:0,voyage_
FNDA:0,sameValueAs
FNDA:0,equals
DA:8,1
DA:9,1
DA:10,0
DA:13,0
DA:18,0
DA:20,22
DA:23,6
LF:7
LH:4
BRDA:10,0,0,0
BRDA:10,0,1,0
BRDA:13,1,0,0
BRDA:13,1,1,0
BRDA:13,1,2,0
BRDA:13,1,3,0
BRF:6
BRH:0
end_of_record
TN:
SF:src\domain\model\cargo\Itinerary.js
FN:11,Itinerary
FN:16,lastLeg
FN:20,legs_
FN:21,initialDepartureLocation
FN:22,finalArrivalLocation
FN:23,finalArrivalDate
FN:25,isExpected
FN:32,(anonymous_7)
FN:38,(anonymous_8)
FN:49,sameValueAs
FN:53,(anonymous_10)
FN:55,equals
FNF:12
FNH:9
FNDA:20,Itinerary
FNDA:144,lastLeg
FNDA:13,legs_
FNDA:32,initialDepartureLocation
FNDA:32,finalArrivalLocation
FNDA:54,finalArrivalDate
FNDA:23,isExpected
FNDA:14,(anonymous_7)
FNDA:9,(anonymous_8)
FNDA:0,sameValueAs
FNDA:0,(anonymous_10)
FNDA:0,equals
DA:3,4
DA:4,4
DA:6,4
DA:12,20
DA:13,19
DA:14,18
DA:17,144
DA:20,13
DA:21,32
DA:22,32
DA:23,54
DA:26,23
DA:27,23
DA:28,23
DA:29,5
DA:31,18
DA:32,8
DA:33,14
DA:37,10
DA:38,5
DA:39,9
DA:43,5
DA:44,4
DA:46,1
DA:50,0
DA:51,0
DA:52,0
DA:53,0
DA:55,0
DA:57,18
DA:60,4
DA:62,4
LF:32
LH:27
BRDA:12,0,0,1
BRDA:12,0,1,19
BRDA:13,1,0,1
BRDA:13,1,1,18
BRDA:17,2,0,0
BRDA:17,2,1,144
BRDA:21,3,0,0
BRDA:21,3,1,32
BRDA:22,4,0,0
BRDA:22,4,1,32
BRDA:23,5,0,54
BRDA:23,5,1,0
BRDA:26,6,0,0
BRDA:26,6,1,23
BRDA:28,7,0,5
BRDA:28,7,1,18
BRDA:31,8,0,8
BRDA:31,8,1,10
BRDA:33,9,0,14
BRDA:33,9,1,8
BRDA:37,10,0,5
BRDA:37,10,1,5
BRDA:39,11,0,9
BRDA:39,11,1,5
BRDA:43,12,0,4
BRDA:43,12,1,1
BRDA:50,13,0,0
BRDA:50,13,1,0
BRDA:50,14,0,0
BRDA:50,14,1,0
BRDA:52,15,0,0
BRDA:52,15,1,0
BRF:32
BRH:21
end_of_record
TN:
SF:src\domain\model\cargo\Leg.js
FN:6,Leg
FN:13,voyage_
FN:14,loadLocation_
FN:15,unloadLocation_
FN:16,loadTime_
FN:17,unloadTime_
FN:19,sameValueAs
FN:28,equals
FNF:8
FNH:5
FNDA:42,Leg
FNDA:22,voyage_
FNDA:63,loadLocation_
FNDA:59,unloadLocation_
FNDA:0,loadTime_
FNDA:54,unloadTime_
FNDA:0,sameValueAs
FNDA:0,equals
DA:7,42
DA:8,0
DA:10,42
DA:11,42
DA:13,22
DA:14,63
DA:15,59
DA:16,0
DA:17,54
DA:20,0
DA:28,0
DA:30,42
DA:33,4
LF:13
LH:9
BRDA:7,0,0,0
BRDA:7,0,1,42
BRDA:7,1,0,42
BRDA:7,1,1,42
BRDA:7,1,2,42
BRDA:7,1,3,42
BRDA:7,1,4,42
BRDA:10,2,0,42
BRDA:10,2,1,0
BRDA:11,3,0,42
BRDA:11,3,1,0
BRDA:20,4,0,0
BRDA:20,4,1,0
BRDA:20,4,2,0
BRDA:20,4,3,0
BRDA:20,4,4,0
BRDA:20,4,5,0
BRDA:20,4,6,0
BRF:18
BRH:8
end_of_record
TN:
SF:src\domain\model\cargo\RouteSpecification.js
FN:8,RouteSpecification
FN:15,isSatisfiedBy
FN:22,origin_
FN:23,destination_
FN:24,arrivalDeadline_
FN:26,sameValueAs
FN:33,equals
FNF:7
FNH:5
FNDA:34,RouteSpecification
FNDA:31,isSatisfiedBy
FNDA:40,origin_
FNDA:9,destination_
FNDA:4,arrivalDeadline_
FNDA:0,sameValueAs
FNDA:0,equals
DA:3,6
DA:9,34
DA:10,34
DA:11,34
DA:13,34
DA:16,31
DA:22,40
DA:23,9
DA:24,4
DA:27,0
DA:33,0
DA:35,34
DA:38,6
LF:13
LH:11
BRDA:9,0,0,0
BRDA:9,0,1,34
BRDA:10,1,0,0
BRDA:10,1,1,34
BRDA:11,2,0,0
BRDA:11,2,1,34
BRDA:13,3,0,34
BRDA:13,3,1,0
BRDA:16,4,0,31
BRDA:16,4,1,31
BRDA:16,4,2,31
BRDA:16,4,3,29
BRDA:27,5,0,0
BRDA:27,5,1,0
BRDA:27,5,2,0
BRDA:27,5,3,0
BRDA:27,5,4,0
BRF:17
BRH:8
end_of_record
TN:
SF:src\domain\model\cargo\RoutingStatus.js
FNF:0
FNH:0
DA:3,6
DA:9,6
LF:2
LH:2
BRF:0
BRH:0
end_of_record
TN:
SF:src\domain\model\cargo\TrackingId.js
FN:6,TrackingId
FN:10,idString
FN:11,sameValueAs
FN:14,equals
FN:15,toString
FNF:5
FNH:4
FNDA:293,TrackingId
FNDA:290,idString
FNDA:85,sameValueAs
FNDA:0,equals
FNDA:19,toString
DA:7,293
DA:8,293
DA:10,290
DA:12,85
DA:14,0
DA:15,19
DA:17,293
DA:20,6
LF:8
LH:7
BRDA:7,0,0,0
BRDA:7,0,1,293
BRDA:12,1,0,85
BRDA:12,1,1,85
BRDA:12,1,2,85
BRF:5
BRH:4
end_of_record
TN:
SF:src\domain\model\cargo\TransportStatus.js
FNF:0
FNH:0
DA:3,6
DA:11,6
LF:2
LH:2
BRF:0
BRH:0
end_of_record
TN:
SF:src\domain\model\handling\HandlingEvent.js
FN:9,HandlingEvent
FN:28,(anonymous_1)
FN:29,(anonymous_2)
FN:30,(anonymous_3)
FN:31,(anonymous_4)
FN:32,(anonymous_5)
FN:33,(anonymous_6)
FN:35,(anonymous_7)
FN:50,(anonymous_8)
FN:52,(anonymous_9)
FNF:10
FNH:8
FNDA:46,HandlingEvent
FNDA:113,(anonymous_1)
FNDA:22,(anonymous_2)
FNDA:161,(anonymous_3)
FNDA:0,(anonymous_4)
FNDA:73,(anonymous_5)
FNDA:189,(anonymous_6)
FNDA:93,(anonymous_7)
FNDA:0,(anonymous_8)
FNDA:10,(anonymous_9)
DA:3,5
DA:4,5
DA:10,46
DA:11,45
DA:12,45
DA:13,45
DA:14,45
DA:16,45
DA:17,2
DA:19,43
DA:20,1
DA:23,42
DA:24,42
DA:25,42
DA:27,42
DA:28,113
DA:29,22
DA:30,161
DA:31,0
DA:32,73
DA:33,189
DA:36,93
DA:37,93
DA:38,93
DA:39,6
DA:40,6
DA:42,2
DA:43,2
DA:44,2
DA:47,2
DA:50,0
DA:53,10
DA:54,10
DA:55,10
DA:59,42
DA:62,5
DA:64,5
LF:37
LH:35
BRDA:10,0,0,1
BRDA:10,0,1,45
BRDA:11,1,0,0
BRDA:11,1,1,45
BRDA:12,2,0,0
BRDA:12,2,1,45
BRDA:13,3,0,0
BRDA:13,3,1,45
BRDA:14,4,0,0
BRDA:14,4,1,45
BRDA:16,5,0,2
BRDA:16,5,1,43
BRDA:16,6,0,45
BRDA:16,6,1,20
BRDA:19,7,0,1
BRDA:19,7,1,42
BRDA:19,8,0,43
BRDA:19,8,1,25
BRDA:23,9,0,42
BRDA:23,9,1,0
BRDA:24,10,0,42
BRDA:24,10,1,0
BRDA:25,11,0,42
BRDA:25,11,1,24
BRDA:29,12,0,22
BRDA:29,12,1,2
BRDA:36,13,0,0
BRDA:36,13,1,93
BRDA:36,14,0,93
BRDA:36,14,1,93
BRDA:37,15,0,0
BRDA:37,15,1,93
BRDA:38,16,0,87
BRDA:38,16,1,6
BRDA:39,17,0,0
BRDA:39,17,1,6
BRDA:40,18,0,4
BRDA:40,18,1,2
BRDA:42,19,0,0
BRDA:42,19,1,2
BRDA:44,20,0,2
BRDA:44,20,1,0
BRDA:44,21,0,2
BRDA:44,21,1,2
BRDA:54,22,0,7
BRDA:54,22,1,3
BRF:46
BRH:35
end_of_record
TN:
SF:src\domain\model\handling\HandlingEventFactory.js
FN:17,findCargo
FN:23,findVoyage
FN:30,findLocation
FN:36,createHandlingEvent
FNF:4
FNH:4
FNDA:10,findCargo
FNDA:10,findVoyage
FNDA:10,findLocation
FNDA:10,createHandlingEvent
DA:3,1
DA:9,1
DA:18,10
DA:19,10
DA:20,10
DA:24,10
DA:25,7
DA:26,7
DA:27,7
DA:31,10
DA:32,10
DA:33,10
DA:37,10
DA:38,10
DA:39,10
DA:40,10
DA:41,10
DA:43,0
DA:47,1
LF:19
LH:18
BRDA:19,0,0,0
BRDA:19,0,1,10
BRDA:24,1,0,3
BRDA:24,1,1,7
BRDA:26,2,0,0
BRDA:26,2,1,7
BRDA:32,3,0,0
BRDA:32,3,1,10
BRDA:41,4,0,10
BRDA:41,4,1,3
BRF:10
BRH:7
end_of_record
TN:
SF:src\domain\model\handling\HandlingEventType.js
FN:15,(anonymous_0)
FN:21,(anonymous_1)
FNF:2
FNH:0
FNDA:0,(anonymous_0)
FNDA:0,(anonymous_1)
DA:7,6
DA:16,0
DA:17,0
DA:18,0
DA:22,0
DA:32,6
LF:6
LH:2
BRDA:17,0,0,0
BRDA:17,0,1,0
BRDA:17,1,0,0
BRDA:17,1,1,0
BRF:4
BRH:0
end_of_record
TN:
SF:src\domain\model\handling\HandlingHistory.js
FN:6,HandlingHistory
FN:10,distinctEventsByCompletionTime
FN:13,(anonymous_2)
FN:15,(anonymous_3)
FN:18,mostRecentlyCompletedEvent
FN:23,filterOnCargo
FN:24,(anonymous_6)
FN:28,sameValueAs
FN:33,(anonymous_8)
FN:35,equals
FNF:10
FNH:7
FNDA:41,HandlingHistory
FNDA:50,distinctEventsByCompletionTime
FNDA:90,(anonymous_2)
FNDA:34,(anonymous_3)
FNDA:46,mostRecentlyCompletedEvent
FNDA:16,filterOnCargo
FNDA:46,(anonymous_6)
FNDA:0,sameValueAs
FNDA:0,(anonymous_8)
FNDA:0,equals
DA:7,41
DA:8,41
DA:11,50
DA:12,50
DA:13,90
DA:15,50
DA:19,46
DA:20,46
DA:24,46
DA:25,16
DA:29,0
DA:30,0
DA:31,0
DA:32,0
DA:33,0
DA:35,0
DA:37,41
DA:40,6
DA:42,6
LF:19
LH:13
BRDA:7,0,0,0
BRDA:7,0,1,41
BRDA:13,1,0,52
BRDA:13,1,1,1
BRDA:20,2,0,29
BRDA:20,2,1,17
BRDA:29,3,0,0
BRDA:29,3,1,0
BRDA:29,4,0,0
BRDA:29,4,1,0
BRDA:32,5,0,0
BRDA:32,5,1,0
BRF:12
BRH:5
end_of_record
TN:
SF:src\domain\model\handling\exceptions.js
FN:4,(anonymous_0)
FN:11,(anonymous_1)
FN:18,(anonymous_2)
FN:25,(anonymous_3)
FNF:4
FNH:0
FNDA:0,(anonymous_0)
FNDA:0,(anonymous_1)
FNDA:0,(anonymous_2)
FNDA:0,(anonymous_3)
DA:5,0
DA:6,0
DA:12,0
DA:13,0
DA:19,0
DA:20,0
DA:26,0
DA:27,0
DA:28,0
DA:32,1
LF:10
LH:1
BRDA:26,0,0,0
BRDA:26,0,1,0
BRDA:26,1,0,0
BRDA:26,1,1,0
BRF:4
BRH:0
end_of_record
TN:
SF:src\domain\model\location\Location.js
FN:8,Location
FN:11,unLocode_
FN:12,name_
FN:13,code
FN:15,sameIdentityAs
FN:18,equals
FN:19,toString
FNF:7
FNH:6
FNDA:84,Location
FNDA:210,unLocode_
FNDA:0,name_
FNDA:129,code
FNDA:129,sameIdentityAs
FNDA:24,equals
FNDA:13,toString
DA:3,6
DA:9,84
DA:11,210
DA:12,0
DA:13,129
DA:16,129
DA:18,24
DA:19,13
DA:21,84
DA:24,6
DA:26,6
LF:11
LH:10
BRDA:9,0,0,84
BRDA:9,0,1,0
BRDA:16,1,0,129
BRDA:16,1,1,129
BRDA:16,1,2,129
BRF:5
BRH:4
end_of_record
TN:
SF:src\domain\model\location\UnLocode.js
FN:8,UnLocode
FN:15,idString
FN:16,sameValueAs
FN:19,equals
FN:20,toString
FNF:5
FNH:2
FNDA:349,UnLocode
FNDA:349,idString
FNDA:0,sameValueAs
FNDA:0,equals
FNDA:0,toString
DA:3,6
DA:9,349
DA:10,349
DA:11,0
DA:13,349
DA:15,349
DA:17,0
DA:19,0
DA:20,0
DA:22,349
DA:25,6
LF:11
LH:7
BRDA:9,0,0,0
BRDA:9,0,1,349
BRDA:10,1,0,0
BRDA:10,1,1,349
BRDA:17,2,0,0
BRDA:17,2,1,0
BRDA:17,2,2,0
BRF:7
BRH:2
end_of_record
TN:
SF:src\domain\model\voyage\CarrierMovement.js
FN:6,CarrierMovement
FN:13,departureLocation_
FN:14,arrivalLocation_
FN:15,departureTime_
FN:16,arrivalTime_
FN:18,sameValueAs
FN:26,equals
FNF:7
FNH:1
FNDA:150,CarrierMovement
FNDA:0,departureLocation_
FNDA:0,arrivalLocation_
FNDA:0,departureTime_
FNDA:0,arrivalTime_
FNDA:0,sameValueAs
FNDA:0,equals
DA:7,150
DA:8,0
DA:10,150
DA:11,150
DA:13,0
DA:14,0
DA:15,0
DA:16,0
DA:19,0
DA:26,0
DA:28,150
DA:31,6
LF:12
LH:5
BRDA:7,0,0,0
BRDA:7,0,1,150
BRDA:7,1,0,150
BRDA:7,1,1,150
BRDA:7,1,2,150
BRDA:7,1,3,150
BRDA:10,2,0,0
BRDA:10,2,1,150
BRDA:11,3,0,150
BRDA:11,3,1,0
BRDA:19,4,0,0
BRDA:19,4,1,0
BRDA:19,4,2,0
BRDA:19,4,3,0
BRDA:19,4,4,0
BRDA:19,4,5,0
BRF:16
BRH:7
end_of_record
TN:
SF:src\domain\model\voyage\Schedule.js
FN:6,Schedule
FN:10,carrierMovements_
FN:11,sameValueAs
FN:15,(anonymous_3)
FN:17,equals
FNF:5
FNH:2
FNDA:60,Schedule
FNDA:60,carrierMovements_
FNDA:0,sameValueAs
FNDA:0,(anonymous_3)
FNDA:0,equals
DA:7,60
DA:8,60
DA:10,60
DA:12,0
DA:13,0
DA:14,0
DA:15,0
DA:17,0
DA:19,60
DA:22,6
DA:24,6
LF:11
LH:6
BRDA:7,0,0,0
BRDA:7,0,1,60
BRDA:12,1,0,0
BRDA:12,1,1,0
BRDA:12,2,0,0
BRDA:12,2,1,0
BRDA:14,3,0,0
BRDA:14,3,1,0
BRF:8
BRH:1
end_of_record
TN:
SF:src\domain\model\voyage\Voyage.js
FN:10,Voyage
FN:16,voyageNumber_
FN:17,schedule_
FN:18,sameIdentityAs
FN:21,equals
FN:22,toString
FN:32,VoyageBuilder
FN:38,addMovement
FN:44,build
FNF:9
FNH:7
FNDA:96,Voyage
FNDA:265,voyageNumber_
FNDA:0,schedule_
FNDA:13,sameIdentityAs
FNDA:5,equals
FNDA:0,toString
FNDA:54,VoyageBuilder
FNDA:150,addMovement
FNDA:54,build
DA:3,6
DA:4,6
DA:5,6
DA:11,96
DA:12,96
DA:13,96
DA:14,96
DA:16,265
DA:17,0
DA:19,13
DA:21,5
DA:22,0
DA:24,96
DA:27,6
DA:33,54
DA:34,54
DA:35,54
DA:36,54
DA:39,150
DA:40,150
DA:41,150
DA:45,54
DA:48,54
DA:49,54
DA:52,6
DA:54,6
LF:26
LH:24
BRDA:11,0,0,0
BRDA:11,0,1,96
BRDA:12,1,0,0
BRDA:12,1,1,96
BRDA:13,2,0,96
BRDA:13,2,1,0
BRDA:14,3,0,96
BRDA:14,3,1,0
BRDA:19,4,0,13
BRDA:19,4,1,13
BRDA:19,4,2,13
BRDA:33,5,0,0
BRDA:33,5,1,54
BRDA:34,6,0,0
BRDA:34,6,1,54
BRF:15
BRH:9
end_of_record
TN:
SF:src\domain\model\voyage\VoyageNumber.js
FN:6,VoyageNumber
FN:10,idString
FN:11,sameValueAs
FN:14,equals
FN:15,toString
FNF:5
FNH:3
FNDA:380,VoyageNumber
FNDA:373,idString
FNDA:0,sameValueAs
FNDA:0,equals
FNDA:7,toString
DA:7,380
DA:8,380
DA:10,373
DA:12,0
DA:14,0
DA:15,7
DA:17,380
DA:20,6
LF:8
LH:6
BRDA:7,0,0,0
BRDA:7,0,1,380
BRDA:7,1,0,380
BRDA:7,1,1,380
BRDA:12,2,0,0
BRDA:12,2,1,0
BRDA:12,2,2,0
BRF:7
BRH:3
end_of_record
TN:
SF:src\domain\shared\Specification.js
FN:7,withCombinators
FN:8,(anonymous_1)
FN:8,(anonymous_2)
FN:9,(anonymous_3)
FN:9,(anonymous_4)
FN:10,(anonymous_5)
FN:10,(anonymous_6)
FN:18,Specification
FNF:8
FNH:8
FNDA:53,withCombinators
FNDA:7,(anonymous_1)
FNDA:7,(anonymous_2)
FNDA:5,(anonymous_3)
FNDA:5,(anonymous_4)
FNDA:3,(anonymous_5)
FNDA:3,(anonymous_6)
FNDA:4,Specification
DA:8,53
DA:9,53
DA:10,53
DA:11,53
DA:19,4
DA:22,7
LF:6
LH:6
BRDA:8,0,0,7
BRDA:8,0,1,5
BRDA:9,1,0,5
BRDA:9,1,1,2
BRF:4
BRH:4
end_of_record
TN:
SF:src\infrastructure\messaging\SynchronousApplicationEvents.js
FN:11,createRef
FN:15,setCargoInspectionService
FN:19,cargoWasHandled
FN:23,cargoWasMisdirected
FN:27,cargoHasArrived
FN:31,receivedHandlingEventRegistrationAttempt
FNF:6
FNH:5
FNDA:3,createRef
FNDA:3,setCargoInspectionService
FNDA:10,cargoWasHandled
FNDA:1,cargoWasMisdirected
FNDA:1,cargoHasArrived
FNDA:0,receivedHandlingEventRegistrationAttempt
DA:12,3
DA:16,3
DA:20,10
DA:24,1
DA:28,1
DA:35,1
LF:6
LH:6
BRF:0
BRH:0
end_of_record
TN:
SF:src\infrastructure\persistence\inmemory\CargoRepositoryInMem.js
FN:9,CargoRepositoryInMem
FN:12,find
FN:16,store
FN:20,getAll
FN:24,nextTrackingId
FNF:5
FNH:4
FNDA:10,CargoRepositoryInMem
FNDA:45,find
FNDA:26,store
FNDA:0,getAll
FNDA:9,nextTrackingId
DA:3,2
DA:4,2
DA:10,10
DA:13,45
DA:17,26
DA:21,0
DA:25,9
DA:28,10
DA:31,2
LF:9
LH:8
BRDA:13,0,0,45
BRDA:13,0,1,1
BRF:2
BRH:2
end_of_record
TN:
SF:src\infrastructure\persistence\inmemory\HandlingEventRepositoryInMem.js
FN:8,HandlingEventRepositoryInMem
FN:11,store
FN:15,lookupHandlingHistoryOfCargo
FN:16,(anonymous_3)
FNF:4
FNH:4
FNDA:3,HandlingEventRepositoryInMem
FNDA:10,store
FNDA:10,lookupHandlingHistoryOfCargo
FNDA:39,(anonymous_3)
DA:3,1
DA:9,3
DA:12,10
DA:16,39
DA:17,10
DA:20,3
DA:23,1
LF:7
LH:7
BRF:0
BRH:0
end_of_record
TN:
SF:src\infrastructure\persistence\inmemory\LocationRepositoryInMem.js
FN:8,LocationRepositoryInMem
FN:14,find
FN:18,getAll
FN:22,store
FNF:4
FNH:2
FNDA:10,LocationRepositoryInMem
FNDA:55,find
FNDA:0,getAll
FNDA:0,store
DA:3,2
DA:9,10
DA:10,10
DA:11,130
DA:15,55
DA:19,0
DA:23,0
DA:26,10
DA:29,2
LF:9
LH:7
BRDA:15,0,0,55
BRDA:15,0,1,0
BRF:2
BRH:1
end_of_record
TN:
SF:src\infrastructure\persistence\inmemory\VoyageRepositoryInMem.js
FN:8,VoyageRepositoryInMem
FN:14,find
FN:18,store
FNF:3
FNH:2
FNDA:10,VoyageRepositoryInMem
FNDA:19,find
FNDA:0,store
DA:3,2
DA:9,10
DA:10,10
DA:11,150
DA:15,19
DA:19,0
DA:22,10
DA:25,2
LF:8
LH:7
BRDA:15,0,0,19
BRDA:15,0,1,0
BRF:2
BRH:1
end_of_record
TN:
SF:src\infrastructure\routing\ExternalRoutingService.js
FN:18,toLeg
FN:26,toItinerary
FN:29,(anonymous_2)
FN:38,fetchRoutesForSpecification
FN:47,(anonymous_4)
FN:48,(anonymous_5)
FN:49,(anonymous_6)
FNF:7
FNH:7
FNDA:12,toLeg
FNDA:3,toItinerary
FNDA:12,(anonymous_2)
FNDA:1,fetchRoutesForSpecification
FNDA:3,(anonymous_4)
FNDA:3,(anonymous_5)
FNDA:3,(anonymous_6)
DA:3,2
DA:4,2
DA:5,2
DA:6,2
DA:19,12
DA:20,12
DA:21,12
DA:22,12
DA:23,12
DA:27,3
DA:28,3
DA:29,12
DA:31,3
DA:32,3
DA:34,0
DA:39,1
DA:40,1
DA:41,1
DA:46,1
DA:47,3
DA:48,3
DA:49,3
DA:52,2
LF:23
LH:22
BRDA:22,0,0,0
BRDA:22,0,1,12
BRDA:22,1,0,12
BRDA:22,1,1,12
BRDA:22,1,2,12
BRDA:31,2,0,0
BRDA:31,2,1,3
BRF:7
BRH:5
end_of_record
TN:
SF:src\infrastructure\routing\GraphDAOStub.js
FN:13,listAllNodes
FN:17,getTransitEdge
FNF:2
FNH:2
FNDA:1,listAllNodes
FNDA:12,getTransitEdge
DA:3,2
DA:6,2
DA:14,1
DA:18,12
DA:21,2
LF:5
LH:5
BRF:0
BRH:0
end_of_record
TN:
SF:src\infrastructure\routing\GraphTraversalService.js
FN:11,nextDate
FN:16,randomChunk
FN:17,(anonymous_2)
FN:22,findShortestPath
FN:23,(anonymous_4)
FNF:5
FNH:5
FNDA:36,nextDate
FNDA:3,randomChunk
FNDA:78,(anonymous_2)
FNDA:1,findShortestPath
FNDA:13,(anonymous_4)
DA:12,36
DA:13,36
DA:17,78
DA:18,3
DA:19,3
DA:23,13
DA:24,1
DA:25,1
DA:27,1
DA:28,3
DA:29,3
DA:30,3
DA:31,3
DA:33,3
DA:34,12
DA:35,12
DA:36,12
DA:37,12
DA:38,12
DA:39,12
DA:41,3
DA:43,1
DA:46,2
LF:23
LH:23
BRDA:18,0,0,3
BRDA:18,0,1,0
BRDA:23,1,0,13
BRDA:23,1,1,12
BRDA:34,2,0,3
BRDA:34,2,1,9
BRF:6
BRH:5
end_of_record
TN:
SF:src\infrastructure\sampledata\SampleLocations.js
FN:40,(anonymous_0)
FN:41,(anonymous_1)
FNF:2
FNH:1
FNDA:10,(anonymous_0)
FNDA:0,(anonymous_1)
DA:3,6
DA:4,6
DA:6,6
DA:7,6
DA:8,6
DA:9,6
DA:10,6
DA:11,6
DA:12,6
DA:13,6
DA:14,6
DA:15,6
DA:16,6
DA:17,6
DA:18,6
DA:20,6
DA:36,6
DA:40,10
DA:41,0
LF:19
LH:18
BRDA:41,0,0,0
BRDA:41,0,1,0
BRF:2
BRH:0
end_of_record
TN:
SF:src\infrastructure\sampledata\SampleVoyages.js
FN:10,toDate
FN:15,(anonymous_1)
FN:16,(anonymous_2)
FN:17,(anonymous_3)
FN:18,(anonymous_4)
FN:19,(anonymous_5)
FN:20,(anonymous_6)
FN:87,(anonymous_7)
FN:88,(anonymous_8)
FNF:9
FNH:8
FNDA:300,toDate
FNDA:6,(anonymous_1)
FNDA:6,(anonymous_2)
FNDA:6,(anonymous_3)
FNDA:6,(anonymous_4)
FNDA:6,(anonymous_5)
FNDA:6,(anonymous_6)
FNDA:10,(anonymous_7)
FNDA:0,(anonymous_8)
DA:3,6
DA:4,6
DA:8,6
DA:11,300
DA:15,6
DA:16,6
DA:17,6
DA:18,6
DA:19,6
DA:20,6
DA:23,6
DA:28,6
DA:34,6
DA:41,6
DA:48,6
DA:55,6
DA:60,6
DA:66,6
DA:70,6
DA:76,6
DA:77,6
DA:79,90
DA:82,6
DA:87,10
DA:88,0
LF:25
LH:24
BRDA:10,0,0,144
BRDA:88,1,0,0
BRDA:88,1,1,0
BRF:3
BRH:1
end_of_record
