TN:
SF:src\ServiceContext.js
FN:16,configure
FN:24,configureRouting
FNF:2
FNH:2
FNDA:28,configure
FNDA:16,configureRouting
DA:9,6
DA:10,6
DA:11,6
DA:12,6
DA:13,6
DA:14,6
DA:17,28
DA:18,28
DA:19,28
DA:20,28
DA:21,28
DA:25,16
LF:12
LH:12
BRDA:17,0,0,28
BRDA:17,0,1,8
BRDA:18,1,0,28
BRDA:18,1,1,21
BRDA:19,2,0,28
BRDA:19,2,1,0
BRDA:20,3,0,28
BRDA:20,3,1,0
BRF:8
BRH:6
end_of_record
TN:
SF:src\application\BookingService.js
FN:5,bookNewCargo
FN:12,requestPossibleRoutesForCargo
FN:18,assignCargoToRoute
FN:26,changeDestination
FNF:4
FNH:4
FNDA:9,bookNewCargo
FNDA:2,requestPossibleRoutesForCargo
FNDA:4,assignCargoToRoute
FNDA:3,changeDestination
DA:6,9
DA:7,9
DA:8,9
DA:9,9
DA:13,2
DA:14,2
DA:15,1
DA:19,4
DA:20,4
DA:21,4
DA:22,4
DA:23,4
DA:27,3
DA:31,3
DA:34,3
DA:35,3
DA:36,3
LF:17
LH:17
BRDA:14,0,0,1
BRDA:14,0,1,1
BRDA:20,1,0,0
BRDA:20,1,1,4
BRF:4
BRH:3
end_of_record
TN:
SF:src\application\CargoInspectionService.js
FN:3,inspectCargo
FNF:1
FNH:1
FNDA:10,inspectCargo
DA:4,10
DA:5,10
DA:9,10
DA:10,0
DA:11,0
DA:13,10
DA:14,10
DA:15,10
DA:16,10
LF:9
LH:7
BRDA:4,0,0,0
BRDA:4,0,1,10
BRDA:9,1,0,0
BRDA:9,1,1,10
BRDA:14,2,0,1
BRDA:14,2,1,9
BRDA:15,3,0,1
BRDA:15,3,1,9
BRF:8
BRH:6
end_of_record
TN:
SF:src\application\HandlingEventService.js
FN:4,registerHandlingEvent
FNF:1
FNH:1
FNDA:13,registerHandlingEvent
DA:5,13
DA:6,13
DA:9,13
DA:10,13
DA:11,13
LF:5
LH:5
BRF:0
BRH:0
end_of_record
TN:
SF:src\domain\model\cargo\Cargo.js
FN:5,Cargo
FN:16,trackingId_
FN:17,origin
FN:18,delivery
FN:19,itinerary_
FN:20,routeSpecification_
FN:22,specifyNewRoute
FN:28,assignToRoute
FN:34,deriveDeliveryProgress
FN:39,sameIdentityAs
FN:42,equals
FN:43,toString
FNF:12
FNH:10
FNDA:42,Cargo
FNDA:274,trackingId_
FNDA:9,origin
FNDA:53,delivery
FNDA:3,itinerary_
FNDA:10,routeSpecification_
FNDA:5,specifyNewRoute
FNDA:12,assignToRoute
FNDA:19,deriveDeliveryProgress
FNDA:104,sameIdentityAs
FNDA:0,equals
FNDA:0,toString
DA:6,42
DA:7,41
DA:9,40
DA:10,40
DA:12,40
DA:13,40
DA:14,40
DA:16,274
DA:17,9
DA:18,53
DA:19,3
DA:20,10
DA:23,5
DA:24,5
DA:25,5
DA:29,12
DA:30,12
DA:31,12
DA:35,19
DA:40,104
DA:42,0
DA:43,0
DA:45,40
LF:23
LH:21
BRDA:6,0,0,1
BRDA:6,0,1,41
BRDA:7,1,0,1
BRDA:7,1,1,40
BRDA:9,2,0,40
BRDA:9,2,1,0
BRDA:13,3,0,40
BRDA:13,3,1,40
BRDA:23,4,0,0
BRDA:23,4,1,5
BRDA:29,5,0,0
BRDA:29,5,1,12
BRDA:40,6,0,104
BRDA:40,6,1,104
BRDA:40,6,2,104
BRF:15
BRH:12
end_of_record
TN:
SF:src\domain\model\cargo\CargoFactory.js
FN:5,createCargo
FNF:1
FNH:1
FNDA:9,createCargo
DA:6,9
DA:7,9
DA:11,9
DA:12,9
LF:4
LH:4
BRF:0
BRH:0
end_of_record
TN:
SF:src\domain\model\cargo\Delivery.js
FN:8,Delivery
FN:10,calcTransportStatus
FN:22,calcLastKnownLocation
FN:26,calcCurrentVoyage
FN:31,calcMisdirected
FN:36,calcRoutingStatus
FN:48,onTrack
FN:52,calcEta
FN:56,calcNextExpectedActivity
FN:92,calcUnloadedAtDestination
FN:102,transportStatus
FN:103,lastKnownLocation
FN:104,currentVoyage
FN:105,isMisdirected
FN:106,estimatedTimeOfArrival
FN:107,nextExpectedActivity
FN:108,isUnloadedAtDestination
FN:109,routingStatus
FN:110,calculatedAt
FN:112,updateOnRouting
FN:117,sameValueAs
FN:124,equals
FN:129,(anonymous_22)
FNF:23
FNH:19
FNDA:76,Delivery
FNDA:76,calcTransportStatus
FNDA:76,calcLastKnownLocation
FNDA:76,calcCurrentVoyage
FNDA:76,calcMisdirected
FNDA:76,calcRoutingStatus
FNDA:152,onTrack
FNDA:76,calcEta
FNDA:76,calcNextExpectedActivity
FNDA:76,calcUnloadedAtDestination
FNDA:13,transportStatus
FNDA:4,lastKnownLocation
FNDA:2,currentVoyage
FNDA:13,isMisdirected
FNDA:0,estimatedTimeOfArrival
FNDA:1,nextExpectedActivity
FNDA:12,isUnloadedAtDestination
FNDA:9,routingStatus
FNDA:0,calculatedAt
FNDA:17,updateOnRouting
FNDA:0,sameValueAs
FNDA:0,equals
FNDA:59,(anonymous_22)
DA:11,76
DA:12,19
DA:13,6
DA:16,11
DA:17,2
DA:18,0
DA:23,76
DA:27,76
DA:32,76
DA:33,15
DA:37,76
DA:38,29
DA:41,76
DA:42,76
DA:43,76
DA:44,76
DA:45,76
DA:46,76
DA:49,152
DA:53,76
DA:57,76
DA:58,25
DA:59,12
DA:61,13
DA:62,13
DA:64,4
DA:65,7
DA:66,4
DA:69,0
DA:72,4
DA:73,8
DA:74,4
DA:75,2
DA:76,2
DA:78,2
DA:81,0
DA:84,3
DA:85,3
DA:88,2
DA:93,76
DA:98,76
DA:99,76
DA:100,76
DA:102,13
DA:103,4
DA:104,2
DA:105,13
DA:106,0
DA:107,1
DA:108,12
DA:109,9
DA:110,0
DA:113,17
DA:114,17
DA:118,0
DA:119,0
DA:124,0
DA:126,76
DA:129,10
DA:130,59
DA:131,59
DA:132,59
DA:133,59
LF:63
LH:55
BRDA:11,0,0,57
BRDA:11,0,1,19
BRDA:12,1,0,6
BRDA:12,1,1,7
BRDA:12,1,2,11
BRDA:12,1,3,11
BRDA:12,1,4,2
BRDA:12,1,5,0
BRDA:23,2,0,19
BRDA:23,2,1,57
BRDA:27,3,0,6
BRDA:27,3,1,70
BRDA:27,4,0,76
BRDA:27,4,1,6
BRDA:32,5,0,61
BRDA:32,5,1,15
BRDA:32,6,0,76
BRDA:32,6,1,19
BRDA:37,7,0,47
BRDA:37,7,1,29
BRDA:38,8,0,27
BRDA:38,8,1,2
BRDA:49,9,0,152
BRDA:49,9,1,54
BRDA:53,10,0,25
BRDA:53,10,1,51
BRDA:57,11,0,51
BRDA:57,11,1,25
BRDA:58,12,0,12
BRDA:58,12,1,13
BRDA:62,13,0,4
BRDA:62,13,1,4
BRDA:62,13,2,3
BRDA:62,13,3,2
BRDA:65,14,0,4
BRDA:65,14,1,3
BRDA:73,15,0,4
BRDA:73,15,1,4
BRDA:74,16,0,2
BRDA:74,16,1,2
BRDA:93,17,0,76
BRDA:93,17,1,19
BRDA:93,17,2,7
BRDA:103,18,0,4
BRDA:103,18,1,0
BRDA:104,19,0,2
BRDA:104,19,1,0
BRDA:106,20,0,0
BRDA:106,20,1,0
BRDA:107,21,0,1
BRDA:107,21,1,0
BRDA:113,22,0,0
BRDA:113,22,1,17
BRDA:118,23,0,0
BRDA:118,23,1,0
BRDA:118,24,0,0
BRDA:118,24,1,0
BRDA:119,25,0,0
BRDA:119,25,1,0
BRDA:119,25,2,0
BRDA:119,25,3,0
BRDA:130,26,0,0
BRDA:130,26,1,59
BRDA:131,27,0,0
BRDA:131,27,1,59
BRF:65
BRH:48
end_of_record
TN:
SF:src\domain\model\cargo\HandlingActivity.js
FN:1,HandlingActivity
FN:3,type_
FN:4,location_
FN:5,voyage_
FN:7,sameValueAs
FN:13,equals
FNF:6
FNH:3
FNDA:23,HandlingActivity
FNDA:1,type_
FNDA:1,location_
FNDA:0,voyage_
FNDA:0,sameValueAs
FNDA:0,equals
DA:3,1
DA:4,1
DA:5,0
DA:8,0
DA:13,0
DA:15,23
LF:6
LH:3
BRDA:5,0,0,0
BRDA:5,0,1,0
BRDA:8,1,0,0
BRDA:8,1,1,0
BRDA:8,1,2,0
BRDA:8,1,3,0
BRF:6
BRH:0
end_of_record
TN:
SF:src\domain\model\cargo\Itinerary.js
FN:4,Itinerary
FN:9,lastLeg
FN:13,legs_
FN:14,initialDepartureLocation
FN:15,finalArrivalLocation
FN:16,finalArrivalDate
FN:18,isExpected
FN:25,(anonymous_7)
FN:31,(anonymous_8)
FN:42,sameValueAs
FN:46,(anonymous_10)
FN:48,equals
FNF:12
FNH:9
FNDA:49,Itinerary
FNDA:241,lastLeg
FNDA:34,legs_
FNDA:66,initialDepartureLocation
FNDA:65,finalArrivalLocation
FNDA:86,finalArrivalDate
FNDA:23,isExpected
FNDA:14,(anonymous_7)
FNDA:9,(anonymous_8)
FNDA:0,sameValueAs
FNDA:0,(anonymous_10)
FNDA:0,equals
DA:5,49
DA:6,48
DA:7,47
DA:10,241
DA:13,34
DA:14,66
DA:15,65
DA:16,86
DA:19,23
DA:20,23
DA:21,23
DA:22,5
DA:24,18
DA:25,8
DA:26,14
DA:30,10
DA:31,5
DA:32,9
DA:36,5
DA:37,4
DA:39,1
DA:43,0
DA:44,0
DA:45,0
DA:46,0
DA:48,0
DA:50,47
DA:53,9
LF:28
LH:23
BRDA:5,0,0,1
BRDA:5,0,1,48
BRDA:6,1,0,1
BRDA:6,1,1,47
BRDA:10,2,0,0
BRDA:10,2,1,241
BRDA:14,3,0,0
BRDA:14,3,1,66
BRDA:15,4,0,0
BRDA:15,4,1,65
BRDA:16,5,0,86
BRDA:16,5,1,0
BRDA:19,6,0,0
BRDA:19,6,1,23
BRDA:21,7,0,5
BRDA:21,7,1,18
BRDA:24,8,0,8
BRDA:24,8,1,10
BRDA:26,9,0,14
BRDA:26,9,1,8
BRDA:30,10,0,5
BRDA:30,10,1,5
BRDA:32,11,0,9
BRDA:32,11,1,5
BRDA:36,12,0,4
BRDA:36,12,1,1
BRDA:43,13,0,0
BRDA:43,13,1,0
BRDA:43,14,0,0
BRDA:43,14,1,0
BRDA:45,15,0,0
BRDA:45,15,1,0
BRF:32
BRH:21
end_of_record
TN:
SF:src\domain\model\cargo\Leg.js
FN:1,Leg
FN:8,voyage_
FN:9,loadLocation_
FN:10,unloadLocation_
FN:11,loadTime_
FN:12,unloadTime_
FN:14,sameValueAs
FN:23,equals
FNF:8
FNH:8
FNDA:172,Leg
FNDA:32,voyage_
FNDA:122,loadLocation_
FNDA:119,unloadLocation_
FNDA:8,loadTime_
FNDA:93,unloadTime_
FNDA:5,sameValueAs
FNDA:1,equals
DA:2,172
DA:3,5
DA:5,167
DA:6,167
DA:8,32
DA:9,122
DA:10,119
DA:11,8
DA:12,93
DA:15,5
DA:23,1
DA:25,167
LF:12
LH:12
BRDA:2,0,0,5
BRDA:2,0,1,167
BRDA:2,1,0,172
BRDA:2,1,1,171
BRDA:2,1,2,170
BRDA:2,1,3,169
BRDA:2,1,4,168
BRDA:5,2,0,167
BRDA:5,2,1,0
BRDA:6,3,0,167
BRDA:6,3,1,0
BRDA:15,4,0,5
BRDA:15,4,1,5
BRDA:15,4,2,5
BRDA:15,4,3,4
BRDA:15,4,4,4
BRDA:15,4,5,3
BRDA:15,4,6,2
BRF:18
BRH:16
end_of_record
TN:
SF:src\domain\model\cargo\RouteSpecification.js
FN:3,RouteSpecification
FN:10,isSatisfiedBy
FN:17,origin_
FN:18,destination_
FN:19,arrivalDeadline_
FN:21,sameValueAs
FN:28,equals
FNF:7
FNH:6
FNDA:64,RouteSpecification
FNDA:65,isSatisfiedBy
FNDA:62,origin_
FNDA:24,destination_
FNDA:14,arrivalDeadline_
FNDA:2,sameValueAs
FNDA:0,equals
DA:4,64
DA:5,63
DA:6,62
DA:8,61
DA:11,65
DA:17,62
DA:18,24
DA:19,14
DA:22,2
DA:28,0
DA:30,61
LF:11
LH:10
BRDA:4,0,0,1
BRDA:4,0,1,63
BRDA:5,1,0,1
BRDA:5,1,1,62
BRDA:6,2,0,1
BRDA:6,2,1,61
BRDA:8,3,0,61
BRDA:8,3,1,0
BRDA:11,4,0,65
BRDA:11,4,1,64
BRDA:11,4,2,63
BRDA:11,4,3,60
BRDA:22,5,0,2
BRDA:22,5,1,2
BRDA:22,5,2,2
BRDA:22,5,3,2
BRDA:22,5,4,1
BRF:17
BRH:16
end_of_record
TN:
SF:src\domain\model\cargo\RoutingStatus.js
FNF:0
FNH:0
DA:1,10
LF:1
LH:1
BRF:0
BRH:0
end_of_record
TN:
SF:src\domain\model\cargo\TrackingId.js
FN:1,TrackingId
FN:5,idString
FN:6,sameValueAs
FN:9,equals
FN:10,toString
FNF:5
FNH:5
FNDA:353,TrackingId
FNDA:338,idString
FNDA:100,sameValueAs
FNDA:2,equals
FNDA:24,toString
DA:2,353
DA:3,349
DA:5,338
DA:7,100
DA:9,2
DA:10,24
DA:12,349
LF:7
LH:7
BRDA:2,0,0,4
BRDA:2,0,1,349
BRDA:7,1,0,100
BRDA:7,1,1,99
BRDA:7,1,2,99
BRF:5
BRH:5
end_of_record
TN:
SF:src\domain\model\cargo\TransportStatus.js
FNF:0
FNH:0
DA:1,10
LF:1
LH:1
BRF:0
BRH:0
end_of_record
TN:
SF:src\domain\model\handling\HandlingEvent.js
FN:4,HandlingEvent
FN:23,(anonymous_1)
FN:24,(anonymous_2)
FN:25,(anonymous_3)
FN:26,(anonymous_4)
FN:27,(anonymous_5)
FN:28,(anonymous_6)
FN:30,(anonymous_7)
FN:44,(anonymous_8)
FN:46,(anonymous_9)
FNF:10
FNH:8
FNDA:61,HandlingEvent
FNDA:124,(anonymous_1)
FNDA:27,(anonymous_2)
FNDA:183,(anonymous_3)
FNDA:0,(anonymous_4)
FNDA:85,(anonymous_5)
FNDA:210,(anonymous_6)
FNDA:102,(anonymous_7)
FNDA:0,(anonymous_8)
FNDA:13,(anonymous_9)
DA:5,61
DA:6,60
DA:7,60
DA:8,60
DA:9,60
DA:11,60
DA:12,2
DA:14,58
DA:15,1
DA:18,57
DA:19,57
DA:20,57
DA:22,57
DA:23,124
DA:24,27
DA:25,183
DA:26,0
DA:27,85
DA:28,210
DA:31,102
DA:32,102
DA:33,102
DA:34,6
DA:35,6
DA:36,2
DA:37,2
DA:38,2
DA:41,2
DA:44,0
DA:47,13
DA:48,13
DA:49,13
DA:53,57
DA:56,8
LF:34
LH:32
BRDA:5,0,0,1
BRDA:5,0,1,60
BRDA:6,1,0,0
BRDA:6,1,1,60
BRDA:7,2,0,0
BRDA:7,2,1,60
BRDA:8,3,0,0
BRDA:8,3,1,60
BRDA:9,4,0,0
BRDA:9,4,1,60
BRDA:11,5,0,2
BRDA:11,5,1,58
BRDA:11,6,0,60
BRDA:11,6,1,30
BRDA:14,7,0,1
BRDA:14,7,1,57
BRDA:14,8,0,58
BRDA:14,8,1,30
BRDA:18,9,0,57
BRDA:18,9,1,0
BRDA:19,10,0,57
BRDA:19,10,1,0
BRDA:20,11,0,57
BRDA:20,11,1,29
BRDA:24,12,0,27
BRDA:24,12,1,4
BRDA:31,13,0,0
BRDA:31,13,1,102
BRDA:31,14,0,102
BRDA:31,14,1,102
BRDA:32,15,0,0
BRDA:32,15,1,102
BRDA:33,16,0,96
BRDA:33,16,1,6
BRDA:34,17,0,0
BRDA:34,17,1,6
BRDA:35,18,0,4
BRDA:35,18,1,2
BRDA:36,19,0,0
BRDA:36,19,1,2
BRDA:38,20,0,2
BRDA:38,20,1,0
BRDA:38,21,0,2
BRDA:38,21,1,2
BRDA:48,22,0,10
BRDA:48,22,1,3
BRF:46
BRH:35
end_of_record
TN:
SF:src\domain\model\handling\HandlingEventFactory.js
FN:10,findCargo
FN:16,findVoyage
FN:23,findLocation
FN:29,createHandlingEvent
FNF:4
FNH:4
FNDA:18,findCargo
FNDA:18,findVoyage
FNDA:18,findLocation
FNDA:18,createHandlingEvent
DA:11,18
DA:12,18
DA:13,17
DA:17,18
DA:18,14
DA:19,14
DA:20,13
DA:24,18
DA:25,18
DA:26,17
DA:30,18
DA:31,18
DA:36,15
DA:38,3
LF:14
LH:14
BRDA:12,0,0,1
BRDA:12,0,1,17
BRDA:17,1,0,4
BRDA:17,1,1,14
BRDA:19,2,0,1
BRDA:19,2,1,13
BRDA:25,3,0,1
BRDA:25,3,1,17
BRDA:36,4,0,15
BRDA:36,4,1,4
BRF:10
BRH:10
end_of_record
TN:
SF:src\domain\model\handling\HandlingEventType.js
FN:8,(anonymous_0)
FN:14,(anonymous_1)
FNF:2
FNH:2
FNDA:7,(anonymous_0)
FNDA:2,(anonymous_1)
DA:1,15
DA:9,7
DA:10,7
DA:11,5
DA:15,2
LF:5
LH:5
BRDA:10,0,0,2
BRDA:10,0,1,5
BRDA:10,1,0,7
BRDA:10,1,1,5
BRF:4
BRH:4
end_of_record
TN:
SF:src\domain\model\handling\HandlingHistory.js
FN:1,HandlingHistory
FN:5,distinctEventsByCompletionTime
FN:8,(anonymous_2)
FN:10,(anonymous_3)
FN:13,mostRecentlyCompletedEvent
FN:18,filterOnCargo
FN:19,(anonymous_6)
FN:23,sameValueAs
FN:28,(anonymous_8)
FN:30,equals
FNF:10
FNH:7
FNDA:53,HandlingHistory
FNDA:66,distinctEventsByCompletionTime
FNDA:99,(anonymous_2)
FNDA:40,(anonymous_3)
FNDA:62,mostRecentlyCompletedEvent
FNDA:20,filterOnCargo
FNDA:56,(anonymous_6)
FNDA:0,sameValueAs
FNDA:0,(anonymous_8)
FNDA:0,equals
DA:2,53
DA:3,53
DA:6,66
DA:7,66
DA:8,99
DA:10,66
DA:14,62
DA:15,62
DA:19,56
DA:20,20
DA:24,0
DA:25,0
DA:26,0
DA:27,0
DA:28,0
DA:30,0
DA:32,53
DA:35,10
LF:18
LH:12
BRDA:2,0,0,0
BRDA:2,0,1,53
BRDA:8,1,0,62
BRDA:8,1,1,1
BRDA:15,2,0,41
BRDA:15,2,1,21
BRDA:24,3,0,0
BRDA:24,3,1,0
BRDA:24,4,0,0
BRDA:24,4,1,0
BRDA:27,5,0,0
BRDA:27,5,1,0
BRF:12
BRH:5
end_of_record
TN:
SF:src\domain\model\handling\exceptions.js
FN:2,(anonymous_0)
FN:9,(anonymous_1)
FN:16,(anonymous_2)
FN:23,(anonymous_3)
FNF:4
FNH:4
FNDA:1,(anonymous_0)
FNDA:1,(anonymous_1)
FNDA:1,(anonymous_2)
FNDA:3,(anonymous_3)
DA:3,1
DA:4,1
DA:10,1
DA:11,1
DA:17,1
DA:18,1
DA:24,3
DA:25,3
DA:26,3
LF:9
LH:9
BRDA:24,0,0,3
BRDA:24,0,1,0
BRDA:24,1,0,3
BRDA:24,1,1,3
BRF:4
BRH:3
end_of_record
TN:
SF:src\domain\model\location\Location.js
FN:3,Location
FN:6,unLocode_
FN:7,name_
FN:8,code
FN:10,sameIdentityAs
FN:13,equals
FN:14,toString
FNF:7
FNH:7
FNDA:218,Location
FNDA:597,unLocode_
FNDA:7,name_
FNDA:244,code
FNDA:245,sameIdentityAs
FNDA:40,equals
FNDA:17,toString
DA:4,218
DA:6,597
DA:7,7
DA:8,244
DA:11,245
DA:13,40
DA:14,17
DA:16,218
DA:19,16
LF:9
LH:9
BRDA:4,0,0,218
BRDA:4,0,1,0
BRDA:11,1,0,245
BRDA:11,1,1,244
BRDA:11,1,2,244
BRF:5
BRH:4
end_of_record
TN:
SF:src\domain\model\location\UnLocode.js
FN:1,UnLocode
FN:9,idString
FN:10,sameValueAs
FN:13,equals
FN:14,toString
FNF:5
FNH:5
FNDA:1115,UnLocode
FNDA:1095,idString
FNDA:7,sameValueAs
FNDA:2,equals
FNDA:1,toString
DA:2,1115
DA:3,1115
DA:4,1111
DA:5,5
DA:7,1106
DA:9,1095
DA:11,7
DA:13,2
DA:14,1
DA:16,1106
LF:10
LH:10
BRDA:3,0,0,4
BRDA:3,0,1,1111
BRDA:4,1,0,5
BRDA:4,1,1,1106
BRDA:11,2,0,7
BRDA:11,2,1,6
BRDA:11,2,2,6
BRF:7
BRH:7
end_of_record
TN:
SF:src\domain\model\voyage\CarrierMovement.js
FN:1,CarrierMovement
FN:8,departureLocation_
FN:9,arrivalLocation_
FN:10,departureTime_
FN:11,arrivalTime_
FN:13,sameValueAs
FN:21,equals
FNF:7
FNH:7
FNDA:360,CarrierMovement
FNDA:5,departureLocation_
FNDA:3,arrivalLocation_
FNDA:3,departureTime_
FNDA:3,arrivalTime_
FNDA:5,sameValueAs
FNDA:2,equals
DA:2,360
DA:3,4
DA:5,356
DA:6,356
DA:8,5
DA:9,3
DA:10,3
DA:11,3
DA:14,5
DA:21,2
DA:23,356
LF:11
LH:11
BRDA:2,0,0,4
BRDA:2,0,1,356
BRDA:2,1,0,360
BRDA:2,1,1,359
BRDA:2,1,2,358
BRDA:2,1,3,357
BRDA:5,2,0,0
BRDA:5,2,1,356
BRDA:6,3,0,356
BRDA:6,3,1,0
BRDA:14,4,0,5
BRDA:14,4,1,4
BRDA:14,4,2,4
BRDA:14,4,3,2
BRDA:14,4,4,2
BRDA:14,4,5,2
BRF:16
BRH:14
end_of_record
TN:
SF:src\domain\model\voyage\Schedule.js
FN:1,Schedule
FN:5,carrierMovements_
FN:6,sameValueAs
FN:10,(anonymous_3)
FN:12,equals
FNF:5
FNH:2
FNDA:140,Schedule
FNDA:140,carrierMovements_
FNDA:0,sameValueAs
FNDA:0,(anonymous_3)
FNDA:0,equals
DA:2,140
DA:3,140
DA:5,140
DA:7,0
DA:8,0
DA:9,0
DA:10,0
DA:12,0
DA:14,140
DA:17,14
LF:10
LH:5
BRDA:2,0,0,0
BRDA:2,0,1,140
BRDA:7,1,0,0
BRDA:7,1,1,0
BRDA:7,2,0,0
BRDA:7,2,1,0
BRDA:9,3,0,0
BRDA:9,3,1,0
BRF:8
BRH:1
end_of_record
TN:
SF:src\domain\model\voyage\Voyage.js
FN:5,Voyage
FN:11,voyageNumber_
FN:12,schedule_
FN:13,sameIdentityAs
FN:16,equals
FN:17,toString
FN:24,VoyageBuilder
FN:30,addMovement
FN:36,build
FNF:9
FNH:7
FNDA:224,Voyage
FNDA:592,voyageNumber_
FNDA:0,schedule_
FNDA:18,sameIdentityAs
FNDA:10,equals
FNDA:0,toString
FNDA:126,VoyageBuilder
FNDA:350,addMovement
FNDA:126,build
DA:6,224
DA:7,224
DA:8,224
DA:9,224
DA:11,592
DA:12,0
DA:14,18
DA:16,10
DA:17,0
DA:19,224
DA:22,14
DA:25,126
DA:26,126
DA:27,126
DA:28,126
DA:31,350
DA:32,350
DA:33,350
DA:37,126
DA:40,126
DA:41,126
DA:44,14
LF:22
LH:20
BRDA:6,0,0,0
BRDA:6,0,1,224
BRDA:7,1,0,0
BRDA:7,1,1,224
BRDA:8,2,0,224
BRDA:8,2,1,0
BRDA:9,3,0,224
BRDA:9,3,1,0
BRDA:14,4,0,18
BRDA:14,4,1,18
BRDA:14,4,2,18
BRDA:25,5,0,0
BRDA:25,5,1,126
BRDA:26,6,0,0
BRDA:26,6,1,126
BRF:15
BRH:9
end_of_record
TN:
SF:src\domain\model\voyage\VoyageNumber.js
FN:1,VoyageNumber
FN:5,idString
FN:6,sameValueAs
FN:9,equals
FN:10,toString
FNF:5
FNH:3
FNDA:945,VoyageNumber
FNDA:834,idString
FNDA:0,sameValueAs
FNDA:0,equals
FNDA:11,toString
DA:2,945
DA:3,945
DA:5,834
DA:7,0
DA:9,0
DA:10,11
DA:12,945
LF:7
LH:5
BRDA:2,0,0,0
BRDA:2,0,1,945
BRDA:2,1,0,945
BRDA:2,1,1,945
BRDA:7,2,0,0
BRDA:7,2,1,0
BRDA:7,2,2,0
BRF:7
BRH:3
end_of_record
TN:
SF:src\domain\shared\Specification.js
FN:1,withCombinators
FN:2,(anonymous_1)
FN:2,(anonymous_2)
FN:3,(anonymous_3)
FN:3,(anonymous_4)
FN:4,(anonymous_5)
FN:4,(anonymous_6)
FN:8,Specification
FNF:8
FNH:8
FNDA:80,withCombinators
FNDA:7,(anonymous_1)
FNDA:7,(anonymous_2)
FNDA:5,(anonymous_3)
FNDA:5,(anonymous_4)
FNDA:3,(anonymous_5)
FNDA:3,(anonymous_6)
FNDA:4,Specification
DA:2,80
DA:3,80
DA:4,80
DA:5,80
DA:9,4
LF:5
LH:5
BRDA:2,0,0,7
BRDA:2,0,1,5
BRDA:3,1,0,5
BRDA:3,1,1,2
BRF:4
BRH:4
end_of_record
TN:
SF:src\infrastructure\messaging\SynchronousApplicationEvents.js
FN:1,createRef
FN:5,setCargoInspectionService
FN:9,cargoWasHandled
FN:13,cargoWasMisdirected
FN:17,cargoHasArrived
FN:21,receivedHandlingEventRegistrationAttempt
FNF:6
FNH:5
FNDA:3,createRef
FNDA:3,setCargoInspectionService
FNDA:10,cargoWasHandled
FNDA:1,cargoWasMisdirected
FNDA:1,cargoHasArrived
FNDA:0,receivedHandlingEventRegistrationAttempt
DA:2,3
DA:6,3
DA:10,10
DA:14,1
DA:18,1
LF:5
LH:5
BRF:0
BRH:0
end_of_record
TN:
SF:src\infrastructure\persistence\inmemory\CargoRepositoryInMem.js
FN:4,CargoRepositoryInMem
FN:7,find
FN:11,store
FN:15,getAll
FN:19,nextTrackingId
FNF:5
FNH:4
FNDA:10,CargoRepositoryInMem
FNDA:45,find
FNDA:26,store
FNDA:0,getAll
FNDA:9,nextTrackingId
DA:5,10
DA:8,45
DA:12,26
DA:16,0
DA:20,9
DA:23,10
LF:6
LH:5
BRDA:8,0,0,45
BRDA:8,0,1,1
BRF:2
BRH:2
end_of_record
TN:
SF:src\infrastructure\persistence\inmemory\HandlingEventRepositoryInMem.js
FN:3,HandlingEventRepositoryInMem
FN:6,store
FN:10,lookupHandlingHistoryOfCargo
FN:11,(anonymous_3)
FNF:4
FNH:4
FNDA:3,HandlingEventRepositoryInMem
FNDA:10,store
FNDA:10,lookupHandlingHistoryOfCargo
FNDA:39,(anonymous_3)
DA:4,3
DA:7,10
DA:11,39
DA:12,10
DA:15,3
LF:5
LH:5
BRF:0
BRH:0
end_of_record
TN:
SF:src\infrastructure\persistence\inmemory\LocationRepositoryInMem.js
FN:3,LocationRepositoryInMem
FN:9,find
FN:13,getAll
FN:17,store
FNF:4
FNH:2
FNDA:28,LocationRepositoryInMem
FNDA:279,find
FNDA:0,getAll
FNDA:0,store
DA:4,28
DA:5,28
DA:6,364
DA:10,279
DA:14,0
DA:18,0
DA:21,28
LF:7
LH:5
BRDA:10,0,0,279
BRDA:10,0,1,1
BRF:2
BRH:2
end_of_record
TN:
SF:src\infrastructure\persistence\inmemory\VoyageRepositoryInMem.js
FN:3,VoyageRepositoryInMem
FN:9,find
FN:13,store
FNF:3
FNH:2
FNDA:22,VoyageRepositoryInMem
FNDA:32,find
FNDA:0,store
DA:4,22
DA:5,22
DA:6,330
DA:10,32
DA:14,0
DA:17,22
LF:6
LH:5
BRDA:10,0,0,32
BRDA:10,0,1,1
BRF:2
BRH:2
end_of_record
TN:
SF:src\infrastructure\routing\ExternalRoutingService.js
FN:9,toLeg
FN:19,toItinerary
FN:22,(anonymous_2)
FN:31,fetchRoutesForSpecification
FN:41,(anonymous_4)
FN:44,(anonymous_5)
FN:45,(anonymous_6)
FNF:7
FNH:7
FNDA:118,toLeg
FNDA:27,toItinerary
FNDA:118,(anonymous_2)
FNDA:7,fetchRoutesForSpecification
FNDA:27,(anonymous_4)
FNDA:27,(anonymous_5)
FNDA:27,(anonymous_6)
DA:10,118
DA:15,118
DA:16,118
DA:20,27
DA:21,27
DA:22,118
DA:24,27
DA:25,27
DA:27,0
DA:32,7
DA:33,7
DA:34,7
DA:40,7
DA:41,27
DA:43,7
DA:44,27
DA:45,27
LF:17
LH:16
BRDA:15,0,0,0
BRDA:15,0,1,118
BRDA:15,1,0,118
BRDA:15,1,1,118
BRDA:15,1,2,118
BRDA:24,2,0,0
BRDA:24,2,1,27
BRF:7
BRH:5
end_of_record
TN:
SF:src\infrastructure\routing\GraphDAOStub.js
FN:1,listAllNodes
FN:8,getTransitEdge
FNF:2
FNH:2
FNDA:7,listAllNodes
FNDA:118,getTransitEdge
DA:2,7
DA:5,7
DA:9,118
DA:10,118
LF:4
LH:4
BRF:0
BRH:0
end_of_record
TN:
SF:src\infrastructure\routing\GraphTraversalService.js
FN:1,nextDate
FN:6,randomChunk
FN:7,(anonymous_2)
FN:12,findShortestPath
FN:13,(anonymous_4)
FNF:5
FNH:5
FNDA:354,nextDate
FNDA:27,randomChunk
FNDA:678,(anonymous_2)
FNDA:7,findShortestPath
FNDA:91,(anonymous_4)
DA:2,354
DA:3,354
DA:7,678
DA:8,27
DA:9,27
DA:13,91
DA:14,7
DA:15,7
DA:17,7
DA:18,27
DA:19,27
DA:20,27
DA:21,27
DA:23,27
DA:24,118
DA:25,118
DA:26,118
DA:27,118
DA:28,118
DA:29,118
DA:31,27
DA:33,7
LF:22
LH:22
BRDA:8,0,0,27
BRDA:8,0,1,0
BRDA:13,1,0,91
BRDA:13,1,1,84
BRDA:24,2,0,27
BRDA:24,2,1,91
BRF:6
BRH:5
end_of_record
TN:
SF:src\infrastructure\sampledata\SampleLocations.js
FN:34,(anonymous_0)
FN:35,(anonymous_1)
FNF:2
FNH:1
FNDA:28,(anonymous_0)
FNDA:0,(anonymous_1)
DA:4,15
DA:5,15
DA:6,15
DA:7,15
DA:8,15
DA:9,15
DA:10,15
DA:11,15
DA:12,15
DA:13,15
DA:14,15
DA:15,15
DA:16,15
DA:18,15
DA:34,28
DA:35,15
LF:16
LH:16
BRDA:35,0,0,0
BRDA:35,0,1,0
BRF:2
BRH:0
end_of_record
TN:
SF:src\infrastructure\sampledata\SampleVoyages.js
FN:8,toDate
FN:12,(anonymous_1)
FN:13,(anonymous_2)
FN:14,(anonymous_3)
FN:15,(anonymous_4)
FN:16,(anonymous_5)
FN:17,(anonymous_6)
FN:77,(anonymous_7)
FN:78,(anonymous_8)
FNF:9
FNH:8
FNDA:700,toDate
FNDA:14,(anonymous_1)
FNDA:14,(anonymous_2)
FNDA:14,(anonymous_3)
FNDA:14,(anonymous_4)
FNDA:14,(anonymous_5)
FNDA:14,(anonymous_6)
FNDA:22,(anonymous_7)
FNDA:0,(anonymous_8)
DA:9,700
DA:12,14
DA:13,14
DA:14,14
DA:15,14
DA:16,14
DA:17,14
DA:19,14
DA:24,14
DA:30,14
DA:37,14
DA:43,14
DA:50,14
DA:55,14
DA:61,14
DA:65,14
DA:71,14
DA:72,14
DA:74,210
DA:77,22
DA:78,14
LF:21
LH:21
BRDA:8,0,0,336
BRDA:78,1,0,0
BRDA:78,1,1,0
BRF:3
BRH:1
end_of_record
TN:
SF:src\interfaces\booking\assembler\CargoRoutingDTOAssembler.js
FN:1,toDTO
FNF:1
FNH:1
FNDA:2,toDTO
DA:2,2
DA:3,2
DA:4,2
DA:5,1
DA:6,2
DA:15,2
LF:6
LH:6
BRDA:4,0,0,1
BRDA:4,0,1,1
BRF:2
BRH:2
end_of_record
TN:
SF:src\interfaces\booking\assembler\ItineraryCandidateDTOAssembler.js
FN:7,toDTO
FN:9,(anonymous_1)
FN:19,fromDTO
FN:20,(anonymous_3)
FNF:4
FNH:4
FNDA:1,toDTO
FNDA:2,(anonymous_1)
FNDA:1,fromDTO
FNDA:2,(anonymous_3)
DA:8,1
DA:9,2
DA:20,1
DA:21,2
DA:26,2
DA:28,1
LF:6
LH:6
BRF:0
BRH:0
end_of_record
TN:
SF:src\interfaces\handling\HandlingReportParser.js
FN:6,parseUnLocode
FN:11,parseTrackingId
FN:16,parseVoyageNumber
FN:22,parseDate
FN:35,parseEventType
FN:37,(anonymous_5)
FN:40,parse
FN:47,(anonymous_7)
FN:57,parseLine
FNF:9
FNH:6
FNDA:4,parseUnLocode
FNDA:3,parseTrackingId
FNDA:4,parseVoyageNumber
FNDA:4,parseDate
FNDA:7,parseEventType
FNDA:10,(anonymous_5)
FNDA:0,parse
FNDA:0,(anonymous_7)
FNDA:0,parseLine
DA:7,4
DA:8,3
DA:12,3
DA:13,2
DA:17,4
DA:18,1
DA:19,0
DA:23,4
DA:24,4
DA:25,4
DA:26,3
DA:28,1
DA:29,1
DA:30,0
DA:32,1
DA:36,7
DA:37,10
DA:41,0
DA:42,0
DA:43,0
DA:44,0
DA:45,0
DA:47,0
DA:58,0
DA:60,0
DA:61,0
DA:62,0
DA:63,0
DA:65,0
DA:68,0
DA:69,0
DA:70,0
DA:71,0
DA:72,0
DA:74,0
LF:35
LH:15
BRDA:17,0,0,3
BRDA:17,0,1,1
BRDA:17,1,0,4
BRDA:17,1,1,2
BRDA:25,2,0,3
BRDA:25,2,1,1
BRDA:25,3,0,4
BRDA:25,3,1,2
BRDA:29,4,0,0
BRDA:29,4,1,1
BRDA:45,5,0,0
BRDA:45,5,1,0
BRDA:60,6,0,0
BRDA:60,6,1,0
BRDA:62,7,0,0
BRDA:62,7,1,0
BRF:16
BRH:9
end_of_record
TN:
SF:src\interfaces\tracking\CargoTrackingViewAdapter.js
FN:4,HandlingEventViewAdapter
FN:5,getLocation
FN:6,getTime
FN:7,getType
FN:8,getVoyageNumber
FN:12,isExpected
FN:16,getDescription
FN:32,CargoTrackingViewAdapter
FN:33,(anonymous_8)
FN:35,getTrackingId
FN:36,getDestination
FN:37,getOrigin
FN:38,isMisdirected
FN:39,getEvents
FN:41,getStatusText
FN:52,getEta
FN:58,getNextExpectedActivity
FNF:17
FNH:13
FNDA:10,HandlingEventViewAdapter
FNDA:3,getLocation
FNDA:0,getTime
FNDA:3,getType
FNDA:3,getVoyageNumber
FNDA:1,isExpected
FNDA:0,getDescription
FNDA:8,CargoTrackingViewAdapter
FNDA:10,(anonymous_8)
FNDA:1,getTrackingId
FNDA:1,getDestination
FNDA:1,getOrigin
FNDA:1,isMisdirected
FNDA:3,getEvents
FNDA:1,getStatusText
FNDA:0,getEta
FNDA:0,getNextExpectedActivity
DA:5,3
DA:6,0
DA:7,3
DA:9,3
DA:10,3
DA:13,1
DA:14,1
DA:17,0
DA:18,0
DA:19,0
DA:20,0
DA:21,0
DA:22,0
DA:23,0
DA:24,0
DA:25,0
DA:26,0
DA:29,10
DA:33,10
DA:35,1
DA:36,1
DA:37,1
DA:38,1
DA:39,3
DA:42,1
DA:43,1
DA:44,1
DA:45,0
DA:46,0
DA:47,0
DA:48,0
DA:53,0
DA:54,0
DA:55,0
DA:59,0
DA:60,0
DA:61,0
DA:62,0
DA:63,0
DA:64,0
DA:65,0
DA:66,0
DA:70,0
DA:73,8
LF:44
LH:17
BRDA:10,0,0,3
BRDA:10,0,1,0
BRDA:14,1,0,0
BRDA:14,1,1,1
BRDA:20,2,0,0
BRDA:20,2,1,0
BRDA:20,2,2,0
BRDA:20,2,3,0
BRDA:20,2,4,0
BRDA:20,2,5,0
BRDA:43,3,0,1
BRDA:43,3,1,0
BRDA:43,3,2,0
BRDA:43,3,3,0
BRDA:43,3,4,0
BRDA:54,4,0,0
BRDA:54,4,1,0
BRDA:60,5,0,0
BRDA:60,5,1,0
BRDA:64,6,0,0
BRDA:64,6,1,0
BRDA:64,7,0,0
BRDA:64,7,1,0
BRDA:65,8,0,0
BRDA:65,8,1,0
BRDA:66,9,0,0
BRDA:66,9,1,0
BRF:27
BRH:3
end_of_record
